16:00:03.865 [main                     ] DEBUG Logger               - Configured Logger
16:00:03.888 [main                     ] DEBUG GameApplication      - Logging settings
Title: 90 Tank
Version: Version 0.3
Width: 816
Height: 672
Fullscreen: false
Intro: false
Profiling: false
Single step:false
App Mode: DEVELOPER
Menu Key: ESCAPE
Stage Style: DECORATED
Scene Factory: class com.ningf.tank.TankApp$1

16:00:04.169 [JavaFX Application Thread] DEBUG FXGLApplication      - Initializing FXGL
16:00:04.174 [JavaFX Application Thread] INFO  Engine               - FXGL-17.1 (24.03.2022 17.34) on WINDOWS (J:17.0.7 FX:18)
16:00:04.174 [JavaFX Application Thread] DEBUG Engine               - JRE Vendor Name: Oracle Corporation
16:00:04.174 [JavaFX Application Thread] DEBUG Engine               - Running on OS: Windows 11 version 10.0
16:00:04.174 [JavaFX Application Thread] DEBUG Engine               - Architecture: amd64
16:00:04.174 [JavaFX Application Thread] INFO  Engine               - Source code and latest versions at: https://github.com/AlmasB/FXGL
16:00:04.175 [JavaFX Application Thread] INFO  Engine               -       Ask questions and discuss at: https://github.com/AlmasB/FXGL/discussions
16:00:04.175 [JavaFX Application Thread] INFO  Engine               -              Join the FXGL chat at: https://gitter.im/AlmasB/FXGL
16:00:04.246 [JavaFX Application Thread] DEBUG PrimaryStageWindow   - Creating a JavaFX scene
16:00:04.278 [JavaFX Application Thread] DEBUG PrimaryStageWindow   - Target settings size: 816.0 x 672.0
16:00:04.279 [JavaFX Application Thread] DEBUG PrimaryStageWindow   - Scaled scene size:    816.0 x 672.0
16:00:04.279 [JavaFX Application Thread] DEBUG PrimaryStageWindow   - Scaled ratio: (1.0, 1.0)
16:00:04.280 [JavaFX Application Thread] DEBUG PrimaryStageWindow   - Set initial scene to GameStartupScene
16:00:04.286 [JavaFX Application Thread] DEBUG PrimaryStageWindow   - Opening main window
16:00:04.376 [JavaFX Application Thread] DEBUG PrimaryStageWindow   - Window border size: (14.66668701171875, 37.33331298828125)
16:00:04.376 [JavaFX Application Thread] DEBUG PrimaryStageWindow   - Scaled size: 816.0 x 672.0
16:00:04.376 [JavaFX Application Thread] DEBUG PrimaryStageWindow   - Scaled ratio: (1.0, 1.0)
16:00:04.376 [JavaFX Application Thread] DEBUG PrimaryStageWindow   - Scene size: 816.0 x 672.0
16:00:04.376 [JavaFX Application Thread] DEBUG PrimaryStageWindow   - Stage size: 830.6666870117188 x 709.3333129882812
16:00:04.382 [FXGL Background Thread 1 ] DEBUG Engine               - Initializing environment variables
16:00:04.412 [FXGL Background Thread 1 ] DEBUG FXGLAssetLoaderServi - User app class for loading assets: class com.ningf.tank.TankApp
16:00:04.412 [FXGL Background Thread 1 ] DEBUG GameApplicationServi - Applying CSS: fxgl_dark.css
16:00:04.413 [FXGL Background Thread 1 ] DEBUG FXGLAssetLoaderServi - Loading from file system: jar:file:///C:/Users/WONDER/.m2/repository/com/github/almasb/fxgl/17.1/fxgl-17.1.jar!/fxglassets/ui/css/fxgl_dark.css
16:00:04.444 [FXGL Background Thread 1 ] DEBUG GameApplicationServi - Applying CSS: tankApp.css
16:00:04.444 [FXGL Background Thread 1 ] DEBUG FXGLAssetLoaderServi - Loading from file system: file:/C:/Users/WONDER/Desktop/FXGL_Tank-main2/target/classes/assets/ui/css/tankApp.css
16:00:04.445 [FXGL Background Thread 1 ] DEBUG GameApplicationServi - Initializing application scenes
16:00:04.448 [FXGL Background Thread 1 ] DEBUG GameWorld            - Game world initialized
16:00:04.501 [FXGL Background Thread 1 ] DEBUG PhysicsWorld         - Physics world initialized: appHeight=672, physics.ppm=50.0
16:00:04.502 [FXGL Background Thread 1 ] DEBUG PhysicsWorld         - Using strategy: BRUTE_FORCE
16:00:04.506 [FXGL Background Thread 1 ] DEBUG GameScene            - Game scene initialized: 816x672
16:00:04.510 [FXGL Background Thread 1 ] DEBUG FXGLAssetLoaderServi - Loading from file system: file:/C:/Users/WONDER/Desktop/FXGL_Tank-main2/target/classes/assets/textures/ui/logo.png
16:00:04.524 [FXGL Background Thread 1 ] DEBUG FXGLAssetLoaderServi - Loading from file system: file:/C:/Users/WONDER/Desktop/FXGL_Tank-main2/target/classes/assets/textures/ui/icon.png
16:00:04.535 [FXGL Background Thread 1 ] DEBUG FXGLAssetLoaderServi - Loading from file system: file:/C:/Users/WONDER/Desktop/FXGL_Tank-main2/target/classes/assets/textures/ui/tankLoading.png
16:00:04.554 [FXGL Background Thread 1 ] DEBUG FXGLAssetLoaderServi - Loading from file system: file:/C:/Users/WONDER/Desktop/FXGL_Tank-main2/target/classes/assets/textures/ui/fxgl.png
16:00:04.591 [FXGL Background Thread 1 ] DEBUG FXGL.DefaultMenu     - createMenuBodyGameMenu()
16:00:04.599 [FXGL Background Thread 1 ] DEBUG FXGL.DefaultMenu     - createOptionsMenu()
16:00:04.606 [FXGL Background Thread 1 ] DEBUG FXGLAssetLoaderServi - Loading from file system: jar:file:///C:/Users/WONDER/.m2/repository/com/github/almasb/fxgl/17.1/fxgl-17.1.jar!/fxglassets/textures/particles/smoke.png
16:00:04.676 [FXGL Background Thread 1 ] DEBUG FXGLAssetLoaderServi - Loading from file system: jar:file:///C:/Users/WONDER/.m2/repository/com/github/almasb/fxgl/17.1/fxgl-17.1.jar!/fxglassets/textures/particles/trace_horizontal.png
16:00:04.692 [FXGL Background Thread 1 ] DEBUG GameApplicationServi - Application scenes initialized
16:00:04.701 [FXGL Background Thread 1 ] DEBUG SystemBundleService  - Loading FXGL system data
16:00:04.706 [FXGL Background Thread 1 ] DEBUG FileSystemAccess     - Reading from: C:\Users\WONDER\Desktop\FXGL_Tank-main2\system\fxgl.bundle
16:00:04.715 [FXGL Background Thread 1 ] DEBUG SystemBundleService  - Bundle FXGL: {}
16:00:04.716 [FXGL Background Thread 1 ] DEBUG UpdaterService       - Checking for updates
16:00:04.720 [FXGL Background Thread 4 ] DEBUG FXGLApplication      - Loading fonts
16:00:04.722 [FXGL Background Thread 4 ] DEBUG FXGLAssetLoaderServi - Loading from file system: jar:file:///C:/Users/WONDER/.m2/repository/com/github/almasb/fxgl/17.1/fxgl-17.1.jar!/fxglassets/ui/fonts/VarelaRound-Regular.ttf
16:00:04.722 [FXGL Background Thread 1 ] DEBUG FXGLApplication      - Loading default localization
16:00:04.723 [FXGL Background Thread 1 ] DEBUG FXGLAssetLoaderServi - Loading from file system: jar:file:///C:/Users/WONDER/.m2/repository/com/github/almasb/fxgl/17.1/fxgl-17.1.jar!/fxglassets/languages/english.lang
16:00:04.746 [FXGL Background Thread 1 ] INFO  FXGLApplication      - FXGL initialization took: 0.363 sec
16:00:04.761 [JavaFX Application Thread] DEBUG Input                - Registered new binding: action0 - W
16:00:04.762 [JavaFX Application Thread] DEBUG Input                - Registered new binding: action1 - S
16:00:04.762 [JavaFX Application Thread] DEBUG Input                - Registered new binding: action2 - A
16:00:04.763 [JavaFX Application Thread] DEBUG Input                - Registered new binding: action3 - D
16:00:04.764 [JavaFX Application Thread] DEBUG Input                - Registered new binding: action4 - Space
16:00:04.764 [JavaFX Application Thread] DEBUG Input                - Registered new binding: action5 - O
16:00:04.765 [JavaFX Application Thread] DEBUG Input                - Registered new binding: action6 - Up
16:00:04.765 [JavaFX Application Thread] DEBUG Input                - Registered new binding: action7 - Down
16:00:04.766 [JavaFX Application Thread] DEBUG Input                - Registered new binding: action8 - Left
16:00:04.766 [JavaFX Application Thread] DEBUG Input                - Registered new binding: action9 - Right
16:00:04.767 [JavaFX Application Thread] DEBUG Input                - Registered new binding: action10 - Numpad 0
16:00:04.767 [JavaFX Application Thread] DEBUG Input                - Registered new binding: action11 - F
16:00:04.773 [JavaFX Application Thread] DEBUG FXGLAssetLoaderServi - Loading from file system: file:/C:/Users/WONDER/Desktop/FXGL_Tank-main2/target/classes/assets/textures/ui/cursor.png
16:00:04.775 [JavaFX Application Thread] DEBUG Input                - Registered new binding: Screenshot - CTRL+8
16:00:04.776 [JavaFX Application Thread] DEBUG Input                - Registered new binding: System info dump - CTRL+9
16:00:04.776 [JavaFX Application Thread] DEBUG Input                - Registered new binding: Restart - CTRL+R
16:00:04.777 [JavaFX Application Thread] DEBUG Input                - Registered new binding: Toggle Debug Camera - CTRL+7
16:00:04.778 [JavaFX Application Thread] DEBUG LoopRunner           - Starting loop
16:00:04.779 [JavaFX Application Thread] DEBUG LoopRunner           - Initializing JavaFX AnimationTimerLoop
16:00:04.783 [JavaFX Application Thread] DEBUG Input                - Clearing active input actions
16:00:04.790 [JavaFX Application Thread] DEBUG GameApplicationServi - Removing overlay from GameStartupScene and adding to FXGLMainMenuDummyScene
16:00:04.790 [JavaFX Application Thread] DEBUG PrimaryStageWindow   - GameStartupScene -> FXGLMainMenuDummyScene
16:00:04.791 [JavaFX Application Thread] DEBUG PrimaryStageWindow   - Push state: GameMainMenu
16:00:04.791 [JavaFX Application Thread] DEBUG FXGLAssetLoaderServi - Loading from file system: file:/C:/Users/WONDER/Desktop/FXGL_Tank-main2/target/classes/assets/sounds/mainMenuLoad.wav
16:00:04.800 [FXGL Background Thread 4 ] DEBUG FXGLAssetLoaderServi - Loading from file system: jar:file:///C:/Users/WONDER/.m2/repository/com/github/almasb/fxgl/17.1/fxgl-17.1.jar!/fxglassets/ui/fonts/Abel-Regular.ttf
16:00:04.807 [FXGL Background Thread 4 ] DEBUG FXGLAssetLoaderServi - Loading from file system: jar:file:///C:/Users/WONDER/.m2/repository/com/github/almasb/fxgl/17.1/fxgl-17.1.jar!/fxglassets/ui/fonts/TerminalLandMono-Regular.otf
16:00:04.816 [FXGL Background Thread 4 ] DEBUG FXGLAssetLoaderServi - Loading from file system: jar:file:///C:/Users/WONDER/.m2/repository/com/github/almasb/fxgl/17.1/fxgl-17.1.jar!/fxglassets/ui/fonts/Courier-Prime.ttf
16:00:04.869 [JavaFX Application Thread] DEBUG Input                - Clearing active input actions
16:00:04.873 [JavaFX Application Thread] DEBUG GameApplicationServi - Removing overlay from FXGLMainMenuDummyScene and adding to GameMainMenu
16:00:04.874 [JavaFX Application Thread] DEBUG PrimaryStageWindow   - FXGLMainMenuDummyScene -> GameMainMenu
16:00:04.909 [FXGL Background Thread 2 ] WARN  UpdaterService       - Failed to find updates: java.net.ConnectException: Connection refused: connect
16:00:04.948 [JavaFX Application Thread] DEBUG FXGLApplication      - Registering font factories with UI factory
16:00:06.882 [JavaFX Application Thread] DEBUG FXGLAssetLoaderServi - Loading from file system: file:/C:/Users/WONDER/Desktop/FXGL_Tank-main2/target/classes/assets/sounds/mainMenuHover.wav
16:00:07.721 [FXGL Background Thread 3 ] DEBUG Engine               - Logging environment variables
16:00:07.724 [FXGL Background Thread 3 ] DEBUG Engine               - achievements: []
16:00:07.726 [FXGL Background Thread 3 ] DEBUG Engine               - actualHeight: 672.0
16:00:07.727 [FXGL Background Thread 3 ] DEBUG Engine               - actualHeightProperty: ReadOnlyDoubleProperty [value: 672.0]
16:00:07.727 [FXGL Background Thread 3 ] DEBUG Engine               - actualWidth: 816.0
16:00:07.727 [FXGL Background Thread 3 ] DEBUG Engine               - actualWidthProperty: ReadOnlyDoubleProperty [value: 816.0]
16:00:07.727 [FXGL Background Thread 3 ] DEBUG Engine               - appIcon: ui/icon.png
16:00:07.728 [FXGL Background Thread 3 ] DEBUG Engine               - applicationMode: DEVELOPER
16:00:07.728 [FXGL Background Thread 3 ] DEBUG Engine               - cSSList: [fxgl_dark.css, tankApp.css]
16:00:07.728 [FXGL Background Thread 3 ] DEBUG Engine               - collisionDetectionStrategy: BRUTE_FORCE
16:00:07.728 [FXGL Background Thread 3 ] DEBUG Engine               - configClass: Optional.empty
16:00:07.728 [FXGL Background Thread 3 ] DEBUG Engine               - credits: []
16:00:07.728 [FXGL Background Thread 3 ] DEBUG Engine               - defaultCursor: CursorInfo(imageName=ui/cursor.png, hotspotX=0.0, hotspotY=0.0)
16:00:07.731 [FXGL Background Thread 3 ] DEBUG Engine               - devBBoxColorProperty: ObjectProperty [value: 0xff0000ff]
16:00:07.731 [FXGL Background Thread 3 ] DEBUG Engine               - devEnableDebugCameraProperty: BooleanProperty [value: false]
16:00:07.731 [FXGL Background Thread 3 ] DEBUG Engine               - devSensorColorProperty: ObjectProperty [value: 0xffff00ff]
16:00:07.732 [FXGL Background Thread 3 ] DEBUG Engine               - devShowBBoxProperty: BooleanProperty [value: false]
16:00:07.732 [FXGL Background Thread 3 ] DEBUG Engine               - devShowPositionProperty: BooleanProperty [value: false]
16:00:07.732 [FXGL Background Thread 3 ] DEBUG Engine               - enabledMenuItems: []
16:00:07.732 [FXGL Background Thread 3 ] DEBUG Engine               - engineServices: [class com.almasb.fxgl.app.services.FXGLAssetLoaderService, class com.almasb.fxgl.app.FXGLApplication$GameApplicationService, class com.almasb.fxgl.app.services.FXGLDialogService, class com.almasb.fxgl.app.services.IOTaskExecutorService, class com.almasb.fxgl.io.FileSystemService, class com.almasb.fxgl.localization.LocalizationService, class com.almasb.fxgl.app.services.SystemBundleService, class com.almasb.fxgl.profile.SaveLoadService, class com.almasb.fxgl.ui.FXGLUIFactoryServiceProvider, class com.almasb.fxgl.ui.FXGLDialogFactoryServiceProvider, class com.almasb.fxgl.audio.AudioPlayer, class com.almasb.fxgl.notification.impl.NotificationServiceProvider, class com.almasb.fxgl.achievement.AchievementService, class com.almasb.fxgl.cutscene.CutsceneService, class com.almasb.fxgl.minigames.MiniGameService, class com.almasb.fxgl.net.NetService, class com.almasb.fxgl.app.services.UpdaterService, class com.almasb.fxgl.dev.DevService]
16:00:07.732 [FXGL Background Thread 3 ] DEBUG Engine               - fontGame: Abel-Regular.ttf
16:00:07.732 [FXGL Background Thread 3 ] DEBUG Engine               - fontMono: TerminalLandMono-Regular.otf
16:00:07.732 [FXGL Background Thread 3 ] DEBUG Engine               - fontText: Courier-Prime.ttf
16:00:07.732 [FXGL Background Thread 3 ] DEBUG Engine               - fontUI: VarelaRound-Regular.ttf
16:00:07.732 [FXGL Background Thread 3 ] DEBUG Engine               - fullScreen: BooleanProperty [value: false]
16:00:07.732 [FXGL Background Thread 3 ] DEBUG Engine               - gameDifficulty: MEDIUM
16:00:07.732 [FXGL Background Thread 3 ] DEBUG Engine               - gameDifficultyProperty: ObjectProperty [value: MEDIUM]
16:00:07.732 [FXGL Background Thread 3 ] DEBUG Engine               - globalMusicVolume: 0.5
16:00:07.733 [FXGL Background Thread 3 ] DEBUG Engine               - globalMusicVolumeProperty: DoubleProperty [value: 0.5]
16:00:07.733 [FXGL Background Thread 3 ] DEBUG Engine               - globalSoundVolume: 0.5
16:00:07.733 [FXGL Background Thread 3 ] DEBUG Engine               - globalSoundVolumeProperty: DoubleProperty [value: 0.5]
16:00:07.733 [FXGL Background Thread 3 ] DEBUG Engine               - height: 672
16:00:07.733 [FXGL Background Thread 3 ] DEBUG Engine               - is3D: false
16:00:07.733 [FXGL Background Thread 3 ] DEBUG Engine               - isAndroid: false
16:00:07.733 [FXGL Background Thread 3 ] DEBUG Engine               - isBrowser: false
16:00:07.733 [FXGL Background Thread 3 ] DEBUG Engine               - isClickFeedbackEnabled: false
16:00:07.733 [FXGL Background Thread 3 ] DEBUG Engine               - isCloseConfirmation: false
16:00:07.733 [FXGL Background Thread 3 ] DEBUG Engine               - isDesktop: true
16:00:07.733 [FXGL Background Thread 3 ] DEBUG Engine               - isDeveloperMenuEnabled: false
16:00:07.733 [FXGL Background Thread 3 ] DEBUG Engine               - isEmbedded: false
16:00:07.734 [FXGL Background Thread 3 ] DEBUG Engine               - isEntityPreloadEnabled: true
16:00:07.734 [FXGL Background Thread 3 ] DEBUG Engine               - isExperimentalTiledLargeMap: false
16:00:07.734 [FXGL Background Thread 3 ] DEBUG Engine               - isFileSystemWriteAllowed: true
16:00:07.736 [FXGL Background Thread 3 ] DEBUG Engine               - isFullScreenAllowed: false
16:00:07.736 [FXGL Background Thread 3 ] DEBUG Engine               - isFullScreenFromStart: false
16:00:07.738 [FXGL Background Thread 3 ] DEBUG Engine               - isGameMenuEnabled: true
16:00:07.738 [FXGL Background Thread 3 ] DEBUG Engine               - isIOS: false
16:00:07.738 [FXGL Background Thread 3 ] DEBUG Engine               - isIntroEnabled: false
16:00:07.738 [FXGL Background Thread 3 ] DEBUG Engine               - isLinux: false
16:00:07.738 [FXGL Background Thread 3 ] DEBUG Engine               - isMac: false
16:00:07.738 [FXGL Background Thread 3 ] DEBUG Engine               - isMainMenuEnabled: true
16:00:07.738 [FXGL Background Thread 3 ] DEBUG Engine               - isManualResizeEnabled: false
16:00:07.738 [FXGL Background Thread 3 ] DEBUG Engine               - isMobile: false
16:00:07.739 [FXGL Background Thread 3 ] DEBUG Engine               - isNative: false
16:00:07.739 [FXGL Background Thread 3 ] DEBUG Engine               - isPauseMusicWhenMinimized: true
16:00:07.739 [FXGL Background Thread 3 ] DEBUG Engine               - isPreserveResizeRatio: false
16:00:07.739 [FXGL Background Thread 3 ] DEBUG Engine               - isProfilingEnabled: false
16:00:07.739 [FXGL Background Thread 3 ] DEBUG Engine               - isScaleAffectedOnResize: true
16:00:07.739 [FXGL Background Thread 3 ] DEBUG Engine               - isSingleStep: false
16:00:07.739 [FXGL Background Thread 3 ] DEBUG Engine               - isUserProfileEnabled: false
16:00:07.739 [FXGL Background Thread 3 ] DEBUG Engine               - isWindows: true
16:00:07.739 [FXGL Background Thread 3 ] DEBUG Engine               - language: ObjectProperty [value: ENGLISH]
16:00:07.739 [FXGL Background Thread 3 ] DEBUG Engine               - menuKey: ESCAPE
16:00:07.739 [FXGL Background Thread 3 ] DEBUG Engine               - mouseSensitivity: 0.2
16:00:07.740 [FXGL Background Thread 3 ] DEBUG Engine               - notificationViewClass: class com.almasb.fxgl.notification.view.XboxNotificationView
16:00:07.740 [FXGL Background Thread 3 ] DEBUG Engine               - pixelsPerMeter: 50.0
16:00:07.740 [FXGL Background Thread 3 ] DEBUG Engine               - platform: WINDOWS
16:00:07.740 [FXGL Background Thread 3 ] DEBUG Engine               - prefHeightProperty: ReadOnlyDoubleProperty [value: 672.0]
16:00:07.740 [FXGL Background Thread 3 ] DEBUG Engine               - prefWidthProperty: ReadOnlyDoubleProperty [value: 816.0]
16:00:07.740 [FXGL Background Thread 3 ] DEBUG Engine               - profileDir: profiles/
16:00:07.740 [FXGL Background Thread 3 ] DEBUG Engine               - profileName: StringProperty [value: DEFAULT]
16:00:07.740 [FXGL Background Thread 3 ] DEBUG Engine               - randomSeed: -1
16:00:07.740 [FXGL Background Thread 3 ] DEBUG Engine               - runtimeInfo: RuntimeInfo(platform=WINDOWS, version=17.1, build=24.03.2022 17.34)
16:00:07.741 [FXGL Background Thread 3 ] DEBUG Engine               - saveFileExt: sav
16:00:07.741 [FXGL Background Thread 3 ] DEBUG Engine               - scaledHeightProp$fxgl: DoubleProperty [bound, value: 672.0]
16:00:07.741 [FXGL Background Thread 3 ] DEBUG Engine               - scaledWidthProp$fxgl: DoubleProperty [bound, value: 816.0]
16:00:07.741 [FXGL Background Thread 3 ] DEBUG Engine               - sceneFactory: com.ningf.tank.TankApp$1@335c245c
16:00:07.741 [FXGL Background Thread 3 ] DEBUG Engine               - secondsIn24h: 60
16:00:07.741 [FXGL Background Thread 3 ] DEBUG Engine               - soundMenuBack: menu/back.wav
16:00:07.741 [FXGL Background Thread 3 ] DEBUG Engine               - soundMenuPress: menu/press.wav
16:00:07.741 [FXGL Background Thread 3 ] DEBUG Engine               - soundMenuSelect: menu/select.wav
16:00:07.741 [FXGL Background Thread 3 ] DEBUG Engine               - soundNotification: core/notification.wav
16:00:07.741 [FXGL Background Thread 3 ] DEBUG Engine               - stageStyle: DECORATED
16:00:07.741 [FXGL Background Thread 3 ] DEBUG Engine               - supportedLanguages: [ENGLISH, FRENCH, GERMAN, HUNGARIAN, RUSSIAN]
16:00:07.741 [FXGL Background Thread 3 ] DEBUG Engine               - ticksPerSecond: -1
16:00:07.741 [FXGL Background Thread 3 ] DEBUG Engine               - title: 90 Tank
16:00:07.741 [FXGL Background Thread 3 ] DEBUG Engine               - urlGithub: https://github.com/AlmasB/FXGL
16:00:07.741 [FXGL Background Thread 3 ] DEBUG Engine               - urlLeaderboard: http://fxgl-top.herokuapp.com/
16:00:07.741 [FXGL Background Thread 3 ] DEBUG Engine               - urlPOM: https://raw.githubusercontent.com/AlmasB/FXGL/release/README.md
16:00:07.741 [FXGL Background Thread 3 ] DEBUG Engine               - userAppClass: class com.ningf.tank.TankApp
16:00:07.741 [FXGL Background Thread 3 ] DEBUG Engine               - version: Version 0.3
16:00:07.741 [FXGL Background Thread 3 ] DEBUG Engine               - versionCheckDays: 7
16:00:07.742 [FXGL Background Thread 3 ] DEBUG Engine               - width: 816
16:00:07.742 [FXGL Background Thread 3 ] DEBUG Engine               - Logging services
16:00:07.742 [FXGL Background Thread 3 ] DEBUG Engine               - class com.almasb.fxgl.app.services.FXGLAssetLoaderService
16:00:07.742 [FXGL Background Thread 3 ] DEBUG Engine               - class com.almasb.fxgl.app.FXGLApplication$GameApplicationService
16:00:07.742 [FXGL Background Thread 3 ] DEBUG Engine               - class com.almasb.fxgl.app.services.FXGLDialogService
16:00:07.742 [FXGL Background Thread 3 ] DEBUG Engine               - class com.almasb.fxgl.app.services.IOTaskExecutorService
16:00:07.742 [FXGL Background Thread 3 ] DEBUG Engine               - class com.almasb.fxgl.io.FileSystemService
16:00:07.742 [FXGL Background Thread 3 ] DEBUG Engine               - class com.almasb.fxgl.localization.LocalizationService
16:00:07.742 [FXGL Background Thread 3 ] DEBUG Engine               - class com.almasb.fxgl.app.services.SystemBundleService
16:00:07.742 [FXGL Background Thread 3 ] DEBUG Engine               - class com.almasb.fxgl.profile.SaveLoadService
16:00:07.742 [FXGL Background Thread 3 ] DEBUG Engine               - class com.almasb.fxgl.ui.FXGLUIFactoryServiceProvider
16:00:07.742 [FXGL Background Thread 3 ] DEBUG Engine               - class com.almasb.fxgl.ui.FXGLDialogFactoryServiceProvider
16:00:07.742 [FXGL Background Thread 3 ] DEBUG Engine               - class com.almasb.fxgl.audio.AudioPlayer
16:00:07.742 [FXGL Background Thread 3 ] DEBUG Engine               - class com.almasb.fxgl.notification.impl.NotificationServiceProvider
16:00:07.742 [FXGL Background Thread 3 ] DEBUG Engine               - class com.almasb.fxgl.achievement.AchievementService
16:00:07.742 [FXGL Background Thread 3 ] DEBUG Engine               - class com.almasb.fxgl.cutscene.CutsceneService
16:00:07.742 [FXGL Background Thread 3 ] DEBUG Engine               - class com.almasb.fxgl.minigames.MiniGameService
16:00:07.742 [FXGL Background Thread 3 ] DEBUG Engine               - class com.almasb.fxgl.net.NetService
16:00:07.743 [FXGL Background Thread 3 ] DEBUG Engine               - class com.almasb.fxgl.app.services.UpdaterService
16:00:07.743 [FXGL Background Thread 3 ] DEBUG Engine               - class com.almasb.fxgl.dev.DevService
16:00:10.206 [JavaFX Application Thread] DEBUG FXGLAssetLoaderServi - Loading from file system: file:/C:/Users/WONDER/Desktop/FXGL_Tank-main2/target/classes/assets/sounds/select.wav
16:00:12.415 [JavaFX Application Thread] DEBUG PrimaryStageWindow   - Pop state: GameMainMenu
16:00:12.416 [JavaFX Application Thread] DEBUG Input                - Clearing active input actions
16:00:12.417 [JavaFX Application Thread] DEBUG GameApplicationServi - Removing overlay from GameMainMenu and adding to FXGLMainMenuDummyScene
16:00:12.417 [JavaFX Application Thread] DEBUG PrimaryStageWindow   - FXGLMainMenuDummyScene <- GameMainMenu
16:00:12.418 [JavaFX Application Thread] WARN  PrimaryStageWindow   - Cannot set to FXGLMainMenuDummyScene. Probably because subscenes are present.
16:00:12.418 [JavaFX Application Thread] DEBUG PrimaryStageWindow   - Push state: GameMainMenu
16:00:12.419 [JavaFX Application Thread] DEBUG Input                - Clearing active input actions
16:00:12.433 [JavaFX Application Thread] DEBUG GameApplicationServi - Removing overlay from FXGLMainMenuDummyScene and adding to GameMainMenu
16:00:12.434 [JavaFX Application Thread] DEBUG PrimaryStageWindow   - FXGLMainMenuDummyScene -> GameMainMenu
16:00:15.171 [JavaFX Application Thread] DEBUG GameApplicationServi - Starting new game
16:00:15.171 [JavaFX Application Thread] DEBUG PrimaryStageWindow   - Pop state: GameMainMenu
16:00:15.172 [JavaFX Application Thread] DEBUG Input                - Clearing active input actions
16:00:15.172 [JavaFX Application Thread] DEBUG GameApplicationServi - Removing overlay from GameMainMenu and adding to FXGLMainMenuDummyScene
16:00:15.172 [JavaFX Application Thread] DEBUG PrimaryStageWindow   - FXGLMainMenuDummyScene <- GameMainMenu
16:00:15.172 [JavaFX Application Thread] DEBUG Input                - Clearing active input actions
16:00:15.195 [JavaFX Application Thread] DEBUG GameApplicationServi - Removing overlay from FXGLMainMenuDummyScene and adding to GameLoadingScene
16:00:15.195 [JavaFX Application Thread] DEBUG PrimaryStageWindow   - FXGLMainMenuDummyScene -> GameLoadingScene
16:00:15.195 [JavaFX Application Thread] DEBUG GameApplicationServi - Clearing previous game
16:00:15.195 [JavaFX Application Thread] DEBUG GameScene            - Clearing game scene
16:00:15.195 [JavaFX Application Thread] DEBUG GameWorld            - Clearing game world
16:00:15.195 [JavaFX Application Thread] DEBUG PhysicsWorld         - Clearing physics world
16:00:15.197 [FXGL Background Thread 2 ] DEBUG FXGLApplication      - Initializing game
16:00:15.199 [FXGL Background Thread 2 ] DEBUG FXGLAssetLoaderServi - Loading from file system: file:/C:/Users/WONDER/Desktop/FXGL_Tank-main2/target/classes/assets/properties/game.properties
16:00:15.222 [FXGL Background Thread 2 ] DEBUG FXGLAssetLoaderServi - Loading from file system: file:/C:/Users/WONDER/Desktop/FXGL_Tank-main2/target/classes/assets/textures/map/stone.png
16:00:15.225 [FXGL Background Thread 2 ] DEBUG FXGLAssetLoaderServi - Loading from file system: file:/C:/Users/WONDER/Desktop/FXGL_Tank-main2/target/classes/assets/textures/map/brick.png
16:00:15.230 [FXGL Background Thread 2 ] DEBUG FXGLAssetLoaderServi - Loading from file system: file:/C:/Users/WONDER/Desktop/FXGL_Tank-main2/target/classes/assets/textures/map/sea_anim.png
16:00:15.234 [FXGL Background Thread 2 ] DEBUG FXGLAssetLoaderServi - Loading from file system: file:/C:/Users/WONDER/Desktop/FXGL_Tank-main2/target/classes/assets/textures/explode/explode_level_2.png
16:00:15.261 [pool-2-thread-1          ] WARN  TMXLevelLoader       - TiledMap generated from 1.8.4. Supported version: 1.4.2. Some features may not be parsed fully.
16:00:15.272 [pool-2-thread-1          ] DEBUG TMXLevelLoader       - Parsed TiledMap: file:/C:/Users/WONDER/Desktop/FXGL_Tank-main2/ConstructMap/level0.tmx
16:00:15.273 [pool-2-thread-1          ] DEBUG TMXLevelLoader       - Creating tile layer entities
16:00:15.274 [pool-2-thread-1          ] DEBUG TMXLevelLoader       - Creating object layer entities
16:00:15.317 [pool-2-thread-1          ] DEBUG GameWorld            - Clearing removable entities
16:00:15.318 [pool-2-thread-1          ] DEBUG GameWorld            - Setting level: com.almasb.fxgl.entity.level.Level@42003957
16:00:15.319 [pool-2-thread-1          ] DEBUG FXGLAssetLoaderServi - Loading from file system: file:/C:/Users/WONDER/Desktop/FXGL_Tank-main2/target/classes/assets/sounds/start.wav
16:00:15.328 [pool-2-thread-1          ] DEBUG FXGLAssetLoaderServi - Loading from file system: file:/C:/Users/WONDER/Desktop/FXGL_Tank-main2/target/classes/assets/textures/tank/H1U.png
16:00:15.332 [pool-2-thread-1          ] DEBUG FXGLAssetLoaderServi - Loading from file system: file:/C:/Users/WONDER/Desktop/FXGL_Tank-main2/target/classes/assets/textures/item/armed_helmet.png
16:00:15.340 [pool-2-thread-1          ] DEBUG FXGLAssetLoaderServi - Loading from file system: file:/C:/Users/WONDER/Desktop/FXGL_Tank-main2/target/classes/assets/textures/ui/enemy_pre.png
16:00:15.344 [pool-2-thread-1          ] DEBUG FXGLAssetLoaderServi - Loading from file system: file:/C:/Users/WONDER/Desktop/FXGL_Tank-main2/target/classes/assets/textures/ui/levelFlag.png
16:00:15.344 [pool-2-thread-1          ] DEBUG FXGLAssetLoaderServi - Loading from file system: file:/C:/Users/WONDER/Desktop/FXGL_Tank-main2/target/classes/assets/textures/ui/bulletLevel.png
16:00:15.346 [pool-2-thread-1          ] DEBUG FXGLAssetLoaderServi - Loading from file system: file:/C:/Users/WONDER/Desktop/FXGL_Tank-main2/target/classes/assets/textures/tank/spawnTank.png
16:00:15.348 [pool-2-thread-1          ] DEBUG FXGLAssetLoaderServi - Loading from file system: file:/C:/Users/WONDER/Desktop/FXGL_Tank-main2/target/classes/assets/textures/tank/E8U.png
16:00:15.350 [pool-2-thread-1          ] DEBUG FXGLAssetLoaderServi - Loading from file system: file:/C:/Users/WONDER/Desktop/FXGL_Tank-main2/target/classes/assets/textures/tank/E11U.png
16:00:15.351 [pool-2-thread-1          ] DEBUG FXGLAssetLoaderServi - Loading from file system: file:/C:/Users/WONDER/Desktop/FXGL_Tank-main2/target/classes/assets/textures/tank/E7U.png
16:00:15.353 [FXGL Background Thread 2 ] INFO  FXGLApplication      - Game initialization took: 0.156 sec
16:00:15.354 [JavaFX Application Thread] DEBUG Input                - Clearing active input actions
16:00:15.360 [JavaFX Application Thread] DEBUG GameApplicationServi - Removing overlay from GameLoadingScene and adding to GameScene
16:00:15.361 [JavaFX Application Thread] DEBUG PrimaryStageWindow   - GameLoadingScene -> GameScene
16:00:16.040 [JavaFX Application Thread] DEBUG FXGLAssetLoaderServi - Loading from file system: file:/C:/Users/WONDER/Desktop/FXGL_Tank-main2/target/classes/assets/sounds/normalFire.wav
16:00:16.045 [JavaFX Application Thread] DEBUG FXGLAssetLoaderServi - Loading from file system: file:/C:/Users/WONDER/Desktop/FXGL_Tank-main2/target/classes/assets/textures/bullet/normal.png
16:00:16.758 [JavaFX Application Thread] WARN  TMXLevelLoader       - TiledMap generated from 1.8.4. Supported version: 1.4.2. Some features may not be parsed fully.
16:00:16.767 [JavaFX Application Thread] DEBUG TMXLevelLoader       - Parsed TiledMap: file:/C:/Users/WONDER/Desktop/FXGL_Tank-main2/ConstructMap/level0.tmx
16:00:16.768 [JavaFX Application Thread] DEBUG TMXLevelLoader       - Creating tile layer entities
16:00:16.768 [JavaFX Application Thread] DEBUG TMXLevelLoader       - Creating object layer entities
16:00:16.795 [JavaFX Application Thread] DEBUG GameWorld            - Clearing removable entities
16:00:16.800 [JavaFX Application Thread] DEBUG GameWorld            - Setting level: com.almasb.fxgl.entity.level.Level@54955f58
16:00:16.808 [JavaFX Application Thread] DEBUG FXGLAssetLoaderServi - Loading from file system: file:/C:/Users/WONDER/Desktop/FXGL_Tank-main2/target/classes/assets/textures/tank/E10U.png
16:00:16.810 [JavaFX Application Thread] DEBUG FXGLAssetLoaderServi - Loading from file system: file:/C:/Users/WONDER/Desktop/FXGL_Tank-main2/target/classes/assets/textures/tank/E3U.png
16:00:19.027 [JavaFX Application Thread] DEBUG FXGLAssetLoaderServi - Loading from file system: file:/C:/Users/WONDER/Desktop/FXGL_Tank-main2/target/classes/assets/sounds/normalBomb.wav
16:00:23.031 [JavaFX Application Thread] DEBUG FXGLAssetLoaderServi - Loading from file system: file:/C:/Users/WONDER/Desktop/FXGL_Tank-main2/target/classes/assets/textures/tank/E5U.png
16:00:28.579 [JavaFX Application Thread] DEBUG FXGLAssetLoaderServi - Loading from file system: file:/C:/Users/WONDER/Desktop/FXGL_Tank-main2/target/classes/assets/textures/item/tank.png
16:00:29.025 [JavaFX Application Thread] DEBUG FXGLAssetLoaderServi - Loading from file system: file:/C:/Users/WONDER/Desktop/FXGL_Tank-main2/target/classes/assets/textures/tank/E6U.png
16:00:34.210 [JavaFX Application Thread] DEBUG FXGLAssetLoaderServi - Loading from file system: file:/C:/Users/WONDER/Desktop/FXGL_Tank-main2/target/classes/assets/textures/item/bomb.png
16:00:35.024 [JavaFX Application Thread] DEBUG FXGLAssetLoaderServi - Loading from file system: file:/C:/Users/WONDER/Desktop/FXGL_Tank-main2/target/classes/assets/textures/tank/E1U.png
16:00:35.521 [JavaFX Application Thread] DEBUG FXGLAssetLoaderServi - Loading from file system: file:/C:/Users/WONDER/Desktop/FXGL_Tank-main2/target/classes/assets/textures/map/flag_failed.png
16:00:35.523 [JavaFX Application Thread] DEBUG FXGLAssetLoaderServi - Loading from file system: file:/C:/Users/WONDER/Desktop/FXGL_Tank-main2/target/classes/assets/textures/ui/GameOver.png
16:00:35.525 [JavaFX Application Thread] DEBUG PrimaryStageWindow   - Push state: FailedScene
16:00:35.525 [JavaFX Application Thread] DEBUG FXGLAssetLoaderServi - Loading from file system: file:/C:/Users/WONDER/Desktop/FXGL_Tank-main2/target/classes/assets/sounds/GameOver.wav
16:00:35.528 [JavaFX Application Thread] DEBUG Input                - Clearing active input actions
16:00:35.528 [JavaFX Application Thread] DEBUG GameApplicationServi - Removing overlay from GameScene and adding to FailedScene
16:00:35.529 [JavaFX Application Thread] DEBUG PrimaryStageWindow   - GameScene -> FailedScene
16:00:39.344 [JavaFX Application Thread] DEBUG PrimaryStageWindow   - Pop state: FailedScene
16:00:39.344 [JavaFX Application Thread] DEBUG Input                - Clearing active input actions
16:00:39.344 [JavaFX Application Thread] DEBUG GameApplicationServi - Removing overlay from FailedScene and adding to GameScene
16:00:39.344 [JavaFX Application Thread] DEBUG PrimaryStageWindow   - GameScene <- FailedScene
16:00:39.345 [JavaFX Application Thread] DEBUG Input                - Clearing active input actions
16:00:39.350 [JavaFX Application Thread] DEBUG GameApplicationServi - Removing overlay from GameScene and adding to FXGLMainMenuDummyScene
16:00:39.350 [JavaFX Application Thread] DEBUG PrimaryStageWindow   - GameScene -> FXGLMainMenuDummyScene
16:00:39.351 [JavaFX Application Thread] DEBUG PrimaryStageWindow   - Push state: GameMainMenu
16:00:39.351 [JavaFX Application Thread] DEBUG Input                - Clearing active input actions
16:00:39.352 [JavaFX Application Thread] DEBUG GameApplicationServi - Removing overlay from FXGLMainMenuDummyScene and adding to GameMainMenu
16:00:39.353 [JavaFX Application Thread] DEBUG PrimaryStageWindow   - FXGLMainMenuDummyScene -> GameMainMenu
16:00:40.919 [JavaFX Application Thread] DEBUG FXGLApplication      - Exiting FXGL
16:00:40.919 [JavaFX Application Thread] DEBUG LoopRunner           - Stopping loop
16:00:40.921 [JavaFX Application Thread] DEBUG SystemBundleService  - Saving FXGL system data
16:00:40.925 [JavaFX Application Thread] DEBUG FileSystemAccess     - Writing to: C:\Users\WONDER\Desktop\FXGL_Tank-main2\system\fxgl.bundle
16:00:40.927 [JavaFX Application Thread] DEBUG Async                - Shutting down background threads
16:00:40.927 [JavaFX Application Thread] DEBUG PrimaryStageWindow   - Closing main window
16:00:40.958 [JavaFX Application Thread] DEBUG Logger               - Closing Logger
