15:49:24.727 [main                     ] DEBUG Logger               - Configured Logger
15:49:24.749 [main                     ] DEBUG GameApplication      - Logging settings
Title: 90 Tank
Version: Version 0.3
Width: 816
Height: 672
Fullscreen: false
Intro: false
Profiling: false
Single step:false
App Mode: DEVELOPER
Menu Key: ESCAPE
Stage Style: DECORATED
Scene Factory: class com.ningf.tank.TankApp$1

15:49:25.021 [JavaFX Application Thread] DEBUG FXGLApplication      - Initializing FXGL
15:49:25.027 [JavaFX Application Thread] INFO  Engine               - FXGL-17.1 (24.03.2022 17.34) on WINDOWS (J:17.0.7 FX:18)
15:49:25.027 [JavaFX Application Thread] DEBUG Engine               - JRE Vendor Name: Oracle Corporation
15:49:25.027 [JavaFX Application Thread] DEBUG Engine               - Running on OS: Windows 11 version 10.0
15:49:25.027 [JavaFX Application Thread] DEBUG Engine               - Architecture: amd64
15:49:25.027 [JavaFX Application Thread] INFO  Engine               - Source code and latest versions at: https://github.com/AlmasB/FXGL
15:49:25.029 [JavaFX Application Thread] INFO  Engine               -       Ask questions and discuss at: https://github.com/AlmasB/FXGL/discussions
15:49:25.029 [JavaFX Application Thread] INFO  Engine               -              Join the FXGL chat at: https://gitter.im/AlmasB/FXGL
15:49:25.099 [JavaFX Application Thread] DEBUG PrimaryStageWindow   - Creating a JavaFX scene
15:49:25.132 [JavaFX Application Thread] DEBUG PrimaryStageWindow   - Target settings size: 816.0 x 672.0
15:49:25.132 [JavaFX Application Thread] DEBUG PrimaryStageWindow   - Scaled scene size:    816.0 x 672.0
15:49:25.132 [JavaFX Application Thread] DEBUG PrimaryStageWindow   - Scaled ratio: (1.0, 1.0)
15:49:25.134 [JavaFX Application Thread] DEBUG PrimaryStageWindow   - Set initial scene to GameStartupScene
15:49:25.139 [JavaFX Application Thread] DEBUG PrimaryStageWindow   - Opening main window
15:49:25.228 [JavaFX Application Thread] DEBUG PrimaryStageWindow   - Window border size: (14.66668701171875, 37.33331298828125)
15:49:25.228 [JavaFX Application Thread] DEBUG PrimaryStageWindow   - Scaled size: 816.0 x 672.0
15:49:25.228 [JavaFX Application Thread] DEBUG PrimaryStageWindow   - Scaled ratio: (1.0, 1.0)
15:49:25.230 [JavaFX Application Thread] DEBUG PrimaryStageWindow   - Scene size: 816.0 x 672.0
15:49:25.230 [JavaFX Application Thread] DEBUG PrimaryStageWindow   - Stage size: 830.6666870117188 x 709.3333129882812
15:49:25.235 [FXGL Background Thread 1 ] DEBUG Engine               - Initializing environment variables
15:49:25.265 [FXGL Background Thread 1 ] DEBUG FXGLAssetLoaderServi - User app class for loading assets: class com.ningf.tank.TankApp
15:49:25.265 [FXGL Background Thread 1 ] DEBUG GameApplicationServi - Applying CSS: fxgl_dark.css
15:49:25.266 [FXGL Background Thread 1 ] DEBUG FXGLAssetLoaderServi - Loading from file system: jar:file:///C:/Users/WONDER/.m2/repository/com/github/almasb/fxgl/17.1/fxgl-17.1.jar!/fxglassets/ui/css/fxgl_dark.css
15:49:25.287 [FXGL Background Thread 1 ] DEBUG GameApplicationServi - Applying CSS: tankApp.css
15:49:25.287 [FXGL Background Thread 1 ] DEBUG FXGLAssetLoaderServi - Loading from file system: file:/C:/Users/WONDER/Desktop/FXGL_Tank-main2/target/classes/assets/ui/css/tankApp.css
15:49:25.288 [FXGL Background Thread 1 ] DEBUG GameApplicationServi - Initializing application scenes
15:49:25.291 [FXGL Background Thread 1 ] DEBUG GameWorld            - Game world initialized
15:49:25.331 [FXGL Background Thread 1 ] DEBUG PhysicsWorld         - Physics world initialized: appHeight=672, physics.ppm=50.0
15:49:25.331 [FXGL Background Thread 1 ] DEBUG PhysicsWorld         - Using strategy: BRUTE_FORCE
15:49:25.337 [FXGL Background Thread 1 ] DEBUG GameScene            - Game scene initialized: 816x672
15:49:25.339 [FXGL Background Thread 1 ] DEBUG FXGLAssetLoaderServi - Loading from file system: file:/C:/Users/WONDER/Desktop/FXGL_Tank-main2/target/classes/assets/textures/ui/logo.png
15:49:25.351 [FXGL Background Thread 1 ] DEBUG FXGLAssetLoaderServi - Loading from file system: file:/C:/Users/WONDER/Desktop/FXGL_Tank-main2/target/classes/assets/textures/ui/icon.png
15:49:25.359 [FXGL Background Thread 1 ] DEBUG FXGLAssetLoaderServi - Loading from file system: file:/C:/Users/WONDER/Desktop/FXGL_Tank-main2/target/classes/assets/textures/ui/tankLoading.png
15:49:25.374 [FXGL Background Thread 1 ] DEBUG FXGLAssetLoaderServi - Loading from file system: file:/C:/Users/WONDER/Desktop/FXGL_Tank-main2/target/classes/assets/textures/ui/fxgl.png
15:49:25.403 [FXGL Background Thread 1 ] DEBUG FXGL.DefaultMenu     - createMenuBodyGameMenu()
15:49:25.409 [FXGL Background Thread 1 ] DEBUG FXGL.DefaultMenu     - createOptionsMenu()
15:49:25.417 [FXGL Background Thread 1 ] DEBUG FXGLAssetLoaderServi - Loading from file system: jar:file:///C:/Users/WONDER/.m2/repository/com/github/almasb/fxgl/17.1/fxgl-17.1.jar!/fxglassets/textures/particles/smoke.png
15:49:25.477 [FXGL Background Thread 1 ] DEBUG FXGLAssetLoaderServi - Loading from file system: jar:file:///C:/Users/WONDER/.m2/repository/com/github/almasb/fxgl/17.1/fxgl-17.1.jar!/fxglassets/textures/particles/trace_horizontal.png
15:49:25.491 [FXGL Background Thread 1 ] DEBUG GameApplicationServi - Application scenes initialized
15:49:25.499 [FXGL Background Thread 1 ] DEBUG SystemBundleService  - Loading FXGL system data
15:49:25.504 [FXGL Background Thread 1 ] DEBUG FileSystemAccess     - Reading from: C:\Users\WONDER\Desktop\FXGL_Tank-main2\system\fxgl.bundle
15:49:25.511 [FXGL Background Thread 1 ] DEBUG SystemBundleService  - Bundle FXGL: {}
15:49:25.511 [FXGL Background Thread 1 ] DEBUG UpdaterService       - Checking for updates
15:49:25.515 [FXGL Background Thread 4 ] DEBUG FXGLApplication      - Loading fonts
15:49:25.515 [FXGL Background Thread 4 ] DEBUG FXGLAssetLoaderServi - Loading from file system: jar:file:///C:/Users/WONDER/.m2/repository/com/github/almasb/fxgl/17.1/fxgl-17.1.jar!/fxglassets/ui/fonts/VarelaRound-Regular.ttf
15:49:25.515 [FXGL Background Thread 1 ] DEBUG FXGLApplication      - Loading default localization
15:49:25.516 [FXGL Background Thread 1 ] DEBUG FXGLAssetLoaderServi - Loading from file system: jar:file:///C:/Users/WONDER/.m2/repository/com/github/almasb/fxgl/17.1/fxgl-17.1.jar!/fxglassets/languages/english.lang
15:49:25.534 [FXGL Background Thread 1 ] INFO  FXGLApplication      - FXGL initialization took: 0.299 sec
15:49:25.542 [JavaFX Application Thread] DEBUG Input                - Registered new binding: action0 - W
15:49:25.543 [JavaFX Application Thread] DEBUG Input                - Registered new binding: action1 - Up
15:49:25.543 [JavaFX Application Thread] DEBUG Input                - Registered new binding: action2 - S
15:49:25.543 [JavaFX Application Thread] DEBUG Input                - Registered new binding: action3 - Down
15:49:25.544 [JavaFX Application Thread] DEBUG Input                - Registered new binding: action4 - A
15:49:25.544 [JavaFX Application Thread] DEBUG Input                - Registered new binding: action5 - Left
15:49:25.544 [JavaFX Application Thread] DEBUG Input                - Registered new binding: action6 - D
15:49:25.545 [JavaFX Application Thread] DEBUG Input                - Registered new binding: action7 - Right
15:49:25.545 [JavaFX Application Thread] DEBUG Input                - Registered new binding: action8 - Space
15:49:25.545 [JavaFX Application Thread] DEBUG Input                - Registered new binding: action9 - F
15:49:25.546 [JavaFX Application Thread] DEBUG Input                - Registered new binding: action10 - O
15:49:25.546 [JavaFX Application Thread] DEBUG LoopRunner           - Stopping loop
15:49:25.546 [JavaFX Application Thread] DEBUG LoopRunner           - Initializing JavaFX AnimationTimerLoop
15:49:25.549 [JavaFX Application Thread] FATAL FXGLApplication      - Uncaught Exception:
java.lang.IllegalArgumentException: Trigger is already bound: Up
	at com.almasb.fxgl.core@17.1/com.almasb.fxgl.input.Input.addBinding(Input.kt:451)
	at com.almasb.fxgl.core@17.1/com.almasb.fxgl.input.Input.addAction(Input.kt:446)
	at com.almasb.fxgl.core@17.1/com.almasb.fxgl.input.Input.addAction$default(Input.kt:443)
	at com.almasb.fxgl.all@17.1/com.almasb.fxgl.dsl.FXGL$Companion.onKey(FXGL.kt:498)
	at com.almasb.fxgl.all@17.1/com.almasb.fxgl.dsl.FXGL$Companion.onKey(FXGL.kt:494)
	at com.almasb.fxgl.all@17.1/com.almasb.fxgl.dsl.FXGL.onKey(FXGL.kt)
	at FXGL_Tank/com.ningf.tank.TankApp.initInput(TankApp.java:259)
	at com.almasb.fxgl.all@17.1/com.almasb.fxgl.app.FXGLApplication$GameApplicationService.onMainLoopStarting(FXGLApplication.kt:529)
	at com.almasb.fxgl.all@17.1/com.almasb.fxgl.app.Engine.startLoop(Engine.kt:150)
	at com.almasb.fxgl.all@17.1/com.almasb.fxgl.app.FXGLApplication.startImpl$lambda-3(FXGLApplication.kt:145)
	at com.almasb.fxgl.core@17.1/com.almasb.fxgl.core.concurrent.IOTask.succeed(IOTask.java:164)
	at com.almasb.fxgl.core@17.1/com.almasb.fxgl.core.concurrent.IOTask$1.succeeded(IOTask.java:153)
	at javafx.graphics@18/javafx.concurrent.Task.setState(Task.java:726)
	at javafx.graphics@18/javafx.concurrent.Task$TaskCallable.lambda$call$1(Task.java:1437)
	at javafx.graphics@18/com.sun.javafx.application.PlatformImpl.lambda$runLater$10(PlatformImpl.java:457)
	at java.base/java.security.AccessController.doPrivileged(AccessController.java:399)
	at javafx.graphics@18/com.sun.javafx.application.PlatformImpl.lambda$runLater$11(PlatformImpl.java:456)
	at javafx.graphics@18/com.sun.glass.ui.InvokeLaterDispatcher$Future.run(InvokeLaterDispatcher.java:96)
	at javafx.graphics@18/com.sun.glass.ui.win.WinApplication._runLoop(Native Method)
	at javafx.graphics@18/com.sun.glass.ui.win.WinApplication.lambda$runLoop$3(WinApplication.java:184)
	at java.base/java.lang.Thread.run(Thread.java:833)

15:49:25.549 [JavaFX Application Thread] FATAL FXGLApplication      - Application will now exit
15:49:25.563 [JavaFX Application Thread] DEBUG PrimaryStageWindow   - Push state: ErrorSubScene
15:49:25.563 [JavaFX Application Thread] DEBUG Input                - Clearing active input actions
15:49:25.572 [JavaFX Application Thread] DEBUG GameApplicationServi - Removing overlay from GameStartupScene and adding to ErrorSubScene
15:49:25.572 [JavaFX Application Thread] DEBUG PrimaryStageWindow   - GameStartupScene -> ErrorSubScene
15:49:25.574 [FXGL Background Thread 4 ] DEBUG FXGLAssetLoaderServi - Loading from file system: jar:file:///C:/Users/WONDER/.m2/repository/com/github/almasb/fxgl/17.1/fxgl-17.1.jar!/fxglassets/ui/fonts/Abel-Regular.ttf
15:49:25.581 [FXGL Background Thread 4 ] DEBUG FXGLAssetLoaderServi - Loading from file system: jar:file:///C:/Users/WONDER/.m2/repository/com/github/almasb/fxgl/17.1/fxgl-17.1.jar!/fxglassets/ui/fonts/TerminalLandMono-Regular.otf
15:49:25.588 [FXGL Background Thread 4 ] DEBUG FXGLAssetLoaderServi - Loading from file system: jar:file:///C:/Users/WONDER/.m2/repository/com/github/almasb/fxgl/17.1/fxgl-17.1.jar!/fxglassets/ui/fonts/Courier-Prime.ttf
15:49:25.640 [FXGL Background Thread 2 ] WARN  UpdaterService       - Failed to find updates: java.net.ConnectException: Connection refused: connect
15:49:25.727 [JavaFX Application Thread] DEBUG FXGLApplication      - Registering font factories with UI factory
15:49:28.514 [FXGL Background Thread 3 ] DEBUG Engine               - Logging environment variables
15:49:28.518 [FXGL Background Thread 3 ] DEBUG Engine               - achievements: []
15:49:28.519 [FXGL Background Thread 3 ] DEBUG Engine               - actualHeight: 672.0
15:49:28.519 [FXGL Background Thread 3 ] DEBUG Engine               - actualHeightProperty: ReadOnlyDoubleProperty [value: 672.0]
15:49:28.519 [FXGL Background Thread 3 ] DEBUG Engine               - actualWidth: 816.0
15:49:28.520 [FXGL Background Thread 3 ] DEBUG Engine               - actualWidthProperty: ReadOnlyDoubleProperty [value: 816.0]
15:49:28.520 [FXGL Background Thread 3 ] DEBUG Engine               - appIcon: ui/icon.png
15:49:28.520 [FXGL Background Thread 3 ] DEBUG Engine               - applicationMode: DEVELOPER
15:49:28.520 [FXGL Background Thread 3 ] DEBUG Engine               - cSSList: [fxgl_dark.css, tankApp.css]
15:49:28.520 [FXGL Background Thread 3 ] DEBUG Engine               - collisionDetectionStrategy: BRUTE_FORCE
15:49:28.520 [FXGL Background Thread 3 ] DEBUG Engine               - configClass: Optional.empty
15:49:28.521 [FXGL Background Thread 3 ] DEBUG Engine               - credits: []
15:49:28.521 [FXGL Background Thread 3 ] DEBUG Engine               - defaultCursor: CursorInfo(imageName=ui/cursor.png, hotspotX=0.0, hotspotY=0.0)
15:49:28.521 [FXGL Background Thread 3 ] DEBUG Engine               - devBBoxColorProperty: ObjectProperty [value: 0xff0000ff]
15:49:28.521 [FXGL Background Thread 3 ] DEBUG Engine               - devEnableDebugCameraProperty: BooleanProperty [value: false]
15:49:28.525 [FXGL Background Thread 3 ] DEBUG Engine               - devSensorColorProperty: ObjectProperty [value: 0xffff00ff]
15:49:28.525 [FXGL Background Thread 3 ] DEBUG Engine               - devShowBBoxProperty: BooleanProperty [value: false]
15:49:28.525 [FXGL Background Thread 3 ] DEBUG Engine               - devShowPositionProperty: BooleanProperty [value: false]
15:49:28.525 [FXGL Background Thread 3 ] DEBUG Engine               - enabledMenuItems: []
15:49:28.525 [FXGL Background Thread 3 ] DEBUG Engine               - engineServices: [class com.almasb.fxgl.app.services.FXGLAssetLoaderService, class com.almasb.fxgl.app.FXGLApplication$GameApplicationService, class com.almasb.fxgl.app.services.FXGLDialogService, class com.almasb.fxgl.app.services.IOTaskExecutorService, class com.almasb.fxgl.io.FileSystemService, class com.almasb.fxgl.localization.LocalizationService, class com.almasb.fxgl.app.services.SystemBundleService, class com.almasb.fxgl.profile.SaveLoadService, class com.almasb.fxgl.ui.FXGLUIFactoryServiceProvider, class com.almasb.fxgl.ui.FXGLDialogFactoryServiceProvider, class com.almasb.fxgl.audio.AudioPlayer, class com.almasb.fxgl.notification.impl.NotificationServiceProvider, class com.almasb.fxgl.achievement.AchievementService, class com.almasb.fxgl.cutscene.CutsceneService, class com.almasb.fxgl.minigames.MiniGameService, class com.almasb.fxgl.net.NetService, class com.almasb.fxgl.app.services.UpdaterService, class com.almasb.fxgl.dev.DevService]
15:49:28.525 [FXGL Background Thread 3 ] DEBUG Engine               - fontGame: Abel-Regular.ttf
15:49:28.525 [FXGL Background Thread 3 ] DEBUG Engine               - fontMono: TerminalLandMono-Regular.otf
15:49:28.526 [FXGL Background Thread 3 ] DEBUG Engine               - fontText: Courier-Prime.ttf
15:49:28.526 [FXGL Background Thread 3 ] DEBUG Engine               - fontUI: VarelaRound-Regular.ttf
15:49:28.526 [FXGL Background Thread 3 ] DEBUG Engine               - fullScreen: BooleanProperty [value: false]
15:49:28.526 [FXGL Background Thread 3 ] DEBUG Engine               - gameDifficulty: MEDIUM
15:49:28.526 [FXGL Background Thread 3 ] DEBUG Engine               - gameDifficultyProperty: ObjectProperty [value: MEDIUM]
15:49:28.526 [FXGL Background Thread 3 ] DEBUG Engine               - globalMusicVolume: 0.5
15:49:28.526 [FXGL Background Thread 3 ] DEBUG Engine               - globalMusicVolumeProperty: DoubleProperty [value: 0.5]
15:49:28.526 [FXGL Background Thread 3 ] DEBUG Engine               - globalSoundVolume: 0.5
15:49:28.526 [FXGL Background Thread 3 ] DEBUG Engine               - globalSoundVolumeProperty: DoubleProperty [value: 0.5]
15:49:28.527 [FXGL Background Thread 3 ] DEBUG Engine               - height: 672
15:49:28.527 [FXGL Background Thread 3 ] DEBUG Engine               - is3D: false
15:49:28.527 [FXGL Background Thread 3 ] DEBUG Engine               - isAndroid: false
15:49:28.527 [FXGL Background Thread 3 ] DEBUG Engine               - isBrowser: false
15:49:28.527 [FXGL Background Thread 3 ] DEBUG Engine               - isClickFeedbackEnabled: false
15:49:28.527 [FXGL Background Thread 3 ] DEBUG Engine               - isCloseConfirmation: false
15:49:28.527 [FXGL Background Thread 3 ] DEBUG Engine               - isDesktop: true
15:49:28.527 [FXGL Background Thread 3 ] DEBUG Engine               - isDeveloperMenuEnabled: false
15:49:28.527 [FXGL Background Thread 3 ] DEBUG Engine               - isEmbedded: false
15:49:28.527 [FXGL Background Thread 3 ] DEBUG Engine               - isEntityPreloadEnabled: true
15:49:28.527 [FXGL Background Thread 3 ] DEBUG Engine               - isExperimentalTiledLargeMap: false
15:49:28.527 [FXGL Background Thread 3 ] DEBUG Engine               - isFileSystemWriteAllowed: true
15:49:28.527 [FXGL Background Thread 3 ] DEBUG Engine               - isFullScreenAllowed: false
15:49:28.527 [FXGL Background Thread 3 ] DEBUG Engine               - isFullScreenFromStart: false
15:49:28.528 [FXGL Background Thread 3 ] DEBUG Engine               - isGameMenuEnabled: true
15:49:28.528 [FXGL Background Thread 3 ] DEBUG Engine               - isIOS: false
15:49:28.528 [FXGL Background Thread 3 ] DEBUG Engine               - isIntroEnabled: false
15:49:28.528 [FXGL Background Thread 3 ] DEBUG Engine               - isLinux: false
15:49:28.528 [FXGL Background Thread 3 ] DEBUG Engine               - isMac: false
15:49:28.528 [FXGL Background Thread 3 ] DEBUG Engine               - isMainMenuEnabled: true
15:49:28.528 [FXGL Background Thread 3 ] DEBUG Engine               - isManualResizeEnabled: false
15:49:28.529 [FXGL Background Thread 3 ] DEBUG Engine               - isMobile: false
15:49:28.529 [FXGL Background Thread 3 ] DEBUG Engine               - isNative: false
15:49:28.532 [FXGL Background Thread 3 ] DEBUG Engine               - isPauseMusicWhenMinimized: true
15:49:28.532 [FXGL Background Thread 3 ] DEBUG Engine               - isPreserveResizeRatio: false
15:49:28.534 [FXGL Background Thread 3 ] DEBUG Engine               - isProfilingEnabled: false
15:49:28.534 [FXGL Background Thread 3 ] DEBUG Engine               - isScaleAffectedOnResize: true
15:49:28.534 [FXGL Background Thread 3 ] DEBUG Engine               - isSingleStep: false
15:49:28.534 [FXGL Background Thread 3 ] DEBUG Engine               - isUserProfileEnabled: false
15:49:28.534 [FXGL Background Thread 3 ] DEBUG Engine               - isWindows: true
15:49:28.534 [FXGL Background Thread 3 ] DEBUG Engine               - language: ObjectProperty [value: ENGLISH]
15:49:28.534 [FXGL Background Thread 3 ] DEBUG Engine               - menuKey: ESCAPE
15:49:28.534 [FXGL Background Thread 3 ] DEBUG Engine               - mouseSensitivity: 0.2
15:49:28.534 [FXGL Background Thread 3 ] DEBUG Engine               - notificationViewClass: class com.almasb.fxgl.notification.view.XboxNotificationView
15:49:28.534 [FXGL Background Thread 3 ] DEBUG Engine               - pixelsPerMeter: 50.0
15:49:28.534 [FXGL Background Thread 3 ] DEBUG Engine               - platform: WINDOWS
15:49:28.534 [FXGL Background Thread 3 ] DEBUG Engine               - prefHeightProperty: ReadOnlyDoubleProperty [value: 672.0]
15:49:28.534 [FXGL Background Thread 3 ] DEBUG Engine               - prefWidthProperty: ReadOnlyDoubleProperty [value: 816.0]
15:49:28.535 [FXGL Background Thread 3 ] DEBUG Engine               - profileDir: profiles/
15:49:28.535 [FXGL Background Thread 3 ] DEBUG Engine               - profileName: StringProperty [value: DEFAULT]
15:49:28.535 [FXGL Background Thread 3 ] DEBUG Engine               - randomSeed: -1
15:49:28.535 [FXGL Background Thread 3 ] DEBUG Engine               - runtimeInfo: RuntimeInfo(platform=WINDOWS, version=17.1, build=24.03.2022 17.34)
15:49:28.535 [FXGL Background Thread 3 ] DEBUG Engine               - saveFileExt: sav
15:49:28.535 [FXGL Background Thread 3 ] DEBUG Engine               - scaledHeightProp$fxgl: DoubleProperty [bound, value: 672.0]
15:49:28.535 [FXGL Background Thread 3 ] DEBUG Engine               - scaledWidthProp$fxgl: DoubleProperty [bound, value: 816.0]
15:49:28.535 [FXGL Background Thread 3 ] DEBUG Engine               - sceneFactory: com.ningf.tank.TankApp$1@3fbd01b7
15:49:28.535 [FXGL Background Thread 3 ] DEBUG Engine               - secondsIn24h: 60
15:49:28.535 [FXGL Background Thread 3 ] DEBUG Engine               - soundMenuBack: menu/back.wav
15:49:28.535 [FXGL Background Thread 3 ] DEBUG Engine               - soundMenuPress: menu/press.wav
15:49:28.536 [FXGL Background Thread 3 ] DEBUG Engine               - soundMenuSelect: menu/select.wav
15:49:28.536 [FXGL Background Thread 3 ] DEBUG Engine               - soundNotification: core/notification.wav
15:49:28.536 [FXGL Background Thread 3 ] DEBUG Engine               - stageStyle: DECORATED
15:49:28.536 [FXGL Background Thread 3 ] DEBUG Engine               - supportedLanguages: [ENGLISH, FRENCH, GERMAN, HUNGARIAN, RUSSIAN]
15:49:28.536 [FXGL Background Thread 3 ] DEBUG Engine               - ticksPerSecond: -1
15:49:28.536 [FXGL Background Thread 3 ] DEBUG Engine               - title: 90 Tank
15:49:28.536 [FXGL Background Thread 3 ] DEBUG Engine               - urlGithub: https://github.com/AlmasB/FXGL
15:49:28.536 [FXGL Background Thread 3 ] DEBUG Engine               - urlLeaderboard: http://fxgl-top.herokuapp.com/
15:49:28.536 [FXGL Background Thread 3 ] DEBUG Engine               - urlPOM: https://raw.githubusercontent.com/AlmasB/FXGL/release/README.md
15:49:28.536 [FXGL Background Thread 3 ] DEBUG Engine               - userAppClass: class com.ningf.tank.TankApp
15:49:28.536 [FXGL Background Thread 3 ] DEBUG Engine               - version: Version 0.3
15:49:28.537 [FXGL Background Thread 3 ] DEBUG Engine               - versionCheckDays: 7
15:49:28.537 [FXGL Background Thread 3 ] DEBUG Engine               - width: 816
15:49:28.537 [FXGL Background Thread 3 ] DEBUG Engine               - Logging services
15:49:28.537 [FXGL Background Thread 3 ] DEBUG Engine               - class com.almasb.fxgl.app.services.FXGLAssetLoaderService
15:49:28.537 [FXGL Background Thread 3 ] DEBUG Engine               - class com.almasb.fxgl.app.FXGLApplication$GameApplicationService
15:49:28.537 [FXGL Background Thread 3 ] DEBUG Engine               - class com.almasb.fxgl.app.services.FXGLDialogService
15:49:28.537 [FXGL Background Thread 3 ] DEBUG Engine               - class com.almasb.fxgl.app.services.IOTaskExecutorService
15:49:28.537 [FXGL Background Thread 3 ] DEBUG Engine               - class com.almasb.fxgl.io.FileSystemService
15:49:28.537 [FXGL Background Thread 3 ] DEBUG Engine               - class com.almasb.fxgl.localization.LocalizationService
15:49:28.537 [FXGL Background Thread 3 ] DEBUG Engine               - class com.almasb.fxgl.app.services.SystemBundleService
15:49:28.537 [FXGL Background Thread 3 ] DEBUG Engine               - class com.almasb.fxgl.profile.SaveLoadService
15:49:28.537 [FXGL Background Thread 3 ] DEBUG Engine               - class com.almasb.fxgl.ui.FXGLUIFactoryServiceProvider
15:49:28.537 [FXGL Background Thread 3 ] DEBUG Engine               - class com.almasb.fxgl.ui.FXGLDialogFactoryServiceProvider
15:49:28.537 [FXGL Background Thread 3 ] DEBUG Engine               - class com.almasb.fxgl.audio.AudioPlayer
15:49:28.537 [FXGL Background Thread 3 ] DEBUG Engine               - class com.almasb.fxgl.notification.impl.NotificationServiceProvider
15:49:28.537 [FXGL Background Thread 3 ] DEBUG Engine               - class com.almasb.fxgl.achievement.AchievementService
15:49:28.537 [FXGL Background Thread 3 ] DEBUG Engine               - class com.almasb.fxgl.cutscene.CutsceneService
15:49:28.537 [FXGL Background Thread 3 ] DEBUG Engine               - class com.almasb.fxgl.minigames.MiniGameService
15:49:28.537 [FXGL Background Thread 3 ] DEBUG Engine               - class com.almasb.fxgl.net.NetService
15:49:28.537 [FXGL Background Thread 3 ] DEBUG Engine               - class com.almasb.fxgl.app.services.UpdaterService
15:49:28.537 [FXGL Background Thread 3 ] DEBUG Engine               - class com.almasb.fxgl.dev.DevService
15:49:54.803 [JavaFX Application Thread] DEBUG LoopRunner           - Pausing loop
16:01:16.582 [JavaFX Application Thread] DEBUG LoopRunner           - Resuming loop
16:01:21.509 [JavaFX Application Thread] DEBUG FXGLApplication      - Exiting FXGL
16:01:21.509 [JavaFX Application Thread] DEBUG Async                - Shutting down background threads
16:01:21.510 [JavaFX Application Thread] DEBUG PrimaryStageWindow   - Closing main window
16:01:21.535 [JavaFX Application Thread] DEBUG Logger               - Closing Logger
