10:15:07.113 [main                     ] DEBUG Logger               - Configured Logger
10:15:07.142 [main                     ] DEBUG GameApplication      - Logging settings
Title: 90 Tank
Version: Version 0.3
Width: 816
Height: 672
Fullscreen: false
Intro: false
Profiling: false
Single step:false
App Mode: DEVELOPER
Menu Key: ESCAPE
Stage Style: DECORATED
Scene Factory: class com.ningf.tank.TankApp$1

10:15:07.451 [JavaFX Application Thread] DEBUG FXGLApplication      - Initializing FXGL
10:15:07.456 [JavaFX Application Thread] INFO  Engine               - FXGL-17.1 (24.03.2022 17.34) on WINDOWS (J:17.0.7 FX:18)
10:15:07.457 [JavaFX Application Thread] DEBUG Engine               - JRE Vendor Name: Oracle Corporation
10:15:07.457 [JavaFX Application Thread] DEBUG Engine               - Running on OS: Windows 11 version 10.0
10:15:07.457 [JavaFX Application Thread] DEBUG Engine               - Architecture: amd64
10:15:07.457 [JavaFX Application Thread] INFO  Engine               - Source code and latest versions at: https://github.com/AlmasB/FXGL
10:15:07.457 [JavaFX Application Thread] INFO  Engine               -       Ask questions and discuss at: https://github.com/AlmasB/FXGL/discussions
10:15:07.457 [JavaFX Application Thread] INFO  Engine               -              Join the FXGL chat at: https://gitter.im/AlmasB/FXGL
10:15:07.529 [JavaFX Application Thread] DEBUG PrimaryStageWindow   - Creating a JavaFX scene
10:15:07.561 [JavaFX Application Thread] DEBUG PrimaryStageWindow   - Target settings size: 816.0 x 672.0
10:15:07.561 [JavaFX Application Thread] DEBUG PrimaryStageWindow   - Scaled scene size:    816.0 x 672.0
10:15:07.562 [JavaFX Application Thread] DEBUG PrimaryStageWindow   - Scaled ratio: (1.0, 1.0)
10:15:07.562 [JavaFX Application Thread] DEBUG PrimaryStageWindow   - Set initial scene to GameStartupScene
10:15:07.566 [JavaFX Application Thread] DEBUG PrimaryStageWindow   - Opening main window
10:15:07.652 [JavaFX Application Thread] DEBUG PrimaryStageWindow   - Window border size: (14.66668701171875, 37.33331298828125)
10:15:07.653 [JavaFX Application Thread] DEBUG PrimaryStageWindow   - Scaled size: 816.0 x 672.0
10:15:07.653 [JavaFX Application Thread] DEBUG PrimaryStageWindow   - Scaled ratio: (1.0, 1.0)
10:15:07.653 [JavaFX Application Thread] DEBUG PrimaryStageWindow   - Scene size: 816.0 x 672.0
10:15:07.653 [JavaFX Application Thread] DEBUG PrimaryStageWindow   - Stage size: 830.6666870117188 x 709.3333129882812
10:15:07.667 [FXGL Background Thread 1 ] DEBUG Engine               - Initializing environment variables
10:15:07.702 [FXGL Background Thread 1 ] DEBUG FXGLAssetLoaderServi - User app class for loading assets: class com.ningf.tank.TankApp
10:15:07.702 [FXGL Background Thread 1 ] DEBUG GameApplicationServi - Applying CSS: fxgl_dark.css
10:15:07.703 [FXGL Background Thread 1 ] DEBUG FXGLAssetLoaderServi - Loading from file system: jar:file:///C:/Users/WONDER/.m2/repository/com/github/almasb/fxgl/17.1/fxgl-17.1.jar!/fxglassets/ui/css/fxgl_dark.css
10:15:07.723 [FXGL Background Thread 1 ] DEBUG GameApplicationServi - Applying CSS: tankApp.css
10:15:07.724 [FXGL Background Thread 1 ] DEBUG FXGLAssetLoaderServi - Loading from file system: file:/D:/SoftwareDevelopment/javaFxProject/tank_v3.1/target/classes/assets/ui/css/tankApp.css
10:15:07.724 [FXGL Background Thread 1 ] DEBUG GameApplicationServi - Initializing application scenes
10:15:07.734 [FXGL Background Thread 1 ] DEBUG GameWorld            - Game world initialized
10:15:07.775 [FXGL Background Thread 1 ] DEBUG PhysicsWorld         - Physics world initialized: appHeight=672, physics.ppm=50.0
10:15:07.775 [FXGL Background Thread 1 ] DEBUG PhysicsWorld         - Using strategy: BRUTE_FORCE
10:15:07.779 [FXGL Background Thread 1 ] DEBUG GameScene            - Game scene initialized: 816x672
10:15:07.781 [FXGL Background Thread 1 ] DEBUG FXGLAssetLoaderServi - Loading from file system: file:/D:/SoftwareDevelopment/javaFxProject/tank_v3.1/target/classes/assets/textures/ui/logo.png
10:15:07.793 [FXGL Background Thread 1 ] DEBUG FXGLAssetLoaderServi - Loading from file system: file:/D:/SoftwareDevelopment/javaFxProject/tank_v3.1/target/classes/assets/textures/ui/icon.png
10:15:07.801 [FXGL Background Thread 1 ] DEBUG FXGLAssetLoaderServi - Loading from file system: file:/D:/SoftwareDevelopment/javaFxProject/tank_v3.1/target/classes/assets/textures/ui/tankLoading.png
10:15:07.817 [FXGL Background Thread 1 ] DEBUG FXGLAssetLoaderServi - Loading from file system: file:/D:/SoftwareDevelopment/javaFxProject/tank_v3.1/target/classes/assets/textures/ui/fxgl.png
10:15:07.847 [FXGL Background Thread 1 ] DEBUG FXGL.DefaultMenu     - createMenuBodyGameMenu()
10:15:07.853 [FXGL Background Thread 1 ] DEBUG FXGL.DefaultMenu     - createOptionsMenu()
10:15:07.861 [FXGL Background Thread 1 ] DEBUG FXGLAssetLoaderServi - Loading from file system: jar:file:///C:/Users/WONDER/.m2/repository/com/github/almasb/fxgl/17.1/fxgl-17.1.jar!/fxglassets/textures/particles/smoke.png
10:15:07.919 [FXGL Background Thread 1 ] DEBUG FXGLAssetLoaderServi - Loading from file system: jar:file:///C:/Users/WONDER/.m2/repository/com/github/almasb/fxgl/17.1/fxgl-17.1.jar!/fxglassets/textures/particles/trace_horizontal.png
10:15:07.935 [FXGL Background Thread 1 ] DEBUG GameApplicationServi - Application scenes initialized
10:15:07.943 [FXGL Background Thread 1 ] DEBUG SystemBundleService  - Loading FXGL system data
10:15:07.947 [FXGL Background Thread 1 ] DEBUG FileSystemAccess     - Reading from: D:\SoftwareDevelopment\javaFxProject\tank_v3.1\system\fxgl.bundle
10:15:07.954 [FXGL Background Thread 1 ] DEBUG SystemBundleService  - Bundle FXGL: {}
10:15:07.954 [FXGL Background Thread 1 ] DEBUG UpdaterService       - Checking for updates
10:15:07.960 [FXGL Background Thread 4 ] DEBUG FXGLApplication      - Loading fonts
10:15:07.960 [FXGL Background Thread 1 ] DEBUG FXGLApplication      - Loading default localization
10:15:07.960 [FXGL Background Thread 4 ] DEBUG FXGLAssetLoaderServi - Loading from file system: jar:file:///C:/Users/WONDER/.m2/repository/com/github/almasb/fxgl/17.1/fxgl-17.1.jar!/fxglassets/ui/fonts/VarelaRound-Regular.ttf
10:15:07.961 [FXGL Background Thread 1 ] DEBUG FXGLAssetLoaderServi - Loading from file system: jar:file:///C:/Users/WONDER/.m2/repository/com/github/almasb/fxgl/17.1/fxgl-17.1.jar!/fxglassets/languages/english.lang
10:15:07.980 [FXGL Background Thread 1 ] INFO  FXGLApplication      - FXGL initialization took: 0.313 sec
10:15:07.989 [JavaFX Application Thread] DEBUG Input                - Registered new binding: action0 - W
10:15:07.989 [JavaFX Application Thread] DEBUG Input                - Registered new binding: action1 - S
10:15:07.989 [JavaFX Application Thread] DEBUG Input                - Registered new binding: action2 - A
10:15:07.990 [JavaFX Application Thread] DEBUG Input                - Registered new binding: action3 - D
10:15:07.990 [JavaFX Application Thread] DEBUG Input                - Registered new binding: action4 - Space
10:15:07.990 [JavaFX Application Thread] DEBUG Input                - Registered new binding: action5 - O
10:15:07.991 [JavaFX Application Thread] DEBUG Input                - Registered new binding: action6 - Up
10:15:07.991 [JavaFX Application Thread] DEBUG Input                - Registered new binding: action7 - Down
10:15:07.991 [JavaFX Application Thread] DEBUG Input                - Registered new binding: action8 - Left
10:15:07.993 [JavaFX Application Thread] DEBUG Input                - Registered new binding: action9 - Right
10:15:07.993 [JavaFX Application Thread] DEBUG Input                - Registered new binding: action10 - Numpad 0
10:15:07.994 [JavaFX Application Thread] DEBUG Input                - Registered new binding: action11 - F
10:15:08.000 [JavaFX Application Thread] DEBUG FXGLAssetLoaderServi - Loading from file system: file:/D:/SoftwareDevelopment/javaFxProject/tank_v3.1/target/classes/assets/textures/ui/cursor.png
10:15:08.001 [JavaFX Application Thread] DEBUG Input                - Registered new binding: Screenshot - CTRL+8
10:15:08.003 [JavaFX Application Thread] DEBUG Input                - Registered new binding: System info dump - CTRL+9
10:15:08.003 [JavaFX Application Thread] DEBUG Input                - Registered new binding: Restart - CTRL+R
10:15:08.004 [JavaFX Application Thread] DEBUG Input                - Registered new binding: Toggle Debug Camera - CTRL+7
10:15:08.006 [JavaFX Application Thread] DEBUG LoopRunner           - Starting loop
10:15:08.006 [JavaFX Application Thread] DEBUG LoopRunner           - Initializing JavaFX AnimationTimerLoop
10:15:08.008 [JavaFX Application Thread] DEBUG Input                - Clearing active input actions
10:15:08.020 [JavaFX Application Thread] DEBUG GameApplicationServi - Removing overlay from GameStartupScene and adding to FXGLMainMenuDummyScene
10:15:08.020 [JavaFX Application Thread] DEBUG PrimaryStageWindow   - GameStartupScene -> FXGLMainMenuDummyScene
10:15:08.020 [JavaFX Application Thread] DEBUG PrimaryStageWindow   - Push state: GameMainMenu
10:15:08.020 [JavaFX Application Thread] DEBUG FXGLAssetLoaderServi - Loading from file system: file:/D:/SoftwareDevelopment/javaFxProject/tank_v3.1/target/classes/assets/sounds/mainMenuLoad.wav
10:15:08.038 [FXGL Background Thread 4 ] DEBUG FXGLAssetLoaderServi - Loading from file system: jar:file:///C:/Users/WONDER/.m2/repository/com/github/almasb/fxgl/17.1/fxgl-17.1.jar!/fxglassets/ui/fonts/Abel-Regular.ttf
10:15:08.046 [FXGL Background Thread 4 ] DEBUG FXGLAssetLoaderServi - Loading from file system: jar:file:///C:/Users/WONDER/.m2/repository/com/github/almasb/fxgl/17.1/fxgl-17.1.jar!/fxglassets/ui/fonts/TerminalLandMono-Regular.otf
10:15:08.053 [FXGL Background Thread 4 ] DEBUG FXGLAssetLoaderServi - Loading from file system: jar:file:///C:/Users/WONDER/.m2/repository/com/github/almasb/fxgl/17.1/fxgl-17.1.jar!/fxglassets/ui/fonts/Courier-Prime.ttf
10:15:08.091 [JavaFX Application Thread] DEBUG Input                - Clearing active input actions
10:15:08.094 [JavaFX Application Thread] DEBUG GameApplicationServi - Removing overlay from FXGLMainMenuDummyScene and adding to GameMainMenu
10:15:08.094 [JavaFX Application Thread] DEBUG PrimaryStageWindow   - FXGLMainMenuDummyScene -> GameMainMenu
10:15:08.142 [FXGL Background Thread 2 ] WARN  UpdaterService       - Failed to find updates: java.net.UnknownHostException: raw.githubusercontent.com
10:15:08.164 [JavaFX Application Thread] DEBUG FXGLApplication      - Registering font factories with UI factory
10:15:10.100 [JavaFX Application Thread] DEBUG FXGLAssetLoaderServi - Loading from file system: file:/D:/SoftwareDevelopment/javaFxProject/tank_v3.1/target/classes/assets/sounds/mainMenuHover.wav
10:15:10.960 [FXGL Background Thread 3 ] DEBUG Engine               - Logging environment variables
10:15:10.961 [FXGL Background Thread 3 ] DEBUG Engine               - achievements: []
10:15:10.961 [FXGL Background Thread 3 ] DEBUG Engine               - actualHeight: 672.0
10:15:10.961 [FXGL Background Thread 3 ] DEBUG Engine               - actualHeightProperty: ReadOnlyDoubleProperty [value: 672.0]
10:15:10.961 [FXGL Background Thread 3 ] DEBUG Engine               - actualWidth: 816.0
10:15:10.961 [FXGL Background Thread 3 ] DEBUG Engine               - actualWidthProperty: ReadOnlyDoubleProperty [value: 816.0]
10:15:10.961 [FXGL Background Thread 3 ] DEBUG Engine               - appIcon: ui/icon.png
10:15:10.962 [FXGL Background Thread 3 ] DEBUG Engine               - applicationMode: DEVELOPER
10:15:10.962 [FXGL Background Thread 3 ] DEBUG Engine               - cSSList: [fxgl_dark.css, tankApp.css]
10:15:10.962 [FXGL Background Thread 3 ] DEBUG Engine               - collisionDetectionStrategy: BRUTE_FORCE
10:15:10.962 [FXGL Background Thread 3 ] DEBUG Engine               - configClass: Optional.empty
10:15:10.962 [FXGL Background Thread 3 ] DEBUG Engine               - credits: []
10:15:10.963 [FXGL Background Thread 3 ] DEBUG Engine               - defaultCursor: CursorInfo(imageName=ui/cursor.png, hotspotX=0.0, hotspotY=0.0)
10:15:10.963 [FXGL Background Thread 3 ] DEBUG Engine               - devBBoxColorProperty: ObjectProperty [value: 0xff0000ff]
10:15:10.964 [FXGL Background Thread 3 ] DEBUG Engine               - devEnableDebugCameraProperty: BooleanProperty [value: false]
10:15:10.964 [FXGL Background Thread 3 ] DEBUG Engine               - devSensorColorProperty: ObjectProperty [value: 0xffff00ff]
10:15:10.964 [FXGL Background Thread 3 ] DEBUG Engine               - devShowBBoxProperty: BooleanProperty [value: false]
10:15:10.964 [FXGL Background Thread 3 ] DEBUG Engine               - devShowPositionProperty: BooleanProperty [value: false]
10:15:10.965 [FXGL Background Thread 3 ] DEBUG Engine               - enabledMenuItems: []
10:15:10.965 [FXGL Background Thread 3 ] DEBUG Engine               - engineServices: [class com.almasb.fxgl.app.services.FXGLAssetLoaderService, class com.almasb.fxgl.app.FXGLApplication$GameApplicationService, class com.almasb.fxgl.app.services.FXGLDialogService, class com.almasb.fxgl.app.services.IOTaskExecutorService, class com.almasb.fxgl.io.FileSystemService, class com.almasb.fxgl.localization.LocalizationService, class com.almasb.fxgl.app.services.SystemBundleService, class com.almasb.fxgl.profile.SaveLoadService, class com.almasb.fxgl.ui.FXGLUIFactoryServiceProvider, class com.almasb.fxgl.ui.FXGLDialogFactoryServiceProvider, class com.almasb.fxgl.audio.AudioPlayer, class com.almasb.fxgl.notification.impl.NotificationServiceProvider, class com.almasb.fxgl.achievement.AchievementService, class com.almasb.fxgl.cutscene.CutsceneService, class com.almasb.fxgl.minigames.MiniGameService, class com.almasb.fxgl.net.NetService, class com.almasb.fxgl.app.services.UpdaterService, class com.almasb.fxgl.dev.DevService]
10:15:10.965 [FXGL Background Thread 3 ] DEBUG Engine               - fontGame: Abel-Regular.ttf
10:15:10.965 [FXGL Background Thread 3 ] DEBUG Engine               - fontMono: TerminalLandMono-Regular.otf
10:15:10.965 [FXGL Background Thread 3 ] DEBUG Engine               - fontText: Courier-Prime.ttf
10:15:10.965 [FXGL Background Thread 3 ] DEBUG Engine               - fontUI: VarelaRound-Regular.ttf
10:15:10.966 [FXGL Background Thread 3 ] DEBUG Engine               - fullScreen: BooleanProperty [value: false]
10:15:10.966 [FXGL Background Thread 3 ] DEBUG Engine               - gameDifficulty: MEDIUM
10:15:10.966 [FXGL Background Thread 3 ] DEBUG Engine               - gameDifficultyProperty: ObjectProperty [value: MEDIUM]
10:15:10.966 [FXGL Background Thread 3 ] DEBUG Engine               - globalMusicVolume: 0.5
10:15:10.966 [FXGL Background Thread 3 ] DEBUG Engine               - globalMusicVolumeProperty: DoubleProperty [value: 0.5]
10:15:10.966 [FXGL Background Thread 3 ] DEBUG Engine               - globalSoundVolume: 0.5
10:15:10.966 [FXGL Background Thread 3 ] DEBUG Engine               - globalSoundVolumeProperty: DoubleProperty [value: 0.5]
10:15:10.968 [FXGL Background Thread 3 ] DEBUG Engine               - height: 672
10:15:10.968 [FXGL Background Thread 3 ] DEBUG Engine               - is3D: false
10:15:10.968 [FXGL Background Thread 3 ] DEBUG Engine               - isAndroid: false
10:15:10.968 [FXGL Background Thread 3 ] DEBUG Engine               - isBrowser: false
10:15:10.968 [FXGL Background Thread 3 ] DEBUG Engine               - isClickFeedbackEnabled: false
10:15:10.968 [FXGL Background Thread 3 ] DEBUG Engine               - isCloseConfirmation: false
10:15:10.968 [FXGL Background Thread 3 ] DEBUG Engine               - isDesktop: true
10:15:10.968 [FXGL Background Thread 3 ] DEBUG Engine               - isDeveloperMenuEnabled: false
10:15:10.968 [FXGL Background Thread 3 ] DEBUG Engine               - isEmbedded: false
10:15:10.968 [FXGL Background Thread 3 ] DEBUG Engine               - isEntityPreloadEnabled: true
10:15:10.968 [FXGL Background Thread 3 ] DEBUG Engine               - isExperimentalTiledLargeMap: false
10:15:10.968 [FXGL Background Thread 3 ] DEBUG Engine               - isFileSystemWriteAllowed: true
10:15:10.968 [FXGL Background Thread 3 ] DEBUG Engine               - isFullScreenAllowed: false
10:15:10.968 [FXGL Background Thread 3 ] DEBUG Engine               - isFullScreenFromStart: false
10:15:10.968 [FXGL Background Thread 3 ] DEBUG Engine               - isGameMenuEnabled: true
10:15:10.968 [FXGL Background Thread 3 ] DEBUG Engine               - isIOS: false
10:15:10.969 [FXGL Background Thread 3 ] DEBUG Engine               - isIntroEnabled: false
10:15:10.969 [FXGL Background Thread 3 ] DEBUG Engine               - isLinux: false
10:15:10.969 [FXGL Background Thread 3 ] DEBUG Engine               - isMac: false
10:15:10.969 [FXGL Background Thread 3 ] DEBUG Engine               - isMainMenuEnabled: true
10:15:10.969 [FXGL Background Thread 3 ] DEBUG Engine               - isManualResizeEnabled: false
10:15:10.969 [FXGL Background Thread 3 ] DEBUG Engine               - isMobile: false
10:15:10.969 [FXGL Background Thread 3 ] DEBUG Engine               - isNative: false
10:15:10.969 [FXGL Background Thread 3 ] DEBUG Engine               - isPauseMusicWhenMinimized: true
10:15:10.970 [FXGL Background Thread 3 ] DEBUG Engine               - isPreserveResizeRatio: false
10:15:10.970 [FXGL Background Thread 3 ] DEBUG Engine               - isProfilingEnabled: false
10:15:10.970 [FXGL Background Thread 3 ] DEBUG Engine               - isScaleAffectedOnResize: true
10:15:10.970 [FXGL Background Thread 3 ] DEBUG Engine               - isSingleStep: false
10:15:10.970 [FXGL Background Thread 3 ] DEBUG Engine               - isUserProfileEnabled: false
10:15:10.970 [FXGL Background Thread 3 ] DEBUG Engine               - isWindows: true
10:15:10.970 [FXGL Background Thread 3 ] DEBUG Engine               - language: ObjectProperty [value: ENGLISH]
10:15:10.971 [FXGL Background Thread 3 ] DEBUG Engine               - menuKey: ESCAPE
10:15:10.971 [FXGL Background Thread 3 ] DEBUG Engine               - mouseSensitivity: 0.2
10:15:10.971 [FXGL Background Thread 3 ] DEBUG Engine               - notificationViewClass: class com.almasb.fxgl.notification.view.XboxNotificationView
10:15:10.971 [FXGL Background Thread 3 ] DEBUG Engine               - pixelsPerMeter: 50.0
10:15:10.971 [FXGL Background Thread 3 ] DEBUG Engine               - platform: WINDOWS
10:15:10.971 [FXGL Background Thread 3 ] DEBUG Engine               - prefHeightProperty: ReadOnlyDoubleProperty [value: 672.0]
10:15:10.971 [FXGL Background Thread 3 ] DEBUG Engine               - prefWidthProperty: ReadOnlyDoubleProperty [value: 816.0]
10:15:10.971 [FXGL Background Thread 3 ] DEBUG Engine               - profileDir: profiles/
10:15:10.971 [FXGL Background Thread 3 ] DEBUG Engine               - profileName: StringProperty [value: DEFAULT]
10:15:10.971 [FXGL Background Thread 3 ] DEBUG Engine               - randomSeed: -1
10:15:10.971 [FXGL Background Thread 3 ] DEBUG Engine               - runtimeInfo: RuntimeInfo(platform=WINDOWS, version=17.1, build=24.03.2022 17.34)
10:15:10.973 [FXGL Background Thread 3 ] DEBUG Engine               - saveFileExt: sav
10:15:10.973 [FXGL Background Thread 3 ] DEBUG Engine               - scaledHeightProp$fxgl: DoubleProperty [bound, value: 672.0]
10:15:10.973 [FXGL Background Thread 3 ] DEBUG Engine               - scaledWidthProp$fxgl: DoubleProperty [bound, value: 816.0]
10:15:10.973 [FXGL Background Thread 3 ] DEBUG Engine               - sceneFactory: com.ningf.tank.TankApp$1@3e3cc779
10:15:10.973 [FXGL Background Thread 3 ] DEBUG Engine               - secondsIn24h: 60
10:15:10.973 [FXGL Background Thread 3 ] DEBUG Engine               - soundMenuBack: menu/back.wav
10:15:10.973 [FXGL Background Thread 3 ] DEBUG Engine               - soundMenuPress: menu/press.wav
10:15:10.973 [FXGL Background Thread 3 ] DEBUG Engine               - soundMenuSelect: menu/select.wav
10:15:10.974 [FXGL Background Thread 3 ] DEBUG Engine               - soundNotification: core/notification.wav
10:15:10.974 [FXGL Background Thread 3 ] DEBUG Engine               - stageStyle: DECORATED
10:15:10.974 [FXGL Background Thread 3 ] DEBUG Engine               - supportedLanguages: [ENGLISH, FRENCH, GERMAN, HUNGARIAN, RUSSIAN]
10:15:10.974 [FXGL Background Thread 3 ] DEBUG Engine               - ticksPerSecond: -1
10:15:10.974 [FXGL Background Thread 3 ] DEBUG Engine               - title: 90 Tank
10:15:10.974 [FXGL Background Thread 3 ] DEBUG Engine               - urlGithub: https://github.com/AlmasB/FXGL
10:15:10.974 [FXGL Background Thread 3 ] DEBUG Engine               - urlLeaderboard: http://fxgl-top.herokuapp.com/
10:15:10.974 [FXGL Background Thread 3 ] DEBUG Engine               - urlPOM: https://raw.githubusercontent.com/AlmasB/FXGL/release/README.md
10:15:10.974 [FXGL Background Thread 3 ] DEBUG Engine               - userAppClass: class com.ningf.tank.TankApp
10:15:10.974 [FXGL Background Thread 3 ] DEBUG Engine               - version: Version 0.3
10:15:10.974 [FXGL Background Thread 3 ] DEBUG Engine               - versionCheckDays: 7
10:15:10.974 [FXGL Background Thread 3 ] DEBUG Engine               - width: 816
10:15:10.974 [FXGL Background Thread 3 ] DEBUG Engine               - Logging services
10:15:10.974 [FXGL Background Thread 3 ] DEBUG Engine               - class com.almasb.fxgl.app.services.FXGLAssetLoaderService
10:15:10.974 [FXGL Background Thread 3 ] DEBUG Engine               - class com.almasb.fxgl.app.FXGLApplication$GameApplicationService
10:15:10.974 [FXGL Background Thread 3 ] DEBUG Engine               - class com.almasb.fxgl.app.services.FXGLDialogService
10:15:10.974 [FXGL Background Thread 3 ] DEBUG Engine               - class com.almasb.fxgl.app.services.IOTaskExecutorService
10:15:10.974 [FXGL Background Thread 3 ] DEBUG Engine               - class com.almasb.fxgl.io.FileSystemService
10:15:10.975 [FXGL Background Thread 3 ] DEBUG Engine               - class com.almasb.fxgl.localization.LocalizationService
10:15:10.975 [FXGL Background Thread 3 ] DEBUG Engine               - class com.almasb.fxgl.app.services.SystemBundleService
10:15:10.975 [FXGL Background Thread 3 ] DEBUG Engine               - class com.almasb.fxgl.profile.SaveLoadService
10:15:10.975 [FXGL Background Thread 3 ] DEBUG Engine               - class com.almasb.fxgl.ui.FXGLUIFactoryServiceProvider
10:15:10.975 [FXGL Background Thread 3 ] DEBUG Engine               - class com.almasb.fxgl.ui.FXGLDialogFactoryServiceProvider
10:15:10.975 [FXGL Background Thread 3 ] DEBUG Engine               - class com.almasb.fxgl.audio.AudioPlayer
10:15:10.975 [FXGL Background Thread 3 ] DEBUG Engine               - class com.almasb.fxgl.notification.impl.NotificationServiceProvider
10:15:10.975 [FXGL Background Thread 3 ] DEBUG Engine               - class com.almasb.fxgl.achievement.AchievementService
10:15:10.975 [FXGL Background Thread 3 ] DEBUG Engine               - class com.almasb.fxgl.cutscene.CutsceneService
10:15:10.975 [FXGL Background Thread 3 ] DEBUG Engine               - class com.almasb.fxgl.minigames.MiniGameService
10:15:10.976 [FXGL Background Thread 3 ] DEBUG Engine               - class com.almasb.fxgl.net.NetService
10:15:10.976 [FXGL Background Thread 3 ] DEBUG Engine               - class com.almasb.fxgl.app.services.UpdaterService
10:15:10.976 [FXGL Background Thread 3 ] DEBUG Engine               - class com.almasb.fxgl.dev.DevService
10:15:11.139 [JavaFX Application Thread] DEBUG FXGLAssetLoaderServi - Loading from file system: file:/D:/SoftwareDevelopment/javaFxProject/tank_v3.1/target/classes/assets/sounds/select.wav
10:15:28.610 [JavaFX Application Thread] DEBUG GameApplicationServi - Starting new game
10:15:28.611 [JavaFX Application Thread] DEBUG PrimaryStageWindow   - Pop state: GameMainMenu
10:15:28.611 [JavaFX Application Thread] DEBUG Input                - Clearing active input actions
10:15:28.617 [JavaFX Application Thread] DEBUG GameApplicationServi - Removing overlay from GameMainMenu and adding to FXGLMainMenuDummyScene
10:15:28.618 [JavaFX Application Thread] DEBUG PrimaryStageWindow   - FXGLMainMenuDummyScene <- GameMainMenu
10:15:28.629 [JavaFX Application Thread] DEBUG Input                - Clearing active input actions
10:15:28.641 [JavaFX Application Thread] DEBUG GameApplicationServi - Removing overlay from FXGLMainMenuDummyScene and adding to GameLoadingScene
10:15:28.641 [JavaFX Application Thread] DEBUG PrimaryStageWindow   - FXGLMainMenuDummyScene -> GameLoadingScene
10:15:28.641 [JavaFX Application Thread] DEBUG GameApplicationServi - Clearing previous game
10:15:28.641 [JavaFX Application Thread] DEBUG GameScene            - Clearing game scene
10:15:28.641 [JavaFX Application Thread] DEBUG GameWorld            - Clearing game world
10:15:28.641 [JavaFX Application Thread] DEBUG PhysicsWorld         - Clearing physics world
10:15:28.643 [FXGL Background Thread 2 ] DEBUG FXGLApplication      - Initializing game
10:15:28.645 [FXGL Background Thread 2 ] DEBUG FXGLAssetLoaderServi - Loading from file system: file:/D:/SoftwareDevelopment/javaFxProject/tank_v3.1/target/classes/assets/properties/game.properties
10:15:28.650 [FXGL Background Thread 2 ] DEBUG FXGLAssetLoaderServi - Loading from file system: file:/D:/SoftwareDevelopment/javaFxProject/tank_v3.1/target/classes/assets/textures/map/stone.png
10:15:28.652 [FXGL Background Thread 2 ] DEBUG FXGLAssetLoaderServi - Loading from file system: file:/D:/SoftwareDevelopment/javaFxProject/tank_v3.1/target/classes/assets/textures/map/brick.png
10:15:28.655 [FXGL Background Thread 2 ] DEBUG FXGLAssetLoaderServi - Loading from file system: file:/D:/SoftwareDevelopment/javaFxProject/tank_v3.1/target/classes/assets/textures/map/sea_anim.png
10:15:28.656 [FXGL Background Thread 2 ] DEBUG FXGLAssetLoaderServi - Loading from file system: file:/D:/SoftwareDevelopment/javaFxProject/tank_v3.1/target/classes/assets/textures/explode/explode_level_2.png
10:15:28.679 [pool-2-thread-1          ] WARN  TMXLevelLoader       - TiledMap generated from 1.8.4. Supported version: 1.4.2. Some features may not be parsed fully.
10:15:28.692 [pool-2-thread-1          ] DEBUG TMXLevelLoader       - Parsed TiledMap: file:/D:/SoftwareDevelopment/javaFxProject/tank_v3.1/ConstructMap/level0.tmx
10:15:28.693 [pool-2-thread-1          ] DEBUG TMXLevelLoader       - Creating tile layer entities
10:15:28.694 [pool-2-thread-1          ] DEBUG TMXLevelLoader       - Creating object layer entities
10:15:28.743 [pool-2-thread-1          ] DEBUG GameWorld            - Clearing removable entities
10:15:28.743 [pool-2-thread-1          ] DEBUG GameWorld            - Setting level: com.almasb.fxgl.entity.level.Level@1da08bb4
10:15:28.745 [pool-2-thread-1          ] DEBUG FXGLAssetLoaderServi - Loading from file system: file:/D:/SoftwareDevelopment/javaFxProject/tank_v3.1/target/classes/assets/sounds/start.wav
10:15:28.753 [pool-2-thread-1          ] DEBUG FXGLAssetLoaderServi - Loading from file system: file:/D:/SoftwareDevelopment/javaFxProject/tank_v3.1/target/classes/assets/textures/tank/H1U.png
10:15:28.758 [pool-2-thread-1          ] DEBUG FXGLAssetLoaderServi - Loading from file system: file:/D:/SoftwareDevelopment/javaFxProject/tank_v3.1/target/classes/assets/textures/item/armed_helmet.png
10:15:28.763 [pool-2-thread-1          ] DEBUG FXGLAssetLoaderServi - Loading from file system: file:/D:/SoftwareDevelopment/javaFxProject/tank_v3.1/target/classes/assets/textures/ui/enemy_pre.png
10:15:28.770 [pool-2-thread-1          ] DEBUG FXGLAssetLoaderServi - Loading from file system: file:/D:/SoftwareDevelopment/javaFxProject/tank_v3.1/target/classes/assets/textures/ui/levelFlag.png
10:15:28.772 [pool-2-thread-1          ] DEBUG FXGLAssetLoaderServi - Loading from file system: file:/D:/SoftwareDevelopment/javaFxProject/tank_v3.1/target/classes/assets/textures/ui/bulletLevel.png
10:15:28.777 [pool-2-thread-1          ] DEBUG FXGLAssetLoaderServi - Loading from file system: file:/D:/SoftwareDevelopment/javaFxProject/tank_v3.1/target/classes/assets/textures/tank/spawnTank.png
10:15:28.779 [pool-2-thread-1          ] DEBUG FXGLAssetLoaderServi - Loading from file system: file:/D:/SoftwareDevelopment/javaFxProject/tank_v3.1/target/classes/assets/textures/tank/E2U.png
10:15:28.783 [pool-2-thread-1          ] DEBUG FXGLAssetLoaderServi - Loading from file system: file:/D:/SoftwareDevelopment/javaFxProject/tank_v3.1/target/classes/assets/textures/tank/E8U.png
10:15:28.785 [pool-2-thread-1          ] DEBUG FXGLAssetLoaderServi - Loading from file system: file:/D:/SoftwareDevelopment/javaFxProject/tank_v3.1/target/classes/assets/textures/tank/E12U.png
10:15:28.787 [FXGL Background Thread 2 ] INFO  FXGLApplication      - Game initialization took: 0.143 sec
10:15:28.787 [JavaFX Application Thread] DEBUG Input                - Clearing active input actions
10:15:28.791 [JavaFX Application Thread] DEBUG GameApplicationServi - Removing overlay from GameLoadingScene and adding to GameScene
10:15:28.792 [JavaFX Application Thread] DEBUG PrimaryStageWindow   - GameLoadingScene -> GameScene
10:15:29.567 [JavaFX Application Thread] DEBUG FXGLAssetLoaderServi - Loading from file system: file:/D:/SoftwareDevelopment/javaFxProject/tank_v3.1/target/classes/assets/sounds/normalFire.wav
10:15:29.569 [JavaFX Application Thread] DEBUG FXGLAssetLoaderServi - Loading from file system: file:/D:/SoftwareDevelopment/javaFxProject/tank_v3.1/target/classes/assets/textures/bullet/normal.png
10:15:29.574 [JavaFX Application Thread] DEBUG FXGLAssetLoaderServi - Loading from file system: file:/D:/SoftwareDevelopment/javaFxProject/tank_v3.1/target/classes/assets/sounds/normalBomb.wav
10:15:29.581 [JavaFX Application Thread] DEBUG FXGLAssetLoaderServi - Loading from file system: file:/D:/SoftwareDevelopment/javaFxProject/tank_v3.1/target/classes/assets/textures/item/ship.png
10:15:29.735 [JavaFX Application Thread] DEBUG FXGLAssetLoaderServi - Loading from file system: file:/D:/SoftwareDevelopment/javaFxProject/tank_v3.1/target/classes/assets/textures/item/tank.png
10:15:30.169 [JavaFX Application Thread] WARN  TMXLevelLoader       - TiledMap generated from 1.10.2. Supported version: 1.4.2. Some features may not be parsed fully.
10:15:30.182 [JavaFX Application Thread] DEBUG TMXLevelLoader       - Parsed TiledMap: file:/D:/SoftwareDevelopment/javaFxProject/tank_v3.1/target/classes/assets/levels/levelForTwo.tmx
10:15:30.182 [JavaFX Application Thread] DEBUG TMXLevelLoader       - Creating tile layer entities
10:15:30.182 [JavaFX Application Thread] DEBUG TMXLevelLoader       - Creating object layer entities
10:15:30.207 [JavaFX Application Thread] DEBUG GameWorld            - Clearing removable entities
10:15:30.219 [JavaFX Application Thread] DEBUG GameWorld            - Setting level: com.almasb.fxgl.entity.level.Level@7d12a598
10:15:30.223 [JavaFX Application Thread] DEBUG FXGLAssetLoaderServi - Loading from file system: file:/D:/SoftwareDevelopment/javaFxProject/tank_v3.1/target/classes/assets/textures/tank/H2U.png
10:15:41.850 [JavaFX Application Thread] DEBUG LoopRunner           - Stopping loop
10:15:41.853 [JavaFX Application Thread] FATAL FXGLApplication      - Uncaught Exception:
java.lang.NullPointerException: Cannot read field "socket" because "com.ningf.tank.ProjectVar.tcpServer" is null
	at FXGL_Tank/com.ningf.tank.TankApp.output(TankApp.java:828)
	at FXGL_Tank/com.ningf.tank.TankApp.moveUpAction(TankApp.java:363)
	at FXGL_Tank/com.ningf.tank.TankApp.lambda$initInput$0(TankApp.java:150)
	at com.almasb.fxgl.all@17.1/com.almasb.fxgl.dsl.FXGL$Companion$onKey$1.onAction(FXGL.kt:500)
	at com.almasb.fxgl.core@17.1/com.almasb.fxgl.input.UserAction.action$fxgl_core(UserAction.kt:38)
	at com.almasb.fxgl.core@17.1/com.almasb.fxgl.input.Input.update(Input.kt:271)
	at com.almasb.fxgl.scene@17.1/com.almasb.fxgl.scene.Scene.update(Scene.kt:103)
	at com.almasb.fxgl.all@17.1/com.almasb.fxgl.app.MainWindow$update$1.invoke(MainWindow.kt:115)
	at com.almasb.fxgl.all@17.1/com.almasb.fxgl.app.MainWindow$update$1.invoke(MainWindow.kt:115)
	at com.almasb.fxgl.core@17.1/com.almasb.fxgl.core.fsm.StateMachine.runOnActiveStates(StateMachine.kt:69)
	at com.almasb.fxgl.all@17.1/com.almasb.fxgl.app.MainWindow.update(MainWindow.kt:115)
	at com.almasb.fxgl.all@17.1/com.almasb.fxgl.app.FXGLApplication$GameApplicationService.onUpdate(FXGLApplication.kt:426)
	at com.almasb.fxgl.all@17.1/com.almasb.fxgl.app.Engine.loop(Engine.kt:134)
	at com.almasb.fxgl.all@17.1/com.almasb.fxgl.app.Engine.access$loop(Engine.kt:24)
	at com.almasb.fxgl.all@17.1/com.almasb.fxgl.app.Engine$loop$1.invoke(Engine.kt:28)
	at com.almasb.fxgl.all@17.1/com.almasb.fxgl.app.Engine$loop$1.invoke(Engine.kt:28)
	at com.almasb.fxgl.all@17.1/com.almasb.fxgl.app.LoopRunner.frame(LoopRunner.kt:103)
	at com.almasb.fxgl.all@17.1/com.almasb.fxgl.app.LoopRunner.access$frame(LoopRunner.kt:23)
	at com.almasb.fxgl.all@17.1/com.almasb.fxgl.app.LoopRunner$impl$2$1.onTick(LoopRunner.kt:57)
	at com.almasb.fxgl.all@17.1/com.almasb.fxgl.app.AnimationTimerLoop$timer$1.handle(LoopRunner.kt:137)
	at javafx.graphics@18/javafx.animation.AnimationTimer$AnimationTimerReceiver.lambda$handle$0(AnimationTimer.java:58)
	at java.base/java.security.AccessController.doPrivileged(AccessController.java:399)
	at javafx.graphics@18/javafx.animation.AnimationTimer$AnimationTimerReceiver.handle(AnimationTimer.java:57)
	at javafx.graphics@18/com.sun.scenario.animation.AbstractPrimaryTimer.timePulseImpl(AbstractPrimaryTimer.java:356)
	at javafx.graphics@18/com.sun.scenario.animation.AbstractPrimaryTimer$MainLoop.run(AbstractPrimaryTimer.java:266)
	at javafx.graphics@18/com.sun.javafx.tk.quantum.QuantumToolkit.pulse(QuantumToolkit.java:571)
	at javafx.graphics@18/com.sun.javafx.tk.quantum.QuantumToolkit.pulse(QuantumToolkit.java:555)
	at javafx.graphics@18/com.sun.javafx.tk.quantum.QuantumToolkit.pulseFromQueue(QuantumToolkit.java:548)
	at javafx.graphics@18/com.sun.javafx.tk.quantum.QuantumToolkit.lambda$runToolkit$11(QuantumToolkit.java:352)
	at javafx.graphics@18/com.sun.glass.ui.InvokeLaterDispatcher$Future.run(InvokeLaterDispatcher.java:96)
	at javafx.graphics@18/com.sun.glass.ui.win.WinApplication._runLoop(Native Method)
	at javafx.graphics@18/com.sun.glass.ui.win.WinApplication.lambda$runLoop$3(WinApplication.java:184)
	at java.base/java.lang.Thread.run(Thread.java:833)

10:15:41.853 [JavaFX Application Thread] FATAL FXGLApplication      - Application will now exit
10:15:41.868 [JavaFX Application Thread] DEBUG PrimaryStageWindow   - Push state: ErrorSubScene
10:15:41.868 [JavaFX Application Thread] DEBUG Input                - Clearing active input actions
10:15:41.869 [JavaFX Application Thread] DEBUG GameApplicationServi - Removing overlay from GameScene and adding to ErrorSubScene
10:15:41.869 [JavaFX Application Thread] DEBUG PrimaryStageWindow   - GameScene -> ErrorSubScene
10:15:43.596 [JavaFX Application Thread] DEBUG FXGLApplication      - Exiting FXGL
10:15:43.596 [JavaFX Application Thread] DEBUG Async                - Shutting down background threads
10:15:43.597 [JavaFX Application Thread] DEBUG PrimaryStageWindow   - Closing main window
10:15:43.613 [JavaFX Application Thread] DEBUG Logger               - Closing Logger
