11:14:48.564 [main                     ] DEBUG Logger               - Configured Logger
11:14:48.591 [main                     ] DEBUG GameApplication      - Logging settings
Title: 90 Tank
Version: Version 0.3
Width: 816
Height: 672
Fullscreen: false
Intro: false
Profiling: false
Single step:false
App Mode: DEVELOPER
Menu Key: ESCAPE
Stage Style: DECORATED
Scene Factory: class com.ningf.tank.TankApp$1

11:14:48.899 [JavaFX Application Thread] DEBUG FXGLApplication      - Initializing FXGL
11:14:48.906 [JavaFX Application Thread] INFO  Engine               - FXGL-17.1 (24.03.2022 17.34) on WINDOWS (J:17.0.7 FX:18)
11:14:48.906 [JavaFX Application Thread] DEBUG Engine               - JRE Vendor Name: Oracle Corporation
11:14:48.906 [JavaFX Application Thread] DEBUG Engine               - Running on OS: Windows 11 version 10.0
11:14:48.907 [JavaFX Application Thread] DEBUG Engine               - Architecture: amd64
11:14:48.907 [JavaFX Application Thread] INFO  Engine               - Source code and latest versions at: https://github.com/AlmasB/FXGL
11:14:48.907 [JavaFX Application Thread] INFO  Engine               -       Ask questions and discuss at: https://github.com/AlmasB/FXGL/discussions
11:14:48.907 [JavaFX Application Thread] INFO  Engine               -              Join the FXGL chat at: https://gitter.im/AlmasB/FXGL
11:14:48.988 [JavaFX Application Thread] DEBUG PrimaryStageWindow   - Creating a JavaFX scene
11:14:49.025 [JavaFX Application Thread] DEBUG PrimaryStageWindow   - Target settings size: 816.0 x 672.0
11:14:49.025 [JavaFX Application Thread] DEBUG PrimaryStageWindow   - Scaled scene size:    816.0 x 672.0
11:14:49.025 [JavaFX Application Thread] DEBUG PrimaryStageWindow   - Scaled ratio: (1.0, 1.0)
11:14:49.026 [JavaFX Application Thread] DEBUG PrimaryStageWindow   - Set initial scene to GameStartupScene
11:14:49.032 [JavaFX Application Thread] DEBUG PrimaryStageWindow   - Opening main window
11:14:49.123 [JavaFX Application Thread] DEBUG PrimaryStageWindow   - Window border size: (14.66668701171875, 37.33331298828125)
11:14:49.123 [JavaFX Application Thread] DEBUG PrimaryStageWindow   - Scaled size: 816.0 x 672.0
11:14:49.123 [JavaFX Application Thread] DEBUG PrimaryStageWindow   - Scaled ratio: (1.0, 1.0)
11:14:49.123 [JavaFX Application Thread] DEBUG PrimaryStageWindow   - Scene size: 816.0 x 672.0
11:14:49.124 [JavaFX Application Thread] DEBUG PrimaryStageWindow   - Stage size: 830.6666870117188 x 709.3333129882812
11:14:49.129 [FXGL Background Thread 1 ] DEBUG Engine               - Initializing environment variables
11:14:49.166 [FXGL Background Thread 1 ] DEBUG FXGLAssetLoaderServi - User app class for loading assets: class com.ningf.tank.TankApp
11:14:49.166 [FXGL Background Thread 1 ] DEBUG GameApplicationServi - Applying CSS: fxgl_dark.css
11:14:49.167 [FXGL Background Thread 1 ] DEBUG FXGLAssetLoaderServi - Loading from file system: jar:file:///C:/Users/WONDER/.m2/repository/com/github/almasb/fxgl/17.1/fxgl-17.1.jar!/fxglassets/ui/css/fxgl_dark.css
11:14:49.197 [FXGL Background Thread 1 ] DEBUG GameApplicationServi - Applying CSS: tankApp.css
11:14:49.197 [FXGL Background Thread 1 ] DEBUG FXGLAssetLoaderServi - Loading from file system: file:/D:/SoftwareDevelopment/javaFxProject/tank_v3.1/target/classes/assets/ui/css/tankApp.css
11:14:49.200 [FXGL Background Thread 1 ] DEBUG GameApplicationServi - Initializing application scenes
11:14:49.215 [FXGL Background Thread 1 ] DEBUG GameWorld            - Game world initialized
11:14:49.264 [FXGL Background Thread 1 ] DEBUG PhysicsWorld         - Physics world initialized: appHeight=672, physics.ppm=50.0
11:14:49.265 [FXGL Background Thread 1 ] DEBUG PhysicsWorld         - Using strategy: BRUTE_FORCE
11:14:49.268 [FXGL Background Thread 1 ] DEBUG GameScene            - Game scene initialized: 816x672
11:14:49.271 [FXGL Background Thread 1 ] DEBUG FXGLAssetLoaderServi - Loading from file system: file:/D:/SoftwareDevelopment/javaFxProject/tank_v3.1/target/classes/assets/textures/ui/logo.png
11:14:49.285 [FXGL Background Thread 1 ] DEBUG FXGLAssetLoaderServi - Loading from file system: file:/D:/SoftwareDevelopment/javaFxProject/tank_v3.1/target/classes/assets/textures/ui/icon.png
11:14:49.292 [FXGL Background Thread 1 ] DEBUG FXGLAssetLoaderServi - Loading from file system: file:/D:/SoftwareDevelopment/javaFxProject/tank_v3.1/target/classes/assets/textures/ui/tankLoading.png
11:14:49.309 [FXGL Background Thread 1 ] DEBUG FXGLAssetLoaderServi - Loading from file system: file:/D:/SoftwareDevelopment/javaFxProject/tank_v3.1/target/classes/assets/textures/ui/fxgl.png
11:14:49.350 [FXGL Background Thread 1 ] DEBUG FXGL.DefaultMenu     - createMenuBodyGameMenu()
11:14:49.359 [FXGL Background Thread 1 ] DEBUG FXGL.DefaultMenu     - createOptionsMenu()
11:14:49.369 [FXGL Background Thread 1 ] DEBUG FXGLAssetLoaderServi - Loading from file system: jar:file:///C:/Users/WONDER/.m2/repository/com/github/almasb/fxgl/17.1/fxgl-17.1.jar!/fxglassets/textures/particles/smoke.png
11:14:49.438 [FXGL Background Thread 1 ] DEBUG FXGLAssetLoaderServi - Loading from file system: jar:file:///C:/Users/WONDER/.m2/repository/com/github/almasb/fxgl/17.1/fxgl-17.1.jar!/fxglassets/textures/particles/trace_horizontal.png
11:14:49.455 [FXGL Background Thread 1 ] DEBUG GameApplicationServi - Application scenes initialized
11:14:49.466 [FXGL Background Thread 1 ] DEBUG SystemBundleService  - Loading FXGL system data
11:14:49.468 [FXGL Background Thread 1 ] DEBUG FileSystemAccess     - Reading from: D:\SoftwareDevelopment\javaFxProject\tank_v3.1\system\fxgl.bundle
11:14:49.475 [FXGL Background Thread 1 ] DEBUG SystemBundleService  - Bundle FXGL: {}
11:14:49.475 [FXGL Background Thread 1 ] DEBUG UpdaterService       - Checking for updates
11:14:49.477 [FXGL Background Thread 4 ] DEBUG FXGLApplication      - Loading fonts
11:14:49.477 [FXGL Background Thread 1 ] DEBUG FXGLApplication      - Loading default localization
11:14:49.479 [FXGL Background Thread 4 ] DEBUG FXGLAssetLoaderServi - Loading from file system: jar:file:///C:/Users/WONDER/.m2/repository/com/github/almasb/fxgl/17.1/fxgl-17.1.jar!/fxglassets/ui/fonts/VarelaRound-Regular.ttf
11:14:49.479 [FXGL Background Thread 1 ] DEBUG FXGLAssetLoaderServi - Loading from file system: jar:file:///C:/Users/WONDER/.m2/repository/com/github/almasb/fxgl/17.1/fxgl-17.1.jar!/fxglassets/languages/english.lang
11:14:49.499 [FXGL Background Thread 1 ] INFO  FXGLApplication      - FXGL initialization took: 0.371 sec
11:14:49.509 [JavaFX Application Thread] DEBUG Input                - Registered new binding: action0 - W
11:14:49.510 [JavaFX Application Thread] DEBUG Input                - Registered new binding: action1 - S
11:14:49.510 [JavaFX Application Thread] DEBUG Input                - Registered new binding: action2 - A
11:14:49.510 [JavaFX Application Thread] DEBUG Input                - Registered new binding: action3 - D
11:14:49.511 [JavaFX Application Thread] DEBUG Input                - Registered new binding: action4 - Space
11:14:49.511 [JavaFX Application Thread] DEBUG Input                - Registered new binding: action5 - O
11:14:49.511 [JavaFX Application Thread] DEBUG Input                - Registered new binding: action6 - Up
11:14:49.511 [JavaFX Application Thread] DEBUG Input                - Registered new binding: action7 - Down
11:14:49.511 [JavaFX Application Thread] DEBUG Input                - Registered new binding: action8 - Left
11:14:49.511 [JavaFX Application Thread] DEBUG Input                - Registered new binding: action9 - Right
11:14:49.512 [JavaFX Application Thread] DEBUG Input                - Registered new binding: action10 - Enter
11:14:49.512 [JavaFX Application Thread] DEBUG Input                - Registered new binding: action11 - Numpad 0
11:14:49.516 [JavaFX Application Thread] DEBUG FXGLAssetLoaderServi - Loading from file system: file:/D:/SoftwareDevelopment/javaFxProject/tank_v3.1/target/classes/assets/textures/ui/cursor.png
11:14:49.518 [JavaFX Application Thread] DEBUG Input                - Registered new binding: Screenshot - CTRL+8
11:14:49.518 [JavaFX Application Thread] DEBUG Input                - Registered new binding: System info dump - CTRL+9
11:14:49.520 [JavaFX Application Thread] DEBUG Input                - Registered new binding: Restart - CTRL+R
11:14:49.520 [JavaFX Application Thread] DEBUG Input                - Registered new binding: Toggle Debug Camera - CTRL+7
11:14:49.523 [JavaFX Application Thread] DEBUG LoopRunner           - Starting loop
11:14:49.523 [JavaFX Application Thread] DEBUG LoopRunner           - Initializing JavaFX AnimationTimerLoop
11:14:49.525 [JavaFX Application Thread] DEBUG Input                - Clearing active input actions
11:14:49.533 [JavaFX Application Thread] DEBUG GameApplicationServi - Removing overlay from GameStartupScene and adding to FXGLMainMenuDummyScene
11:14:49.534 [JavaFX Application Thread] DEBUG PrimaryStageWindow   - GameStartupScene -> FXGLMainMenuDummyScene
11:14:49.534 [JavaFX Application Thread] DEBUG PrimaryStageWindow   - Push state: GameMainMenu
11:14:49.534 [JavaFX Application Thread] DEBUG FXGLAssetLoaderServi - Loading from file system: file:/D:/SoftwareDevelopment/javaFxProject/tank_v3.1/target/classes/assets/sounds/mainMenuLoad.wav
11:14:49.552 [FXGL Background Thread 4 ] DEBUG FXGLAssetLoaderServi - Loading from file system: jar:file:///C:/Users/WONDER/.m2/repository/com/github/almasb/fxgl/17.1/fxgl-17.1.jar!/fxglassets/ui/fonts/Abel-Regular.ttf
11:14:49.560 [FXGL Background Thread 4 ] DEBUG FXGLAssetLoaderServi - Loading from file system: jar:file:///C:/Users/WONDER/.m2/repository/com/github/almasb/fxgl/17.1/fxgl-17.1.jar!/fxglassets/ui/fonts/TerminalLandMono-Regular.otf
11:14:49.570 [FXGL Background Thread 4 ] DEBUG FXGLAssetLoaderServi - Loading from file system: jar:file:///C:/Users/WONDER/.m2/repository/com/github/almasb/fxgl/17.1/fxgl-17.1.jar!/fxglassets/ui/fonts/Courier-Prime.ttf
11:14:49.603 [JavaFX Application Thread] DEBUG Input                - Clearing active input actions
11:14:49.606 [JavaFX Application Thread] DEBUG GameApplicationServi - Removing overlay from FXGLMainMenuDummyScene and adding to GameMainMenu
11:14:49.607 [JavaFX Application Thread] DEBUG PrimaryStageWindow   - FXGLMainMenuDummyScene -> GameMainMenu
11:14:49.680 [JavaFX Application Thread] DEBUG FXGLApplication      - Registering font factories with UI factory
11:14:49.755 [FXGL Background Thread 2 ] WARN  UpdaterService       - Failed to find updates: java.net.UnknownHostException: raw.githubusercontent.com
11:14:51.613 [JavaFX Application Thread] DEBUG FXGLAssetLoaderServi - Loading from file system: file:/D:/SoftwareDevelopment/javaFxProject/tank_v3.1/target/classes/assets/sounds/mainMenuHover.wav
11:14:52.347 [JavaFX Application Thread] DEBUG FXGLAssetLoaderServi - Loading from file system: file:/D:/SoftwareDevelopment/javaFxProject/tank_v3.1/target/classes/assets/sounds/select.wav
11:14:52.478 [FXGL Background Thread 3 ] DEBUG Engine               - Logging environment variables
11:14:52.478 [FXGL Background Thread 3 ] DEBUG Engine               - achievements: []
11:14:52.478 [FXGL Background Thread 3 ] DEBUG Engine               - actualHeight: 672.0
11:14:52.478 [FXGL Background Thread 3 ] DEBUG Engine               - actualHeightProperty: ReadOnlyDoubleProperty [value: 672.0]
11:14:52.479 [FXGL Background Thread 3 ] DEBUG Engine               - actualWidth: 816.0
11:14:52.479 [FXGL Background Thread 3 ] DEBUG Engine               - actualWidthProperty: ReadOnlyDoubleProperty [value: 816.0]
11:14:52.479 [FXGL Background Thread 3 ] DEBUG Engine               - appIcon: ui/icon.png
11:14:52.479 [FXGL Background Thread 3 ] DEBUG Engine               - applicationMode: DEVELOPER
11:14:52.479 [FXGL Background Thread 3 ] DEBUG Engine               - cSSList: [fxgl_dark.css, tankApp.css]
11:14:52.479 [FXGL Background Thread 3 ] DEBUG Engine               - collisionDetectionStrategy: BRUTE_FORCE
11:14:52.479 [FXGL Background Thread 3 ] DEBUG Engine               - configClass: Optional.empty
11:14:52.479 [FXGL Background Thread 3 ] DEBUG Engine               - credits: []
11:14:52.479 [FXGL Background Thread 3 ] DEBUG Engine               - defaultCursor: CursorInfo(imageName=ui/cursor.png, hotspotX=0.0, hotspotY=0.0)
11:14:52.479 [FXGL Background Thread 3 ] DEBUG Engine               - devBBoxColorProperty: ObjectProperty [value: 0xff0000ff]
11:14:52.480 [FXGL Background Thread 3 ] DEBUG Engine               - devEnableDebugCameraProperty: BooleanProperty [value: false]
11:14:52.480 [FXGL Background Thread 3 ] DEBUG Engine               - devSensorColorProperty: ObjectProperty [value: 0xffff00ff]
11:14:52.480 [FXGL Background Thread 3 ] DEBUG Engine               - devShowBBoxProperty: BooleanProperty [value: false]
11:14:52.480 [FXGL Background Thread 3 ] DEBUG Engine               - devShowPositionProperty: BooleanProperty [value: false]
11:14:52.480 [FXGL Background Thread 3 ] DEBUG Engine               - enabledMenuItems: []
11:14:52.480 [FXGL Background Thread 3 ] DEBUG Engine               - engineServices: [class com.almasb.fxgl.app.services.FXGLAssetLoaderService, class com.almasb.fxgl.app.FXGLApplication$GameApplicationService, class com.almasb.fxgl.app.services.FXGLDialogService, class com.almasb.fxgl.app.services.IOTaskExecutorService, class com.almasb.fxgl.io.FileSystemService, class com.almasb.fxgl.localization.LocalizationService, class com.almasb.fxgl.app.services.SystemBundleService, class com.almasb.fxgl.profile.SaveLoadService, class com.almasb.fxgl.ui.FXGLUIFactoryServiceProvider, class com.almasb.fxgl.ui.FXGLDialogFactoryServiceProvider, class com.almasb.fxgl.audio.AudioPlayer, class com.almasb.fxgl.notification.impl.NotificationServiceProvider, class com.almasb.fxgl.achievement.AchievementService, class com.almasb.fxgl.cutscene.CutsceneService, class com.almasb.fxgl.minigames.MiniGameService, class com.almasb.fxgl.net.NetService, class com.almasb.fxgl.app.services.UpdaterService, class com.almasb.fxgl.dev.DevService]
11:14:52.480 [FXGL Background Thread 3 ] DEBUG Engine               - fontGame: Abel-Regular.ttf
11:14:52.480 [FXGL Background Thread 3 ] DEBUG Engine               - fontMono: TerminalLandMono-Regular.otf
11:14:52.480 [FXGL Background Thread 3 ] DEBUG Engine               - fontText: Courier-Prime.ttf
11:14:52.480 [FXGL Background Thread 3 ] DEBUG Engine               - fontUI: VarelaRound-Regular.ttf
11:14:52.480 [FXGL Background Thread 3 ] DEBUG Engine               - fullScreen: BooleanProperty [value: false]
11:14:52.480 [FXGL Background Thread 3 ] DEBUG Engine               - gameDifficulty: MEDIUM
11:14:52.480 [FXGL Background Thread 3 ] DEBUG Engine               - gameDifficultyProperty: ObjectProperty [value: MEDIUM]
11:14:52.480 [FXGL Background Thread 3 ] DEBUG Engine               - globalMusicVolume: 0.5
11:14:52.480 [FXGL Background Thread 3 ] DEBUG Engine               - globalMusicVolumeProperty: DoubleProperty [value: 0.5]
11:14:52.480 [FXGL Background Thread 3 ] DEBUG Engine               - globalSoundVolume: 0.5
11:14:52.481 [FXGL Background Thread 3 ] DEBUG Engine               - globalSoundVolumeProperty: DoubleProperty [value: 0.5]
11:14:52.481 [FXGL Background Thread 3 ] DEBUG Engine               - height: 672
11:14:52.481 [FXGL Background Thread 3 ] DEBUG Engine               - is3D: false
11:14:52.481 [FXGL Background Thread 3 ] DEBUG Engine               - isAndroid: false
11:14:52.481 [FXGL Background Thread 3 ] DEBUG Engine               - isBrowser: false
11:14:52.481 [FXGL Background Thread 3 ] DEBUG Engine               - isClickFeedbackEnabled: false
11:14:52.481 [FXGL Background Thread 3 ] DEBUG Engine               - isCloseConfirmation: false
11:14:52.481 [FXGL Background Thread 3 ] DEBUG Engine               - isDesktop: true
11:14:52.481 [FXGL Background Thread 3 ] DEBUG Engine               - isDeveloperMenuEnabled: false
11:14:52.481 [FXGL Background Thread 3 ] DEBUG Engine               - isEmbedded: false
11:14:52.481 [FXGL Background Thread 3 ] DEBUG Engine               - isEntityPreloadEnabled: true
11:14:52.481 [FXGL Background Thread 3 ] DEBUG Engine               - isExperimentalTiledLargeMap: false
11:14:52.481 [FXGL Background Thread 3 ] DEBUG Engine               - isFileSystemWriteAllowed: true
11:14:52.481 [FXGL Background Thread 3 ] DEBUG Engine               - isFullScreenAllowed: false
11:14:52.481 [FXGL Background Thread 3 ] DEBUG Engine               - isFullScreenFromStart: false
11:14:52.481 [FXGL Background Thread 3 ] DEBUG Engine               - isGameMenuEnabled: true
11:14:52.481 [FXGL Background Thread 3 ] DEBUG Engine               - isIOS: false
11:14:52.481 [FXGL Background Thread 3 ] DEBUG Engine               - isIntroEnabled: false
11:14:52.481 [FXGL Background Thread 3 ] DEBUG Engine               - isLinux: false
11:14:52.481 [FXGL Background Thread 3 ] DEBUG Engine               - isMac: false
11:14:52.481 [FXGL Background Thread 3 ] DEBUG Engine               - isMainMenuEnabled: true
11:14:52.481 [FXGL Background Thread 3 ] DEBUG Engine               - isManualResizeEnabled: false
11:14:52.481 [FXGL Background Thread 3 ] DEBUG Engine               - isMobile: false
11:14:52.481 [FXGL Background Thread 3 ] DEBUG Engine               - isNative: false
11:14:52.481 [FXGL Background Thread 3 ] DEBUG Engine               - isPauseMusicWhenMinimized: true
11:14:52.482 [FXGL Background Thread 3 ] DEBUG Engine               - isPreserveResizeRatio: false
11:14:52.482 [FXGL Background Thread 3 ] DEBUG Engine               - isProfilingEnabled: false
11:14:52.482 [FXGL Background Thread 3 ] DEBUG Engine               - isScaleAffectedOnResize: true
11:14:52.482 [FXGL Background Thread 3 ] DEBUG Engine               - isSingleStep: false
11:14:52.482 [FXGL Background Thread 3 ] DEBUG Engine               - isUserProfileEnabled: false
11:14:52.482 [FXGL Background Thread 3 ] DEBUG Engine               - isWindows: true
11:14:52.482 [FXGL Background Thread 3 ] DEBUG Engine               - language: ObjectProperty [value: ENGLISH]
11:14:52.482 [FXGL Background Thread 3 ] DEBUG Engine               - menuKey: ESCAPE
11:14:52.482 [FXGL Background Thread 3 ] DEBUG Engine               - mouseSensitivity: 0.2
11:14:52.482 [FXGL Background Thread 3 ] DEBUG Engine               - notificationViewClass: class com.almasb.fxgl.notification.view.XboxNotificationView
11:14:52.482 [FXGL Background Thread 3 ] DEBUG Engine               - pixelsPerMeter: 50.0
11:14:52.482 [FXGL Background Thread 3 ] DEBUG Engine               - platform: WINDOWS
11:14:52.483 [FXGL Background Thread 3 ] DEBUG Engine               - prefHeightProperty: ReadOnlyDoubleProperty [value: 672.0]
11:14:52.483 [FXGL Background Thread 3 ] DEBUG Engine               - prefWidthProperty: ReadOnlyDoubleProperty [value: 816.0]
11:14:52.483 [FXGL Background Thread 3 ] DEBUG Engine               - profileDir: profiles/
11:14:52.483 [FXGL Background Thread 3 ] DEBUG Engine               - profileName: StringProperty [value: DEFAULT]
11:14:52.483 [FXGL Background Thread 3 ] DEBUG Engine               - randomSeed: -1
11:14:52.483 [FXGL Background Thread 3 ] DEBUG Engine               - runtimeInfo: RuntimeInfo(platform=WINDOWS, version=17.1, build=24.03.2022 17.34)
11:14:52.483 [FXGL Background Thread 3 ] DEBUG Engine               - saveFileExt: sav
11:14:52.483 [FXGL Background Thread 3 ] DEBUG Engine               - scaledHeightProp$fxgl: DoubleProperty [bound, value: 672.0]
11:14:52.483 [FXGL Background Thread 3 ] DEBUG Engine               - scaledWidthProp$fxgl: DoubleProperty [bound, value: 816.0]
11:14:52.483 [FXGL Background Thread 3 ] DEBUG Engine               - sceneFactory: com.ningf.tank.TankApp$1@11155b2f
11:14:52.483 [FXGL Background Thread 3 ] DEBUG Engine               - secondsIn24h: 60
11:14:52.483 [FXGL Background Thread 3 ] DEBUG Engine               - soundMenuBack: menu/back.wav
11:14:52.483 [FXGL Background Thread 3 ] DEBUG Engine               - soundMenuPress: menu/press.wav
11:14:52.483 [FXGL Background Thread 3 ] DEBUG Engine               - soundMenuSelect: menu/select.wav
11:14:52.483 [FXGL Background Thread 3 ] DEBUG Engine               - soundNotification: core/notification.wav
11:14:52.483 [FXGL Background Thread 3 ] DEBUG Engine               - stageStyle: DECORATED
11:14:52.483 [FXGL Background Thread 3 ] DEBUG Engine               - supportedLanguages: [ENGLISH, FRENCH, GERMAN, HUNGARIAN, RUSSIAN]
11:14:52.483 [FXGL Background Thread 3 ] DEBUG Engine               - ticksPerSecond: -1
11:14:52.483 [FXGL Background Thread 3 ] DEBUG Engine               - title: 90 Tank
11:14:52.483 [FXGL Background Thread 3 ] DEBUG Engine               - urlGithub: https://github.com/AlmasB/FXGL
11:14:52.484 [FXGL Background Thread 3 ] DEBUG Engine               - urlLeaderboard: http://fxgl-top.herokuapp.com/
11:14:52.484 [FXGL Background Thread 3 ] DEBUG Engine               - urlPOM: https://raw.githubusercontent.com/AlmasB/FXGL/release/README.md
11:14:52.484 [FXGL Background Thread 3 ] DEBUG Engine               - userAppClass: class com.ningf.tank.TankApp
11:14:52.484 [FXGL Background Thread 3 ] DEBUG Engine               - version: Version 0.3
11:14:52.484 [FXGL Background Thread 3 ] DEBUG Engine               - versionCheckDays: 7
11:14:52.484 [FXGL Background Thread 3 ] DEBUG Engine               - width: 816
11:14:52.484 [FXGL Background Thread 3 ] DEBUG Engine               - Logging services
11:14:52.484 [FXGL Background Thread 3 ] DEBUG Engine               - class com.almasb.fxgl.app.services.FXGLAssetLoaderService
11:14:52.484 [FXGL Background Thread 3 ] DEBUG Engine               - class com.almasb.fxgl.app.FXGLApplication$GameApplicationService
11:14:52.484 [FXGL Background Thread 3 ] DEBUG Engine               - class com.almasb.fxgl.app.services.FXGLDialogService
11:14:52.484 [FXGL Background Thread 3 ] DEBUG Engine               - class com.almasb.fxgl.app.services.IOTaskExecutorService
11:14:52.484 [FXGL Background Thread 3 ] DEBUG Engine               - class com.almasb.fxgl.io.FileSystemService
11:14:52.484 [FXGL Background Thread 3 ] DEBUG Engine               - class com.almasb.fxgl.localization.LocalizationService
11:14:52.484 [FXGL Background Thread 3 ] DEBUG Engine               - class com.almasb.fxgl.app.services.SystemBundleService
11:14:52.484 [FXGL Background Thread 3 ] DEBUG Engine               - class com.almasb.fxgl.profile.SaveLoadService
11:14:52.484 [FXGL Background Thread 3 ] DEBUG Engine               - class com.almasb.fxgl.ui.FXGLUIFactoryServiceProvider
11:14:52.484 [FXGL Background Thread 3 ] DEBUG Engine               - class com.almasb.fxgl.ui.FXGLDialogFactoryServiceProvider
11:14:52.484 [FXGL Background Thread 3 ] DEBUG Engine               - class com.almasb.fxgl.audio.AudioPlayer
11:14:52.484 [FXGL Background Thread 3 ] DEBUG Engine               - class com.almasb.fxgl.notification.impl.NotificationServiceProvider
11:14:52.484 [FXGL Background Thread 3 ] DEBUG Engine               - class com.almasb.fxgl.achievement.AchievementService
11:14:52.484 [FXGL Background Thread 3 ] DEBUG Engine               - class com.almasb.fxgl.cutscene.CutsceneService
11:14:52.484 [FXGL Background Thread 3 ] DEBUG Engine               - class com.almasb.fxgl.minigames.MiniGameService
11:14:52.484 [FXGL Background Thread 3 ] DEBUG Engine               - class com.almasb.fxgl.net.NetService
11:14:52.484 [FXGL Background Thread 3 ] DEBUG Engine               - class com.almasb.fxgl.app.services.UpdaterService
11:14:52.484 [FXGL Background Thread 3 ] DEBUG Engine               - class com.almasb.fxgl.dev.DevService
11:14:58.216 [JavaFX Application Thread] DEBUG GameApplicationServi - Starting new game
11:14:58.216 [JavaFX Application Thread] DEBUG PrimaryStageWindow   - Pop state: GameMainMenu
11:14:58.216 [JavaFX Application Thread] DEBUG Input                - Clearing active input actions
11:14:58.219 [JavaFX Application Thread] DEBUG GameApplicationServi - Removing overlay from GameMainMenu and adding to FXGLMainMenuDummyScene
11:14:58.220 [JavaFX Application Thread] DEBUG PrimaryStageWindow   - FXGLMainMenuDummyScene <- GameMainMenu
11:14:58.220 [JavaFX Application Thread] DEBUG Input                - Clearing active input actions
11:14:58.230 [JavaFX Application Thread] DEBUG GameApplicationServi - Removing overlay from FXGLMainMenuDummyScene and adding to GameLoadingScene
11:14:58.230 [JavaFX Application Thread] DEBUG PrimaryStageWindow   - FXGLMainMenuDummyScene -> GameLoadingScene
11:14:58.231 [JavaFX Application Thread] DEBUG GameApplicationServi - Clearing previous game
11:14:58.231 [JavaFX Application Thread] DEBUG GameScene            - Clearing game scene
11:14:58.231 [JavaFX Application Thread] DEBUG GameWorld            - Clearing game world
11:14:58.231 [JavaFX Application Thread] DEBUG PhysicsWorld         - Clearing physics world
11:14:58.237 [FXGL Background Thread 2 ] DEBUG FXGLApplication      - Initializing game
11:14:58.238 [FXGL Background Thread 2 ] DEBUG FXGLAssetLoaderServi - Loading from file system: file:/D:/SoftwareDevelopment/javaFxProject/tank_v3.1/target/classes/assets/properties/game.properties
11:14:58.242 [FXGL Background Thread 2 ] DEBUG FXGLAssetLoaderServi - Loading from file system: file:/D:/SoftwareDevelopment/javaFxProject/tank_v3.1/target/classes/assets/textures/map/stone.png
11:14:58.244 [FXGL Background Thread 2 ] DEBUG FXGLAssetLoaderServi - Loading from file system: file:/D:/SoftwareDevelopment/javaFxProject/tank_v3.1/target/classes/assets/textures/map/brick.png
11:14:58.247 [FXGL Background Thread 2 ] DEBUG FXGLAssetLoaderServi - Loading from file system: file:/D:/SoftwareDevelopment/javaFxProject/tank_v3.1/target/classes/assets/textures/map/sea_anim.png
11:14:58.248 [FXGL Background Thread 2 ] DEBUG FXGLAssetLoaderServi - Loading from file system: file:/D:/SoftwareDevelopment/javaFxProject/tank_v3.1/target/classes/assets/textures/explode/explode_level_2.png
11:14:58.278 [pool-2-thread-1          ] WARN  TMXLevelLoader       - TiledMap generated from 1.8.4. Supported version: 1.4.2. Some features may not be parsed fully.
11:14:58.287 [pool-2-thread-1          ] DEBUG TMXLevelLoader       - Parsed TiledMap: file:/D:/SoftwareDevelopment/javaFxProject/tank_v3.1/ConstructMap/level0.tmx
11:14:58.288 [pool-2-thread-1          ] DEBUG TMXLevelLoader       - Creating tile layer entities
11:14:58.289 [pool-2-thread-1          ] DEBUG TMXLevelLoader       - Creating object layer entities
11:14:58.324 [pool-2-thread-1          ] DEBUG GameWorld            - Clearing removable entities
11:14:58.324 [pool-2-thread-1          ] DEBUG GameWorld            - Setting level: com.almasb.fxgl.entity.level.Level@393d74b9
11:14:58.326 [pool-2-thread-1          ] DEBUG FXGLAssetLoaderServi - Loading from file system: file:/D:/SoftwareDevelopment/javaFxProject/tank_v3.1/target/classes/assets/sounds/start.wav
11:14:58.335 [pool-2-thread-1          ] DEBUG FXGLAssetLoaderServi - Loading from file system: file:/D:/SoftwareDevelopment/javaFxProject/tank_v3.1/target/classes/assets/textures/tank/H1U.png
11:14:58.340 [pool-2-thread-1          ] DEBUG FXGLAssetLoaderServi - Loading from file system: file:/D:/SoftwareDevelopment/javaFxProject/tank_v3.1/target/classes/assets/textures/item/armed_helmet.png
11:14:58.348 [pool-2-thread-1          ] DEBUG FXGLAssetLoaderServi - Loading from file system: file:/D:/SoftwareDevelopment/javaFxProject/tank_v3.1/target/classes/assets/textures/tank/H2U.png
11:14:58.355 [pool-2-thread-1          ] DEBUG FXGLAssetLoaderServi - Loading from file system: file:/D:/SoftwareDevelopment/javaFxProject/tank_v3.1/target/classes/assets/textures/ui/enemy_pre.png
11:14:58.357 [pool-2-thread-1          ] DEBUG FXGLAssetLoaderServi - Loading from file system: file:/D:/SoftwareDevelopment/javaFxProject/tank_v3.1/target/classes/assets/textures/ui/levelFlag.png
11:14:58.358 [pool-2-thread-1          ] DEBUG FXGLAssetLoaderServi - Loading from file system: file:/D:/SoftwareDevelopment/javaFxProject/tank_v3.1/target/classes/assets/textures/ui/bulletLevel.png
11:14:58.361 [pool-2-thread-1          ] DEBUG FXGLAssetLoaderServi - Loading from file system: file:/D:/SoftwareDevelopment/javaFxProject/tank_v3.1/target/classes/assets/textures/tank/spawnTank.png
11:14:58.362 [pool-2-thread-1          ] DEBUG FXGLAssetLoaderServi - Loading from file system: file:/D:/SoftwareDevelopment/javaFxProject/tank_v3.1/target/classes/assets/textures/tank/E11U.png
11:14:58.365 [pool-2-thread-1          ] DEBUG FXGLAssetLoaderServi - Loading from file system: file:/D:/SoftwareDevelopment/javaFxProject/tank_v3.1/target/classes/assets/textures/tank/E5U.png
11:14:58.370 [FXGL Background Thread 2 ] INFO  FXGLApplication      - Game initialization took: 0.133 sec
11:14:58.371 [JavaFX Application Thread] DEBUG Input                - Clearing active input actions
11:14:58.376 [JavaFX Application Thread] DEBUG GameApplicationServi - Removing overlay from GameLoadingScene and adding to GameScene
11:14:58.377 [JavaFX Application Thread] DEBUG PrimaryStageWindow   - GameLoadingScene -> GameScene
11:14:59.140 [JavaFX Application Thread] DEBUG FXGLAssetLoaderServi - Loading from file system: file:/D:/SoftwareDevelopment/javaFxProject/tank_v3.1/target/classes/assets/sounds/normalFire.wav
11:14:59.144 [JavaFX Application Thread] DEBUG FXGLAssetLoaderServi - Loading from file system: file:/D:/SoftwareDevelopment/javaFxProject/tank_v3.1/target/classes/assets/textures/bullet/normal.png
11:14:59.150 [JavaFX Application Thread] DEBUG FXGLAssetLoaderServi - Loading from file system: file:/D:/SoftwareDevelopment/javaFxProject/tank_v3.1/target/classes/assets/sounds/normalBomb.wav
11:14:59.160 [JavaFX Application Thread] DEBUG FXGLAssetLoaderServi - Loading from file system: file:/D:/SoftwareDevelopment/javaFxProject/tank_v3.1/target/classes/assets/textures/item/helmet.png
11:14:59.184 [JavaFX Application Thread] DEBUG FXGLAssetLoaderServi - Loading from file system: file:/D:/SoftwareDevelopment/javaFxProject/tank_v3.1/target/classes/assets/textures/item/gun.png
11:14:59.776 [JavaFX Application Thread] WARN  TMXLevelLoader       - TiledMap generated from 1.10.2. Supported version: 1.4.2. Some features may not be parsed fully.
11:14:59.788 [JavaFX Application Thread] DEBUG TMXLevelLoader       - Parsed TiledMap: file:/D:/SoftwareDevelopment/javaFxProject/tank_v3.1/target/classes/assets/levels/levelForTwo.tmx
11:14:59.788 [JavaFX Application Thread] DEBUG TMXLevelLoader       - Creating tile layer entities
11:14:59.788 [JavaFX Application Thread] DEBUG TMXLevelLoader       - Creating object layer entities
11:14:59.842 [JavaFX Application Thread] DEBUG GameWorld            - Clearing removable entities
11:14:59.849 [JavaFX Application Thread] DEBUG GameWorld            - Setting level: com.almasb.fxgl.entity.level.Level@52c7c741
11:15:04.308 [JavaFX Application Thread] DEBUG FXGLApplication      - Exiting FXGL
11:15:04.308 [JavaFX Application Thread] DEBUG LoopRunner           - Stopping loop
11:15:04.308 [JavaFX Application Thread] DEBUG SystemBundleService  - Saving FXGL system data
11:15:04.310 [JavaFX Application Thread] DEBUG FileSystemAccess     - Writing to: D:\SoftwareDevelopment\javaFxProject\tank_v3.1\system\fxgl.bundle
11:15:04.312 [JavaFX Application Thread] DEBUG Async                - Shutting down background threads
11:15:04.312 [JavaFX Application Thread] DEBUG PrimaryStageWindow   - Closing main window
11:15:04.326 [JavaFX Application Thread] DEBUG Logger               - Closing Logger
