18:33:55.167 [main                     ] DEBUG Logger               - Configured Logger
18:33:55.202 [main                     ] DEBUG GameApplication      - Logging settings
Title: 90 Tank
Version: Version 0.3
Width: 816
Height: 672
Fullscreen: false
Intro: false
Profiling: false
Single step:false
App Mode: DEVELOPER
Menu Key: ESCAPE
Stage Style: DECORATED
Scene Factory: class com.ningf.tank.TankApp$1

18:33:55.573 [JavaFX Application Thread] DEBUG FXGLApplication      - Initializing FXGL
18:33:55.578 [JavaFX Application Thread] INFO  Engine               - FXGL-17.1 (24.03.2022 17.34) on WINDOWS (J:17.0.8 FX:18)
18:33:55.578 [JavaFX Application Thread] DEBUG Engine               - JRE Vendor Name: Oracle Corporation
18:33:55.578 [JavaFX Application Thread] DEBUG Engine               - Running on OS: Windows 11 version 10.0
18:33:55.579 [JavaFX Application Thread] DEBUG Engine               - Architecture: amd64
18:33:55.579 [JavaFX Application Thread] INFO  Engine               - Source code and latest versions at: https://github.com/AlmasB/FXGL
18:33:55.579 [JavaFX Application Thread] INFO  Engine               -       Ask questions and discuss at: https://github.com/AlmasB/FXGL/discussions
18:33:55.579 [JavaFX Application Thread] INFO  Engine               -              Join the FXGL chat at: https://gitter.im/AlmasB/FXGL
18:33:55.652 [JavaFX Application Thread] DEBUG PrimaryStageWindow   - Creating a JavaFX scene
18:33:55.685 [JavaFX Application Thread] DEBUG PrimaryStageWindow   - Target settings size: 816.0 x 672.0
18:33:55.685 [JavaFX Application Thread] DEBUG PrimaryStageWindow   - Scaled scene size:    816.0 x 672.0
18:33:55.685 [JavaFX Application Thread] DEBUG PrimaryStageWindow   - Scaled ratio: (1.0, 1.0)
18:33:55.687 [JavaFX Application Thread] DEBUG PrimaryStageWindow   - Set initial scene to GameStartupScene
18:33:55.691 [JavaFX Application Thread] DEBUG PrimaryStageWindow   - Opening main window
18:33:55.838 [JavaFX Application Thread] DEBUG PrimaryStageWindow   - Window border size: (14.66668701171875, 37.33331298828125)
18:33:55.838 [JavaFX Application Thread] DEBUG PrimaryStageWindow   - Scaled size: 816.0 x 672.0
18:33:55.839 [JavaFX Application Thread] DEBUG PrimaryStageWindow   - Scaled ratio: (1.0, 1.0)
18:33:55.839 [JavaFX Application Thread] DEBUG PrimaryStageWindow   - Scene size: 816.0 x 672.0
18:33:55.839 [JavaFX Application Thread] DEBUG PrimaryStageWindow   - Stage size: 830.6666870117188 x 709.3333129882812
18:33:55.852 [FXGL Background Thread 1 ] DEBUG Engine               - Initializing environment variables
18:33:55.908 [FXGL Background Thread 1 ] DEBUG FXGLAssetLoaderServi - User app class for loading assets: class com.ningf.tank.TankApp
18:33:55.908 [FXGL Background Thread 1 ] DEBUG GameApplicationServi - Applying CSS: fxgl_dark.css
18:33:55.917 [FXGL Background Thread 1 ] DEBUG FXGLAssetLoaderServi - Loading from file system: jar:file:///C:/Users/Lenovo/.m2/repository/com/github/almasb/fxgl/17.1/fxgl-17.1.jar!/fxglassets/ui/css/fxgl_dark.css
18:33:55.937 [FXGL Background Thread 1 ] DEBUG GameApplicationServi - Applying CSS: tankApp.css
18:33:55.937 [FXGL Background Thread 1 ] DEBUG FXGLAssetLoaderServi - Loading from file system: file:/D:/QQ/2283451158/FileRecv/tank_v3.0/FXGL_Tank-main3/target/classes/assets/ui/css/tankApp.css
18:33:55.938 [FXGL Background Thread 1 ] DEBUG GameApplicationServi - Initializing application scenes
18:33:55.945 [FXGL Background Thread 1 ] DEBUG GameWorld            - Game world initialized
18:33:55.994 [FXGL Background Thread 1 ] DEBUG PhysicsWorld         - Physics world initialized: appHeight=672, physics.ppm=50.0
18:33:55.994 [FXGL Background Thread 1 ] DEBUG PhysicsWorld         - Using strategy: BRUTE_FORCE
18:33:55.999 [FXGL Background Thread 1 ] DEBUG GameScene            - Game scene initialized: 816x672
18:33:56.004 [FXGL Background Thread 1 ] DEBUG FXGLAssetLoaderServi - Loading from file system: file:/D:/QQ/2283451158/FileRecv/tank_v3.0/FXGL_Tank-main3/target/classes/assets/textures/ui/logo.png
18:33:56.020 [FXGL Background Thread 1 ] DEBUG FXGLAssetLoaderServi - Loading from file system: file:/D:/QQ/2283451158/FileRecv/tank_v3.0/FXGL_Tank-main3/target/classes/assets/textures/ui/icon.png
18:33:56.029 [FXGL Background Thread 1 ] DEBUG FXGLAssetLoaderServi - Loading from file system: file:/D:/QQ/2283451158/FileRecv/tank_v3.0/FXGL_Tank-main3/target/classes/assets/textures/ui/tankLoading.png
18:33:56.056 [FXGL Background Thread 1 ] DEBUG FXGLAssetLoaderServi - Loading from file system: file:/D:/QQ/2283451158/FileRecv/tank_v3.0/FXGL_Tank-main3/target/classes/assets/textures/ui/fxgl.png
18:33:56.105 [FXGL Background Thread 1 ] DEBUG FXGL.DefaultMenu     - createMenuBodyGameMenu()
18:33:56.115 [FXGL Background Thread 1 ] DEBUG FXGL.DefaultMenu     - createOptionsMenu()
18:33:56.123 [FXGL Background Thread 1 ] DEBUG FXGLAssetLoaderServi - Loading from file system: jar:file:///C:/Users/Lenovo/.m2/repository/com/github/almasb/fxgl/17.1/fxgl-17.1.jar!/fxglassets/textures/particles/smoke.png
18:33:56.216 [FXGL Background Thread 1 ] DEBUG FXGLAssetLoaderServi - Loading from file system: jar:file:///C:/Users/Lenovo/.m2/repository/com/github/almasb/fxgl/17.1/fxgl-17.1.jar!/fxglassets/textures/particles/trace_horizontal.png
18:33:56.241 [FXGL Background Thread 1 ] DEBUG GameApplicationServi - Application scenes initialized
18:33:56.257 [FXGL Background Thread 1 ] DEBUG SystemBundleService  - Loading FXGL system data
18:33:56.261 [FXGL Background Thread 1 ] DEBUG FileSystemAccess     - Reading from: D:\QQ\2283451158\FileRecv\tank_v3.0\FXGL_Tank-main3\system\fxgl.bundle
18:33:56.267 [FXGL Background Thread 1 ] DEBUG SystemBundleService  - Bundle FXGL: {}
18:33:56.267 [FXGL Background Thread 1 ] DEBUG UpdaterService       - Checking for updates
18:33:56.270 [FXGL Background Thread 4 ] DEBUG FXGLApplication      - Loading fonts
18:33:56.272 [FXGL Background Thread 4 ] DEBUG FXGLAssetLoaderServi - Loading from file system: jar:file:///C:/Users/Lenovo/.m2/repository/com/github/almasb/fxgl/17.1/fxgl-17.1.jar!/fxglassets/ui/fonts/VarelaRound-Regular.ttf
18:33:56.272 [FXGL Background Thread 1 ] DEBUG FXGLApplication      - Loading default localization
18:33:56.273 [FXGL Background Thread 1 ] DEBUG FXGLAssetLoaderServi - Loading from file system: jar:file:///C:/Users/Lenovo/.m2/repository/com/github/almasb/fxgl/17.1/fxgl-17.1.jar!/fxglassets/languages/english.lang
18:33:56.310 [FXGL Background Thread 1 ] INFO  FXGLApplication      - FXGL initialization took: 0.458 sec
18:33:56.320 [JavaFX Application Thread] DEBUG Input                - Registered new binding: action0 - W
18:33:56.320 [JavaFX Application Thread] DEBUG Input                - Registered new binding: action1 - S
18:33:56.321 [JavaFX Application Thread] DEBUG Input                - Registered new binding: action2 - A
18:33:56.321 [JavaFX Application Thread] DEBUG Input                - Registered new binding: action3 - D
18:33:56.322 [JavaFX Application Thread] DEBUG Input                - Registered new binding: action4 - Space
18:33:56.322 [JavaFX Application Thread] DEBUG Input                - Registered new binding: action5 - O
18:33:56.322 [JavaFX Application Thread] DEBUG Input                - Registered new binding: action6 - Up
18:33:56.323 [JavaFX Application Thread] DEBUG Input                - Registered new binding: action7 - Down
18:33:56.323 [JavaFX Application Thread] DEBUG Input                - Registered new binding: action8 - Left
18:33:56.323 [JavaFX Application Thread] DEBUG Input                - Registered new binding: action9 - Right
18:33:56.323 [JavaFX Application Thread] DEBUG Input                - Registered new binding: action10 - Numpad 0
18:33:56.325 [JavaFX Application Thread] DEBUG Input                - Registered new binding: action11 - F
18:33:56.329 [JavaFX Application Thread] DEBUG FXGLAssetLoaderServi - Loading from file system: file:/D:/QQ/2283451158/FileRecv/tank_v3.0/FXGL_Tank-main3/target/classes/assets/textures/ui/cursor.png
18:33:56.331 [JavaFX Application Thread] DEBUG Input                - Registered new binding: Screenshot - CTRL+8
18:33:56.331 [JavaFX Application Thread] DEBUG Input                - Registered new binding: System info dump - CTRL+9
18:33:56.333 [JavaFX Application Thread] DEBUG Input                - Registered new binding: Restart - CTRL+R
18:33:56.334 [JavaFX Application Thread] DEBUG Input                - Registered new binding: Toggle Debug Camera - CTRL+7
18:33:56.336 [JavaFX Application Thread] DEBUG LoopRunner           - Starting loop
18:33:56.336 [JavaFX Application Thread] DEBUG LoopRunner           - Initializing JavaFX AnimationTimerLoop
18:33:56.338 [JavaFX Application Thread] DEBUG Input                - Clearing active input actions
18:33:56.345 [JavaFX Application Thread] DEBUG GameApplicationServi - Removing overlay from GameStartupScene and adding to FXGLMainMenuDummyScene
18:33:56.345 [JavaFX Application Thread] DEBUG PrimaryStageWindow   - GameStartupScene -> FXGLMainMenuDummyScene
18:33:56.345 [JavaFX Application Thread] DEBUG PrimaryStageWindow   - Push state: GameMainMenu
18:33:56.346 [JavaFX Application Thread] DEBUG FXGLAssetLoaderServi - Loading from file system: file:/D:/QQ/2283451158/FileRecv/tank_v3.0/FXGL_Tank-main3/target/classes/assets/sounds/mainMenuLoad.wav
18:33:56.364 [FXGL Background Thread 4 ] DEBUG FXGLAssetLoaderServi - Loading from file system: jar:file:///C:/Users/Lenovo/.m2/repository/com/github/almasb/fxgl/17.1/fxgl-17.1.jar!/fxglassets/ui/fonts/Abel-Regular.ttf
18:33:56.366 [FXGL Background Thread 4 ] DEBUG FXGLAssetLoaderServi - Loading from file system: jar:file:///C:/Users/Lenovo/.m2/repository/com/github/almasb/fxgl/17.1/fxgl-17.1.jar!/fxglassets/ui/fonts/TerminalLandMono-Regular.otf
18:33:56.369 [FXGL Background Thread 4 ] DEBUG FXGLAssetLoaderServi - Loading from file system: jar:file:///C:/Users/Lenovo/.m2/repository/com/github/almasb/fxgl/17.1/fxgl-17.1.jar!/fxglassets/ui/fonts/Courier-Prime.ttf
18:33:56.429 [JavaFX Application Thread] DEBUG Input                - Clearing active input actions
18:33:56.434 [JavaFX Application Thread] DEBUG GameApplicationServi - Removing overlay from FXGLMainMenuDummyScene and adding to GameMainMenu
18:33:56.434 [JavaFX Application Thread] DEBUG PrimaryStageWindow   - FXGLMainMenuDummyScene -> GameMainMenu
18:33:56.522 [JavaFX Application Thread] DEBUG FXGLApplication      - Registering font factories with UI factory
18:33:58.448 [JavaFX Application Thread] DEBUG FXGLApplication      - Exiting FXGL
18:33:58.448 [JavaFX Application Thread] DEBUG LoopRunner           - Stopping loop
18:33:58.448 [JavaFX Application Thread] DEBUG SystemBundleService  - Saving FXGL system data
18:33:58.451 [JavaFX Application Thread] DEBUG FileSystemAccess     - Writing to: D:\QQ\2283451158\FileRecv\tank_v3.0\FXGL_Tank-main3\system\fxgl.bundle
18:33:58.456 [JavaFX Application Thread] DEBUG Async                - Shutting down background threads
18:33:58.456 [JavaFX Application Thread] DEBUG PrimaryStageWindow   - Closing main window
18:33:58.487 [JavaFX Application Thread] DEBUG Logger               - Closing Logger
