16:25:34.916 [main                     ] DEBUG Logger               - Configured Logger
16:25:34.940 [main                     ] DEBUG GameApplication      - Logging settings
Title: 90 Tank
Version: Version 0.3
Width: 816
Height: 672
Fullscreen: false
Intro: false
Profiling: false
Single step:false
App Mode: DEVELOPER
Menu Key: ESCAPE
Stage Style: DECORATED
Scene Factory: class com.ningf.tank.TankApp$1

16:25:35.223 [JavaFX Application Thread] DEBUG FXGLApplication      - Initializing FXGL
16:25:35.231 [JavaFX Application Thread] INFO  Engine               - FXGL-17.1 (24.03.2022 17.34) on WINDOWS (J:17.0.7 FX:18)
16:25:35.231 [JavaFX Application Thread] DEBUG Engine               - JRE Vendor Name: Oracle Corporation
16:25:35.232 [JavaFX Application Thread] DEBUG Engine               - Running on OS: Windows 11 version 10.0
16:25:35.232 [JavaFX Application Thread] DEBUG Engine               - Architecture: amd64
16:25:35.232 [JavaFX Application Thread] INFO  Engine               - Source code and latest versions at: https://github.com/AlmasB/FXGL
16:25:35.232 [JavaFX Application Thread] INFO  Engine               -       Ask questions and discuss at: https://github.com/AlmasB/FXGL/discussions
16:25:35.232 [JavaFX Application Thread] INFO  Engine               -              Join the FXGL chat at: https://gitter.im/AlmasB/FXGL
16:25:35.303 [JavaFX Application Thread] DEBUG PrimaryStageWindow   - Creating a JavaFX scene
16:25:35.335 [JavaFX Application Thread] DEBUG PrimaryStageWindow   - Target settings size: 816.0 x 672.0
16:25:35.336 [JavaFX Application Thread] DEBUG PrimaryStageWindow   - Scaled scene size:    816.0 x 672.0
16:25:35.336 [JavaFX Application Thread] DEBUG PrimaryStageWindow   - Scaled ratio: (1.0, 1.0)
16:25:35.336 [JavaFX Application Thread] DEBUG PrimaryStageWindow   - Set initial scene to GameStartupScene
16:25:35.342 [JavaFX Application Thread] DEBUG PrimaryStageWindow   - Opening main window
16:25:35.433 [JavaFX Application Thread] DEBUG PrimaryStageWindow   - Window border size: (14.66668701171875, 37.33331298828125)
16:25:35.433 [JavaFX Application Thread] DEBUG PrimaryStageWindow   - Scaled size: 816.0 x 672.0
16:25:35.433 [JavaFX Application Thread] DEBUG PrimaryStageWindow   - Scaled ratio: (1.0, 1.0)
16:25:35.433 [JavaFX Application Thread] DEBUG PrimaryStageWindow   - Scene size: 816.0 x 672.0
16:25:35.433 [JavaFX Application Thread] DEBUG PrimaryStageWindow   - Stage size: 830.6666870117188 x 709.3333129882812
16:25:35.439 [FXGL Background Thread 1 ] DEBUG Engine               - Initializing environment variables
16:25:35.469 [FXGL Background Thread 1 ] DEBUG FXGLAssetLoaderServi - User app class for loading assets: class com.ningf.tank.TankApp
16:25:35.469 [FXGL Background Thread 1 ] DEBUG GameApplicationServi - Applying CSS: fxgl_dark.css
16:25:35.470 [FXGL Background Thread 1 ] DEBUG FXGLAssetLoaderServi - Loading from file system: jar:file:///C:/Users/WONDER/.m2/repository/com/github/almasb/fxgl/17.1/fxgl-17.1.jar!/fxglassets/ui/css/fxgl_dark.css
16:25:35.492 [FXGL Background Thread 1 ] DEBUG GameApplicationServi - Applying CSS: tankApp.css
16:25:35.492 [FXGL Background Thread 1 ] DEBUG FXGLAssetLoaderServi - Loading from file system: file:/C:/Users/WONDER/Desktop/FXGL_Tank-main3/target/classes/assets/ui/css/tankApp.css
16:25:35.494 [FXGL Background Thread 1 ] DEBUG GameApplicationServi - Initializing application scenes
16:25:35.498 [FXGL Background Thread 1 ] DEBUG GameWorld            - Game world initialized
16:25:35.542 [FXGL Background Thread 1 ] DEBUG PhysicsWorld         - Physics world initialized: appHeight=672, physics.ppm=50.0
16:25:35.542 [FXGL Background Thread 1 ] DEBUG PhysicsWorld         - Using strategy: BRUTE_FORCE
16:25:35.546 [FXGL Background Thread 1 ] DEBUG GameScene            - Game scene initialized: 816x672
16:25:35.550 [FXGL Background Thread 1 ] DEBUG FXGLAssetLoaderServi - Loading from file system: file:/C:/Users/WONDER/Desktop/FXGL_Tank-main3/target/classes/assets/textures/ui/logo.png
16:25:35.562 [FXGL Background Thread 1 ] DEBUG FXGLAssetLoaderServi - Loading from file system: file:/C:/Users/WONDER/Desktop/FXGL_Tank-main3/target/classes/assets/textures/ui/icon.png
16:25:35.570 [FXGL Background Thread 1 ] DEBUG FXGLAssetLoaderServi - Loading from file system: file:/C:/Users/WONDER/Desktop/FXGL_Tank-main3/target/classes/assets/textures/ui/tankLoading.png
16:25:35.584 [FXGL Background Thread 1 ] DEBUG FXGLAssetLoaderServi - Loading from file system: file:/C:/Users/WONDER/Desktop/FXGL_Tank-main3/target/classes/assets/textures/ui/fxgl.png
16:25:35.616 [FXGL Background Thread 1 ] DEBUG FXGL.DefaultMenu     - createMenuBodyGameMenu()
16:25:35.623 [FXGL Background Thread 1 ] DEBUG FXGL.DefaultMenu     - createOptionsMenu()
16:25:35.630 [FXGL Background Thread 1 ] DEBUG FXGLAssetLoaderServi - Loading from file system: jar:file:///C:/Users/WONDER/.m2/repository/com/github/almasb/fxgl/17.1/fxgl-17.1.jar!/fxglassets/textures/particles/smoke.png
16:25:35.697 [FXGL Background Thread 1 ] DEBUG FXGLAssetLoaderServi - Loading from file system: jar:file:///C:/Users/WONDER/.m2/repository/com/github/almasb/fxgl/17.1/fxgl-17.1.jar!/fxglassets/textures/particles/trace_horizontal.png
16:25:35.714 [FXGL Background Thread 1 ] DEBUG GameApplicationServi - Application scenes initialized
16:25:35.723 [FXGL Background Thread 1 ] DEBUG SystemBundleService  - Loading FXGL system data
16:25:35.729 [FXGL Background Thread 1 ] DEBUG FileSystemAccess     - Reading from: C:\Users\WONDER\Desktop\FXGL_Tank-main3\system\fxgl.bundle
16:25:35.742 [FXGL Background Thread 1 ] DEBUG SystemBundleService  - Bundle FXGL: {}
16:25:35.742 [FXGL Background Thread 1 ] DEBUG UpdaterService       - Checking for updates
16:25:35.750 [FXGL Background Thread 4 ] DEBUG FXGLApplication      - Loading fonts
16:25:35.751 [FXGL Background Thread 4 ] DEBUG FXGLAssetLoaderServi - Loading from file system: jar:file:///C:/Users/WONDER/.m2/repository/com/github/almasb/fxgl/17.1/fxgl-17.1.jar!/fxglassets/ui/fonts/VarelaRound-Regular.ttf
16:25:35.753 [FXGL Background Thread 1 ] DEBUG FXGLApplication      - Loading default localization
16:25:35.754 [FXGL Background Thread 1 ] DEBUG FXGLAssetLoaderServi - Loading from file system: jar:file:///C:/Users/WONDER/.m2/repository/com/github/almasb/fxgl/17.1/fxgl-17.1.jar!/fxglassets/languages/english.lang
16:25:35.784 [FXGL Background Thread 1 ] INFO  FXGLApplication      - FXGL initialization took: 0.344 sec
16:25:35.799 [JavaFX Application Thread] DEBUG Input                - Registered new binding: action0 - W
16:25:35.800 [JavaFX Application Thread] DEBUG Input                - Registered new binding: action1 - S
16:25:35.800 [JavaFX Application Thread] DEBUG Input                - Registered new binding: action2 - A
16:25:35.801 [JavaFX Application Thread] DEBUG Input                - Registered new binding: action3 - D
16:25:35.802 [JavaFX Application Thread] DEBUG Input                - Registered new binding: action4 - Space
16:25:35.803 [JavaFX Application Thread] DEBUG Input                - Registered new binding: action5 - O
16:25:35.803 [JavaFX Application Thread] DEBUG Input                - Registered new binding: action6 - Up
16:25:35.803 [JavaFX Application Thread] DEBUG Input                - Registered new binding: action7 - Down
16:25:35.803 [JavaFX Application Thread] DEBUG Input                - Registered new binding: action8 - Left
16:25:35.804 [JavaFX Application Thread] DEBUG Input                - Registered new binding: action9 - Right
16:25:35.804 [JavaFX Application Thread] DEBUG Input                - Registered new binding: action10 - Numpad 0
16:25:35.805 [JavaFX Application Thread] DEBUG Input                - Registered new binding: action11 - F
16:25:35.811 [JavaFX Application Thread] DEBUG FXGLAssetLoaderServi - Loading from file system: file:/C:/Users/WONDER/Desktop/FXGL_Tank-main3/target/classes/assets/textures/ui/cursor.png
16:25:35.813 [JavaFX Application Thread] DEBUG Input                - Registered new binding: Screenshot - CTRL+8
16:25:35.814 [JavaFX Application Thread] DEBUG Input                - Registered new binding: System info dump - CTRL+9
16:25:35.814 [JavaFX Application Thread] DEBUG Input                - Registered new binding: Restart - CTRL+R
16:25:35.815 [JavaFX Application Thread] DEBUG Input                - Registered new binding: Toggle Debug Camera - CTRL+7
16:25:35.819 [JavaFX Application Thread] DEBUG LoopRunner           - Starting loop
16:25:35.819 [JavaFX Application Thread] DEBUG LoopRunner           - Initializing JavaFX AnimationTimerLoop
16:25:35.822 [JavaFX Application Thread] DEBUG Input                - Clearing active input actions
16:25:35.828 [JavaFX Application Thread] DEBUG GameApplicationServi - Removing overlay from GameStartupScene and adding to FXGLMainMenuDummyScene
16:25:35.828 [JavaFX Application Thread] DEBUG PrimaryStageWindow   - GameStartupScene -> FXGLMainMenuDummyScene
16:25:35.829 [JavaFX Application Thread] DEBUG PrimaryStageWindow   - Push state: GameMainMenu
16:25:35.829 [JavaFX Application Thread] DEBUG FXGLAssetLoaderServi - Loading from file system: file:/C:/Users/WONDER/Desktop/FXGL_Tank-main3/target/classes/assets/sounds/mainMenuLoad.wav
16:25:35.831 [FXGL Background Thread 4 ] DEBUG FXGLAssetLoaderServi - Loading from file system: jar:file:///C:/Users/WONDER/.m2/repository/com/github/almasb/fxgl/17.1/fxgl-17.1.jar!/fxglassets/ui/fonts/Abel-Regular.ttf
16:25:35.838 [FXGL Background Thread 4 ] DEBUG FXGLAssetLoaderServi - Loading from file system: jar:file:///C:/Users/WONDER/.m2/repository/com/github/almasb/fxgl/17.1/fxgl-17.1.jar!/fxglassets/ui/fonts/TerminalLandMono-Regular.otf
16:25:35.881 [FXGL Background Thread 4 ] DEBUG FXGLAssetLoaderServi - Loading from file system: jar:file:///C:/Users/WONDER/.m2/repository/com/github/almasb/fxgl/17.1/fxgl-17.1.jar!/fxglassets/ui/fonts/Courier-Prime.ttf
16:25:35.904 [JavaFX Application Thread] DEBUG Input                - Clearing active input actions
16:25:35.908 [JavaFX Application Thread] DEBUG GameApplicationServi - Removing overlay from FXGLMainMenuDummyScene and adding to GameMainMenu
16:25:35.908 [JavaFX Application Thread] DEBUG PrimaryStageWindow   - FXGLMainMenuDummyScene -> GameMainMenu
16:25:35.947 [FXGL Background Thread 2 ] WARN  UpdaterService       - Failed to find updates: java.net.ConnectException: Connection refused: connect
16:25:35.977 [JavaFX Application Thread] DEBUG FXGLApplication      - Registering font factories with UI factory
16:25:37.311 [JavaFX Application Thread] DEBUG FXGLApplication      - Exiting FXGL
16:25:37.311 [JavaFX Application Thread] DEBUG LoopRunner           - Stopping loop
16:25:37.312 [JavaFX Application Thread] DEBUG SystemBundleService  - Saving FXGL system data
16:25:37.317 [JavaFX Application Thread] DEBUG FileSystemAccess     - Writing to: C:\Users\WONDER\Desktop\FXGL_Tank-main3\system\fxgl.bundle
16:25:37.322 [JavaFX Application Thread] DEBUG Async                - Shutting down background threads
16:25:37.323 [JavaFX Application Thread] DEBUG PrimaryStageWindow   - Closing main window
16:25:37.344 [JavaFX Application Thread] DEBUG Logger               - Closing Logger
