16:15:16.000 [main                     ] DEBUG Logger               - Configured Logger
16:15:16.022 [main                     ] DEBUG GameApplication      - Logging settings
Title: 90 Tank
Version: Version 0.3
Width: 816
Height: 672
Fullscreen: false
Intro: false
Profiling: false
Single step:false
App Mode: DEVELOPER
Menu Key: ESCAPE
Stage Style: DECORATED
Scene Factory: class com.ningf.tank.TankApp$1

16:15:16.302 [JavaFX Application Thread] DEBUG FXGLApplication      - Initializing FXGL
16:15:16.307 [JavaFX Application Thread] INFO  Engine               - FXGL-17.1 (24.03.2022 17.34) on WINDOWS (J:17.0.7 FX:18)
16:15:16.309 [JavaFX Application Thread] DEBUG Engine               - JRE Vendor Name: Oracle Corporation
16:15:16.309 [JavaFX Application Thread] DEBUG Engine               - Running on OS: Windows 11 version 10.0
16:15:16.309 [JavaFX Application Thread] DEBUG Engine               - Architecture: amd64
16:15:16.310 [JavaFX Application Thread] INFO  Engine               - Source code and latest versions at: https://github.com/AlmasB/FXGL
16:15:16.310 [JavaFX Application Thread] INFO  Engine               -       Ask questions and discuss at: https://github.com/AlmasB/FXGL/discussions
16:15:16.310 [JavaFX Application Thread] INFO  Engine               -              Join the FXGL chat at: https://gitter.im/AlmasB/FXGL
16:15:16.380 [JavaFX Application Thread] DEBUG PrimaryStageWindow   - Creating a JavaFX scene
16:15:16.414 [JavaFX Application Thread] DEBUG PrimaryStageWindow   - Target settings size: 816.0 x 672.0
16:15:16.414 [JavaFX Application Thread] DEBUG PrimaryStageWindow   - Scaled scene size:    816.0 x 672.0
16:15:16.414 [JavaFX Application Thread] DEBUG PrimaryStageWindow   - Scaled ratio: (1.0, 1.0)
16:15:16.415 [JavaFX Application Thread] DEBUG PrimaryStageWindow   - Set initial scene to GameStartupScene
16:15:16.420 [JavaFX Application Thread] DEBUG PrimaryStageWindow   - Opening main window
16:15:16.520 [JavaFX Application Thread] DEBUG PrimaryStageWindow   - Window border size: (14.66668701171875, 37.33331298828125)
16:15:16.521 [JavaFX Application Thread] DEBUG PrimaryStageWindow   - Scaled size: 816.0 x 672.0
16:15:16.521 [JavaFX Application Thread] DEBUG PrimaryStageWindow   - Scaled ratio: (1.0, 1.0)
16:15:16.521 [JavaFX Application Thread] DEBUG PrimaryStageWindow   - Scene size: 816.0 x 672.0
16:15:16.521 [JavaFX Application Thread] DEBUG PrimaryStageWindow   - Stage size: 830.6666870117188 x 709.3333129882812
16:15:16.527 [FXGL Background Thread 1 ] DEBUG Engine               - Initializing environment variables
16:15:16.564 [FXGL Background Thread 1 ] DEBUG FXGLAssetLoaderServi - User app class for loading assets: class com.ningf.tank.TankApp
16:15:16.564 [FXGL Background Thread 1 ] DEBUG GameApplicationServi - Applying CSS: fxgl_dark.css
16:15:16.565 [FXGL Background Thread 1 ] DEBUG FXGLAssetLoaderServi - Loading from file system: jar:file:///C:/Users/WONDER/.m2/repository/com/github/almasb/fxgl/17.1/fxgl-17.1.jar!/fxglassets/ui/css/fxgl_dark.css
16:15:16.582 [FXGL Background Thread 1 ] DEBUG GameApplicationServi - Applying CSS: tankApp.css
16:15:16.584 [FXGL Background Thread 1 ] DEBUG FXGLAssetLoaderServi - Loading from file system: file:/C:/Users/WONDER/Desktop/FXGL_Tank-main2/target/classes/assets/ui/css/tankApp.css
16:15:16.584 [FXGL Background Thread 1 ] DEBUG GameApplicationServi - Initializing application scenes
16:15:16.587 [FXGL Background Thread 1 ] DEBUG GameWorld            - Game world initialized
16:15:16.627 [FXGL Background Thread 1 ] DEBUG PhysicsWorld         - Physics world initialized: appHeight=672, physics.ppm=50.0
16:15:16.627 [FXGL Background Thread 1 ] DEBUG PhysicsWorld         - Using strategy: BRUTE_FORCE
16:15:16.630 [FXGL Background Thread 1 ] DEBUG GameScene            - Game scene initialized: 816x672
16:15:16.633 [FXGL Background Thread 1 ] DEBUG FXGLAssetLoaderServi - Loading from file system: file:/C:/Users/WONDER/Desktop/FXGL_Tank-main2/target/classes/assets/textures/ui/logo.png
16:15:16.645 [FXGL Background Thread 1 ] DEBUG FXGLAssetLoaderServi - Loading from file system: file:/C:/Users/WONDER/Desktop/FXGL_Tank-main2/target/classes/assets/textures/ui/icon.png
16:15:16.654 [FXGL Background Thread 1 ] DEBUG FXGLAssetLoaderServi - Loading from file system: file:/C:/Users/WONDER/Desktop/FXGL_Tank-main2/target/classes/assets/textures/ui/tankLoading.png
16:15:16.674 [FXGL Background Thread 1 ] DEBUG FXGLAssetLoaderServi - Loading from file system: file:/C:/Users/WONDER/Desktop/FXGL_Tank-main2/target/classes/assets/textures/ui/fxgl.png
16:15:16.704 [FXGL Background Thread 1 ] DEBUG FXGL.DefaultMenu     - createMenuBodyGameMenu()
16:15:16.710 [FXGL Background Thread 1 ] DEBUG FXGL.DefaultMenu     - createOptionsMenu()
16:15:16.720 [FXGL Background Thread 1 ] DEBUG FXGLAssetLoaderServi - Loading from file system: jar:file:///C:/Users/WONDER/.m2/repository/com/github/almasb/fxgl/17.1/fxgl-17.1.jar!/fxglassets/textures/particles/smoke.png
16:15:16.782 [FXGL Background Thread 1 ] DEBUG FXGLAssetLoaderServi - Loading from file system: jar:file:///C:/Users/WONDER/.m2/repository/com/github/almasb/fxgl/17.1/fxgl-17.1.jar!/fxglassets/textures/particles/trace_horizontal.png
16:15:16.802 [FXGL Background Thread 1 ] DEBUG GameApplicationServi - Application scenes initialized
16:15:16.809 [FXGL Background Thread 1 ] DEBUG SystemBundleService  - Loading FXGL system data
16:15:16.812 [FXGL Background Thread 1 ] DEBUG FileSystemAccess     - Reading from: C:\Users\WONDER\Desktop\FXGL_Tank-main2\system\fxgl.bundle
16:15:16.818 [FXGL Background Thread 1 ] DEBUG SystemBundleService  - Bundle FXGL: {}
16:15:16.818 [FXGL Background Thread 1 ] DEBUG UpdaterService       - Checking for updates
16:15:16.821 [FXGL Background Thread 4 ] DEBUG FXGLApplication      - Loading fonts
16:15:16.822 [FXGL Background Thread 1 ] DEBUG FXGLApplication      - Loading default localization
16:15:16.822 [FXGL Background Thread 4 ] DEBUG FXGLAssetLoaderServi - Loading from file system: jar:file:///C:/Users/WONDER/.m2/repository/com/github/almasb/fxgl/17.1/fxgl-17.1.jar!/fxglassets/ui/fonts/VarelaRound-Regular.ttf
16:15:16.822 [FXGL Background Thread 1 ] DEBUG FXGLAssetLoaderServi - Loading from file system: jar:file:///C:/Users/WONDER/.m2/repository/com/github/almasb/fxgl/17.1/fxgl-17.1.jar!/fxglassets/languages/english.lang
16:15:16.846 [FXGL Background Thread 1 ] INFO  FXGLApplication      - FXGL initialization took: 0.318 sec
16:15:16.854 [JavaFX Application Thread] DEBUG Input                - Registered new binding: action0 - W
16:15:16.855 [JavaFX Application Thread] DEBUG Input                - Registered new binding: action1 - S
16:15:16.855 [JavaFX Application Thread] DEBUG Input                - Registered new binding: action2 - A
16:15:16.856 [JavaFX Application Thread] DEBUG Input                - Registered new binding: action3 - D
16:15:16.856 [JavaFX Application Thread] DEBUG Input                - Registered new binding: action4 - Space
16:15:16.856 [JavaFX Application Thread] DEBUG Input                - Registered new binding: action5 - O
16:15:16.856 [JavaFX Application Thread] DEBUG Input                - Registered new binding: action6 - Up
16:15:16.857 [JavaFX Application Thread] DEBUG Input                - Registered new binding: action7 - Down
16:15:16.857 [JavaFX Application Thread] DEBUG Input                - Registered new binding: action8 - Left
16:15:16.857 [JavaFX Application Thread] DEBUG Input                - Registered new binding: action9 - Right
16:15:16.857 [JavaFX Application Thread] DEBUG Input                - Registered new binding: action10 - Numpad 0
16:15:16.857 [JavaFX Application Thread] DEBUG Input                - Registered new binding: action11 - F
16:15:16.861 [JavaFX Application Thread] DEBUG FXGLAssetLoaderServi - Loading from file system: file:/C:/Users/WONDER/Desktop/FXGL_Tank-main2/target/classes/assets/textures/ui/cursor.png
16:15:16.863 [JavaFX Application Thread] DEBUG Input                - Registered new binding: Screenshot - CTRL+8
16:15:16.864 [JavaFX Application Thread] DEBUG Input                - Registered new binding: System info dump - CTRL+9
16:15:16.864 [JavaFX Application Thread] DEBUG Input                - Registered new binding: Restart - CTRL+R
16:15:16.864 [JavaFX Application Thread] DEBUG Input                - Registered new binding: Toggle Debug Camera - CTRL+7
16:15:16.866 [JavaFX Application Thread] DEBUG LoopRunner           - Starting loop
16:15:16.866 [JavaFX Application Thread] DEBUG LoopRunner           - Initializing JavaFX AnimationTimerLoop
16:15:16.867 [JavaFX Application Thread] DEBUG Input                - Clearing active input actions
16:15:16.874 [JavaFX Application Thread] DEBUG GameApplicationServi - Removing overlay from GameStartupScene and adding to FXGLMainMenuDummyScene
16:15:16.874 [JavaFX Application Thread] DEBUG PrimaryStageWindow   - GameStartupScene -> FXGLMainMenuDummyScene
16:15:16.874 [JavaFX Application Thread] DEBUG PrimaryStageWindow   - Push state: GameMainMenu
16:15:16.874 [JavaFX Application Thread] DEBUG FXGLAssetLoaderServi - Loading from file system: file:/C:/Users/WONDER/Desktop/FXGL_Tank-main2/target/classes/assets/sounds/mainMenuLoad.wav
16:15:16.886 [FXGL Background Thread 4 ] DEBUG FXGLAssetLoaderServi - Loading from file system: jar:file:///C:/Users/WONDER/.m2/repository/com/github/almasb/fxgl/17.1/fxgl-17.1.jar!/fxglassets/ui/fonts/Abel-Regular.ttf
16:15:16.892 [FXGL Background Thread 4 ] DEBUG FXGLAssetLoaderServi - Loading from file system: jar:file:///C:/Users/WONDER/.m2/repository/com/github/almasb/fxgl/17.1/fxgl-17.1.jar!/fxglassets/ui/fonts/TerminalLandMono-Regular.otf
16:15:16.900 [FXGL Background Thread 4 ] DEBUG FXGLAssetLoaderServi - Loading from file system: jar:file:///C:/Users/WONDER/.m2/repository/com/github/almasb/fxgl/17.1/fxgl-17.1.jar!/fxglassets/ui/fonts/Courier-Prime.ttf
16:15:16.939 [JavaFX Application Thread] DEBUG Input                - Clearing active input actions
16:15:16.942 [JavaFX Application Thread] DEBUG GameApplicationServi - Removing overlay from FXGLMainMenuDummyScene and adding to GameMainMenu
16:15:16.942 [JavaFX Application Thread] DEBUG PrimaryStageWindow   - FXGLMainMenuDummyScene -> GameMainMenu
16:15:16.960 [FXGL Background Thread 2 ] WARN  UpdaterService       - Failed to find updates: java.net.ConnectException: Connection refused: connect
16:15:17.000 [JavaFX Application Thread] DEBUG FXGLApplication      - Registering font factories with UI factory
16:15:18.951 [JavaFX Application Thread] DEBUG FXGLAssetLoaderServi - Loading from file system: file:/C:/Users/WONDER/Desktop/FXGL_Tank-main2/target/classes/assets/sounds/mainMenuHover.wav
16:15:19.822 [FXGL Background Thread 3 ] DEBUG Engine               - Logging environment variables
16:15:19.824 [FXGL Background Thread 3 ] DEBUG Engine               - achievements: []
16:15:19.825 [FXGL Background Thread 3 ] DEBUG Engine               - actualHeight: 672.0
16:15:19.826 [FXGL Background Thread 3 ] DEBUG Engine               - actualHeightProperty: ReadOnlyDoubleProperty [value: 672.0]
16:15:19.827 [FXGL Background Thread 3 ] DEBUG Engine               - actualWidth: 816.0
16:15:19.828 [FXGL Background Thread 3 ] DEBUG Engine               - actualWidthProperty: ReadOnlyDoubleProperty [value: 816.0]
16:15:19.828 [FXGL Background Thread 3 ] DEBUG Engine               - appIcon: ui/icon.png
16:15:19.828 [FXGL Background Thread 3 ] DEBUG Engine               - applicationMode: DEVELOPER
16:15:19.829 [FXGL Background Thread 3 ] DEBUG Engine               - cSSList: [fxgl_dark.css, tankApp.css]
16:15:19.829 [FXGL Background Thread 3 ] DEBUG Engine               - collisionDetectionStrategy: BRUTE_FORCE
16:15:19.829 [FXGL Background Thread 3 ] DEBUG Engine               - configClass: Optional.empty
16:15:19.829 [FXGL Background Thread 3 ] DEBUG Engine               - credits: []
16:15:19.830 [FXGL Background Thread 3 ] DEBUG Engine               - defaultCursor: CursorInfo(imageName=ui/cursor.png, hotspotX=0.0, hotspotY=0.0)
16:15:19.830 [FXGL Background Thread 3 ] DEBUG Engine               - devBBoxColorProperty: ObjectProperty [value: 0xff0000ff]
16:15:19.830 [FXGL Background Thread 3 ] DEBUG Engine               - devEnableDebugCameraProperty: BooleanProperty [value: false]
16:15:19.830 [FXGL Background Thread 3 ] DEBUG Engine               - devSensorColorProperty: ObjectProperty [value: 0xffff00ff]
16:15:19.830 [FXGL Background Thread 3 ] DEBUG Engine               - devShowBBoxProperty: BooleanProperty [value: false]
16:15:19.831 [FXGL Background Thread 3 ] DEBUG Engine               - devShowPositionProperty: BooleanProperty [value: false]
16:15:19.831 [FXGL Background Thread 3 ] DEBUG Engine               - enabledMenuItems: []
16:15:19.831 [FXGL Background Thread 3 ] DEBUG Engine               - engineServices: [class com.almasb.fxgl.app.services.FXGLAssetLoaderService, class com.almasb.fxgl.app.FXGLApplication$GameApplicationService, class com.almasb.fxgl.app.services.FXGLDialogService, class com.almasb.fxgl.app.services.IOTaskExecutorService, class com.almasb.fxgl.io.FileSystemService, class com.almasb.fxgl.localization.LocalizationService, class com.almasb.fxgl.app.services.SystemBundleService, class com.almasb.fxgl.profile.SaveLoadService, class com.almasb.fxgl.ui.FXGLUIFactoryServiceProvider, class com.almasb.fxgl.ui.FXGLDialogFactoryServiceProvider, class com.almasb.fxgl.audio.AudioPlayer, class com.almasb.fxgl.notification.impl.NotificationServiceProvider, class com.almasb.fxgl.achievement.AchievementService, class com.almasb.fxgl.cutscene.CutsceneService, class com.almasb.fxgl.minigames.MiniGameService, class com.almasb.fxgl.net.NetService, class com.almasb.fxgl.app.services.UpdaterService, class com.almasb.fxgl.dev.DevService]
16:15:19.831 [FXGL Background Thread 3 ] DEBUG Engine               - fontGame: Abel-Regular.ttf
16:15:19.831 [FXGL Background Thread 3 ] DEBUG Engine               - fontMono: TerminalLandMono-Regular.otf
16:15:19.831 [FXGL Background Thread 3 ] DEBUG Engine               - fontText: Courier-Prime.ttf
16:15:19.831 [FXGL Background Thread 3 ] DEBUG Engine               - fontUI: VarelaRound-Regular.ttf
16:15:19.831 [FXGL Background Thread 3 ] DEBUG Engine               - fullScreen: BooleanProperty [value: false]
16:15:19.831 [FXGL Background Thread 3 ] DEBUG Engine               - gameDifficulty: MEDIUM
16:15:19.832 [FXGL Background Thread 3 ] DEBUG Engine               - gameDifficultyProperty: ObjectProperty [value: MEDIUM]
16:15:19.832 [FXGL Background Thread 3 ] DEBUG Engine               - globalMusicVolume: 0.5
16:15:19.832 [FXGL Background Thread 3 ] DEBUG Engine               - globalMusicVolumeProperty: DoubleProperty [value: 0.5]
16:15:19.832 [FXGL Background Thread 3 ] DEBUG Engine               - globalSoundVolume: 0.5
16:15:19.832 [FXGL Background Thread 3 ] DEBUG Engine               - globalSoundVolumeProperty: DoubleProperty [value: 0.5]
16:15:19.832 [FXGL Background Thread 3 ] DEBUG Engine               - height: 672
16:15:19.832 [FXGL Background Thread 3 ] DEBUG Engine               - is3D: false
16:15:19.832 [FXGL Background Thread 3 ] DEBUG Engine               - isAndroid: false
16:15:19.832 [FXGL Background Thread 3 ] DEBUG Engine               - isBrowser: false
16:15:19.832 [FXGL Background Thread 3 ] DEBUG Engine               - isClickFeedbackEnabled: false
16:15:19.833 [FXGL Background Thread 3 ] DEBUG Engine               - isCloseConfirmation: false
16:15:19.833 [FXGL Background Thread 3 ] DEBUG Engine               - isDesktop: true
16:15:19.833 [FXGL Background Thread 3 ] DEBUG Engine               - isDeveloperMenuEnabled: false
16:15:19.833 [FXGL Background Thread 3 ] DEBUG Engine               - isEmbedded: false
16:15:19.833 [FXGL Background Thread 3 ] DEBUG Engine               - isEntityPreloadEnabled: true
16:15:19.833 [FXGL Background Thread 3 ] DEBUG Engine               - isExperimentalTiledLargeMap: false
16:15:19.834 [FXGL Background Thread 3 ] DEBUG Engine               - isFileSystemWriteAllowed: true
16:15:19.834 [FXGL Background Thread 3 ] DEBUG Engine               - isFullScreenAllowed: false
16:15:19.834 [FXGL Background Thread 3 ] DEBUG Engine               - isFullScreenFromStart: false
16:15:19.837 [FXGL Background Thread 3 ] DEBUG Engine               - isGameMenuEnabled: true
16:15:19.837 [FXGL Background Thread 3 ] DEBUG Engine               - isIOS: false
16:15:19.837 [FXGL Background Thread 3 ] DEBUG Engine               - isIntroEnabled: false
16:15:19.837 [FXGL Background Thread 3 ] DEBUG Engine               - isLinux: false
16:15:19.837 [FXGL Background Thread 3 ] DEBUG Engine               - isMac: false
16:15:19.837 [FXGL Background Thread 3 ] DEBUG Engine               - isMainMenuEnabled: true
16:15:19.837 [FXGL Background Thread 3 ] DEBUG Engine               - isManualResizeEnabled: false
16:15:19.837 [FXGL Background Thread 3 ] DEBUG Engine               - isMobile: false
16:15:19.837 [FXGL Background Thread 3 ] DEBUG Engine               - isNative: false
16:15:19.837 [FXGL Background Thread 3 ] DEBUG Engine               - isPauseMusicWhenMinimized: true
16:15:19.837 [FXGL Background Thread 3 ] DEBUG Engine               - isPreserveResizeRatio: false
16:15:19.837 [FXGL Background Thread 3 ] DEBUG Engine               - isProfilingEnabled: false
16:15:19.837 [FXGL Background Thread 3 ] DEBUG Engine               - isScaleAffectedOnResize: true
16:15:19.837 [FXGL Background Thread 3 ] DEBUG Engine               - isSingleStep: false
16:15:19.837 [FXGL Background Thread 3 ] DEBUG Engine               - isUserProfileEnabled: false
16:15:19.838 [FXGL Background Thread 3 ] DEBUG Engine               - isWindows: true
16:15:19.838 [FXGL Background Thread 3 ] DEBUG Engine               - language: ObjectProperty [value: ENGLISH]
16:15:19.838 [FXGL Background Thread 3 ] DEBUG Engine               - menuKey: ESCAPE
16:15:19.838 [FXGL Background Thread 3 ] DEBUG Engine               - mouseSensitivity: 0.2
16:15:19.838 [FXGL Background Thread 3 ] DEBUG Engine               - notificationViewClass: class com.almasb.fxgl.notification.view.XboxNotificationView
16:15:19.838 [FXGL Background Thread 3 ] DEBUG Engine               - pixelsPerMeter: 50.0
16:15:19.838 [FXGL Background Thread 3 ] DEBUG Engine               - platform: WINDOWS
16:15:19.838 [FXGL Background Thread 3 ] DEBUG Engine               - prefHeightProperty: ReadOnlyDoubleProperty [value: 672.0]
16:15:19.838 [FXGL Background Thread 3 ] DEBUG Engine               - prefWidthProperty: ReadOnlyDoubleProperty [value: 816.0]
16:15:19.838 [FXGL Background Thread 3 ] DEBUG Engine               - profileDir: profiles/
16:15:19.838 [FXGL Background Thread 3 ] DEBUG Engine               - profileName: StringProperty [value: DEFAULT]
16:15:19.838 [FXGL Background Thread 3 ] DEBUG Engine               - randomSeed: -1
16:15:19.839 [FXGL Background Thread 3 ] DEBUG Engine               - runtimeInfo: RuntimeInfo(platform=WINDOWS, version=17.1, build=24.03.2022 17.34)
16:15:19.839 [FXGL Background Thread 3 ] DEBUG Engine               - saveFileExt: sav
16:15:19.840 [FXGL Background Thread 3 ] DEBUG Engine               - scaledHeightProp$fxgl: DoubleProperty [bound, value: 672.0]
16:15:19.840 [FXGL Background Thread 3 ] DEBUG Engine               - scaledWidthProp$fxgl: DoubleProperty [bound, value: 816.0]
16:15:19.840 [FXGL Background Thread 3 ] DEBUG Engine               - sceneFactory: com.ningf.tank.TankApp$1@3944e20c
16:15:19.840 [FXGL Background Thread 3 ] DEBUG Engine               - secondsIn24h: 60
16:15:19.840 [FXGL Background Thread 3 ] DEBUG Engine               - soundMenuBack: menu/back.wav
16:15:19.840 [FXGL Background Thread 3 ] DEBUG Engine               - soundMenuPress: menu/press.wav
16:15:19.840 [FXGL Background Thread 3 ] DEBUG Engine               - soundMenuSelect: menu/select.wav
16:15:19.840 [FXGL Background Thread 3 ] DEBUG Engine               - soundNotification: core/notification.wav
16:15:19.840 [FXGL Background Thread 3 ] DEBUG Engine               - stageStyle: DECORATED
16:15:19.840 [FXGL Background Thread 3 ] DEBUG Engine               - supportedLanguages: [ENGLISH, FRENCH, GERMAN, HUNGARIAN, RUSSIAN]
16:15:19.840 [FXGL Background Thread 3 ] DEBUG Engine               - ticksPerSecond: -1
16:15:19.840 [FXGL Background Thread 3 ] DEBUG Engine               - title: 90 Tank
16:15:19.841 [FXGL Background Thread 3 ] DEBUG Engine               - urlGithub: https://github.com/AlmasB/FXGL
16:15:19.841 [FXGL Background Thread 3 ] DEBUG Engine               - urlLeaderboard: http://fxgl-top.herokuapp.com/
16:15:19.841 [FXGL Background Thread 3 ] DEBUG Engine               - urlPOM: https://raw.githubusercontent.com/AlmasB/FXGL/release/README.md
16:15:19.841 [FXGL Background Thread 3 ] DEBUG Engine               - userAppClass: class com.ningf.tank.TankApp
16:15:19.841 [FXGL Background Thread 3 ] DEBUG Engine               - version: Version 0.3
16:15:19.841 [FXGL Background Thread 3 ] DEBUG Engine               - versionCheckDays: 7
16:15:19.841 [FXGL Background Thread 3 ] DEBUG Engine               - width: 816
16:15:19.841 [FXGL Background Thread 3 ] DEBUG Engine               - Logging services
16:15:19.841 [FXGL Background Thread 3 ] DEBUG Engine               - class com.almasb.fxgl.app.services.FXGLAssetLoaderService
16:15:19.841 [FXGL Background Thread 3 ] DEBUG Engine               - class com.almasb.fxgl.app.FXGLApplication$GameApplicationService
16:15:19.841 [FXGL Background Thread 3 ] DEBUG Engine               - class com.almasb.fxgl.app.services.FXGLDialogService
16:15:19.841 [FXGL Background Thread 3 ] DEBUG Engine               - class com.almasb.fxgl.app.services.IOTaskExecutorService
16:15:19.841 [FXGL Background Thread 3 ] DEBUG Engine               - class com.almasb.fxgl.io.FileSystemService
16:15:19.841 [FXGL Background Thread 3 ] DEBUG Engine               - class com.almasb.fxgl.localization.LocalizationService
16:15:19.841 [FXGL Background Thread 3 ] DEBUG Engine               - class com.almasb.fxgl.app.services.SystemBundleService
16:15:19.841 [FXGL Background Thread 3 ] DEBUG Engine               - class com.almasb.fxgl.profile.SaveLoadService
16:15:19.841 [FXGL Background Thread 3 ] DEBUG Engine               - class com.almasb.fxgl.ui.FXGLUIFactoryServiceProvider
16:15:19.841 [FXGL Background Thread 3 ] DEBUG Engine               - class com.almasb.fxgl.ui.FXGLDialogFactoryServiceProvider
16:15:19.841 [FXGL Background Thread 3 ] DEBUG Engine               - class com.almasb.fxgl.audio.AudioPlayer
16:15:19.841 [FXGL Background Thread 3 ] DEBUG Engine               - class com.almasb.fxgl.notification.impl.NotificationServiceProvider
16:15:19.841 [FXGL Background Thread 3 ] DEBUG Engine               - class com.almasb.fxgl.achievement.AchievementService
16:15:19.842 [FXGL Background Thread 3 ] DEBUG Engine               - class com.almasb.fxgl.cutscene.CutsceneService
16:15:19.842 [FXGL Background Thread 3 ] DEBUG Engine               - class com.almasb.fxgl.minigames.MiniGameService
16:15:19.842 [FXGL Background Thread 3 ] DEBUG Engine               - class com.almasb.fxgl.net.NetService
16:15:19.842 [FXGL Background Thread 3 ] DEBUG Engine               - class com.almasb.fxgl.app.services.UpdaterService
16:15:19.842 [FXGL Background Thread 3 ] DEBUG Engine               - class com.almasb.fxgl.dev.DevService
16:15:19.871 [JavaFX Application Thread] DEBUG FXGLAssetLoaderServi - Loading from file system: file:/C:/Users/WONDER/Desktop/FXGL_Tank-main2/target/classes/assets/sounds/select.wav
16:15:44.438 [JavaFX Application Thread] DEBUG PrimaryStageWindow   - Pop state: GameMainMenu
16:15:44.438 [JavaFX Application Thread] DEBUG Input                - Clearing active input actions
16:15:44.440 [JavaFX Application Thread] DEBUG GameApplicationServi - Removing overlay from GameMainMenu and adding to FXGLMainMenuDummyScene
16:15:44.440 [JavaFX Application Thread] DEBUG PrimaryStageWindow   - FXGLMainMenuDummyScene <- GameMainMenu
16:15:44.441 [JavaFX Application Thread] WARN  PrimaryStageWindow   - Cannot set to FXGLMainMenuDummyScene. Probably because subscenes are present.
16:15:44.441 [JavaFX Application Thread] DEBUG PrimaryStageWindow   - Push state: GameMainMenu
16:15:44.441 [JavaFX Application Thread] DEBUG Input                - Clearing active input actions
16:15:44.445 [JavaFX Application Thread] DEBUG GameApplicationServi - Removing overlay from FXGLMainMenuDummyScene and adding to GameMainMenu
16:15:44.447 [JavaFX Application Thread] DEBUG PrimaryStageWindow   - FXGLMainMenuDummyScene -> GameMainMenu
16:15:45.945 [JavaFX Application Thread] DEBUG FXGLAssetLoaderServi - Loading from file system: file:/C:/Users/WONDER/Desktop/FXGL_Tank-main2/target/classes/assets/textures/map/brick.png
16:15:45.948 [JavaFX Application Thread] DEBUG FXGLAssetLoaderServi - Loading from file system: file:/C:/Users/WONDER/Desktop/FXGL_Tank-main2/target/classes/assets/properties/game.properties
16:15:46.001 [JavaFX Application Thread] DEBUG LoopRunner           - Stopping loop
16:15:46.002 [JavaFX Application Thread] FATAL FXGLApplication      - Uncaught Exception:
java.lang.RuntimeException: java.lang.ClassNotFoundException: com.leewyatt.github.tank.GameType
	at FXGL_Tank/com.ningf.tank.ui.ConstructPane.loadMapData(ConstructPane.java:221)
	at FXGL_Tank/com.ningf.tank.ui.ConstructPane.initMapData(ConstructPane.java:229)
	at FXGL_Tank/com.ningf.tank.ui.ConstructPane.<init>(ConstructPane.java:59)
	at FXGL_Tank/com.ningf.tank.ui.GameMainMenu.lambda$new$2(GameMainMenu.java:103)
	at FXGL_Tank/com.ningf.tank.ui.MainMenuButton.lambda$new$2(MainMenuButton.java:36)
	at javafx.base@18/com.sun.javafx.event.CompositeEventHandler.dispatchBubblingEvent(CompositeEventHandler.java:86)
	at javafx.base@18/com.sun.javafx.event.EventHandlerManager.dispatchBubblingEvent(EventHandlerManager.java:234)
	at javafx.base@18/com.sun.javafx.event.EventHandlerManager.dispatchBubblingEvent(EventHandlerManager.java:191)
	at javafx.base@18/com.sun.javafx.event.CompositeEventDispatcher.dispatchBubblingEvent(CompositeEventDispatcher.java:59)
	at javafx.base@18/com.sun.javafx.event.BasicEventDispatcher.dispatchEvent(BasicEventDispatcher.java:58)
	at javafx.base@18/com.sun.javafx.event.EventDispatchChainImpl.dispatchEvent(EventDispatchChainImpl.java:114)
	at javafx.base@18/com.sun.javafx.event.BasicEventDispatcher.dispatchEvent(BasicEventDispatcher.java:56)
	at javafx.base@18/com.sun.javafx.event.EventDispatchChainImpl.dispatchEvent(EventDispatchChainImpl.java:114)
	at javafx.base@18/com.sun.javafx.event.BasicEventDispatcher.dispatchEvent(BasicEventDispatcher.java:56)
	at javafx.base@18/com.sun.javafx.event.EventDispatchChainImpl.dispatchEvent(EventDispatchChainImpl.java:114)
	at javafx.base@18/com.sun.javafx.event.EventUtil.fireEventImpl(EventUtil.java:74)
	at javafx.base@18/com.sun.javafx.event.EventUtil.fireEvent(EventUtil.java:54)
	at javafx.base@18/javafx.event.Event.fireEvent(Event.java:198)
	at javafx.graphics@18/javafx.scene.Scene$ClickGenerator.postProcess(Scene.java:3586)
	at javafx.graphics@18/javafx.scene.Scene$MouseHandler.process(Scene.java:3890)
	at javafx.graphics@18/javafx.scene.Scene.processMouseEvent(Scene.java:1874)
	at javafx.graphics@18/javafx.scene.Scene$ScenePeerListener.mouseEvent(Scene.java:2607)
	at javafx.graphics@18/com.sun.javafx.tk.quantum.GlassViewEventHandler$MouseEventNotification.run(GlassViewEventHandler.java:411)
	at javafx.graphics@18/com.sun.javafx.tk.quantum.GlassViewEventHandler$MouseEventNotification.run(GlassViewEventHandler.java:301)
	at java.base/java.security.AccessController.doPrivileged(AccessController.java:399)
	at javafx.graphics@18/com.sun.javafx.tk.quantum.GlassViewEventHandler.lambda$handleMouseEvent$2(GlassViewEventHandler.java:450)
	at javafx.graphics@18/com.sun.javafx.tk.quantum.QuantumToolkit.runWithoutRenderLock(QuantumToolkit.java:424)
	at javafx.graphics@18/com.sun.javafx.tk.quantum.GlassViewEventHandler.handleMouseEvent(GlassViewEventHandler.java:449)
	at javafx.graphics@18/com.sun.glass.ui.View.handleMouseEvent(View.java:551)
	at javafx.graphics@18/com.sun.glass.ui.View.notifyMouse(View.java:937)
	at javafx.graphics@18/com.sun.glass.ui.win.WinApplication._runLoop(Native Method)
	at javafx.graphics@18/com.sun.glass.ui.win.WinApplication.lambda$runLoop$3(WinApplication.java:184)
	at java.base/java.lang.Thread.run(Thread.java:833)
Caused by: java.lang.ClassNotFoundException: com.leewyatt.github.tank.GameType
	at java.base/jdk.internal.loader.BuiltinClassLoader.loadClass(BuiltinClassLoader.java:641)
	at java.base/jdk.internal.loader.ClassLoaders$AppClassLoader.loadClass(ClassLoaders.java:188)
	at java.base/java.lang.ClassLoader.loadClass(ClassLoader.java:520)
	at java.base/java.lang.Class.forName0(Native Method)
	at java.base/java.lang.Class.forName(Class.java:467)
	at java.base/java.io.ObjectInputStream.resolveClass(ObjectInputStream.java:778)
	at java.base/java.io.ObjectInputStream.readNonProxyDesc(ObjectInputStream.java:2045)
	at java.base/java.io.ObjectInputStream.readClassDesc(ObjectInputStream.java:1909)
	at java.base/java.io.ObjectInputStream.readArray(ObjectInputStream.java:2123)
	at java.base/java.io.ObjectInputStream.readObject0(ObjectInputStream.java:1732)
	at java.base/java.io.ObjectInputStream.readObject(ObjectInputStream.java:514)
	at java.base/java.io.ObjectInputStream.readObject(ObjectInputStream.java:472)
	at FXGL_Tank/com.ningf.tank.ui.ConstructPane.loadMapData(ConstructPane.java:219)
	... 32 more

16:15:46.003 [JavaFX Application Thread] FATAL FXGLApplication      - Application will now exit
16:15:46.020 [JavaFX Application Thread] DEBUG PrimaryStageWindow   - Push state: ErrorSubScene
16:15:46.020 [JavaFX Application Thread] DEBUG Input                - Clearing active input actions
16:15:46.026 [JavaFX Application Thread] DEBUG GameApplicationServi - Removing overlay from GameMainMenu and adding to ErrorSubScene
16:15:46.026 [JavaFX Application Thread] DEBUG PrimaryStageWindow   - GameMainMenu -> ErrorSubScene
16:16:02.569 [JavaFX Application Thread] DEBUG FXGLApplication      - Exiting FXGL
16:16:02.569 [JavaFX Application Thread] DEBUG Async                - Shutting down background threads
16:16:02.570 [JavaFX Application Thread] DEBUG PrimaryStageWindow   - Closing main window
16:16:02.620 [JavaFX Application Thread] DEBUG Logger               - Closing Logger
