18:26:38.852 [main                     ] DEBUG Logger               - Configured Logger
18:26:38.873 [main                     ] DEBUG GameApplication      - Logging settings
Title: 90 Tank
Version: Version 0.3
Width: 816
Height: 672
Fullscreen: false
Intro: false
Profiling: false
Single step:false
App Mode: DEVELOPER
Menu Key: ESCAPE
Stage Style: DECORATED
Scene Factory: class com.ningf.tank.TankApp$1

18:26:39.104 [JavaFX Application Thread] DEBUG FXGLApplication      - Initializing FXGL
18:26:39.109 [JavaFX Application Thread] INFO  Engine               - FXGL-17.1 (24.03.2022 17.34) on WINDOWS (J:17.0.7 FX:18)
18:26:39.109 [JavaFX Application Thread] DEBUG Engine               - JRE Vendor Name: Oracle Corporation
18:26:39.109 [JavaFX Application Thread] DEBUG Engine               - Running on OS: Windows 11 version 10.0
18:26:39.109 [JavaFX Application Thread] DEBUG Engine               - Architecture: amd64
18:26:39.109 [JavaFX Application Thread] INFO  Engine               - Source code and latest versions at: https://github.com/AlmasB/FXGL
18:26:39.109 [JavaFX Application Thread] INFO  Engine               -       Ask questions and discuss at: https://github.com/AlmasB/FXGL/discussions
18:26:39.111 [JavaFX Application Thread] INFO  Engine               -              Join the FXGL chat at: https://gitter.im/AlmasB/FXGL
18:26:39.172 [JavaFX Application Thread] DEBUG PrimaryStageWindow   - Creating a JavaFX scene
18:26:39.203 [JavaFX Application Thread] DEBUG PrimaryStageWindow   - Target settings size: 816.0 x 672.0
18:26:39.203 [JavaFX Application Thread] DEBUG PrimaryStageWindow   - Scaled scene size:    816.0 x 672.0
18:26:39.203 [JavaFX Application Thread] DEBUG PrimaryStageWindow   - Scaled ratio: (1.0, 1.0)
18:26:39.203 [JavaFX Application Thread] DEBUG PrimaryStageWindow   - Set initial scene to GameStartupScene
18:26:39.207 [JavaFX Application Thread] DEBUG PrimaryStageWindow   - Opening main window
18:26:39.278 [JavaFX Application Thread] DEBUG PrimaryStageWindow   - Window border size: (14.66668701171875, 37.33331298828125)
18:26:39.278 [JavaFX Application Thread] DEBUG PrimaryStageWindow   - Scaled size: 816.0 x 672.0
18:26:39.279 [JavaFX Application Thread] DEBUG PrimaryStageWindow   - Scaled ratio: (1.0, 1.0)
18:26:39.279 [JavaFX Application Thread] DEBUG PrimaryStageWindow   - Scene size: 816.0 x 672.0
18:26:39.279 [JavaFX Application Thread] DEBUG PrimaryStageWindow   - Stage size: 830.6666870117188 x 709.3333129882812
18:26:39.284 [FXGL Background Thread 1 ] DEBUG Engine               - Initializing environment variables
18:26:39.314 [FXGL Background Thread 1 ] DEBUG FXGLAssetLoaderServi - User app class for loading assets: class com.ningf.tank.TankApp
18:26:39.314 [FXGL Background Thread 1 ] DEBUG GameApplicationServi - Applying CSS: fxgl_dark.css
18:26:39.315 [FXGL Background Thread 1 ] DEBUG FXGLAssetLoaderServi - Loading from file system: jar:file:///C:/Users/WONDER/.m2/repository/com/github/almasb/fxgl/17.1/fxgl-17.1.jar!/fxglassets/ui/css/fxgl_dark.css
18:26:39.334 [FXGL Background Thread 1 ] DEBUG GameApplicationServi - Applying CSS: tankApp.css
18:26:39.334 [FXGL Background Thread 1 ] DEBUG FXGLAssetLoaderServi - Loading from file system: file:/D:/SoftwareDevelopment/javaFxProject/tank_v3.1/target/classes/assets/ui/css/tankApp.css
18:26:39.336 [FXGL Background Thread 1 ] DEBUG GameApplicationServi - Initializing application scenes
18:26:39.341 [FXGL Background Thread 1 ] DEBUG GameWorld            - Game world initialized
18:26:39.391 [FXGL Background Thread 1 ] DEBUG PhysicsWorld         - Physics world initialized: appHeight=672, physics.ppm=50.0
18:26:39.391 [FXGL Background Thread 1 ] DEBUG PhysicsWorld         - Using strategy: BRUTE_FORCE
18:26:39.395 [FXGL Background Thread 1 ] DEBUG GameScene            - Game scene initialized: 816x672
18:26:39.397 [FXGL Background Thread 1 ] DEBUG FXGLAssetLoaderServi - Loading from file system: file:/D:/SoftwareDevelopment/javaFxProject/tank_v3.1/target/classes/assets/textures/ui/logo.png
18:26:39.407 [FXGL Background Thread 1 ] DEBUG FXGLAssetLoaderServi - Loading from file system: file:/D:/SoftwareDevelopment/javaFxProject/tank_v3.1/target/classes/assets/textures/ui/icon.png
18:26:39.414 [FXGL Background Thread 1 ] DEBUG FXGLAssetLoaderServi - Loading from file system: file:/D:/SoftwareDevelopment/javaFxProject/tank_v3.1/target/classes/assets/textures/ui/tankLoading.png
18:26:39.439 [FXGL Background Thread 1 ] DEBUG FXGLAssetLoaderServi - Loading from file system: file:/D:/SoftwareDevelopment/javaFxProject/tank_v3.1/target/classes/assets/textures/ui/fxgl.png
18:26:39.467 [FXGL Background Thread 1 ] DEBUG FXGL.DefaultMenu     - createMenuBodyGameMenu()
18:26:39.472 [FXGL Background Thread 1 ] DEBUG FXGL.DefaultMenu     - createOptionsMenu()
18:26:39.482 [FXGL Background Thread 1 ] DEBUG FXGLAssetLoaderServi - Loading from file system: jar:file:///C:/Users/WONDER/.m2/repository/com/github/almasb/fxgl/17.1/fxgl-17.1.jar!/fxglassets/textures/particles/smoke.png
18:26:39.546 [FXGL Background Thread 1 ] DEBUG FXGLAssetLoaderServi - Loading from file system: jar:file:///C:/Users/WONDER/.m2/repository/com/github/almasb/fxgl/17.1/fxgl-17.1.jar!/fxglassets/textures/particles/trace_horizontal.png
18:26:39.558 [FXGL Background Thread 1 ] DEBUG GameApplicationServi - Application scenes initialized
18:26:39.566 [FXGL Background Thread 1 ] DEBUG SystemBundleService  - Loading FXGL system data
18:26:39.570 [FXGL Background Thread 1 ] DEBUG FileSystemAccess     - Reading from: D:\SoftwareDevelopment\javaFxProject\tank_v3.1\system\fxgl.bundle
18:26:39.575 [FXGL Background Thread 1 ] DEBUG SystemBundleService  - Bundle FXGL: {}
18:26:39.575 [FXGL Background Thread 1 ] DEBUG UpdaterService       - Checking for updates
18:26:39.578 [FXGL Background Thread 4 ] DEBUG FXGLApplication      - Loading fonts
18:26:39.578 [FXGL Background Thread 1 ] DEBUG FXGLApplication      - Loading default localization
18:26:39.578 [FXGL Background Thread 4 ] DEBUG FXGLAssetLoaderServi - Loading from file system: jar:file:///C:/Users/WONDER/.m2/repository/com/github/almasb/fxgl/17.1/fxgl-17.1.jar!/fxglassets/ui/fonts/VarelaRound-Regular.ttf
18:26:39.579 [FXGL Background Thread 1 ] DEBUG FXGLAssetLoaderServi - Loading from file system: jar:file:///C:/Users/WONDER/.m2/repository/com/github/almasb/fxgl/17.1/fxgl-17.1.jar!/fxglassets/languages/english.lang
18:26:39.595 [FXGL Background Thread 1 ] INFO  FXGLApplication      - FXGL initialization took: 0.310 sec
18:26:39.605 [JavaFX Application Thread] DEBUG Input                - Registered new binding: action0 - W
18:26:39.606 [JavaFX Application Thread] DEBUG Input                - Registered new binding: action1 - S
18:26:39.606 [JavaFX Application Thread] DEBUG Input                - Registered new binding: action2 - A
18:26:39.607 [JavaFX Application Thread] DEBUG Input                - Registered new binding: action3 - D
18:26:39.607 [JavaFX Application Thread] DEBUG Input                - Registered new binding: action4 - Space
18:26:39.607 [JavaFX Application Thread] DEBUG Input                - Registered new binding: action5 - O
18:26:39.608 [JavaFX Application Thread] DEBUG Input                - Registered new binding: action6 - Up
18:26:39.608 [JavaFX Application Thread] DEBUG Input                - Registered new binding: action7 - Down
18:26:39.609 [JavaFX Application Thread] DEBUG Input                - Registered new binding: action8 - Left
18:26:39.609 [JavaFX Application Thread] DEBUG Input                - Registered new binding: action9 - Right
18:26:39.610 [JavaFX Application Thread] DEBUG Input                - Registered new binding: action10 - Numpad 0
18:26:39.610 [JavaFX Application Thread] DEBUG Input                - Registered new binding: action11 - F
18:26:39.616 [JavaFX Application Thread] DEBUG FXGLAssetLoaderServi - Loading from file system: file:/D:/SoftwareDevelopment/javaFxProject/tank_v3.1/target/classes/assets/textures/ui/cursor.png
18:26:39.619 [JavaFX Application Thread] DEBUG Input                - Registered new binding: Screenshot - CTRL+8
18:26:39.619 [JavaFX Application Thread] DEBUG Input                - Registered new binding: System info dump - CTRL+9
18:26:39.620 [JavaFX Application Thread] DEBUG Input                - Registered new binding: Restart - CTRL+R
18:26:39.621 [JavaFX Application Thread] DEBUG Input                - Registered new binding: Toggle Debug Camera - CTRL+7
18:26:39.624 [FXGL Background Thread 4 ] DEBUG FXGLAssetLoaderServi - Loading from file system: jar:file:///C:/Users/WONDER/.m2/repository/com/github/almasb/fxgl/17.1/fxgl-17.1.jar!/fxglassets/ui/fonts/Abel-Regular.ttf
18:26:39.625 [JavaFX Application Thread] DEBUG LoopRunner           - Starting loop
18:26:39.625 [JavaFX Application Thread] DEBUG LoopRunner           - Initializing JavaFX AnimationTimerLoop
18:26:39.629 [JavaFX Application Thread] DEBUG Input                - Clearing active input actions
18:26:39.630 [FXGL Background Thread 4 ] DEBUG FXGLAssetLoaderServi - Loading from file system: jar:file:///C:/Users/WONDER/.m2/repository/com/github/almasb/fxgl/17.1/fxgl-17.1.jar!/fxglassets/ui/fonts/TerminalLandMono-Regular.otf
18:26:39.635 [JavaFX Application Thread] DEBUG GameApplicationServi - Removing overlay from GameStartupScene and adding to FXGLMainMenuDummyScene
18:26:39.636 [JavaFX Application Thread] DEBUG PrimaryStageWindow   - GameStartupScene -> FXGLMainMenuDummyScene
18:26:39.636 [JavaFX Application Thread] DEBUG PrimaryStageWindow   - Push state: GameMainMenu
18:26:39.636 [JavaFX Application Thread] DEBUG FXGLAssetLoaderServi - Loading from file system: file:/D:/SoftwareDevelopment/javaFxProject/tank_v3.1/target/classes/assets/sounds/mainMenuLoad.wav
18:26:39.637 [FXGL Background Thread 4 ] DEBUG FXGLAssetLoaderServi - Loading from file system: jar:file:///C:/Users/WONDER/.m2/repository/com/github/almasb/fxgl/17.1/fxgl-17.1.jar!/fxglassets/ui/fonts/Courier-Prime.ttf
18:26:39.703 [JavaFX Application Thread] DEBUG Input                - Clearing active input actions
18:26:39.708 [JavaFX Application Thread] DEBUG GameApplicationServi - Removing overlay from FXGLMainMenuDummyScene and adding to GameMainMenu
18:26:39.708 [JavaFX Application Thread] DEBUG PrimaryStageWindow   - FXGLMainMenuDummyScene -> GameMainMenu
18:26:39.763 [JavaFX Application Thread] DEBUG FXGLApplication      - Registering font factories with UI factory
18:26:39.818 [FXGL Background Thread 2 ] WARN  UpdaterService       - Failed to find updates: javax.net.ssl.SSLHandshakeException: PKIX path building failed: sun.security.provider.certpath.SunCertPathBuilderException: unable to find valid certification path to requested target
18:26:41.706 [JavaFX Application Thread] DEBUG FXGLAssetLoaderServi - Loading from file system: file:/D:/SoftwareDevelopment/javaFxProject/tank_v3.1/target/classes/assets/sounds/mainMenuHover.wav
18:26:42.345 [JavaFX Application Thread] DEBUG FXGLAssetLoaderServi - Loading from file system: file:/D:/SoftwareDevelopment/javaFxProject/tank_v3.1/target/classes/assets/sounds/select.wav
18:26:42.578 [FXGL Background Thread 3 ] DEBUG Engine               - Logging environment variables
18:26:42.580 [FXGL Background Thread 3 ] DEBUG Engine               - achievements: []
18:26:42.580 [FXGL Background Thread 3 ] DEBUG Engine               - actualHeight: 672.0
18:26:42.580 [FXGL Background Thread 3 ] DEBUG Engine               - actualHeightProperty: ReadOnlyDoubleProperty [value: 672.0]
18:26:42.580 [FXGL Background Thread 3 ] DEBUG Engine               - actualWidth: 816.0
18:26:42.581 [FXGL Background Thread 3 ] DEBUG Engine               - actualWidthProperty: ReadOnlyDoubleProperty [value: 816.0]
18:26:42.581 [FXGL Background Thread 3 ] DEBUG Engine               - appIcon: ui/icon.png
18:26:42.581 [FXGL Background Thread 3 ] DEBUG Engine               - applicationMode: DEVELOPER
18:26:42.581 [FXGL Background Thread 3 ] DEBUG Engine               - cSSList: [fxgl_dark.css, tankApp.css]
18:26:42.581 [FXGL Background Thread 3 ] DEBUG Engine               - collisionDetectionStrategy: BRUTE_FORCE
18:26:42.581 [FXGL Background Thread 3 ] DEBUG Engine               - configClass: Optional.empty
18:26:42.581 [FXGL Background Thread 3 ] DEBUG Engine               - credits: []
18:26:42.583 [FXGL Background Thread 3 ] DEBUG Engine               - defaultCursor: CursorInfo(imageName=ui/cursor.png, hotspotX=0.0, hotspotY=0.0)
18:26:42.583 [FXGL Background Thread 3 ] DEBUG Engine               - devBBoxColorProperty: ObjectProperty [value: 0xff0000ff]
18:26:42.583 [FXGL Background Thread 3 ] DEBUG Engine               - devEnableDebugCameraProperty: BooleanProperty [value: false]
18:26:42.583 [FXGL Background Thread 3 ] DEBUG Engine               - devSensorColorProperty: ObjectProperty [value: 0xffff00ff]
18:26:42.583 [FXGL Background Thread 3 ] DEBUG Engine               - devShowBBoxProperty: BooleanProperty [value: false]
18:26:42.583 [FXGL Background Thread 3 ] DEBUG Engine               - devShowPositionProperty: BooleanProperty [value: false]
18:26:42.583 [FXGL Background Thread 3 ] DEBUG Engine               - enabledMenuItems: []
18:26:42.584 [FXGL Background Thread 3 ] DEBUG Engine               - engineServices: [class com.almasb.fxgl.app.services.FXGLAssetLoaderService, class com.almasb.fxgl.app.FXGLApplication$GameApplicationService, class com.almasb.fxgl.app.services.FXGLDialogService, class com.almasb.fxgl.app.services.IOTaskExecutorService, class com.almasb.fxgl.io.FileSystemService, class com.almasb.fxgl.localization.LocalizationService, class com.almasb.fxgl.app.services.SystemBundleService, class com.almasb.fxgl.profile.SaveLoadService, class com.almasb.fxgl.ui.FXGLUIFactoryServiceProvider, class com.almasb.fxgl.ui.FXGLDialogFactoryServiceProvider, class com.almasb.fxgl.audio.AudioPlayer, class com.almasb.fxgl.notification.impl.NotificationServiceProvider, class com.almasb.fxgl.achievement.AchievementService, class com.almasb.fxgl.cutscene.CutsceneService, class com.almasb.fxgl.minigames.MiniGameService, class com.almasb.fxgl.net.NetService, class com.almasb.fxgl.app.services.UpdaterService, class com.almasb.fxgl.dev.DevService]
18:26:42.584 [FXGL Background Thread 3 ] DEBUG Engine               - fontGame: Abel-Regular.ttf
18:26:42.584 [FXGL Background Thread 3 ] DEBUG Engine               - fontMono: TerminalLandMono-Regular.otf
18:26:42.584 [FXGL Background Thread 3 ] DEBUG Engine               - fontText: Courier-Prime.ttf
18:26:42.584 [FXGL Background Thread 3 ] DEBUG Engine               - fontUI: VarelaRound-Regular.ttf
18:26:42.584 [FXGL Background Thread 3 ] DEBUG Engine               - fullScreen: BooleanProperty [value: false]
18:26:42.584 [FXGL Background Thread 3 ] DEBUG Engine               - gameDifficulty: MEDIUM
18:26:42.584 [FXGL Background Thread 3 ] DEBUG Engine               - gameDifficultyProperty: ObjectProperty [value: MEDIUM]
18:26:42.584 [FXGL Background Thread 3 ] DEBUG Engine               - globalMusicVolume: 0.5
18:26:42.584 [FXGL Background Thread 3 ] DEBUG Engine               - globalMusicVolumeProperty: DoubleProperty [value: 0.5]
18:26:42.584 [FXGL Background Thread 3 ] DEBUG Engine               - globalSoundVolume: 0.5
18:26:42.584 [FXGL Background Thread 3 ] DEBUG Engine               - globalSoundVolumeProperty: DoubleProperty [value: 0.5]
18:26:42.584 [FXGL Background Thread 3 ] DEBUG Engine               - height: 672
18:26:42.584 [FXGL Background Thread 3 ] DEBUG Engine               - is3D: false
18:26:42.584 [FXGL Background Thread 3 ] DEBUG Engine               - isAndroid: false
18:26:42.584 [FXGL Background Thread 3 ] DEBUG Engine               - isBrowser: false
18:26:42.584 [FXGL Background Thread 3 ] DEBUG Engine               - isClickFeedbackEnabled: false
18:26:42.584 [FXGL Background Thread 3 ] DEBUG Engine               - isCloseConfirmation: false
18:26:42.584 [FXGL Background Thread 3 ] DEBUG Engine               - isDesktop: true
18:26:42.584 [FXGL Background Thread 3 ] DEBUG Engine               - isDeveloperMenuEnabled: false
18:26:42.584 [FXGL Background Thread 3 ] DEBUG Engine               - isEmbedded: false
18:26:42.584 [FXGL Background Thread 3 ] DEBUG Engine               - isEntityPreloadEnabled: true
18:26:42.584 [FXGL Background Thread 3 ] DEBUG Engine               - isExperimentalTiledLargeMap: false
18:26:42.584 [FXGL Background Thread 3 ] DEBUG Engine               - isFileSystemWriteAllowed: true
18:26:42.585 [FXGL Background Thread 3 ] DEBUG Engine               - isFullScreenAllowed: false
18:26:42.585 [FXGL Background Thread 3 ] DEBUG Engine               - isFullScreenFromStart: false
18:26:42.585 [FXGL Background Thread 3 ] DEBUG Engine               - isGameMenuEnabled: true
18:26:42.585 [FXGL Background Thread 3 ] DEBUG Engine               - isIOS: false
18:26:42.585 [FXGL Background Thread 3 ] DEBUG Engine               - isIntroEnabled: false
18:26:42.585 [FXGL Background Thread 3 ] DEBUG Engine               - isLinux: false
18:26:42.585 [FXGL Background Thread 3 ] DEBUG Engine               - isMac: false
18:26:42.585 [FXGL Background Thread 3 ] DEBUG Engine               - isMainMenuEnabled: true
18:26:42.585 [FXGL Background Thread 3 ] DEBUG Engine               - isManualResizeEnabled: false
18:26:42.585 [FXGL Background Thread 3 ] DEBUG Engine               - isMobile: false
18:26:42.585 [FXGL Background Thread 3 ] DEBUG Engine               - isNative: false
18:26:42.585 [FXGL Background Thread 3 ] DEBUG Engine               - isPauseMusicWhenMinimized: true
18:26:42.585 [FXGL Background Thread 3 ] DEBUG Engine               - isPreserveResizeRatio: false
18:26:42.585 [FXGL Background Thread 3 ] DEBUG Engine               - isProfilingEnabled: false
18:26:42.585 [FXGL Background Thread 3 ] DEBUG Engine               - isScaleAffectedOnResize: true
18:26:42.585 [FXGL Background Thread 3 ] DEBUG Engine               - isSingleStep: false
18:26:42.585 [FXGL Background Thread 3 ] DEBUG Engine               - isUserProfileEnabled: false
18:26:42.585 [FXGL Background Thread 3 ] DEBUG Engine               - isWindows: true
18:26:42.585 [FXGL Background Thread 3 ] DEBUG Engine               - language: ObjectProperty [value: ENGLISH]
18:26:42.585 [FXGL Background Thread 3 ] DEBUG Engine               - menuKey: ESCAPE
18:26:42.585 [FXGL Background Thread 3 ] DEBUG Engine               - mouseSensitivity: 0.2
18:26:42.585 [FXGL Background Thread 3 ] DEBUG Engine               - notificationViewClass: class com.almasb.fxgl.notification.view.XboxNotificationView
18:26:42.585 [FXGL Background Thread 3 ] DEBUG Engine               - pixelsPerMeter: 50.0
18:26:42.585 [FXGL Background Thread 3 ] DEBUG Engine               - platform: WINDOWS
18:26:42.586 [FXGL Background Thread 3 ] DEBUG Engine               - prefHeightProperty: ReadOnlyDoubleProperty [value: 672.0]
18:26:42.586 [FXGL Background Thread 3 ] DEBUG Engine               - prefWidthProperty: ReadOnlyDoubleProperty [value: 816.0]
18:26:42.586 [FXGL Background Thread 3 ] DEBUG Engine               - profileDir: profiles/
18:26:42.586 [FXGL Background Thread 3 ] DEBUG Engine               - profileName: StringProperty [value: DEFAULT]
18:26:42.586 [FXGL Background Thread 3 ] DEBUG Engine               - randomSeed: -1
18:26:42.586 [FXGL Background Thread 3 ] DEBUG Engine               - runtimeInfo: RuntimeInfo(platform=WINDOWS, version=17.1, build=24.03.2022 17.34)
18:26:42.586 [FXGL Background Thread 3 ] DEBUG Engine               - saveFileExt: sav
18:26:42.586 [FXGL Background Thread 3 ] DEBUG Engine               - scaledHeightProp$fxgl: DoubleProperty [bound, value: 672.0]
18:26:42.586 [FXGL Background Thread 3 ] DEBUG Engine               - scaledWidthProp$fxgl: DoubleProperty [bound, value: 816.0]
18:26:42.586 [FXGL Background Thread 3 ] DEBUG Engine               - sceneFactory: com.ningf.tank.TankApp$1@3a6414d0
18:26:42.586 [FXGL Background Thread 3 ] DEBUG Engine               - secondsIn24h: 60
18:26:42.586 [FXGL Background Thread 3 ] DEBUG Engine               - soundMenuBack: menu/back.wav
18:26:42.586 [FXGL Background Thread 3 ] DEBUG Engine               - soundMenuPress: menu/press.wav
18:26:42.586 [FXGL Background Thread 3 ] DEBUG Engine               - soundMenuSelect: menu/select.wav
18:26:42.586 [FXGL Background Thread 3 ] DEBUG Engine               - soundNotification: core/notification.wav
18:26:42.586 [FXGL Background Thread 3 ] DEBUG Engine               - stageStyle: DECORATED
18:26:42.586 [FXGL Background Thread 3 ] DEBUG Engine               - supportedLanguages: [ENGLISH, FRENCH, GERMAN, HUNGARIAN, RUSSIAN]
18:26:42.586 [FXGL Background Thread 3 ] DEBUG Engine               - ticksPerSecond: -1
18:26:42.586 [FXGL Background Thread 3 ] DEBUG Engine               - title: 90 Tank
18:26:42.586 [FXGL Background Thread 3 ] DEBUG Engine               - urlGithub: https://github.com/AlmasB/FXGL
18:26:42.586 [FXGL Background Thread 3 ] DEBUG Engine               - urlLeaderboard: http://fxgl-top.herokuapp.com/
18:26:42.586 [FXGL Background Thread 3 ] DEBUG Engine               - urlPOM: https://raw.githubusercontent.com/AlmasB/FXGL/release/README.md
18:26:42.586 [FXGL Background Thread 3 ] DEBUG Engine               - userAppClass: class com.ningf.tank.TankApp
18:26:42.586 [FXGL Background Thread 3 ] DEBUG Engine               - version: Version 0.3
18:26:42.586 [FXGL Background Thread 3 ] DEBUG Engine               - versionCheckDays: 7
18:26:42.586 [FXGL Background Thread 3 ] DEBUG Engine               - width: 816
18:26:42.586 [FXGL Background Thread 3 ] DEBUG Engine               - Logging services
18:26:42.586 [FXGL Background Thread 3 ] DEBUG Engine               - class com.almasb.fxgl.app.services.FXGLAssetLoaderService
18:26:42.586 [FXGL Background Thread 3 ] DEBUG Engine               - class com.almasb.fxgl.app.FXGLApplication$GameApplicationService
18:26:42.586 [FXGL Background Thread 3 ] DEBUG Engine               - class com.almasb.fxgl.app.services.FXGLDialogService
18:26:42.586 [FXGL Background Thread 3 ] DEBUG Engine               - class com.almasb.fxgl.app.services.IOTaskExecutorService
18:26:42.586 [FXGL Background Thread 3 ] DEBUG Engine               - class com.almasb.fxgl.io.FileSystemService
18:26:42.586 [FXGL Background Thread 3 ] DEBUG Engine               - class com.almasb.fxgl.localization.LocalizationService
18:26:42.586 [FXGL Background Thread 3 ] DEBUG Engine               - class com.almasb.fxgl.app.services.SystemBundleService
18:26:42.586 [FXGL Background Thread 3 ] DEBUG Engine               - class com.almasb.fxgl.profile.SaveLoadService
18:26:42.586 [FXGL Background Thread 3 ] DEBUG Engine               - class com.almasb.fxgl.ui.FXGLUIFactoryServiceProvider
18:26:42.586 [FXGL Background Thread 3 ] DEBUG Engine               - class com.almasb.fxgl.ui.FXGLDialogFactoryServiceProvider
18:26:42.586 [FXGL Background Thread 3 ] DEBUG Engine               - class com.almasb.fxgl.audio.AudioPlayer
18:26:42.586 [FXGL Background Thread 3 ] DEBUG Engine               - class com.almasb.fxgl.notification.impl.NotificationServiceProvider
18:26:42.588 [FXGL Background Thread 3 ] DEBUG Engine               - class com.almasb.fxgl.achievement.AchievementService
18:26:42.588 [FXGL Background Thread 3 ] DEBUG Engine               - class com.almasb.fxgl.cutscene.CutsceneService
18:26:42.588 [FXGL Background Thread 3 ] DEBUG Engine               - class com.almasb.fxgl.minigames.MiniGameService
18:26:42.588 [FXGL Background Thread 3 ] DEBUG Engine               - class com.almasb.fxgl.net.NetService
18:26:42.588 [FXGL Background Thread 3 ] DEBUG Engine               - class com.almasb.fxgl.app.services.UpdaterService
18:26:42.588 [FXGL Background Thread 3 ] DEBUG Engine               - class com.almasb.fxgl.dev.DevService
18:27:24.286 [JavaFX Application Thread] DEBUG FXGLApplication      - Exiting FXGL
18:27:24.286 [JavaFX Application Thread] DEBUG LoopRunner           - Stopping loop
18:27:24.286 [JavaFX Application Thread] DEBUG SystemBundleService  - Saving FXGL system data
18:27:24.289 [JavaFX Application Thread] DEBUG FileSystemAccess     - Writing to: D:\SoftwareDevelopment\javaFxProject\tank_v3.1\system\fxgl.bundle
18:27:24.290 [JavaFX Application Thread] DEBUG Async                - Shutting down background threads
18:27:24.290 [JavaFX Application Thread] DEBUG PrimaryStageWindow   - Closing main window
18:27:24.304 [JavaFX Application Thread] DEBUG Logger               - Closing Logger
