18:35:27.813 [main                     ] DEBUG Logger               - Configured Logger
18:35:27.855 [main                     ] DEBUG GameApplication      - Logging settings
Title: 90 Tank
Version: Version 0.3
Width: 816
Height: 672
Fullscreen: false
Intro: false
Profiling: false
Single step:false
App Mode: DEVELOPER
Menu Key: ESCAPE
Stage Style: DECORATED
Scene Factory: class com.ningf.tank.TankApp$1

18:35:28.247 [JavaFX Application Thread] DEBUG FXGLApplication      - Initializing FXGL
18:35:28.255 [JavaFX Application Thread] INFO  Engine               - FXGL-17.1 (24.03.2022 17.34) on WINDOWS (J:17.0.8 FX:18)
18:35:28.257 [JavaFX Application Thread] DEBUG Engine               - JRE Vendor Name: Oracle Corporation
18:35:28.257 [JavaFX Application Thread] DEBUG Engine               - Running on OS: Windows 11 version 10.0
18:35:28.258 [JavaFX Application Thread] DEBUG Engine               - Architecture: amd64
18:35:28.258 [JavaFX Application Thread] INFO  Engine               - Source code and latest versions at: https://github.com/AlmasB/FXGL
18:35:28.258 [JavaFX Application Thread] INFO  Engine               -       Ask questions and discuss at: https://github.com/AlmasB/FXGL/discussions
18:35:28.258 [JavaFX Application Thread] INFO  Engine               -              Join the FXGL chat at: https://gitter.im/AlmasB/FXGL
18:35:28.340 [JavaFX Application Thread] DEBUG PrimaryStageWindow   - Creating a JavaFX scene
18:35:28.372 [JavaFX Application Thread] DEBUG PrimaryStageWindow   - Target settings size: 816.0 x 672.0
18:35:28.372 [JavaFX Application Thread] DEBUG PrimaryStageWindow   - Scaled scene size:    816.0 x 672.0
18:35:28.372 [JavaFX Application Thread] DEBUG PrimaryStageWindow   - Scaled ratio: (1.0, 1.0)
18:35:28.373 [JavaFX Application Thread] DEBUG PrimaryStageWindow   - Set initial scene to GameStartupScene
18:35:28.378 [JavaFX Application Thread] DEBUG PrimaryStageWindow   - Opening main window
18:35:28.499 [JavaFX Application Thread] DEBUG PrimaryStageWindow   - Window border size: (14.66668701171875, 37.33331298828125)
18:35:28.500 [JavaFX Application Thread] DEBUG PrimaryStageWindow   - Scaled size: 816.0 x 672.0
18:35:28.500 [JavaFX Application Thread] DEBUG PrimaryStageWindow   - Scaled ratio: (1.0, 1.0)
18:35:28.500 [JavaFX Application Thread] DEBUG PrimaryStageWindow   - Scene size: 816.0 x 672.0
18:35:28.500 [JavaFX Application Thread] DEBUG PrimaryStageWindow   - Stage size: 830.6666870117188 x 709.3333129882812
18:35:28.506 [FXGL Background Thread 1 ] DEBUG Engine               - Initializing environment variables
18:35:28.552 [FXGL Background Thread 1 ] DEBUG FXGLAssetLoaderServi - User app class for loading assets: class com.ningf.tank.TankApp
18:35:28.553 [FXGL Background Thread 1 ] DEBUG GameApplicationServi - Applying CSS: fxgl_dark.css
18:35:28.554 [FXGL Background Thread 1 ] DEBUG FXGLAssetLoaderServi - Loading from file system: jar:file:///C:/Users/Lenovo/.m2/repository/com/github/almasb/fxgl/17.1/fxgl-17.1.jar!/fxglassets/ui/css/fxgl_dark.css
18:35:28.580 [FXGL Background Thread 1 ] DEBUG GameApplicationServi - Applying CSS: tankApp.css
18:35:28.580 [FXGL Background Thread 1 ] DEBUG FXGLAssetLoaderServi - Loading from file system: file:/D:/QQ/2283451158/FileRecv/tank_v3.0/FXGL_Tank-main3/target/classes/assets/ui/css/tankApp.css
18:35:28.582 [FXGL Background Thread 1 ] DEBUG GameApplicationServi - Initializing application scenes
18:35:28.587 [FXGL Background Thread 1 ] DEBUG GameWorld            - Game world initialized
18:35:28.655 [FXGL Background Thread 1 ] DEBUG PhysicsWorld         - Physics world initialized: appHeight=672, physics.ppm=50.0
18:35:28.655 [FXGL Background Thread 1 ] DEBUG PhysicsWorld         - Using strategy: BRUTE_FORCE
18:35:28.659 [FXGL Background Thread 1 ] DEBUG GameScene            - Game scene initialized: 816x672
18:35:28.662 [FXGL Background Thread 1 ] DEBUG FXGLAssetLoaderServi - Loading from file system: file:/D:/QQ/2283451158/FileRecv/tank_v3.0/FXGL_Tank-main3/target/classes/assets/textures/ui/logo.png
18:35:28.683 [FXGL Background Thread 1 ] DEBUG FXGLAssetLoaderServi - Loading from file system: file:/D:/QQ/2283451158/FileRecv/tank_v3.0/FXGL_Tank-main3/target/classes/assets/textures/ui/icon.png
18:35:28.708 [FXGL Background Thread 1 ] DEBUG FXGLAssetLoaderServi - Loading from file system: file:/D:/QQ/2283451158/FileRecv/tank_v3.0/FXGL_Tank-main3/target/classes/assets/textures/ui/tankLoading.png
18:35:28.744 [FXGL Background Thread 1 ] DEBUG FXGLAssetLoaderServi - Loading from file system: file:/D:/QQ/2283451158/FileRecv/tank_v3.0/FXGL_Tank-main3/target/classes/assets/textures/ui/fxgl.png
18:35:28.796 [FXGL Background Thread 1 ] DEBUG FXGL.DefaultMenu     - createMenuBodyGameMenu()
18:35:28.815 [FXGL Background Thread 1 ] DEBUG FXGL.DefaultMenu     - createOptionsMenu()
18:35:28.834 [FXGL Background Thread 1 ] DEBUG FXGLAssetLoaderServi - Loading from file system: jar:file:///C:/Users/Lenovo/.m2/repository/com/github/almasb/fxgl/17.1/fxgl-17.1.jar!/fxglassets/textures/particles/smoke.png
18:35:28.934 [FXGL Background Thread 1 ] DEBUG FXGLAssetLoaderServi - Loading from file system: jar:file:///C:/Users/Lenovo/.m2/repository/com/github/almasb/fxgl/17.1/fxgl-17.1.jar!/fxglassets/textures/particles/trace_horizontal.png
18:35:28.957 [FXGL Background Thread 1 ] DEBUG GameApplicationServi - Application scenes initialized
18:35:28.970 [FXGL Background Thread 1 ] DEBUG SystemBundleService  - Loading FXGL system data
18:35:28.976 [FXGL Background Thread 1 ] DEBUG FileSystemAccess     - Reading from: D:\QQ\2283451158\FileRecv\tank_v3.0\FXGL_Tank-main3\system\fxgl.bundle
18:35:28.989 [FXGL Background Thread 1 ] DEBUG SystemBundleService  - Bundle FXGL: {}
18:35:28.990 [FXGL Background Thread 1 ] DEBUG UpdaterService       - Checking for updates
18:35:29.000 [FXGL Background Thread 4 ] DEBUG FXGLApplication      - Loading fonts
18:35:29.000 [FXGL Background Thread 1 ] DEBUG FXGLApplication      - Loading default localization
18:35:29.001 [FXGL Background Thread 4 ] DEBUG FXGLAssetLoaderServi - Loading from file system: jar:file:///C:/Users/Lenovo/.m2/repository/com/github/almasb/fxgl/17.1/fxgl-17.1.jar!/fxglassets/ui/fonts/VarelaRound-Regular.ttf
18:35:29.002 [FXGL Background Thread 1 ] DEBUG FXGLAssetLoaderServi - Loading from file system: jar:file:///C:/Users/Lenovo/.m2/repository/com/github/almasb/fxgl/17.1/fxgl-17.1.jar!/fxglassets/languages/english.lang
18:35:29.067 [FXGL Background Thread 1 ] INFO  FXGLApplication      - FXGL initialization took: 0.560 sec
18:35:29.078 [JavaFX Application Thread] DEBUG Input                - Registered new binding: action0 - W
18:35:29.078 [JavaFX Application Thread] DEBUG Input                - Registered new binding: action1 - S
18:35:29.079 [JavaFX Application Thread] DEBUG Input                - Registered new binding: action2 - A
18:35:29.080 [JavaFX Application Thread] DEBUG Input                - Registered new binding: action3 - D
18:35:29.080 [JavaFX Application Thread] DEBUG Input                - Registered new binding: action4 - Space
18:35:29.081 [JavaFX Application Thread] DEBUG Input                - Registered new binding: action5 - O
18:35:29.081 [JavaFX Application Thread] DEBUG Input                - Registered new binding: action6 - Up
18:35:29.081 [JavaFX Application Thread] DEBUG Input                - Registered new binding: action7 - Down
18:35:29.082 [JavaFX Application Thread] DEBUG Input                - Registered new binding: action8 - Left
18:35:29.082 [JavaFX Application Thread] DEBUG Input                - Registered new binding: action9 - Right
18:35:29.082 [JavaFX Application Thread] DEBUG Input                - Registered new binding: action10 - Numpad 0
18:35:29.082 [JavaFX Application Thread] DEBUG Input                - Registered new binding: action11 - F
18:35:29.087 [JavaFX Application Thread] DEBUG FXGLAssetLoaderServi - Loading from file system: file:/D:/QQ/2283451158/FileRecv/tank_v3.0/FXGL_Tank-main3/target/classes/assets/textures/ui/cursor.png
18:35:29.090 [JavaFX Application Thread] DEBUG Input                - Registered new binding: Screenshot - CTRL+8
18:35:29.091 [JavaFX Application Thread] DEBUG Input                - Registered new binding: System info dump - CTRL+9
18:35:29.091 [JavaFX Application Thread] DEBUG Input                - Registered new binding: Restart - CTRL+R
18:35:29.092 [JavaFX Application Thread] DEBUG Input                - Registered new binding: Toggle Debug Camera - CTRL+7
18:35:29.094 [JavaFX Application Thread] DEBUG LoopRunner           - Starting loop
18:35:29.094 [JavaFX Application Thread] DEBUG LoopRunner           - Initializing JavaFX AnimationTimerLoop
18:35:29.096 [JavaFX Application Thread] DEBUG Input                - Clearing active input actions
18:35:29.105 [JavaFX Application Thread] DEBUG GameApplicationServi - Removing overlay from GameStartupScene and adding to FXGLMainMenuDummyScene
18:35:29.106 [JavaFX Application Thread] DEBUG PrimaryStageWindow   - GameStartupScene -> FXGLMainMenuDummyScene
18:35:29.106 [JavaFX Application Thread] DEBUG PrimaryStageWindow   - Push state: GameMainMenu
18:35:29.106 [JavaFX Application Thread] DEBUG FXGLAssetLoaderServi - Loading from file system: file:/D:/QQ/2283451158/FileRecv/tank_v3.0/FXGL_Tank-main3/target/classes/assets/sounds/mainMenuLoad.wav
18:35:29.118 [FXGL Background Thread 4 ] DEBUG FXGLAssetLoaderServi - Loading from file system: jar:file:///C:/Users/Lenovo/.m2/repository/com/github/almasb/fxgl/17.1/fxgl-17.1.jar!/fxglassets/ui/fonts/Abel-Regular.ttf
18:35:29.122 [FXGL Background Thread 4 ] DEBUG FXGLAssetLoaderServi - Loading from file system: jar:file:///C:/Users/Lenovo/.m2/repository/com/github/almasb/fxgl/17.1/fxgl-17.1.jar!/fxglassets/ui/fonts/TerminalLandMono-Regular.otf
18:35:29.125 [FXGL Background Thread 4 ] DEBUG FXGLAssetLoaderServi - Loading from file system: jar:file:///C:/Users/Lenovo/.m2/repository/com/github/almasb/fxgl/17.1/fxgl-17.1.jar!/fxglassets/ui/fonts/Courier-Prime.ttf
18:35:29.195 [JavaFX Application Thread] DEBUG Input                - Clearing active input actions
18:35:29.199 [JavaFX Application Thread] DEBUG GameApplicationServi - Removing overlay from FXGLMainMenuDummyScene and adding to GameMainMenu
18:35:29.200 [JavaFX Application Thread] DEBUG PrimaryStageWindow   - FXGLMainMenuDummyScene -> GameMainMenu
18:35:29.269 [JavaFX Application Thread] DEBUG FXGLApplication      - Registering font factories with UI factory
18:35:31.197 [JavaFX Application Thread] DEBUG FXGLAssetLoaderServi - Loading from file system: file:/D:/QQ/2283451158/FileRecv/tank_v3.0/FXGL_Tank-main3/target/classes/assets/sounds/mainMenuHover.wav
18:35:31.998 [FXGL Background Thread 3 ] DEBUG Engine               - Logging environment variables
18:35:31.999 [FXGL Background Thread 3 ] DEBUG Engine               - achievements: []
18:35:31.999 [FXGL Background Thread 3 ] DEBUG Engine               - actualHeight: 672.0
18:35:31.999 [FXGL Background Thread 3 ] DEBUG Engine               - actualHeightProperty: ReadOnlyDoubleProperty [value: 672.0]
18:35:31.999 [FXGL Background Thread 3 ] DEBUG Engine               - actualWidth: 816.0
18:35:31.999 [FXGL Background Thread 3 ] DEBUG Engine               - actualWidthProperty: ReadOnlyDoubleProperty [value: 816.0]
18:35:31.999 [FXGL Background Thread 3 ] DEBUG Engine               - appIcon: ui/icon.png
18:35:31.999 [FXGL Background Thread 3 ] DEBUG Engine               - applicationMode: DEVELOPER
18:35:31.999 [FXGL Background Thread 3 ] DEBUG Engine               - cSSList: [fxgl_dark.css, tankApp.css]
18:35:31.999 [FXGL Background Thread 3 ] DEBUG Engine               - collisionDetectionStrategy: BRUTE_FORCE
18:35:31.999 [FXGL Background Thread 3 ] DEBUG Engine               - configClass: Optional.empty
18:35:31.999 [FXGL Background Thread 3 ] DEBUG Engine               - credits: []
18:35:32.000 [FXGL Background Thread 3 ] DEBUG Engine               - defaultCursor: CursorInfo(imageName=ui/cursor.png, hotspotX=0.0, hotspotY=0.0)
18:35:32.000 [FXGL Background Thread 3 ] DEBUG Engine               - devBBoxColorProperty: ObjectProperty [value: 0xff0000ff]
18:35:32.001 [FXGL Background Thread 3 ] DEBUG Engine               - devEnableDebugCameraProperty: BooleanProperty [value: false]
18:35:32.001 [FXGL Background Thread 3 ] DEBUG Engine               - devSensorColorProperty: ObjectProperty [value: 0xffff00ff]
18:35:32.001 [FXGL Background Thread 3 ] DEBUG Engine               - devShowBBoxProperty: BooleanProperty [value: false]
18:35:32.001 [FXGL Background Thread 3 ] DEBUG Engine               - devShowPositionProperty: BooleanProperty [value: false]
18:35:32.001 [FXGL Background Thread 3 ] DEBUG Engine               - enabledMenuItems: []
18:35:32.001 [FXGL Background Thread 3 ] DEBUG Engine               - engineServices: [class com.almasb.fxgl.app.services.FXGLAssetLoaderService, class com.almasb.fxgl.app.FXGLApplication$GameApplicationService, class com.almasb.fxgl.app.services.FXGLDialogService, class com.almasb.fxgl.app.services.IOTaskExecutorService, class com.almasb.fxgl.io.FileSystemService, class com.almasb.fxgl.localization.LocalizationService, class com.almasb.fxgl.app.services.SystemBundleService, class com.almasb.fxgl.profile.SaveLoadService, class com.almasb.fxgl.ui.FXGLUIFactoryServiceProvider, class com.almasb.fxgl.ui.FXGLDialogFactoryServiceProvider, class com.almasb.fxgl.audio.AudioPlayer, class com.almasb.fxgl.notification.impl.NotificationServiceProvider, class com.almasb.fxgl.achievement.AchievementService, class com.almasb.fxgl.cutscene.CutsceneService, class com.almasb.fxgl.minigames.MiniGameService, class com.almasb.fxgl.net.NetService, class com.almasb.fxgl.app.services.UpdaterService, class com.almasb.fxgl.dev.DevService]
18:35:32.001 [FXGL Background Thread 3 ] DEBUG Engine               - fontGame: Abel-Regular.ttf
18:35:32.001 [FXGL Background Thread 3 ] DEBUG Engine               - fontMono: TerminalLandMono-Regular.otf
18:35:32.001 [FXGL Background Thread 3 ] DEBUG Engine               - fontText: Courier-Prime.ttf
18:35:32.001 [FXGL Background Thread 3 ] DEBUG Engine               - fontUI: VarelaRound-Regular.ttf
18:35:32.001 [FXGL Background Thread 3 ] DEBUG Engine               - fullScreen: BooleanProperty [value: false]
18:35:32.001 [FXGL Background Thread 3 ] DEBUG Engine               - gameDifficulty: MEDIUM
18:35:32.001 [FXGL Background Thread 3 ] DEBUG Engine               - gameDifficultyProperty: ObjectProperty [value: MEDIUM]
18:35:32.002 [FXGL Background Thread 3 ] DEBUG Engine               - globalMusicVolume: 0.5
18:35:32.002 [FXGL Background Thread 3 ] DEBUG Engine               - globalMusicVolumeProperty: DoubleProperty [value: 0.5]
18:35:32.002 [FXGL Background Thread 3 ] DEBUG Engine               - globalSoundVolume: 0.5
18:35:32.002 [FXGL Background Thread 3 ] DEBUG Engine               - globalSoundVolumeProperty: DoubleProperty [value: 0.5]
18:35:32.002 [FXGL Background Thread 3 ] DEBUG Engine               - height: 672
18:35:32.002 [FXGL Background Thread 3 ] DEBUG Engine               - is3D: false
18:35:32.002 [FXGL Background Thread 3 ] DEBUG Engine               - isAndroid: false
18:35:32.002 [FXGL Background Thread 3 ] DEBUG Engine               - isBrowser: false
18:35:32.002 [FXGL Background Thread 3 ] DEBUG Engine               - isClickFeedbackEnabled: false
18:35:32.002 [FXGL Background Thread 3 ] DEBUG Engine               - isCloseConfirmation: false
18:35:32.002 [FXGL Background Thread 3 ] DEBUG Engine               - isDesktop: true
18:35:32.002 [FXGL Background Thread 3 ] DEBUG Engine               - isDeveloperMenuEnabled: false
18:35:32.002 [FXGL Background Thread 3 ] DEBUG Engine               - isEmbedded: false
18:35:32.003 [FXGL Background Thread 3 ] DEBUG Engine               - isEntityPreloadEnabled: true
18:35:32.003 [FXGL Background Thread 3 ] DEBUG Engine               - isExperimentalTiledLargeMap: false
18:35:32.003 [FXGL Background Thread 3 ] DEBUG Engine               - isFileSystemWriteAllowed: true
18:35:32.003 [FXGL Background Thread 3 ] DEBUG Engine               - isFullScreenAllowed: false
18:35:32.003 [FXGL Background Thread 3 ] DEBUG Engine               - isFullScreenFromStart: false
18:35:32.003 [FXGL Background Thread 3 ] DEBUG Engine               - isGameMenuEnabled: true
18:35:32.003 [FXGL Background Thread 3 ] DEBUG Engine               - isIOS: false
18:35:32.003 [FXGL Background Thread 3 ] DEBUG Engine               - isIntroEnabled: false
18:35:32.003 [FXGL Background Thread 3 ] DEBUG Engine               - isLinux: false
18:35:32.003 [FXGL Background Thread 3 ] DEBUG Engine               - isMac: false
18:35:32.003 [FXGL Background Thread 3 ] DEBUG Engine               - isMainMenuEnabled: true
18:35:32.003 [FXGL Background Thread 3 ] DEBUG Engine               - isManualResizeEnabled: false
18:35:32.003 [FXGL Background Thread 3 ] DEBUG Engine               - isMobile: false
18:35:32.003 [FXGL Background Thread 3 ] DEBUG Engine               - isNative: false
18:35:32.003 [FXGL Background Thread 3 ] DEBUG Engine               - isPauseMusicWhenMinimized: true
18:35:32.003 [FXGL Background Thread 3 ] DEBUG Engine               - isPreserveResizeRatio: false
18:35:32.003 [FXGL Background Thread 3 ] DEBUG Engine               - isProfilingEnabled: false
18:35:32.003 [FXGL Background Thread 3 ] DEBUG Engine               - isScaleAffectedOnResize: true
18:35:32.003 [FXGL Background Thread 3 ] DEBUG Engine               - isSingleStep: false
18:35:32.003 [FXGL Background Thread 3 ] DEBUG Engine               - isUserProfileEnabled: false
18:35:32.003 [FXGL Background Thread 3 ] DEBUG Engine               - isWindows: true
18:35:32.003 [FXGL Background Thread 3 ] DEBUG Engine               - language: ObjectProperty [value: ENGLISH]
18:35:32.003 [FXGL Background Thread 3 ] DEBUG Engine               - menuKey: ESCAPE
18:35:32.003 [FXGL Background Thread 3 ] DEBUG Engine               - mouseSensitivity: 0.2
18:35:32.003 [FXGL Background Thread 3 ] DEBUG Engine               - notificationViewClass: class com.almasb.fxgl.notification.view.XboxNotificationView
18:35:32.003 [FXGL Background Thread 3 ] DEBUG Engine               - pixelsPerMeter: 50.0
18:35:32.003 [FXGL Background Thread 3 ] DEBUG Engine               - platform: WINDOWS
18:35:32.005 [FXGL Background Thread 3 ] DEBUG Engine               - prefHeightProperty: ReadOnlyDoubleProperty [value: 672.0]
18:35:32.005 [FXGL Background Thread 3 ] DEBUG Engine               - prefWidthProperty: ReadOnlyDoubleProperty [value: 816.0]
18:35:32.005 [FXGL Background Thread 3 ] DEBUG Engine               - profileDir: profiles/
18:35:32.005 [FXGL Background Thread 3 ] DEBUG Engine               - profileName: StringProperty [value: DEFAULT]
18:35:32.005 [FXGL Background Thread 3 ] DEBUG Engine               - randomSeed: -1
18:35:32.005 [FXGL Background Thread 3 ] DEBUG Engine               - runtimeInfo: RuntimeInfo(platform=WINDOWS, version=17.1, build=24.03.2022 17.34)
18:35:32.005 [FXGL Background Thread 3 ] DEBUG Engine               - saveFileExt: sav
18:35:32.005 [FXGL Background Thread 3 ] DEBUG Engine               - scaledHeightProp$fxgl: DoubleProperty [bound, value: 672.0]
18:35:32.006 [FXGL Background Thread 3 ] DEBUG Engine               - scaledWidthProp$fxgl: DoubleProperty [bound, value: 816.0]
18:35:32.006 [FXGL Background Thread 3 ] DEBUG Engine               - sceneFactory: com.ningf.tank.TankApp$1@27a57220
18:35:32.006 [FXGL Background Thread 3 ] DEBUG Engine               - secondsIn24h: 60
18:35:32.006 [FXGL Background Thread 3 ] DEBUG Engine               - soundMenuBack: menu/back.wav
18:35:32.006 [FXGL Background Thread 3 ] DEBUG Engine               - soundMenuPress: menu/press.wav
18:35:32.006 [FXGL Background Thread 3 ] DEBUG Engine               - soundMenuSelect: menu/select.wav
18:35:32.006 [FXGL Background Thread 3 ] DEBUG Engine               - soundNotification: core/notification.wav
18:35:32.006 [FXGL Background Thread 3 ] DEBUG Engine               - stageStyle: DECORATED
18:35:32.006 [FXGL Background Thread 3 ] DEBUG Engine               - supportedLanguages: [ENGLISH, FRENCH, GERMAN, HUNGARIAN, RUSSIAN]
18:35:32.006 [FXGL Background Thread 3 ] DEBUG Engine               - ticksPerSecond: -1
18:35:32.006 [FXGL Background Thread 3 ] DEBUG Engine               - title: 90 Tank
18:35:32.006 [FXGL Background Thread 3 ] DEBUG Engine               - urlGithub: https://github.com/AlmasB/FXGL
18:35:32.006 [FXGL Background Thread 3 ] DEBUG Engine               - urlLeaderboard: http://fxgl-top.herokuapp.com/
18:35:32.006 [FXGL Background Thread 3 ] DEBUG Engine               - urlPOM: https://raw.githubusercontent.com/AlmasB/FXGL/release/README.md
18:35:32.006 [FXGL Background Thread 3 ] DEBUG Engine               - userAppClass: class com.ningf.tank.TankApp
18:35:32.006 [FXGL Background Thread 3 ] DEBUG Engine               - version: Version 0.3
18:35:32.006 [FXGL Background Thread 3 ] DEBUG Engine               - versionCheckDays: 7
18:35:32.006 [FXGL Background Thread 3 ] DEBUG Engine               - width: 816
18:35:32.006 [FXGL Background Thread 3 ] DEBUG Engine               - Logging services
18:35:32.006 [FXGL Background Thread 3 ] DEBUG Engine               - class com.almasb.fxgl.app.services.FXGLAssetLoaderService
18:35:32.006 [FXGL Background Thread 3 ] DEBUG Engine               - class com.almasb.fxgl.app.FXGLApplication$GameApplicationService
18:35:32.006 [FXGL Background Thread 3 ] DEBUG Engine               - class com.almasb.fxgl.app.services.FXGLDialogService
18:35:32.006 [FXGL Background Thread 3 ] DEBUG Engine               - class com.almasb.fxgl.app.services.IOTaskExecutorService
18:35:32.006 [FXGL Background Thread 3 ] DEBUG Engine               - class com.almasb.fxgl.io.FileSystemService
18:35:32.006 [FXGL Background Thread 3 ] DEBUG Engine               - class com.almasb.fxgl.localization.LocalizationService
18:35:32.007 [FXGL Background Thread 3 ] DEBUG Engine               - class com.almasb.fxgl.app.services.SystemBundleService
18:35:32.007 [FXGL Background Thread 3 ] DEBUG Engine               - class com.almasb.fxgl.profile.SaveLoadService
18:35:32.007 [FXGL Background Thread 3 ] DEBUG Engine               - class com.almasb.fxgl.ui.FXGLUIFactoryServiceProvider
18:35:32.007 [FXGL Background Thread 3 ] DEBUG Engine               - class com.almasb.fxgl.ui.FXGLDialogFactoryServiceProvider
18:35:32.007 [FXGL Background Thread 3 ] DEBUG Engine               - class com.almasb.fxgl.audio.AudioPlayer
18:35:32.007 [FXGL Background Thread 3 ] DEBUG Engine               - class com.almasb.fxgl.notification.impl.NotificationServiceProvider
18:35:32.007 [FXGL Background Thread 3 ] DEBUG Engine               - class com.almasb.fxgl.achievement.AchievementService
18:35:32.007 [FXGL Background Thread 3 ] DEBUG Engine               - class com.almasb.fxgl.cutscene.CutsceneService
18:35:32.007 [FXGL Background Thread 3 ] DEBUG Engine               - class com.almasb.fxgl.minigames.MiniGameService
18:35:32.007 [FXGL Background Thread 3 ] DEBUG Engine               - class com.almasb.fxgl.net.NetService
18:35:32.007 [FXGL Background Thread 3 ] DEBUG Engine               - class com.almasb.fxgl.app.services.UpdaterService
18:35:32.007 [FXGL Background Thread 3 ] DEBUG Engine               - class com.almasb.fxgl.dev.DevService
18:35:33.609 [JavaFX Application Thread] DEBUG FXGLAssetLoaderServi - Loading from file system: file:/D:/QQ/2283451158/FileRecv/tank_v3.0/FXGL_Tank-main3/target/classes/assets/sounds/select.wav
18:35:44.916 [JavaFX Application Thread] DEBUG GameApplicationServi - Starting new game
18:35:44.917 [JavaFX Application Thread] DEBUG PrimaryStageWindow   - Pop state: GameMainMenu
18:35:44.917 [JavaFX Application Thread] DEBUG Input                - Clearing active input actions
18:35:44.917 [JavaFX Application Thread] DEBUG GameApplicationServi - Removing overlay from GameMainMenu and adding to FXGLMainMenuDummyScene
18:35:44.917 [JavaFX Application Thread] DEBUG PrimaryStageWindow   - FXGLMainMenuDummyScene <- GameMainMenu
18:35:44.917 [JavaFX Application Thread] DEBUG Input                - Clearing active input actions
18:35:44.925 [JavaFX Application Thread] DEBUG GameApplicationServi - Removing overlay from FXGLMainMenuDummyScene and adding to GameLoadingScene
18:35:44.925 [JavaFX Application Thread] DEBUG PrimaryStageWindow   - FXGLMainMenuDummyScene -> GameLoadingScene
18:35:44.925 [JavaFX Application Thread] DEBUG GameApplicationServi - Clearing previous game
18:35:44.925 [JavaFX Application Thread] DEBUG GameScene            - Clearing game scene
18:35:44.925 [JavaFX Application Thread] DEBUG GameWorld            - Clearing game world
18:35:44.925 [JavaFX Application Thread] DEBUG PhysicsWorld         - Clearing physics world
18:35:44.927 [FXGL Background Thread 4 ] DEBUG FXGLApplication      - Initializing game
18:35:44.929 [FXGL Background Thread 4 ] DEBUG FXGLAssetLoaderServi - Loading from file system: file:/D:/QQ/2283451158/FileRecv/tank_v3.0/FXGL_Tank-main3/target/classes/assets/properties/game.properties
18:35:44.933 [FXGL Background Thread 4 ] DEBUG FXGLAssetLoaderServi - Loading from file system: file:/D:/QQ/2283451158/FileRecv/tank_v3.0/FXGL_Tank-main3/target/classes/assets/textures/map/stone.png
18:35:44.934 [FXGL Background Thread 4 ] DEBUG FXGLAssetLoaderServi - Loading from file system: file:/D:/QQ/2283451158/FileRecv/tank_v3.0/FXGL_Tank-main3/target/classes/assets/textures/map/brick.png
18:35:44.938 [FXGL Background Thread 4 ] DEBUG FXGLAssetLoaderServi - Loading from file system: file:/D:/QQ/2283451158/FileRecv/tank_v3.0/FXGL_Tank-main3/target/classes/assets/textures/map/sea_anim.png
18:35:44.939 [FXGL Background Thread 4 ] DEBUG FXGLAssetLoaderServi - Loading from file system: file:/D:/QQ/2283451158/FileRecv/tank_v3.0/FXGL_Tank-main3/target/classes/assets/textures/explode/explode_level_2.png
18:35:44.971 [pool-2-thread-1          ] WARN  TMXLevelLoader       - TiledMap generated from 1.8.4. Supported version: 1.4.2. Some features may not be parsed fully.
18:35:44.979 [pool-2-thread-1          ] DEBUG TMXLevelLoader       - Parsed TiledMap: file:/D:/QQ/2283451158/FileRecv/tank_v3.0/FXGL_Tank-main3/ConstructMap/level0.tmx
18:35:44.980 [pool-2-thread-1          ] DEBUG TMXLevelLoader       - Creating tile layer entities
18:35:44.980 [pool-2-thread-1          ] DEBUG TMXLevelLoader       - Creating object layer entities
18:35:45.010 [pool-2-thread-1          ] DEBUG GameWorld            - Clearing removable entities
18:35:45.011 [pool-2-thread-1          ] DEBUG GameWorld            - Setting level: com.almasb.fxgl.entity.level.Level@1ebda68b
18:35:45.012 [pool-2-thread-1          ] DEBUG FXGLAssetLoaderServi - Loading from file system: file:/D:/QQ/2283451158/FileRecv/tank_v3.0/FXGL_Tank-main3/target/classes/assets/sounds/start.wav
18:35:45.020 [pool-2-thread-1          ] DEBUG FXGLAssetLoaderServi - Loading from file system: file:/D:/QQ/2283451158/FileRecv/tank_v3.0/FXGL_Tank-main3/target/classes/assets/textures/tank/H1U.png
18:35:45.025 [pool-2-thread-1          ] DEBUG FXGLAssetLoaderServi - Loading from file system: file:/D:/QQ/2283451158/FileRecv/tank_v3.0/FXGL_Tank-main3/target/classes/assets/textures/item/armed_helmet.png
18:35:45.037 [pool-2-thread-1          ] DEBUG FXGLAssetLoaderServi - Loading from file system: file:/D:/QQ/2283451158/FileRecv/tank_v3.0/FXGL_Tank-main3/target/classes/assets/textures/ui/enemy_pre.png
18:35:45.038 [pool-2-thread-1          ] DEBUG FXGLAssetLoaderServi - Loading from file system: file:/D:/QQ/2283451158/FileRecv/tank_v3.0/FXGL_Tank-main3/target/classes/assets/textures/ui/levelFlag.png
18:35:45.040 [pool-2-thread-1          ] DEBUG FXGLAssetLoaderServi - Loading from file system: file:/D:/QQ/2283451158/FileRecv/tank_v3.0/FXGL_Tank-main3/target/classes/assets/textures/ui/bulletLevel.png
18:35:45.043 [pool-2-thread-1          ] DEBUG FXGLAssetLoaderServi - Loading from file system: file:/D:/QQ/2283451158/FileRecv/tank_v3.0/FXGL_Tank-main3/target/classes/assets/textures/tank/spawnTank.png
18:35:45.044 [pool-2-thread-1          ] DEBUG FXGLAssetLoaderServi - Loading from file system: file:/D:/QQ/2283451158/FileRecv/tank_v3.0/FXGL_Tank-main3/target/classes/assets/textures/tank/E7U.png
18:35:45.045 [pool-2-thread-1          ] DEBUG FXGLAssetLoaderServi - Loading from file system: file:/D:/QQ/2283451158/FileRecv/tank_v3.0/FXGL_Tank-main3/target/classes/assets/textures/tank/E3U.png
18:35:45.047 [pool-2-thread-1          ] DEBUG FXGLAssetLoaderServi - Loading from file system: file:/D:/QQ/2283451158/FileRecv/tank_v3.0/FXGL_Tank-main3/target/classes/assets/textures/tank/E9U.png
18:35:46.465 [JavaFX Application Thread] WARN  TMXLevelLoader       - TiledMap generated from 1.10.2. Supported version: 1.4.2. Some features may not be parsed fully.
18:35:46.472 [JavaFX Application Thread] DEBUG TMXLevelLoader       - Parsed TiledMap: file:/D:/QQ/2283451158/FileRecv/tank_v3.0/FXGL_Tank-main3/target/classes/assets/levels/levelForTwo.tmx
18:35:46.473 [JavaFX Application Thread] DEBUG TMXLevelLoader       - Creating tile layer entities
18:35:46.473 [JavaFX Application Thread] DEBUG TMXLevelLoader       - Creating object layer entities
18:35:46.490 [JavaFX Application Thread] DEBUG GameWorld            - Clearing removable entities
18:35:46.493 [JavaFX Application Thread] DEBUG GameWorld            - Setting level: com.almasb.fxgl.entity.level.Level@7ba77bc8
18:35:46.495 [JavaFX Application Thread] DEBUG FXGLAssetLoaderServi - Loading from file system: file:/D:/QQ/2283451158/FileRecv/tank_v3.0/FXGL_Tank-main3/target/classes/assets/textures/tank/H2U.png
18:36:31.986 [JavaFX Application Thread] DEBUG FXGLApplication      - Exiting FXGL
18:36:31.986 [JavaFX Application Thread] DEBUG LoopRunner           - Stopping loop
18:36:31.986 [JavaFX Application Thread] DEBUG SystemBundleService  - Saving FXGL system data
18:36:31.989 [JavaFX Application Thread] DEBUG FileSystemAccess     - Writing to: D:\QQ\2283451158\FileRecv\tank_v3.0\FXGL_Tank-main3\system\fxgl.bundle
18:36:31.990 [JavaFX Application Thread] DEBUG Async                - Shutting down background threads
18:36:31.990 [JavaFX Application Thread] DEBUG PrimaryStageWindow   - Closing main window
18:36:31.992 [FXGL Background Thread 4 ] INFO  FXGLApplication      - Game initialization took: 47.066 sec
18:36:32.011 [JavaFX Application Thread] DEBUG Logger               - Closing Logger
