18:41:09.241 [main                     ] DEBUG Logger               - Configured Logger
18:41:09.269 [main                     ] DEBUG GameApplication      - Logging settings
Title: 90 Tank
Version: Version 0.3
Width: 816
Height: 672
Fullscreen: false
Intro: false
Profiling: false
Single step:false
App Mode: DEVELOPER
Menu Key: ESCAPE
Stage Style: DECORATED
Scene Factory: class com.ningf.tank.TankApp$1

18:41:09.637 [JavaFX Application Thread] DEBUG FXGLApplication      - Initializing FXGL
18:41:09.643 [JavaFX Application Thread] INFO  Engine               - FXGL-17.1 (24.03.2022 17.34) on WINDOWS (J:17.0.8 FX:18)
18:41:09.644 [JavaFX Application Thread] DEBUG Engine               - JRE Vendor Name: Oracle Corporation
18:41:09.644 [JavaFX Application Thread] DEBUG Engine               - Running on OS: Windows 11 version 10.0
18:41:09.644 [JavaFX Application Thread] DEBUG Engine               - Architecture: amd64
18:41:09.644 [JavaFX Application Thread] INFO  Engine               - Source code and latest versions at: https://github.com/AlmasB/FXGL
18:41:09.644 [JavaFX Application Thread] INFO  Engine               -       Ask questions and discuss at: https://github.com/AlmasB/FXGL/discussions
18:41:09.644 [JavaFX Application Thread] INFO  Engine               -              Join the FXGL chat at: https://gitter.im/AlmasB/FXGL
18:41:09.710 [JavaFX Application Thread] DEBUG PrimaryStageWindow   - Creating a JavaFX scene
18:41:09.740 [JavaFX Application Thread] DEBUG PrimaryStageWindow   - Target settings size: 816.0 x 672.0
18:41:09.741 [JavaFX Application Thread] DEBUG PrimaryStageWindow   - Scaled scene size:    816.0 x 672.0
18:41:09.741 [JavaFX Application Thread] DEBUG PrimaryStageWindow   - Scaled ratio: (1.0, 1.0)
18:41:09.742 [JavaFX Application Thread] DEBUG PrimaryStageWindow   - Set initial scene to GameStartupScene
18:41:09.749 [JavaFX Application Thread] DEBUG PrimaryStageWindow   - Opening main window
18:41:09.885 [JavaFX Application Thread] DEBUG PrimaryStageWindow   - Window border size: (14.66668701171875, 37.33331298828125)
18:41:09.885 [JavaFX Application Thread] DEBUG PrimaryStageWindow   - Scaled size: 816.0 x 672.0
18:41:09.885 [JavaFX Application Thread] DEBUG PrimaryStageWindow   - Scaled ratio: (1.0, 1.0)
18:41:09.885 [JavaFX Application Thread] DEBUG PrimaryStageWindow   - Scene size: 816.0 x 672.0
18:41:09.885 [JavaFX Application Thread] DEBUG PrimaryStageWindow   - Stage size: 830.6666870117188 x 709.3333129882812
18:41:09.894 [FXGL Background Thread 1 ] DEBUG Engine               - Initializing environment variables
18:41:09.940 [FXGL Background Thread 1 ] DEBUG FXGLAssetLoaderServi - User app class for loading assets: class com.ningf.tank.TankApp
18:41:09.941 [FXGL Background Thread 1 ] DEBUG GameApplicationServi - Applying CSS: fxgl_dark.css
18:41:09.941 [FXGL Background Thread 1 ] DEBUG FXGLAssetLoaderServi - Loading from file system: jar:file:///C:/Users/Lenovo/.m2/repository/com/github/almasb/fxgl/17.1/fxgl-17.1.jar!/fxglassets/ui/css/fxgl_dark.css
18:41:09.969 [FXGL Background Thread 1 ] DEBUG GameApplicationServi - Applying CSS: tankApp.css
18:41:09.970 [FXGL Background Thread 1 ] DEBUG FXGLAssetLoaderServi - Loading from file system: file:/D:/QQ/2283451158/FileRecv/tank_v3.0/FXGL_Tank-main3/target/classes/assets/ui/css/tankApp.css
18:41:09.972 [FXGL Background Thread 1 ] DEBUG GameApplicationServi - Initializing application scenes
18:41:09.978 [FXGL Background Thread 1 ] DEBUG GameWorld            - Game world initialized
18:41:10.044 [FXGL Background Thread 1 ] DEBUG PhysicsWorld         - Physics world initialized: appHeight=672, physics.ppm=50.0
18:41:10.044 [FXGL Background Thread 1 ] DEBUG PhysicsWorld         - Using strategy: BRUTE_FORCE
18:41:10.048 [FXGL Background Thread 1 ] DEBUG GameScene            - Game scene initialized: 816x672
18:41:10.052 [FXGL Background Thread 1 ] DEBUG FXGLAssetLoaderServi - Loading from file system: file:/D:/QQ/2283451158/FileRecv/tank_v3.0/FXGL_Tank-main3/target/classes/assets/textures/ui/logo.png
18:41:10.064 [FXGL Background Thread 1 ] DEBUG FXGLAssetLoaderServi - Loading from file system: file:/D:/QQ/2283451158/FileRecv/tank_v3.0/FXGL_Tank-main3/target/classes/assets/textures/ui/icon.png
18:41:10.076 [FXGL Background Thread 1 ] DEBUG FXGLAssetLoaderServi - Loading from file system: file:/D:/QQ/2283451158/FileRecv/tank_v3.0/FXGL_Tank-main3/target/classes/assets/textures/ui/tankLoading.png
18:41:10.106 [FXGL Background Thread 1 ] DEBUG FXGLAssetLoaderServi - Loading from file system: file:/D:/QQ/2283451158/FileRecv/tank_v3.0/FXGL_Tank-main3/target/classes/assets/textures/ui/fxgl.png
18:41:10.147 [FXGL Background Thread 1 ] DEBUG FXGL.DefaultMenu     - createMenuBodyGameMenu()
18:41:10.158 [FXGL Background Thread 1 ] DEBUG FXGL.DefaultMenu     - createOptionsMenu()
18:41:10.167 [FXGL Background Thread 1 ] DEBUG FXGLAssetLoaderServi - Loading from file system: jar:file:///C:/Users/Lenovo/.m2/repository/com/github/almasb/fxgl/17.1/fxgl-17.1.jar!/fxglassets/textures/particles/smoke.png
18:41:10.273 [FXGL Background Thread 1 ] DEBUG FXGLAssetLoaderServi - Loading from file system: jar:file:///C:/Users/Lenovo/.m2/repository/com/github/almasb/fxgl/17.1/fxgl-17.1.jar!/fxglassets/textures/particles/trace_horizontal.png
18:41:10.289 [FXGL Background Thread 1 ] DEBUG GameApplicationServi - Application scenes initialized
18:41:10.299 [FXGL Background Thread 1 ] DEBUG SystemBundleService  - Loading FXGL system data
18:41:10.307 [FXGL Background Thread 1 ] DEBUG FileSystemAccess     - Reading from: D:\QQ\2283451158\FileRecv\tank_v3.0\FXGL_Tank-main3\system\fxgl.bundle
18:41:10.312 [FXGL Background Thread 1 ] DEBUG SystemBundleService  - Bundle FXGL: {}
18:41:10.312 [FXGL Background Thread 1 ] DEBUG UpdaterService       - Checking for updates
18:41:10.317 [FXGL Background Thread 4 ] DEBUG FXGLApplication      - Loading fonts
18:41:10.317 [FXGL Background Thread 4 ] DEBUG FXGLAssetLoaderServi - Loading from file system: jar:file:///C:/Users/Lenovo/.m2/repository/com/github/almasb/fxgl/17.1/fxgl-17.1.jar!/fxglassets/ui/fonts/VarelaRound-Regular.ttf
18:41:10.320 [FXGL Background Thread 1 ] DEBUG FXGLApplication      - Loading default localization
18:41:10.321 [FXGL Background Thread 1 ] DEBUG FXGLAssetLoaderServi - Loading from file system: jar:file:///C:/Users/Lenovo/.m2/repository/com/github/almasb/fxgl/17.1/fxgl-17.1.jar!/fxglassets/languages/english.lang
18:41:10.352 [FXGL Background Thread 1 ] INFO  FXGLApplication      - FXGL initialization took: 0.457 sec
18:41:10.360 [JavaFX Application Thread] DEBUG Input                - Registered new binding: action0 - W
18:41:10.362 [JavaFX Application Thread] DEBUG Input                - Registered new binding: action1 - S
18:41:10.363 [JavaFX Application Thread] DEBUG Input                - Registered new binding: action2 - A
18:41:10.364 [JavaFX Application Thread] DEBUG Input                - Registered new binding: action3 - D
18:41:10.364 [JavaFX Application Thread] DEBUG Input                - Registered new binding: action4 - Space
18:41:10.364 [JavaFX Application Thread] DEBUG Input                - Registered new binding: action5 - O
18:41:10.365 [JavaFX Application Thread] DEBUG Input                - Registered new binding: action6 - Up
18:41:10.366 [JavaFX Application Thread] DEBUG Input                - Registered new binding: action7 - Down
18:41:10.366 [JavaFX Application Thread] DEBUG Input                - Registered new binding: action8 - Left
18:41:10.366 [JavaFX Application Thread] DEBUG Input                - Registered new binding: action9 - Right
18:41:10.368 [JavaFX Application Thread] DEBUG Input                - Registered new binding: action10 - Numpad 0
18:41:10.368 [JavaFX Application Thread] DEBUG Input                - Registered new binding: action11 - F
18:41:10.371 [JavaFX Application Thread] DEBUG FXGLAssetLoaderServi - Loading from file system: file:/D:/QQ/2283451158/FileRecv/tank_v3.0/FXGL_Tank-main3/target/classes/assets/textures/ui/cursor.png
18:41:10.373 [JavaFX Application Thread] DEBUG Input                - Registered new binding: Screenshot - CTRL+8
18:41:10.374 [JavaFX Application Thread] DEBUG Input                - Registered new binding: System info dump - CTRL+9
18:41:10.375 [JavaFX Application Thread] DEBUG Input                - Registered new binding: Restart - CTRL+R
18:41:10.375 [JavaFX Application Thread] DEBUG Input                - Registered new binding: Toggle Debug Camera - CTRL+7
18:41:10.381 [JavaFX Application Thread] DEBUG LoopRunner           - Starting loop
18:41:10.381 [JavaFX Application Thread] DEBUG LoopRunner           - Initializing JavaFX AnimationTimerLoop
18:41:10.386 [JavaFX Application Thread] DEBUG Input                - Clearing active input actions
18:41:10.394 [JavaFX Application Thread] DEBUG GameApplicationServi - Removing overlay from GameStartupScene and adding to FXGLMainMenuDummyScene
18:41:10.395 [JavaFX Application Thread] DEBUG PrimaryStageWindow   - GameStartupScene -> FXGLMainMenuDummyScene
18:41:10.395 [JavaFX Application Thread] DEBUG PrimaryStageWindow   - Push state: GameMainMenu
18:41:10.395 [JavaFX Application Thread] DEBUG FXGLAssetLoaderServi - Loading from file system: file:/D:/QQ/2283451158/FileRecv/tank_v3.0/FXGL_Tank-main3/target/classes/assets/sounds/mainMenuLoad.wav
18:41:10.413 [FXGL Background Thread 4 ] DEBUG FXGLAssetLoaderServi - Loading from file system: jar:file:///C:/Users/Lenovo/.m2/repository/com/github/almasb/fxgl/17.1/fxgl-17.1.jar!/fxglassets/ui/fonts/Abel-Regular.ttf
18:41:10.426 [FXGL Background Thread 4 ] DEBUG FXGLAssetLoaderServi - Loading from file system: jar:file:///C:/Users/Lenovo/.m2/repository/com/github/almasb/fxgl/17.1/fxgl-17.1.jar!/fxglassets/ui/fonts/TerminalLandMono-Regular.otf
18:41:10.432 [FXGL Background Thread 4 ] DEBUG FXGLAssetLoaderServi - Loading from file system: jar:file:///C:/Users/Lenovo/.m2/repository/com/github/almasb/fxgl/17.1/fxgl-17.1.jar!/fxglassets/ui/fonts/Courier-Prime.ttf
18:41:10.500 [JavaFX Application Thread] DEBUG Input                - Clearing active input actions
18:41:10.504 [JavaFX Application Thread] DEBUG GameApplicationServi - Removing overlay from FXGLMainMenuDummyScene and adding to GameMainMenu
18:41:10.505 [JavaFX Application Thread] DEBUG PrimaryStageWindow   - FXGLMainMenuDummyScene -> GameMainMenu
18:41:10.583 [JavaFX Application Thread] DEBUG FXGLApplication      - Registering font factories with UI factory
18:41:10.664 [FXGL Background Thread 2 ] WARN  UpdaterService       - Failed to find updates: javax.net.ssl.SSLHandshakeException: PKIX path building failed: sun.security.provider.certpath.SunCertPathBuilderException: unable to find valid certification path to requested target
18:41:12.504 [JavaFX Application Thread] DEBUG FXGLAssetLoaderServi - Loading from file system: file:/D:/QQ/2283451158/FileRecv/tank_v3.0/FXGL_Tank-main3/target/classes/assets/sounds/mainMenuHover.wav
18:41:13.316 [FXGL Background Thread 3 ] DEBUG Engine               - Logging environment variables
18:41:13.317 [FXGL Background Thread 3 ] DEBUG Engine               - achievements: []
18:41:13.320 [FXGL Background Thread 3 ] DEBUG Engine               - actualHeight: 672.0
18:41:13.320 [FXGL Background Thread 3 ] DEBUG Engine               - actualHeightProperty: ReadOnlyDoubleProperty [value: 672.0]
18:41:13.320 [FXGL Background Thread 3 ] DEBUG Engine               - actualWidth: 816.0
18:41:13.321 [FXGL Background Thread 3 ] DEBUG Engine               - actualWidthProperty: ReadOnlyDoubleProperty [value: 816.0]
18:41:13.321 [FXGL Background Thread 3 ] DEBUG Engine               - appIcon: ui/icon.png
18:41:13.321 [FXGL Background Thread 3 ] DEBUG Engine               - applicationMode: DEVELOPER
18:41:13.321 [FXGL Background Thread 3 ] DEBUG Engine               - cSSList: [fxgl_dark.css, tankApp.css]
18:41:13.322 [FXGL Background Thread 3 ] DEBUG Engine               - collisionDetectionStrategy: BRUTE_FORCE
18:41:13.322 [FXGL Background Thread 3 ] DEBUG Engine               - configClass: Optional.empty
18:41:13.322 [FXGL Background Thread 3 ] DEBUG Engine               - credits: []
18:41:13.322 [FXGL Background Thread 3 ] DEBUG Engine               - defaultCursor: CursorInfo(imageName=ui/cursor.png, hotspotX=0.0, hotspotY=0.0)
18:41:13.323 [FXGL Background Thread 3 ] DEBUG Engine               - devBBoxColorProperty: ObjectProperty [value: 0xff0000ff]
18:41:13.323 [FXGL Background Thread 3 ] DEBUG Engine               - devEnableDebugCameraProperty: BooleanProperty [value: false]
18:41:13.323 [FXGL Background Thread 3 ] DEBUG Engine               - devSensorColorProperty: ObjectProperty [value: 0xffff00ff]
18:41:13.323 [FXGL Background Thread 3 ] DEBUG Engine               - devShowBBoxProperty: BooleanProperty [value: false]
18:41:13.323 [FXGL Background Thread 3 ] DEBUG Engine               - devShowPositionProperty: BooleanProperty [value: false]
18:41:13.324 [FXGL Background Thread 3 ] DEBUG Engine               - enabledMenuItems: []
18:41:13.325 [FXGL Background Thread 3 ] DEBUG Engine               - engineServices: [class com.almasb.fxgl.app.services.FXGLAssetLoaderService, class com.almasb.fxgl.app.FXGLApplication$GameApplicationService, class com.almasb.fxgl.app.services.FXGLDialogService, class com.almasb.fxgl.app.services.IOTaskExecutorService, class com.almasb.fxgl.io.FileSystemService, class com.almasb.fxgl.localization.LocalizationService, class com.almasb.fxgl.app.services.SystemBundleService, class com.almasb.fxgl.profile.SaveLoadService, class com.almasb.fxgl.ui.FXGLUIFactoryServiceProvider, class com.almasb.fxgl.ui.FXGLDialogFactoryServiceProvider, class com.almasb.fxgl.audio.AudioPlayer, class com.almasb.fxgl.notification.impl.NotificationServiceProvider, class com.almasb.fxgl.achievement.AchievementService, class com.almasb.fxgl.cutscene.CutsceneService, class com.almasb.fxgl.minigames.MiniGameService, class com.almasb.fxgl.net.NetService, class com.almasb.fxgl.app.services.UpdaterService, class com.almasb.fxgl.dev.DevService]
18:41:13.325 [FXGL Background Thread 3 ] DEBUG Engine               - fontGame: Abel-Regular.ttf
18:41:13.325 [FXGL Background Thread 3 ] DEBUG Engine               - fontMono: TerminalLandMono-Regular.otf
18:41:13.325 [FXGL Background Thread 3 ] DEBUG Engine               - fontText: Courier-Prime.ttf
18:41:13.325 [FXGL Background Thread 3 ] DEBUG Engine               - fontUI: VarelaRound-Regular.ttf
18:41:13.325 [FXGL Background Thread 3 ] DEBUG Engine               - fullScreen: BooleanProperty [value: false]
18:41:13.326 [FXGL Background Thread 3 ] DEBUG Engine               - gameDifficulty: MEDIUM
18:41:13.326 [FXGL Background Thread 3 ] DEBUG Engine               - gameDifficultyProperty: ObjectProperty [value: MEDIUM]
18:41:13.326 [FXGL Background Thread 3 ] DEBUG Engine               - globalMusicVolume: 0.5
18:41:13.326 [FXGL Background Thread 3 ] DEBUG Engine               - globalMusicVolumeProperty: DoubleProperty [value: 0.5]
18:41:13.326 [FXGL Background Thread 3 ] DEBUG Engine               - globalSoundVolume: 0.5
18:41:13.326 [FXGL Background Thread 3 ] DEBUG Engine               - globalSoundVolumeProperty: DoubleProperty [value: 0.5]
18:41:13.326 [FXGL Background Thread 3 ] DEBUG Engine               - height: 672
18:41:13.327 [FXGL Background Thread 3 ] DEBUG Engine               - is3D: false
18:41:13.327 [FXGL Background Thread 3 ] DEBUG Engine               - isAndroid: false
18:41:13.327 [FXGL Background Thread 3 ] DEBUG Engine               - isBrowser: false
18:41:13.327 [FXGL Background Thread 3 ] DEBUG Engine               - isClickFeedbackEnabled: false
18:41:13.327 [FXGL Background Thread 3 ] DEBUG Engine               - isCloseConfirmation: false
18:41:13.327 [FXGL Background Thread 3 ] DEBUG Engine               - isDesktop: true
18:41:13.327 [FXGL Background Thread 3 ] DEBUG Engine               - isDeveloperMenuEnabled: false
18:41:13.327 [FXGL Background Thread 3 ] DEBUG Engine               - isEmbedded: false
18:41:13.327 [FXGL Background Thread 3 ] DEBUG Engine               - isEntityPreloadEnabled: true
18:41:13.327 [FXGL Background Thread 3 ] DEBUG Engine               - isExperimentalTiledLargeMap: false
18:41:13.327 [FXGL Background Thread 3 ] DEBUG Engine               - isFileSystemWriteAllowed: true
18:41:13.328 [FXGL Background Thread 3 ] DEBUG Engine               - isFullScreenAllowed: false
18:41:13.328 [FXGL Background Thread 3 ] DEBUG Engine               - isFullScreenFromStart: false
18:41:13.328 [FXGL Background Thread 3 ] DEBUG Engine               - isGameMenuEnabled: true
18:41:13.328 [FXGL Background Thread 3 ] DEBUG Engine               - isIOS: false
18:41:13.328 [FXGL Background Thread 3 ] DEBUG Engine               - isIntroEnabled: false
18:41:13.328 [FXGL Background Thread 3 ] DEBUG Engine               - isLinux: false
18:41:13.328 [FXGL Background Thread 3 ] DEBUG Engine               - isMac: false
18:41:13.328 [FXGL Background Thread 3 ] DEBUG Engine               - isMainMenuEnabled: true
18:41:13.328 [FXGL Background Thread 3 ] DEBUG Engine               - isManualResizeEnabled: false
18:41:13.329 [FXGL Background Thread 3 ] DEBUG Engine               - isMobile: false
18:41:13.329 [FXGL Background Thread 3 ] DEBUG Engine               - isNative: false
18:41:13.329 [FXGL Background Thread 3 ] DEBUG Engine               - isPauseMusicWhenMinimized: true
18:41:13.329 [FXGL Background Thread 3 ] DEBUG Engine               - isPreserveResizeRatio: false
18:41:13.329 [FXGL Background Thread 3 ] DEBUG Engine               - isProfilingEnabled: false
18:41:13.329 [FXGL Background Thread 3 ] DEBUG Engine               - isScaleAffectedOnResize: true
18:41:13.329 [FXGL Background Thread 3 ] DEBUG Engine               - isSingleStep: false
18:41:13.329 [FXGL Background Thread 3 ] DEBUG Engine               - isUserProfileEnabled: false
18:41:13.329 [FXGL Background Thread 3 ] DEBUG Engine               - isWindows: true
18:41:13.329 [FXGL Background Thread 3 ] DEBUG Engine               - language: ObjectProperty [value: ENGLISH]
18:41:13.329 [FXGL Background Thread 3 ] DEBUG Engine               - menuKey: ESCAPE
18:41:13.329 [FXGL Background Thread 3 ] DEBUG Engine               - mouseSensitivity: 0.2
18:41:13.329 [FXGL Background Thread 3 ] DEBUG Engine               - notificationViewClass: class com.almasb.fxgl.notification.view.XboxNotificationView
18:41:13.329 [FXGL Background Thread 3 ] DEBUG Engine               - pixelsPerMeter: 50.0
18:41:13.329 [FXGL Background Thread 3 ] DEBUG Engine               - platform: WINDOWS
18:41:13.329 [FXGL Background Thread 3 ] DEBUG Engine               - prefHeightProperty: ReadOnlyDoubleProperty [value: 672.0]
18:41:13.329 [FXGL Background Thread 3 ] DEBUG Engine               - prefWidthProperty: ReadOnlyDoubleProperty [value: 816.0]
18:41:13.329 [FXGL Background Thread 3 ] DEBUG Engine               - profileDir: profiles/
18:41:13.329 [FXGL Background Thread 3 ] DEBUG Engine               - profileName: StringProperty [value: DEFAULT]
18:41:13.329 [FXGL Background Thread 3 ] DEBUG Engine               - randomSeed: -1
18:41:13.331 [FXGL Background Thread 3 ] DEBUG Engine               - runtimeInfo: RuntimeInfo(platform=WINDOWS, version=17.1, build=24.03.2022 17.34)
18:41:13.331 [FXGL Background Thread 3 ] DEBUG Engine               - saveFileExt: sav
18:41:13.331 [FXGL Background Thread 3 ] DEBUG Engine               - scaledHeightProp$fxgl: DoubleProperty [bound, value: 672.0]
18:41:13.332 [FXGL Background Thread 3 ] DEBUG Engine               - scaledWidthProp$fxgl: DoubleProperty [bound, value: 816.0]
18:41:13.332 [FXGL Background Thread 3 ] DEBUG Engine               - sceneFactory: com.ningf.tank.TankApp$1@1a5fa38e
18:41:13.332 [FXGL Background Thread 3 ] DEBUG Engine               - secondsIn24h: 60
18:41:13.332 [FXGL Background Thread 3 ] DEBUG Engine               - soundMenuBack: menu/back.wav
18:41:13.332 [FXGL Background Thread 3 ] DEBUG Engine               - soundMenuPress: menu/press.wav
18:41:13.332 [FXGL Background Thread 3 ] DEBUG Engine               - soundMenuSelect: menu/select.wav
18:41:13.332 [FXGL Background Thread 3 ] DEBUG Engine               - soundNotification: core/notification.wav
18:41:13.332 [FXGL Background Thread 3 ] DEBUG Engine               - stageStyle: DECORATED
18:41:13.332 [FXGL Background Thread 3 ] DEBUG Engine               - supportedLanguages: [ENGLISH, FRENCH, GERMAN, HUNGARIAN, RUSSIAN]
18:41:13.332 [FXGL Background Thread 3 ] DEBUG Engine               - ticksPerSecond: -1
18:41:13.332 [FXGL Background Thread 3 ] DEBUG Engine               - title: 90 Tank
18:41:13.332 [FXGL Background Thread 3 ] DEBUG Engine               - urlGithub: https://github.com/AlmasB/FXGL
18:41:13.332 [FXGL Background Thread 3 ] DEBUG Engine               - urlLeaderboard: http://fxgl-top.herokuapp.com/
18:41:13.332 [FXGL Background Thread 3 ] DEBUG Engine               - urlPOM: https://raw.githubusercontent.com/AlmasB/FXGL/release/README.md
18:41:13.332 [FXGL Background Thread 3 ] DEBUG Engine               - userAppClass: class com.ningf.tank.TankApp
18:41:13.332 [FXGL Background Thread 3 ] DEBUG Engine               - version: Version 0.3
18:41:13.332 [FXGL Background Thread 3 ] DEBUG Engine               - versionCheckDays: 7
18:41:13.332 [FXGL Background Thread 3 ] DEBUG Engine               - width: 816
18:41:13.332 [FXGL Background Thread 3 ] DEBUG Engine               - Logging services
18:41:13.332 [FXGL Background Thread 3 ] DEBUG Engine               - class com.almasb.fxgl.app.services.FXGLAssetLoaderService
18:41:13.332 [FXGL Background Thread 3 ] DEBUG Engine               - class com.almasb.fxgl.app.FXGLApplication$GameApplicationService
18:41:13.332 [FXGL Background Thread 3 ] DEBUG Engine               - class com.almasb.fxgl.app.services.FXGLDialogService
18:41:13.332 [FXGL Background Thread 3 ] DEBUG Engine               - class com.almasb.fxgl.app.services.IOTaskExecutorService
18:41:13.332 [FXGL Background Thread 3 ] DEBUG Engine               - class com.almasb.fxgl.io.FileSystemService
18:41:13.333 [FXGL Background Thread 3 ] DEBUG Engine               - class com.almasb.fxgl.localization.LocalizationService
18:41:13.333 [FXGL Background Thread 3 ] DEBUG Engine               - class com.almasb.fxgl.app.services.SystemBundleService
18:41:13.333 [FXGL Background Thread 3 ] DEBUG Engine               - class com.almasb.fxgl.profile.SaveLoadService
18:41:13.333 [FXGL Background Thread 3 ] DEBUG Engine               - class com.almasb.fxgl.ui.FXGLUIFactoryServiceProvider
18:41:13.333 [FXGL Background Thread 3 ] DEBUG Engine               - class com.almasb.fxgl.ui.FXGLDialogFactoryServiceProvider
18:41:13.333 [FXGL Background Thread 3 ] DEBUG Engine               - class com.almasb.fxgl.audio.AudioPlayer
18:41:13.333 [FXGL Background Thread 3 ] DEBUG Engine               - class com.almasb.fxgl.notification.impl.NotificationServiceProvider
18:41:13.333 [FXGL Background Thread 3 ] DEBUG Engine               - class com.almasb.fxgl.achievement.AchievementService
18:41:13.333 [FXGL Background Thread 3 ] DEBUG Engine               - class com.almasb.fxgl.cutscene.CutsceneService
18:41:13.333 [FXGL Background Thread 3 ] DEBUG Engine               - class com.almasb.fxgl.minigames.MiniGameService
18:41:13.333 [FXGL Background Thread 3 ] DEBUG Engine               - class com.almasb.fxgl.net.NetService
18:41:13.333 [FXGL Background Thread 3 ] DEBUG Engine               - class com.almasb.fxgl.app.services.UpdaterService
18:41:13.333 [FXGL Background Thread 3 ] DEBUG Engine               - class com.almasb.fxgl.dev.DevService
18:41:21.018 [JavaFX Application Thread] DEBUG FXGLAssetLoaderServi - Loading from file system: file:/D:/QQ/2283451158/FileRecv/tank_v3.0/FXGL_Tank-main3/target/classes/assets/sounds/select.wav
18:41:46.728 [JavaFX Application Thread] DEBUG GameApplicationServi - Starting new game
18:41:46.729 [JavaFX Application Thread] DEBUG PrimaryStageWindow   - Pop state: GameMainMenu
18:41:46.729 [JavaFX Application Thread] DEBUG Input                - Clearing active input actions
18:41:46.733 [JavaFX Application Thread] DEBUG GameApplicationServi - Removing overlay from GameMainMenu and adding to FXGLMainMenuDummyScene
18:41:46.733 [JavaFX Application Thread] DEBUG PrimaryStageWindow   - FXGLMainMenuDummyScene <- GameMainMenu
18:41:46.733 [JavaFX Application Thread] DEBUG Input                - Clearing active input actions
18:41:46.740 [JavaFX Application Thread] DEBUG GameApplicationServi - Removing overlay from FXGLMainMenuDummyScene and adding to GameLoadingScene
18:41:46.740 [JavaFX Application Thread] DEBUG PrimaryStageWindow   - FXGLMainMenuDummyScene -> GameLoadingScene
18:41:46.740 [JavaFX Application Thread] DEBUG GameApplicationServi - Clearing previous game
18:41:46.740 [JavaFX Application Thread] DEBUG GameScene            - Clearing game scene
18:41:46.740 [JavaFX Application Thread] DEBUG GameWorld            - Clearing game world
18:41:46.740 [JavaFX Application Thread] DEBUG PhysicsWorld         - Clearing physics world
18:41:46.741 [FXGL Background Thread 2 ] DEBUG FXGLApplication      - Initializing game
18:41:46.742 [FXGL Background Thread 2 ] DEBUG FXGLAssetLoaderServi - Loading from file system: file:/D:/QQ/2283451158/FileRecv/tank_v3.0/FXGL_Tank-main3/target/classes/assets/properties/game.properties
18:41:46.746 [FXGL Background Thread 2 ] DEBUG FXGLAssetLoaderServi - Loading from file system: file:/D:/QQ/2283451158/FileRecv/tank_v3.0/FXGL_Tank-main3/target/classes/assets/textures/map/stone.png
18:41:46.747 [FXGL Background Thread 2 ] DEBUG FXGLAssetLoaderServi - Loading from file system: file:/D:/QQ/2283451158/FileRecv/tank_v3.0/FXGL_Tank-main3/target/classes/assets/textures/map/brick.png
18:41:46.750 [FXGL Background Thread 2 ] DEBUG FXGLAssetLoaderServi - Loading from file system: file:/D:/QQ/2283451158/FileRecv/tank_v3.0/FXGL_Tank-main3/target/classes/assets/textures/map/sea_anim.png
18:41:46.750 [FXGL Background Thread 2 ] DEBUG FXGLAssetLoaderServi - Loading from file system: file:/D:/QQ/2283451158/FileRecv/tank_v3.0/FXGL_Tank-main3/target/classes/assets/textures/explode/explode_level_2.png
18:41:46.786 [pool-2-thread-1          ] WARN  TMXLevelLoader       - TiledMap generated from 1.8.4. Supported version: 1.4.2. Some features may not be parsed fully.
18:41:46.792 [pool-2-thread-1          ] DEBUG TMXLevelLoader       - Parsed TiledMap: file:/D:/QQ/2283451158/FileRecv/tank_v3.0/FXGL_Tank-main3/ConstructMap/level0.tmx
18:41:46.793 [pool-2-thread-1          ] DEBUG TMXLevelLoader       - Creating tile layer entities
18:41:46.794 [pool-2-thread-1          ] DEBUG TMXLevelLoader       - Creating object layer entities
18:41:46.828 [pool-2-thread-1          ] DEBUG GameWorld            - Clearing removable entities
18:41:46.829 [pool-2-thread-1          ] DEBUG GameWorld            - Setting level: com.almasb.fxgl.entity.level.Level@e1ba893
18:41:46.830 [pool-2-thread-1          ] DEBUG FXGLAssetLoaderServi - Loading from file system: file:/D:/QQ/2283451158/FileRecv/tank_v3.0/FXGL_Tank-main3/target/classes/assets/sounds/start.wav
18:41:46.840 [pool-2-thread-1          ] DEBUG FXGLAssetLoaderServi - Loading from file system: file:/D:/QQ/2283451158/FileRecv/tank_v3.0/FXGL_Tank-main3/target/classes/assets/textures/tank/H1U.png
18:41:46.844 [pool-2-thread-1          ] DEBUG FXGLAssetLoaderServi - Loading from file system: file:/D:/QQ/2283451158/FileRecv/tank_v3.0/FXGL_Tank-main3/target/classes/assets/textures/item/armed_helmet.png
18:41:46.856 [pool-2-thread-1          ] DEBUG FXGLAssetLoaderServi - Loading from file system: file:/D:/QQ/2283451158/FileRecv/tank_v3.0/FXGL_Tank-main3/target/classes/assets/textures/ui/enemy_pre.png
18:41:46.858 [pool-2-thread-1          ] DEBUG FXGLAssetLoaderServi - Loading from file system: file:/D:/QQ/2283451158/FileRecv/tank_v3.0/FXGL_Tank-main3/target/classes/assets/textures/ui/levelFlag.png
18:41:46.859 [pool-2-thread-1          ] DEBUG FXGLAssetLoaderServi - Loading from file system: file:/D:/QQ/2283451158/FileRecv/tank_v3.0/FXGL_Tank-main3/target/classes/assets/textures/ui/bulletLevel.png
18:41:46.862 [pool-2-thread-1          ] DEBUG FXGLAssetLoaderServi - Loading from file system: file:/D:/QQ/2283451158/FileRecv/tank_v3.0/FXGL_Tank-main3/target/classes/assets/textures/tank/spawnTank.png
18:41:46.862 [pool-2-thread-1          ] DEBUG FXGLAssetLoaderServi - Loading from file system: file:/D:/QQ/2283451158/FileRecv/tank_v3.0/FXGL_Tank-main3/target/classes/assets/textures/tank/E7U.png
18:41:46.865 [pool-2-thread-1          ] DEBUG FXGLAssetLoaderServi - Loading from file system: file:/D:/QQ/2283451158/FileRecv/tank_v3.0/FXGL_Tank-main3/target/classes/assets/textures/tank/E11U.png
18:41:46.866 [pool-2-thread-1          ] DEBUG FXGLAssetLoaderServi - Loading from file system: file:/D:/QQ/2283451158/FileRecv/tank_v3.0/FXGL_Tank-main3/target/classes/assets/textures/tank/E9U.png
18:41:48.276 [JavaFX Application Thread] WARN  TMXLevelLoader       - TiledMap generated from 1.10.2. Supported version: 1.4.2. Some features may not be parsed fully.
18:41:48.282 [JavaFX Application Thread] DEBUG TMXLevelLoader       - Parsed TiledMap: file:/D:/QQ/2283451158/FileRecv/tank_v3.0/FXGL_Tank-main3/target/classes/assets/levels/levelForTwo.tmx
18:41:48.282 [JavaFX Application Thread] DEBUG TMXLevelLoader       - Creating tile layer entities
18:41:48.282 [JavaFX Application Thread] DEBUG TMXLevelLoader       - Creating object layer entities
18:41:48.304 [JavaFX Application Thread] DEBUG GameWorld            - Clearing removable entities
18:41:48.309 [JavaFX Application Thread] DEBUG GameWorld            - Setting level: com.almasb.fxgl.entity.level.Level@44146316
18:41:48.312 [JavaFX Application Thread] DEBUG FXGLAssetLoaderServi - Loading from file system: file:/D:/QQ/2283451158/FileRecv/tank_v3.0/FXGL_Tank-main3/target/classes/assets/textures/tank/H2U.png
18:42:07.158 [FXGL Background Thread 2 ] INFO  FXGLApplication      - Game initialization took: 20.418 sec
18:42:07.159 [JavaFX Application Thread] DEBUG Input                - Clearing active input actions
18:42:07.169 [JavaFX Application Thread] DEBUG GameApplicationServi - Removing overlay from GameLoadingScene and adding to GameScene
18:42:07.169 [JavaFX Application Thread] DEBUG PrimaryStageWindow   - GameLoadingScene -> GameScene
18:42:21.322 [JavaFX Application Thread] DEBUG FXGLAssetLoaderServi - Loading from file system: file:/D:/QQ/2283451158/FileRecv/tank_v3.0/FXGL_Tank-main3/target/classes/assets/sounds/normalFire.wav
18:42:21.327 [JavaFX Application Thread] DEBUG FXGLAssetLoaderServi - Loading from file system: file:/D:/QQ/2283451158/FileRecv/tank_v3.0/FXGL_Tank-main3/target/classes/assets/textures/bullet/normal.png
18:42:21.551 [JavaFX Application Thread] DEBUG FXGLAssetLoaderServi - Loading from file system: file:/D:/QQ/2283451158/FileRecv/tank_v3.0/FXGL_Tank-main3/target/classes/assets/sounds/normalBomb.wav
18:42:24.603 [JavaFX Application Thread] DEBUG FXGLAssetLoaderServi - Loading from file system: file:/D:/QQ/2283451158/FileRecv/tank_v3.0/FXGL_Tank-main3/target/classes/assets/textures/ui/YouWin.png
18:42:24.637 [JavaFX Application Thread] DEBUG PrimaryStageWindow   - Push state: FailedScene
18:42:24.637 [JavaFX Application Thread] DEBUG FXGLAssetLoaderServi - Loading from file system: file:/D:/QQ/2283451158/FileRecv/tank_v3.0/FXGL_Tank-main3/target/classes/assets/sounds/GameOver.wav
18:42:24.640 [JavaFX Application Thread] DEBUG Input                - Clearing active input actions
18:42:24.640 [JavaFX Application Thread] DEBUG GameApplicationServi - Removing overlay from GameScene and adding to FailedScene
18:42:24.641 [JavaFX Application Thread] DEBUG PrimaryStageWindow   - GameScene -> FailedScene
18:42:27.015 [JavaFX Application Thread] DEBUG FXGLApplication      - Exiting FXGL
18:42:27.015 [JavaFX Application Thread] DEBUG LoopRunner           - Stopping loop
18:42:27.015 [JavaFX Application Thread] DEBUG SystemBundleService  - Saving FXGL system data
18:42:27.017 [JavaFX Application Thread] DEBUG FileSystemAccess     - Writing to: D:\QQ\2283451158\FileRecv\tank_v3.0\FXGL_Tank-main3\system\fxgl.bundle
18:42:27.018 [JavaFX Application Thread] DEBUG Async                - Shutting down background threads
18:42:27.018 [JavaFX Application Thread] DEBUG PrimaryStageWindow   - Closing main window
18:42:27.042 [JavaFX Application Thread] DEBUG Logger               - Closing Logger
