10:07:47.508 [main                     ] DEBUG Logger               - Configured Logger
10:07:47.536 [main                     ] DEBUG GameApplication      - Logging settings
Title: 90 Tank
Version: Version 0.3
Width: 816
Height: 672
Fullscreen: false
Intro: false
Profiling: false
Single step:false
App Mode: DEVELOPER
Menu Key: ESCAPE
Stage Style: DECORATED
Scene Factory: class com.ningf.tank.TankApp$1

10:07:47.825 [JavaFX Application Thread] DEBUG FXGLApplication      - Initializing FXGL
10:07:47.831 [JavaFX Application Thread] INFO  Engine               - FXGL-17.1 (24.03.2022 17.34) on WINDOWS (J:17.0.7 FX:18)
10:07:47.831 [JavaFX Application Thread] DEBUG Engine               - JRE Vendor Name: Oracle Corporation
10:07:47.831 [JavaFX Application Thread] DEBUG Engine               - Running on OS: Windows 11 version 10.0
10:07:47.832 [JavaFX Application Thread] DEBUG Engine               - Architecture: amd64
10:07:47.832 [JavaFX Application Thread] INFO  Engine               - Source code and latest versions at: https://github.com/AlmasB/FXGL
10:07:47.832 [JavaFX Application Thread] INFO  Engine               -       Ask questions and discuss at: https://github.com/AlmasB/FXGL/discussions
10:07:47.832 [JavaFX Application Thread] INFO  Engine               -              Join the FXGL chat at: https://gitter.im/AlmasB/FXGL
10:07:47.910 [JavaFX Application Thread] DEBUG PrimaryStageWindow   - Creating a JavaFX scene
10:07:47.943 [JavaFX Application Thread] DEBUG PrimaryStageWindow   - Target settings size: 816.0 x 672.0
10:07:47.944 [JavaFX Application Thread] DEBUG PrimaryStageWindow   - Scaled scene size:    816.0 x 672.0
10:07:47.944 [JavaFX Application Thread] DEBUG PrimaryStageWindow   - Scaled ratio: (1.0, 1.0)
10:07:47.945 [JavaFX Application Thread] DEBUG PrimaryStageWindow   - Set initial scene to GameStartupScene
10:07:47.950 [JavaFX Application Thread] DEBUG PrimaryStageWindow   - Opening main window
10:07:48.041 [JavaFX Application Thread] DEBUG PrimaryStageWindow   - Window border size: (14.66668701171875, 37.33331298828125)
10:07:48.042 [JavaFX Application Thread] DEBUG PrimaryStageWindow   - Scaled size: 816.0 x 672.0
10:07:48.042 [JavaFX Application Thread] DEBUG PrimaryStageWindow   - Scaled ratio: (1.0, 1.0)
10:07:48.042 [JavaFX Application Thread] DEBUG PrimaryStageWindow   - Scene size: 816.0 x 672.0
10:07:48.042 [JavaFX Application Thread] DEBUG PrimaryStageWindow   - Stage size: 830.6666870117188 x 709.3333129882812
10:07:48.047 [FXGL Background Thread 1 ] DEBUG Engine               - Initializing environment variables
10:07:48.082 [FXGL Background Thread 1 ] DEBUG FXGLAssetLoaderServi - User app class for loading assets: class com.ningf.tank.TankApp
10:07:48.082 [FXGL Background Thread 1 ] DEBUG GameApplicationServi - Applying CSS: fxgl_dark.css
10:07:48.082 [FXGL Background Thread 1 ] DEBUG FXGLAssetLoaderServi - Loading from file system: jar:file:///C:/Users/WONDER/.m2/repository/com/github/almasb/fxgl/17.1/fxgl-17.1.jar!/fxglassets/ui/css/fxgl_dark.css
10:07:48.098 [FXGL Background Thread 1 ] DEBUG GameApplicationServi - Applying CSS: tankApp.css
10:07:48.098 [FXGL Background Thread 1 ] DEBUG FXGLAssetLoaderServi - Loading from file system: file:/D:/SoftwareDevelopment/javaFxProject/tank_v3.1/target/classes/assets/ui/css/tankApp.css
10:07:48.099 [FXGL Background Thread 1 ] DEBUG GameApplicationServi - Initializing application scenes
10:07:48.107 [FXGL Background Thread 1 ] DEBUG GameWorld            - Game world initialized
10:07:48.156 [FXGL Background Thread 1 ] DEBUG PhysicsWorld         - Physics world initialized: appHeight=672, physics.ppm=50.0
10:07:48.156 [FXGL Background Thread 1 ] DEBUG PhysicsWorld         - Using strategy: BRUTE_FORCE
10:07:48.159 [FXGL Background Thread 1 ] DEBUG GameScene            - Game scene initialized: 816x672
10:07:48.162 [FXGL Background Thread 1 ] DEBUG FXGLAssetLoaderServi - Loading from file system: file:/D:/SoftwareDevelopment/javaFxProject/tank_v3.1/target/classes/assets/textures/ui/logo.png
10:07:48.172 [FXGL Background Thread 1 ] DEBUG FXGLAssetLoaderServi - Loading from file system: file:/D:/SoftwareDevelopment/javaFxProject/tank_v3.1/target/classes/assets/textures/ui/icon.png
10:07:48.179 [FXGL Background Thread 1 ] DEBUG FXGLAssetLoaderServi - Loading from file system: file:/D:/SoftwareDevelopment/javaFxProject/tank_v3.1/target/classes/assets/textures/ui/tankLoading.png
10:07:48.208 [FXGL Background Thread 1 ] DEBUG FXGLAssetLoaderServi - Loading from file system: file:/D:/SoftwareDevelopment/javaFxProject/tank_v3.1/target/classes/assets/textures/ui/fxgl.png
10:07:48.237 [FXGL Background Thread 1 ] DEBUG FXGL.DefaultMenu     - createMenuBodyGameMenu()
10:07:48.243 [FXGL Background Thread 1 ] DEBUG FXGL.DefaultMenu     - createOptionsMenu()
10:07:48.249 [FXGL Background Thread 1 ] DEBUG FXGLAssetLoaderServi - Loading from file system: jar:file:///C:/Users/WONDER/.m2/repository/com/github/almasb/fxgl/17.1/fxgl-17.1.jar!/fxglassets/textures/particles/smoke.png
10:07:48.316 [FXGL Background Thread 1 ] DEBUG FXGLAssetLoaderServi - Loading from file system: jar:file:///C:/Users/WONDER/.m2/repository/com/github/almasb/fxgl/17.1/fxgl-17.1.jar!/fxglassets/textures/particles/trace_horizontal.png
10:07:48.336 [FXGL Background Thread 1 ] DEBUG GameApplicationServi - Application scenes initialized
10:07:48.343 [FXGL Background Thread 1 ] DEBUG SystemBundleService  - Loading FXGL system data
10:07:48.348 [FXGL Background Thread 1 ] DEBUG FileSystemAccess     - Reading from: D:\SoftwareDevelopment\javaFxProject\tank_v3.1\system\fxgl.bundle
10:07:48.354 [FXGL Background Thread 1 ] DEBUG SystemBundleService  - Bundle FXGL: {}
10:07:48.354 [FXGL Background Thread 1 ] DEBUG UpdaterService       - Checking for updates
10:07:48.356 [FXGL Background Thread 4 ] DEBUG FXGLApplication      - Loading fonts
10:07:48.357 [FXGL Background Thread 1 ] DEBUG FXGLApplication      - Loading default localization
10:07:48.357 [FXGL Background Thread 4 ] DEBUG FXGLAssetLoaderServi - Loading from file system: jar:file:///C:/Users/WONDER/.m2/repository/com/github/almasb/fxgl/17.1/fxgl-17.1.jar!/fxglassets/ui/fonts/VarelaRound-Regular.ttf
10:07:48.358 [FXGL Background Thread 1 ] DEBUG FXGLAssetLoaderServi - Loading from file system: jar:file:///C:/Users/WONDER/.m2/repository/com/github/almasb/fxgl/17.1/fxgl-17.1.jar!/fxglassets/languages/english.lang
10:07:48.383 [FXGL Background Thread 1 ] INFO  FXGLApplication      - FXGL initialization took: 0.336 sec
10:07:48.394 [JavaFX Application Thread] DEBUG Input                - Registered new binding: action0 - W
10:07:48.395 [JavaFX Application Thread] DEBUG Input                - Registered new binding: action1 - S
10:07:48.396 [JavaFX Application Thread] DEBUG Input                - Registered new binding: action2 - A
10:07:48.396 [JavaFX Application Thread] DEBUG Input                - Registered new binding: action3 - D
10:07:48.396 [JavaFX Application Thread] DEBUG Input                - Registered new binding: action4 - Space
10:07:48.397 [JavaFX Application Thread] DEBUG Input                - Registered new binding: action5 - O
10:07:48.397 [JavaFX Application Thread] DEBUG Input                - Registered new binding: action6 - Up
10:07:48.397 [JavaFX Application Thread] DEBUG Input                - Registered new binding: action7 - Down
10:07:48.398 [JavaFX Application Thread] DEBUG Input                - Registered new binding: action8 - Left
10:07:48.398 [JavaFX Application Thread] DEBUG Input                - Registered new binding: action9 - Right
10:07:48.398 [JavaFX Application Thread] DEBUG Input                - Registered new binding: action10 - Numpad 0
10:07:48.399 [JavaFX Application Thread] DEBUG Input                - Registered new binding: action11 - F
10:07:48.403 [JavaFX Application Thread] DEBUG FXGLAssetLoaderServi - Loading from file system: file:/D:/SoftwareDevelopment/javaFxProject/tank_v3.1/target/classes/assets/textures/ui/cursor.png
10:07:48.407 [JavaFX Application Thread] DEBUG Input                - Registered new binding: Screenshot - CTRL+8
10:07:48.407 [JavaFX Application Thread] DEBUG Input                - Registered new binding: System info dump - CTRL+9
10:07:48.408 [JavaFX Application Thread] DEBUG Input                - Registered new binding: Restart - CTRL+R
10:07:48.409 [JavaFX Application Thread] DEBUG Input                - Registered new binding: Toggle Debug Camera - CTRL+7
10:07:48.412 [JavaFX Application Thread] DEBUG LoopRunner           - Starting loop
10:07:48.412 [JavaFX Application Thread] DEBUG LoopRunner           - Initializing JavaFX AnimationTimerLoop
10:07:48.416 [JavaFX Application Thread] DEBUG Input                - Clearing active input actions
10:07:48.417 [FXGL Background Thread 4 ] DEBUG FXGLAssetLoaderServi - Loading from file system: jar:file:///C:/Users/WONDER/.m2/repository/com/github/almasb/fxgl/17.1/fxgl-17.1.jar!/fxglassets/ui/fonts/Abel-Regular.ttf
10:07:48.423 [JavaFX Application Thread] DEBUG GameApplicationServi - Removing overlay from GameStartupScene and adding to FXGLMainMenuDummyScene
10:07:48.423 [JavaFX Application Thread] DEBUG PrimaryStageWindow   - GameStartupScene -> FXGLMainMenuDummyScene
10:07:48.423 [JavaFX Application Thread] DEBUG PrimaryStageWindow   - Push state: GameMainMenu
10:07:48.423 [JavaFX Application Thread] DEBUG FXGLAssetLoaderServi - Loading from file system: file:/D:/SoftwareDevelopment/javaFxProject/tank_v3.1/target/classes/assets/sounds/mainMenuLoad.wav
10:07:48.425 [FXGL Background Thread 4 ] DEBUG FXGLAssetLoaderServi - Loading from file system: jar:file:///C:/Users/WONDER/.m2/repository/com/github/almasb/fxgl/17.1/fxgl-17.1.jar!/fxglassets/ui/fonts/TerminalLandMono-Regular.otf
10:07:48.432 [FXGL Background Thread 4 ] DEBUG FXGLAssetLoaderServi - Loading from file system: jar:file:///C:/Users/WONDER/.m2/repository/com/github/almasb/fxgl/17.1/fxgl-17.1.jar!/fxglassets/ui/fonts/Courier-Prime.ttf
10:07:48.483 [JavaFX Application Thread] DEBUG Input                - Clearing active input actions
10:07:48.487 [JavaFX Application Thread] DEBUG GameApplicationServi - Removing overlay from FXGLMainMenuDummyScene and adding to GameMainMenu
10:07:48.487 [JavaFX Application Thread] DEBUG PrimaryStageWindow   - FXGLMainMenuDummyScene -> GameMainMenu
10:07:48.521 [FXGL Background Thread 2 ] WARN  UpdaterService       - Failed to find updates: java.net.UnknownHostException: raw.githubusercontent.com
10:07:48.544 [JavaFX Application Thread] DEBUG FXGLApplication      - Registering font factories with UI factory
10:07:50.491 [JavaFX Application Thread] DEBUG FXGLAssetLoaderServi - Loading from file system: file:/D:/SoftwareDevelopment/javaFxProject/tank_v3.1/target/classes/assets/sounds/mainMenuHover.wav
10:07:51.248 [JavaFX Application Thread] DEBUG FXGLAssetLoaderServi - Loading from file system: file:/D:/SoftwareDevelopment/javaFxProject/tank_v3.1/target/classes/assets/sounds/select.wav
10:07:51.357 [FXGL Background Thread 3 ] DEBUG Engine               - Logging environment variables
10:07:51.357 [FXGL Background Thread 3 ] DEBUG Engine               - achievements: []
10:07:51.357 [FXGL Background Thread 3 ] DEBUG Engine               - actualHeight: 672.0
10:07:51.357 [FXGL Background Thread 3 ] DEBUG Engine               - actualHeightProperty: ReadOnlyDoubleProperty [value: 672.0]
10:07:51.357 [FXGL Background Thread 3 ] DEBUG Engine               - actualWidth: 816.0
10:07:51.358 [FXGL Background Thread 3 ] DEBUG Engine               - actualWidthProperty: ReadOnlyDoubleProperty [value: 816.0]
10:07:51.358 [FXGL Background Thread 3 ] DEBUG Engine               - appIcon: ui/icon.png
10:07:51.358 [FXGL Background Thread 3 ] DEBUG Engine               - applicationMode: DEVELOPER
10:07:51.358 [FXGL Background Thread 3 ] DEBUG Engine               - cSSList: [fxgl_dark.css, tankApp.css]
10:07:51.358 [FXGL Background Thread 3 ] DEBUG Engine               - collisionDetectionStrategy: BRUTE_FORCE
10:07:51.358 [FXGL Background Thread 3 ] DEBUG Engine               - configClass: Optional.empty
10:07:51.358 [FXGL Background Thread 3 ] DEBUG Engine               - credits: []
10:07:51.358 [FXGL Background Thread 3 ] DEBUG Engine               - defaultCursor: CursorInfo(imageName=ui/cursor.png, hotspotX=0.0, hotspotY=0.0)
10:07:51.358 [FXGL Background Thread 3 ] DEBUG Engine               - devBBoxColorProperty: ObjectProperty [value: 0xff0000ff]
10:07:51.359 [FXGL Background Thread 3 ] DEBUG Engine               - devEnableDebugCameraProperty: BooleanProperty [value: false]
10:07:51.359 [FXGL Background Thread 3 ] DEBUG Engine               - devSensorColorProperty: ObjectProperty [value: 0xffff00ff]
10:07:51.359 [FXGL Background Thread 3 ] DEBUG Engine               - devShowBBoxProperty: BooleanProperty [value: false]
10:07:51.359 [FXGL Background Thread 3 ] DEBUG Engine               - devShowPositionProperty: BooleanProperty [value: false]
10:07:51.359 [FXGL Background Thread 3 ] DEBUG Engine               - enabledMenuItems: []
10:07:51.359 [FXGL Background Thread 3 ] DEBUG Engine               - engineServices: [class com.almasb.fxgl.app.services.FXGLAssetLoaderService, class com.almasb.fxgl.app.FXGLApplication$GameApplicationService, class com.almasb.fxgl.app.services.FXGLDialogService, class com.almasb.fxgl.app.services.IOTaskExecutorService, class com.almasb.fxgl.io.FileSystemService, class com.almasb.fxgl.localization.LocalizationService, class com.almasb.fxgl.app.services.SystemBundleService, class com.almasb.fxgl.profile.SaveLoadService, class com.almasb.fxgl.ui.FXGLUIFactoryServiceProvider, class com.almasb.fxgl.ui.FXGLDialogFactoryServiceProvider, class com.almasb.fxgl.audio.AudioPlayer, class com.almasb.fxgl.notification.impl.NotificationServiceProvider, class com.almasb.fxgl.achievement.AchievementService, class com.almasb.fxgl.cutscene.CutsceneService, class com.almasb.fxgl.minigames.MiniGameService, class com.almasb.fxgl.net.NetService, class com.almasb.fxgl.app.services.UpdaterService, class com.almasb.fxgl.dev.DevService]
10:07:51.359 [FXGL Background Thread 3 ] DEBUG Engine               - fontGame: Abel-Regular.ttf
10:07:51.359 [FXGL Background Thread 3 ] DEBUG Engine               - fontMono: TerminalLandMono-Regular.otf
10:07:51.359 [FXGL Background Thread 3 ] DEBUG Engine               - fontText: Courier-Prime.ttf
10:07:51.359 [FXGL Background Thread 3 ] DEBUG Engine               - fontUI: VarelaRound-Regular.ttf
10:07:51.359 [FXGL Background Thread 3 ] DEBUG Engine               - fullScreen: BooleanProperty [value: false]
10:07:51.359 [FXGL Background Thread 3 ] DEBUG Engine               - gameDifficulty: MEDIUM
10:07:51.359 [FXGL Background Thread 3 ] DEBUG Engine               - gameDifficultyProperty: ObjectProperty [value: MEDIUM]
10:07:51.359 [FXGL Background Thread 3 ] DEBUG Engine               - globalMusicVolume: 0.5
10:07:51.359 [FXGL Background Thread 3 ] DEBUG Engine               - globalMusicVolumeProperty: DoubleProperty [value: 0.5]
10:07:51.359 [FXGL Background Thread 3 ] DEBUG Engine               - globalSoundVolume: 0.5
10:07:51.359 [FXGL Background Thread 3 ] DEBUG Engine               - globalSoundVolumeProperty: DoubleProperty [value: 0.5]
10:07:51.359 [FXGL Background Thread 3 ] DEBUG Engine               - height: 672
10:07:51.359 [FXGL Background Thread 3 ] DEBUG Engine               - is3D: false
10:07:51.359 [FXGL Background Thread 3 ] DEBUG Engine               - isAndroid: false
10:07:51.360 [FXGL Background Thread 3 ] DEBUG Engine               - isBrowser: false
10:07:51.360 [FXGL Background Thread 3 ] DEBUG Engine               - isClickFeedbackEnabled: false
10:07:51.360 [FXGL Background Thread 3 ] DEBUG Engine               - isCloseConfirmation: false
10:07:51.360 [FXGL Background Thread 3 ] DEBUG Engine               - isDesktop: true
10:07:51.360 [FXGL Background Thread 3 ] DEBUG Engine               - isDeveloperMenuEnabled: false
10:07:51.360 [FXGL Background Thread 3 ] DEBUG Engine               - isEmbedded: false
10:07:51.360 [FXGL Background Thread 3 ] DEBUG Engine               - isEntityPreloadEnabled: true
10:07:51.360 [FXGL Background Thread 3 ] DEBUG Engine               - isExperimentalTiledLargeMap: false
10:07:51.360 [FXGL Background Thread 3 ] DEBUG Engine               - isFileSystemWriteAllowed: true
10:07:51.360 [FXGL Background Thread 3 ] DEBUG Engine               - isFullScreenAllowed: false
10:07:51.360 [FXGL Background Thread 3 ] DEBUG Engine               - isFullScreenFromStart: false
10:07:51.360 [FXGL Background Thread 3 ] DEBUG Engine               - isGameMenuEnabled: true
10:07:51.360 [FXGL Background Thread 3 ] DEBUG Engine               - isIOS: false
10:07:51.360 [FXGL Background Thread 3 ] DEBUG Engine               - isIntroEnabled: false
10:07:51.360 [FXGL Background Thread 3 ] DEBUG Engine               - isLinux: false
10:07:51.360 [FXGL Background Thread 3 ] DEBUG Engine               - isMac: false
10:07:51.360 [FXGL Background Thread 3 ] DEBUG Engine               - isMainMenuEnabled: true
10:07:51.360 [FXGL Background Thread 3 ] DEBUG Engine               - isManualResizeEnabled: false
10:07:51.360 [FXGL Background Thread 3 ] DEBUG Engine               - isMobile: false
10:07:51.360 [FXGL Background Thread 3 ] DEBUG Engine               - isNative: false
10:07:51.360 [FXGL Background Thread 3 ] DEBUG Engine               - isPauseMusicWhenMinimized: true
10:07:51.360 [FXGL Background Thread 3 ] DEBUG Engine               - isPreserveResizeRatio: false
10:07:51.360 [FXGL Background Thread 3 ] DEBUG Engine               - isProfilingEnabled: false
10:07:51.360 [FXGL Background Thread 3 ] DEBUG Engine               - isScaleAffectedOnResize: true
10:07:51.360 [FXGL Background Thread 3 ] DEBUG Engine               - isSingleStep: false
10:07:51.360 [FXGL Background Thread 3 ] DEBUG Engine               - isUserProfileEnabled: false
10:07:51.360 [FXGL Background Thread 3 ] DEBUG Engine               - isWindows: true
10:07:51.360 [FXGL Background Thread 3 ] DEBUG Engine               - language: ObjectProperty [value: ENGLISH]
10:07:51.361 [FXGL Background Thread 3 ] DEBUG Engine               - menuKey: ESCAPE
10:07:51.361 [FXGL Background Thread 3 ] DEBUG Engine               - mouseSensitivity: 0.2
10:07:51.361 [FXGL Background Thread 3 ] DEBUG Engine               - notificationViewClass: class com.almasb.fxgl.notification.view.XboxNotificationView
10:07:51.361 [FXGL Background Thread 3 ] DEBUG Engine               - pixelsPerMeter: 50.0
10:07:51.361 [FXGL Background Thread 3 ] DEBUG Engine               - platform: WINDOWS
10:07:51.361 [FXGL Background Thread 3 ] DEBUG Engine               - prefHeightProperty: ReadOnlyDoubleProperty [value: 672.0]
10:07:51.361 [FXGL Background Thread 3 ] DEBUG Engine               - prefWidthProperty: ReadOnlyDoubleProperty [value: 816.0]
10:07:51.361 [FXGL Background Thread 3 ] DEBUG Engine               - profileDir: profiles/
10:07:51.361 [FXGL Background Thread 3 ] DEBUG Engine               - profileName: StringProperty [value: DEFAULT]
10:07:51.361 [FXGL Background Thread 3 ] DEBUG Engine               - randomSeed: -1
10:07:51.362 [FXGL Background Thread 3 ] DEBUG Engine               - runtimeInfo: RuntimeInfo(platform=WINDOWS, version=17.1, build=24.03.2022 17.34)
10:07:51.362 [FXGL Background Thread 3 ] DEBUG Engine               - saveFileExt: sav
10:07:51.362 [FXGL Background Thread 3 ] DEBUG Engine               - scaledHeightProp$fxgl: DoubleProperty [bound, value: 672.0]
10:07:51.362 [FXGL Background Thread 3 ] DEBUG Engine               - scaledWidthProp$fxgl: DoubleProperty [bound, value: 816.0]
10:07:51.362 [FXGL Background Thread 3 ] DEBUG Engine               - sceneFactory: com.ningf.tank.TankApp$1@38e9d714
10:07:51.362 [FXGL Background Thread 3 ] DEBUG Engine               - secondsIn24h: 60
10:07:51.362 [FXGL Background Thread 3 ] DEBUG Engine               - soundMenuBack: menu/back.wav
10:07:51.362 [FXGL Background Thread 3 ] DEBUG Engine               - soundMenuPress: menu/press.wav
10:07:51.362 [FXGL Background Thread 3 ] DEBUG Engine               - soundMenuSelect: menu/select.wav
10:07:51.362 [FXGL Background Thread 3 ] DEBUG Engine               - soundNotification: core/notification.wav
10:07:51.362 [FXGL Background Thread 3 ] DEBUG Engine               - stageStyle: DECORATED
10:07:51.362 [FXGL Background Thread 3 ] DEBUG Engine               - supportedLanguages: [ENGLISH, FRENCH, GERMAN, HUNGARIAN, RUSSIAN]
10:07:51.362 [FXGL Background Thread 3 ] DEBUG Engine               - ticksPerSecond: -1
10:07:51.362 [FXGL Background Thread 3 ] DEBUG Engine               - title: 90 Tank
10:07:51.362 [FXGL Background Thread 3 ] DEBUG Engine               - urlGithub: https://github.com/AlmasB/FXGL
10:07:51.362 [FXGL Background Thread 3 ] DEBUG Engine               - urlLeaderboard: http://fxgl-top.herokuapp.com/
10:07:51.362 [FXGL Background Thread 3 ] DEBUG Engine               - urlPOM: https://raw.githubusercontent.com/AlmasB/FXGL/release/README.md
10:07:51.362 [FXGL Background Thread 3 ] DEBUG Engine               - userAppClass: class com.ningf.tank.TankApp
10:07:51.362 [FXGL Background Thread 3 ] DEBUG Engine               - version: Version 0.3
10:07:51.362 [FXGL Background Thread 3 ] DEBUG Engine               - versionCheckDays: 7
10:07:51.362 [FXGL Background Thread 3 ] DEBUG Engine               - width: 816
10:07:51.362 [FXGL Background Thread 3 ] DEBUG Engine               - Logging services
10:07:51.362 [FXGL Background Thread 3 ] DEBUG Engine               - class com.almasb.fxgl.app.services.FXGLAssetLoaderService
10:07:51.362 [FXGL Background Thread 3 ] DEBUG Engine               - class com.almasb.fxgl.app.FXGLApplication$GameApplicationService
10:07:51.362 [FXGL Background Thread 3 ] DEBUG Engine               - class com.almasb.fxgl.app.services.FXGLDialogService
10:07:51.362 [FXGL Background Thread 3 ] DEBUG Engine               - class com.almasb.fxgl.app.services.IOTaskExecutorService
10:07:51.362 [FXGL Background Thread 3 ] DEBUG Engine               - class com.almasb.fxgl.io.FileSystemService
10:07:51.362 [FXGL Background Thread 3 ] DEBUG Engine               - class com.almasb.fxgl.localization.LocalizationService
10:07:51.362 [FXGL Background Thread 3 ] DEBUG Engine               - class com.almasb.fxgl.app.services.SystemBundleService
10:07:51.362 [FXGL Background Thread 3 ] DEBUG Engine               - class com.almasb.fxgl.profile.SaveLoadService
10:07:51.363 [FXGL Background Thread 3 ] DEBUG Engine               - class com.almasb.fxgl.ui.FXGLUIFactoryServiceProvider
10:07:51.363 [FXGL Background Thread 3 ] DEBUG Engine               - class com.almasb.fxgl.ui.FXGLDialogFactoryServiceProvider
10:07:51.363 [FXGL Background Thread 3 ] DEBUG Engine               - class com.almasb.fxgl.audio.AudioPlayer
10:07:51.363 [FXGL Background Thread 3 ] DEBUG Engine               - class com.almasb.fxgl.notification.impl.NotificationServiceProvider
10:07:51.363 [FXGL Background Thread 3 ] DEBUG Engine               - class com.almasb.fxgl.achievement.AchievementService
10:07:51.363 [FXGL Background Thread 3 ] DEBUG Engine               - class com.almasb.fxgl.cutscene.CutsceneService
10:07:51.363 [FXGL Background Thread 3 ] DEBUG Engine               - class com.almasb.fxgl.minigames.MiniGameService
10:07:51.363 [FXGL Background Thread 3 ] DEBUG Engine               - class com.almasb.fxgl.net.NetService
10:07:51.363 [FXGL Background Thread 3 ] DEBUG Engine               - class com.almasb.fxgl.app.services.UpdaterService
10:07:51.363 [FXGL Background Thread 3 ] DEBUG Engine               - class com.almasb.fxgl.dev.DevService
10:07:57.055 [JavaFX Application Thread] DEBUG GameApplicationServi - Starting new game
10:07:57.055 [JavaFX Application Thread] DEBUG PrimaryStageWindow   - Pop state: GameMainMenu
10:07:57.055 [JavaFX Application Thread] DEBUG Input                - Clearing active input actions
10:07:57.060 [JavaFX Application Thread] DEBUG GameApplicationServi - Removing overlay from GameMainMenu and adding to FXGLMainMenuDummyScene
10:07:57.061 [JavaFX Application Thread] DEBUG PrimaryStageWindow   - FXGLMainMenuDummyScene <- GameMainMenu
10:07:57.061 [JavaFX Application Thread] DEBUG Input                - Clearing active input actions
10:07:57.069 [JavaFX Application Thread] DEBUG GameApplicationServi - Removing overlay from FXGLMainMenuDummyScene and adding to GameLoadingScene
10:07:57.069 [JavaFX Application Thread] DEBUG PrimaryStageWindow   - FXGLMainMenuDummyScene -> GameLoadingScene
10:07:57.069 [JavaFX Application Thread] DEBUG GameApplicationServi - Clearing previous game
10:07:57.070 [JavaFX Application Thread] DEBUG GameScene            - Clearing game scene
10:07:57.070 [JavaFX Application Thread] DEBUG GameWorld            - Clearing game world
10:07:57.070 [JavaFX Application Thread] DEBUG PhysicsWorld         - Clearing physics world
10:07:57.071 [FXGL Background Thread 2 ] DEBUG FXGLApplication      - Initializing game
10:07:57.073 [FXGL Background Thread 2 ] DEBUG FXGLAssetLoaderServi - Loading from file system: file:/D:/SoftwareDevelopment/javaFxProject/tank_v3.1/target/classes/assets/properties/game.properties
10:07:57.081 [FXGL Background Thread 2 ] DEBUG FXGLAssetLoaderServi - Loading from file system: file:/D:/SoftwareDevelopment/javaFxProject/tank_v3.1/target/classes/assets/textures/map/stone.png
10:07:57.082 [FXGL Background Thread 2 ] DEBUG FXGLAssetLoaderServi - Loading from file system: file:/D:/SoftwareDevelopment/javaFxProject/tank_v3.1/target/classes/assets/textures/map/brick.png
10:07:57.086 [FXGL Background Thread 2 ] DEBUG FXGLAssetLoaderServi - Loading from file system: file:/D:/SoftwareDevelopment/javaFxProject/tank_v3.1/target/classes/assets/textures/map/sea_anim.png
10:07:57.087 [FXGL Background Thread 2 ] DEBUG FXGLAssetLoaderServi - Loading from file system: file:/D:/SoftwareDevelopment/javaFxProject/tank_v3.1/target/classes/assets/textures/explode/explode_level_2.png
10:07:57.118 [pool-2-thread-1          ] WARN  TMXLevelLoader       - TiledMap generated from 1.8.4. Supported version: 1.4.2. Some features may not be parsed fully.
10:07:57.133 [pool-2-thread-1          ] DEBUG TMXLevelLoader       - Parsed TiledMap: file:/D:/SoftwareDevelopment/javaFxProject/tank_v3.1/ConstructMap/level0.tmx
10:07:57.134 [pool-2-thread-1          ] DEBUG TMXLevelLoader       - Creating tile layer entities
10:07:57.135 [pool-2-thread-1          ] DEBUG TMXLevelLoader       - Creating object layer entities
10:07:57.207 [pool-2-thread-1          ] DEBUG GameWorld            - Clearing removable entities
10:07:57.208 [pool-2-thread-1          ] DEBUG GameWorld            - Setting level: com.almasb.fxgl.entity.level.Level@7f73f23b
10:07:57.209 [pool-2-thread-1          ] DEBUG FXGLAssetLoaderServi - Loading from file system: file:/D:/SoftwareDevelopment/javaFxProject/tank_v3.1/target/classes/assets/sounds/start.wav
10:07:57.217 [pool-2-thread-1          ] DEBUG FXGLAssetLoaderServi - Loading from file system: file:/D:/SoftwareDevelopment/javaFxProject/tank_v3.1/target/classes/assets/textures/tank/H1U.png
10:07:57.222 [pool-2-thread-1          ] DEBUG FXGLAssetLoaderServi - Loading from file system: file:/D:/SoftwareDevelopment/javaFxProject/tank_v3.1/target/classes/assets/textures/item/armed_helmet.png
10:07:57.228 [pool-2-thread-1          ] DEBUG FXGLAssetLoaderServi - Loading from file system: file:/D:/SoftwareDevelopment/javaFxProject/tank_v3.1/target/classes/assets/textures/ui/enemy_pre.png
10:07:57.230 [pool-2-thread-1          ] DEBUG FXGLAssetLoaderServi - Loading from file system: file:/D:/SoftwareDevelopment/javaFxProject/tank_v3.1/target/classes/assets/textures/ui/levelFlag.png
10:07:57.231 [pool-2-thread-1          ] DEBUG FXGLAssetLoaderServi - Loading from file system: file:/D:/SoftwareDevelopment/javaFxProject/tank_v3.1/target/classes/assets/textures/ui/bulletLevel.png
10:07:57.234 [pool-2-thread-1          ] DEBUG FXGLAssetLoaderServi - Loading from file system: file:/D:/SoftwareDevelopment/javaFxProject/tank_v3.1/target/classes/assets/textures/tank/spawnTank.png
10:07:57.235 [pool-2-thread-1          ] DEBUG FXGLAssetLoaderServi - Loading from file system: file:/D:/SoftwareDevelopment/javaFxProject/tank_v3.1/target/classes/assets/textures/tank/E9U.png
10:07:57.237 [pool-2-thread-1          ] DEBUG FXGLAssetLoaderServi - Loading from file system: file:/D:/SoftwareDevelopment/javaFxProject/tank_v3.1/target/classes/assets/textures/tank/E1U.png
10:07:57.237 [pool-2-thread-1          ] DEBUG FXGLAssetLoaderServi - Loading from file system: file:/D:/SoftwareDevelopment/javaFxProject/tank_v3.1/target/classes/assets/textures/tank/E8U.png
10:07:57.241 [FXGL Background Thread 2 ] INFO  FXGLApplication      - Game initialization took: 0.170 sec
10:07:57.241 [JavaFX Application Thread] DEBUG Input                - Clearing active input actions
10:07:57.247 [JavaFX Application Thread] DEBUG GameApplicationServi - Removing overlay from GameLoadingScene and adding to GameScene
10:07:57.247 [JavaFX Application Thread] DEBUG PrimaryStageWindow   - GameLoadingScene -> GameScene
10:07:57.804 [JavaFX Application Thread] DEBUG FXGLAssetLoaderServi - Loading from file system: file:/D:/SoftwareDevelopment/javaFxProject/tank_v3.1/target/classes/assets/sounds/normalFire.wav
10:07:57.807 [JavaFX Application Thread] DEBUG FXGLAssetLoaderServi - Loading from file system: file:/D:/SoftwareDevelopment/javaFxProject/tank_v3.1/target/classes/assets/textures/bullet/normal.png
10:07:57.810 [JavaFX Application Thread] DEBUG FXGLAssetLoaderServi - Loading from file system: file:/D:/SoftwareDevelopment/javaFxProject/tank_v3.1/target/classes/assets/sounds/normalBomb.wav
10:07:57.814 [JavaFX Application Thread] DEBUG FXGLAssetLoaderServi - Loading from file system: file:/D:/SoftwareDevelopment/javaFxProject/tank_v3.1/target/classes/assets/textures/item/ship.png
10:07:58.195 [JavaFX Application Thread] DEBUG FXGLAssetLoaderServi - Loading from file system: file:/D:/SoftwareDevelopment/javaFxProject/tank_v3.1/target/classes/assets/textures/item/gun.png
10:07:58.604 [JavaFX Application Thread] WARN  TMXLevelLoader       - TiledMap generated from 1.10.2. Supported version: 1.4.2. Some features may not be parsed fully.
10:07:58.606 [JavaFX Application Thread] DEBUG TMXLevelLoader       - Parsed TiledMap: file:/D:/SoftwareDevelopment/javaFxProject/tank_v3.1/target/classes/assets/levels/levelForTwo.tmx
10:07:58.606 [JavaFX Application Thread] DEBUG TMXLevelLoader       - Creating tile layer entities
10:07:58.606 [JavaFX Application Thread] DEBUG TMXLevelLoader       - Creating object layer entities
10:07:58.621 [JavaFX Application Thread] DEBUG GameWorld            - Clearing removable entities
10:07:58.628 [JavaFX Application Thread] DEBUG GameWorld            - Setting level: com.almasb.fxgl.entity.level.Level@73ec8ae9
10:07:58.632 [JavaFX Application Thread] DEBUG FXGLAssetLoaderServi - Loading from file system: file:/D:/SoftwareDevelopment/javaFxProject/tank_v3.1/target/classes/assets/textures/tank/H2U.png
10:08:11.052 [Thread-660               ] DEBUG LoopRunner           - Stopping loop
10:08:11.054 [Thread-660               ] FATAL FXGLApplication      - Uncaught Exception:
java.lang.NullPointerException: Cannot read field "socket" because "com.ningf.tank.ProjectVar.tcpServer" is null
	at FXGL_Tank/com.ningf.tank.TankApp.startNetwork(TankApp.java:413)
	at FXGL_Tank/com.ningf.tank.TankApp.lambda$initInput$5(TankApp.java:248)
	at java.base/java.lang.Thread.run(Thread.java:833)

10:08:11.055 [Thread-660               ] FATAL FXGLApplication      - Application will now exit
10:08:11.066 [Thread-660               ] DEBUG PrimaryStageWindow   - Push state: ErrorSubScene
10:08:11.066 [Thread-660               ] DEBUG Input                - Clearing active input actions
10:08:17.966 [JavaFX Application Thread] DEBUG FXGLApplication      - Exiting FXGL
10:08:17.966 [JavaFX Application Thread] DEBUG Async                - Shutting down background threads
10:08:17.967 [JavaFX Application Thread] DEBUG PrimaryStageWindow   - Closing main window
10:08:17.982 [JavaFX Application Thread] DEBUG Logger               - Closing Logger
