18:35:30.714 [main                     ] DEBUG Logger               - Configured Logger
18:35:30.762 [main                     ] DEBUG GameApplication      - Logging settings
Title: 90 Tank
Version: Version 0.3
Width: 816
Height: 672
Fullscreen: false
Intro: false
Profiling: false
Single step:false
App Mode: DEVELOPER
Menu Key: ESCAPE
Stage Style: DECORATED
Scene Factory: class com.ningf.tank.TankApp$1

18:35:31.209 [JavaFX Application Thread] DEBUG FXGLApplication      - Initializing FXGL
18:35:31.213 [JavaFX Application Thread] INFO  Engine               - FXGL-17.1 (24.03.2022 17.34) on WINDOWS (J:17.0.8 FX:18)
18:35:31.214 [JavaFX Application Thread] DEBUG Engine               - JRE Vendor Name: Oracle Corporation
18:35:31.214 [JavaFX Application Thread] DEBUG Engine               - Running on OS: Windows 11 version 10.0
18:35:31.214 [JavaFX Application Thread] DEBUG Engine               - Architecture: amd64
18:35:31.214 [JavaFX Application Thread] INFO  Engine               - Source code and latest versions at: https://github.com/AlmasB/FXGL
18:35:31.215 [JavaFX Application Thread] INFO  Engine               -       Ask questions and discuss at: https://github.com/AlmasB/FXGL/discussions
18:35:31.215 [JavaFX Application Thread] INFO  Engine               -              Join the FXGL chat at: https://gitter.im/AlmasB/FXGL
18:35:31.291 [JavaFX Application Thread] DEBUG PrimaryStageWindow   - Creating a JavaFX scene
18:35:31.328 [JavaFX Application Thread] DEBUG PrimaryStageWindow   - Target settings size: 816.0 x 672.0
18:35:31.329 [JavaFX Application Thread] DEBUG PrimaryStageWindow   - Scaled scene size:    816.0 x 672.0
18:35:31.330 [JavaFX Application Thread] DEBUG PrimaryStageWindow   - Scaled ratio: (1.0, 1.0)
18:35:31.331 [JavaFX Application Thread] DEBUG PrimaryStageWindow   - Set initial scene to GameStartupScene
18:35:31.337 [JavaFX Application Thread] DEBUG PrimaryStageWindow   - Opening main window
18:35:31.468 [JavaFX Application Thread] DEBUG PrimaryStageWindow   - Window border size: (14.66668701171875, 37.33331298828125)
18:35:31.468 [JavaFX Application Thread] DEBUG PrimaryStageWindow   - Scaled size: 816.0 x 672.0
18:35:31.468 [JavaFX Application Thread] DEBUG PrimaryStageWindow   - Scaled ratio: (1.0, 1.0)
18:35:31.468 [JavaFX Application Thread] DEBUG PrimaryStageWindow   - Scene size: 816.0 x 672.0
18:35:31.468 [JavaFX Application Thread] DEBUG PrimaryStageWindow   - Stage size: 830.6666870117188 x 709.3333129882812
18:35:31.475 [FXGL Background Thread 1 ] DEBUG Engine               - Initializing environment variables
18:35:31.545 [FXGL Background Thread 1 ] DEBUG FXGLAssetLoaderServi - User app class for loading assets: class com.ningf.tank.TankApp
18:35:31.547 [FXGL Background Thread 1 ] DEBUG GameApplicationServi - Applying CSS: fxgl_dark.css
18:35:31.548 [FXGL Background Thread 1 ] DEBUG FXGLAssetLoaderServi - Loading from file system: jar:file:///C:/Users/Lenovo/.m2/repository/com/github/almasb/fxgl/17.1/fxgl-17.1.jar!/fxglassets/ui/css/fxgl_dark.css
18:35:31.575 [FXGL Background Thread 1 ] DEBUG GameApplicationServi - Applying CSS: tankApp.css
18:35:31.575 [FXGL Background Thread 1 ] DEBUG FXGLAssetLoaderServi - Loading from file system: file:/D:/QQ/2283451158/FileRecv/tank_v3.0/FXGL_Tank-main3/target/classes/assets/ui/css/tankApp.css
18:35:31.577 [FXGL Background Thread 1 ] DEBUG GameApplicationServi - Initializing application scenes
18:35:31.586 [FXGL Background Thread 1 ] DEBUG GameWorld            - Game world initialized
18:35:31.649 [FXGL Background Thread 1 ] DEBUG PhysicsWorld         - Physics world initialized: appHeight=672, physics.ppm=50.0
18:35:31.650 [FXGL Background Thread 1 ] DEBUG PhysicsWorld         - Using strategy: BRUTE_FORCE
18:35:31.654 [FXGL Background Thread 1 ] DEBUG GameScene            - Game scene initialized: 816x672
18:35:31.658 [FXGL Background Thread 1 ] DEBUG FXGLAssetLoaderServi - Loading from file system: file:/D:/QQ/2283451158/FileRecv/tank_v3.0/FXGL_Tank-main3/target/classes/assets/textures/ui/logo.png
18:35:31.676 [FXGL Background Thread 1 ] DEBUG FXGLAssetLoaderServi - Loading from file system: file:/D:/QQ/2283451158/FileRecv/tank_v3.0/FXGL_Tank-main3/target/classes/assets/textures/ui/icon.png
18:35:31.691 [FXGL Background Thread 1 ] DEBUG FXGLAssetLoaderServi - Loading from file system: file:/D:/QQ/2283451158/FileRecv/tank_v3.0/FXGL_Tank-main3/target/classes/assets/textures/ui/tankLoading.png
18:35:31.732 [FXGL Background Thread 1 ] DEBUG FXGLAssetLoaderServi - Loading from file system: file:/D:/QQ/2283451158/FileRecv/tank_v3.0/FXGL_Tank-main3/target/classes/assets/textures/ui/fxgl.png
18:35:31.779 [FXGL Background Thread 1 ] DEBUG FXGL.DefaultMenu     - createMenuBodyGameMenu()
18:35:31.786 [FXGL Background Thread 1 ] DEBUG FXGL.DefaultMenu     - createOptionsMenu()
18:35:31.797 [FXGL Background Thread 1 ] DEBUG FXGLAssetLoaderServi - Loading from file system: jar:file:///C:/Users/Lenovo/.m2/repository/com/github/almasb/fxgl/17.1/fxgl-17.1.jar!/fxglassets/textures/particles/smoke.png
18:35:31.879 [FXGL Background Thread 1 ] DEBUG FXGLAssetLoaderServi - Loading from file system: jar:file:///C:/Users/Lenovo/.m2/repository/com/github/almasb/fxgl/17.1/fxgl-17.1.jar!/fxglassets/textures/particles/trace_horizontal.png
18:35:31.899 [FXGL Background Thread 1 ] DEBUG GameApplicationServi - Application scenes initialized
18:35:31.907 [FXGL Background Thread 1 ] DEBUG SystemBundleService  - Loading FXGL system data
18:35:31.911 [FXGL Background Thread 1 ] DEBUG FileSystemAccess     - Reading from: D:\QQ\2283451158\FileRecv\tank_v3.0\FXGL_Tank-main3\system\fxgl.bundle
18:35:31.917 [FXGL Background Thread 1 ] DEBUG SystemBundleService  - Bundle FXGL: {}
18:35:31.917 [FXGL Background Thread 1 ] DEBUG UpdaterService       - Checking for updates
18:35:31.920 [FXGL Background Thread 1 ] DEBUG FXGLApplication      - Loading default localization
18:35:31.920 [FXGL Background Thread 4 ] DEBUG FXGLApplication      - Loading fonts
18:35:31.921 [FXGL Background Thread 1 ] DEBUG FXGLAssetLoaderServi - Loading from file system: jar:file:///C:/Users/Lenovo/.m2/repository/com/github/almasb/fxgl/17.1/fxgl-17.1.jar!/fxglassets/languages/english.lang
18:35:31.922 [FXGL Background Thread 4 ] DEBUG FXGLAssetLoaderServi - Loading from file system: jar:file:///C:/Users/Lenovo/.m2/repository/com/github/almasb/fxgl/17.1/fxgl-17.1.jar!/fxglassets/ui/fonts/VarelaRound-Regular.ttf
18:35:31.951 [FXGL Background Thread 1 ] INFO  FXGLApplication      - FXGL initialization took: 0.477 sec
18:35:31.960 [JavaFX Application Thread] DEBUG Input                - Registered new binding: action0 - W
18:35:31.961 [JavaFX Application Thread] DEBUG Input                - Registered new binding: action1 - S
18:35:31.962 [JavaFX Application Thread] DEBUG Input                - Registered new binding: action2 - A
18:35:31.962 [JavaFX Application Thread] DEBUG Input                - Registered new binding: action3 - D
18:35:31.962 [JavaFX Application Thread] DEBUG Input                - Registered new binding: action4 - Space
18:35:31.962 [JavaFX Application Thread] DEBUG Input                - Registered new binding: action5 - O
18:35:31.963 [JavaFX Application Thread] DEBUG Input                - Registered new binding: action6 - Up
18:35:31.963 [JavaFX Application Thread] DEBUG Input                - Registered new binding: action7 - Down
18:35:31.963 [JavaFX Application Thread] DEBUG Input                - Registered new binding: action8 - Left
18:35:31.963 [JavaFX Application Thread] DEBUG Input                - Registered new binding: action9 - Right
18:35:31.965 [JavaFX Application Thread] DEBUG Input                - Registered new binding: action10 - Numpad 0
18:35:31.965 [JavaFX Application Thread] DEBUG Input                - Registered new binding: action11 - F
18:35:31.971 [JavaFX Application Thread] DEBUG FXGLAssetLoaderServi - Loading from file system: file:/D:/QQ/2283451158/FileRecv/tank_v3.0/FXGL_Tank-main3/target/classes/assets/textures/ui/cursor.png
18:35:31.972 [JavaFX Application Thread] DEBUG Input                - Registered new binding: Screenshot - CTRL+8
18:35:31.974 [JavaFX Application Thread] DEBUG Input                - Registered new binding: System info dump - CTRL+9
18:35:31.975 [JavaFX Application Thread] DEBUG Input                - Registered new binding: Restart - CTRL+R
18:35:31.975 [JavaFX Application Thread] DEBUG Input                - Registered new binding: Toggle Debug Camera - CTRL+7
18:35:31.981 [JavaFX Application Thread] DEBUG LoopRunner           - Starting loop
18:35:31.981 [JavaFX Application Thread] DEBUG LoopRunner           - Initializing JavaFX AnimationTimerLoop
18:35:31.986 [JavaFX Application Thread] DEBUG Input                - Clearing active input actions
18:35:31.994 [JavaFX Application Thread] DEBUG GameApplicationServi - Removing overlay from GameStartupScene and adding to FXGLMainMenuDummyScene
18:35:31.994 [JavaFX Application Thread] DEBUG PrimaryStageWindow   - GameStartupScene -> FXGLMainMenuDummyScene
18:35:31.994 [JavaFX Application Thread] DEBUG PrimaryStageWindow   - Push state: GameMainMenu
18:35:31.995 [JavaFX Application Thread] DEBUG FXGLAssetLoaderServi - Loading from file system: file:/D:/QQ/2283451158/FileRecv/tank_v3.0/FXGL_Tank-main3/target/classes/assets/sounds/mainMenuLoad.wav
18:35:32.033 [FXGL Background Thread 4 ] DEBUG FXGLAssetLoaderServi - Loading from file system: jar:file:///C:/Users/Lenovo/.m2/repository/com/github/almasb/fxgl/17.1/fxgl-17.1.jar!/fxglassets/ui/fonts/Abel-Regular.ttf
18:35:32.035 [FXGL Background Thread 4 ] DEBUG FXGLAssetLoaderServi - Loading from file system: jar:file:///C:/Users/Lenovo/.m2/repository/com/github/almasb/fxgl/17.1/fxgl-17.1.jar!/fxglassets/ui/fonts/TerminalLandMono-Regular.otf
18:35:32.039 [FXGL Background Thread 4 ] DEBUG FXGLAssetLoaderServi - Loading from file system: jar:file:///C:/Users/Lenovo/.m2/repository/com/github/almasb/fxgl/17.1/fxgl-17.1.jar!/fxglassets/ui/fonts/Courier-Prime.ttf
18:35:32.091 [JavaFX Application Thread] DEBUG Input                - Clearing active input actions
18:35:32.098 [JavaFX Application Thread] DEBUG GameApplicationServi - Removing overlay from FXGLMainMenuDummyScene and adding to GameMainMenu
18:35:32.099 [JavaFX Application Thread] DEBUG PrimaryStageWindow   - FXGLMainMenuDummyScene -> GameMainMenu
18:35:32.181 [JavaFX Application Thread] DEBUG FXGLApplication      - Registering font factories with UI factory
18:35:32.544 [JavaFX Application Thread] DEBUG FXGLApplication      - Exiting FXGL
18:35:32.544 [JavaFX Application Thread] DEBUG LoopRunner           - Stopping loop
18:35:32.544 [JavaFX Application Thread] DEBUG SystemBundleService  - Saving FXGL system data
18:35:32.545 [JavaFX Application Thread] DEBUG FileSystemAccess     - Writing to: D:\QQ\2283451158\FileRecv\tank_v3.0\FXGL_Tank-main3\system\fxgl.bundle
18:35:32.547 [JavaFX Application Thread] DEBUG Async                - Shutting down background threads
18:35:32.549 [JavaFX Application Thread] DEBUG PrimaryStageWindow   - Closing main window
18:35:32.572 [JavaFX Application Thread] DEBUG Logger               - Closing Logger
