09:40:53.313 [main                     ] DEBUG Logger               - Configured Logger
09:40:53.336 [main                     ] DEBUG GameApplication      - Logging settings
Title: 90 Tank
Version: Version 0.3
Width: 816
Height: 672
Fullscreen: false
Intro: false
Profiling: false
Single step:false
App Mode: DEVELOPER
Menu Key: ESCAPE
Stage Style: DECORATED
Scene Factory: class com.ningf.tank.TankApp$1

09:40:53.606 [JavaFX Application Thread] DEBUG FXGLApplication      - Initializing FXGL
09:40:53.612 [JavaFX Application Thread] INFO  Engine               - FXGL-17.1 (24.03.2022 17.34) on WINDOWS (J:17.0.7 FX:18)
09:40:53.612 [JavaFX Application Thread] DEBUG Engine               - JRE Vendor Name: Oracle Corporation
09:40:53.613 [JavaFX Application Thread] DEBUG Engine               - Running on OS: Windows 11 version 10.0
09:40:53.613 [JavaFX Application Thread] DEBUG Engine               - Architecture: amd64
09:40:53.613 [JavaFX Application Thread] INFO  Engine               - Source code and latest versions at: https://github.com/AlmasB/FXGL
09:40:53.613 [JavaFX Application Thread] INFO  Engine               -       Ask questions and discuss at: https://github.com/AlmasB/FXGL/discussions
09:40:53.613 [JavaFX Application Thread] INFO  Engine               -              Join the FXGL chat at: https://gitter.im/AlmasB/FXGL
09:40:53.685 [JavaFX Application Thread] DEBUG PrimaryStageWindow   - Creating a JavaFX scene
09:40:53.723 [JavaFX Application Thread] DEBUG PrimaryStageWindow   - Target settings size: 816.0 x 672.0
09:40:53.723 [JavaFX Application Thread] DEBUG PrimaryStageWindow   - Scaled scene size:    816.0 x 672.0
09:40:53.723 [JavaFX Application Thread] DEBUG PrimaryStageWindow   - Scaled ratio: (1.0, 1.0)
09:40:53.724 [JavaFX Application Thread] DEBUG PrimaryStageWindow   - Set initial scene to GameStartupScene
09:40:53.731 [JavaFX Application Thread] DEBUG PrimaryStageWindow   - Opening main window
09:40:53.819 [JavaFX Application Thread] DEBUG PrimaryStageWindow   - Window border size: (14.66668701171875, 37.33331298828125)
09:40:53.819 [JavaFX Application Thread] DEBUG PrimaryStageWindow   - Scaled size: 816.0 x 672.0
09:40:53.819 [JavaFX Application Thread] DEBUG PrimaryStageWindow   - Scaled ratio: (1.0, 1.0)
09:40:53.819 [JavaFX Application Thread] DEBUG PrimaryStageWindow   - Scene size: 816.0 x 672.0
09:40:53.819 [JavaFX Application Thread] DEBUG PrimaryStageWindow   - Stage size: 830.6666870117188 x 709.3333129882812
09:40:53.824 [FXGL Background Thread 1 ] DEBUG Engine               - Initializing environment variables
09:40:53.860 [FXGL Background Thread 1 ] DEBUG FXGLAssetLoaderServi - User app class for loading assets: class com.ningf.tank.TankApp
09:40:53.860 [FXGL Background Thread 1 ] DEBUG GameApplicationServi - Applying CSS: fxgl_dark.css
09:40:53.860 [FXGL Background Thread 1 ] DEBUG FXGLAssetLoaderServi - Loading from file system: jar:file:///C:/Users/WONDER/.m2/repository/com/github/almasb/fxgl/17.1/fxgl-17.1.jar!/fxglassets/ui/css/fxgl_dark.css
09:40:53.884 [FXGL Background Thread 1 ] DEBUG GameApplicationServi - Applying CSS: tankApp.css
09:40:53.884 [FXGL Background Thread 1 ] DEBUG FXGLAssetLoaderServi - Loading from file system: file:/D:/SoftwareDevelopment/javaFxProject/tank_v3.1/target/classes/assets/ui/css/tankApp.css
09:40:53.885 [FXGL Background Thread 1 ] DEBUG GameApplicationServi - Initializing application scenes
09:40:53.899 [FXGL Background Thread 1 ] DEBUG GameWorld            - Game world initialized
09:40:53.940 [FXGL Background Thread 1 ] DEBUG PhysicsWorld         - Physics world initialized: appHeight=672, physics.ppm=50.0
09:40:53.940 [FXGL Background Thread 1 ] DEBUG PhysicsWorld         - Using strategy: BRUTE_FORCE
09:40:53.943 [FXGL Background Thread 1 ] DEBUG GameScene            - Game scene initialized: 816x672
09:40:53.945 [FXGL Background Thread 1 ] DEBUG FXGLAssetLoaderServi - Loading from file system: file:/D:/SoftwareDevelopment/javaFxProject/tank_v3.1/target/classes/assets/textures/ui/logo.png
09:40:53.956 [FXGL Background Thread 1 ] DEBUG FXGLAssetLoaderServi - Loading from file system: file:/D:/SoftwareDevelopment/javaFxProject/tank_v3.1/target/classes/assets/textures/ui/icon.png
09:40:53.962 [FXGL Background Thread 1 ] DEBUG FXGLAssetLoaderServi - Loading from file system: file:/D:/SoftwareDevelopment/javaFxProject/tank_v3.1/target/classes/assets/textures/ui/tankLoading.png
09:40:53.982 [FXGL Background Thread 1 ] DEBUG FXGLAssetLoaderServi - Loading from file system: file:/D:/SoftwareDevelopment/javaFxProject/tank_v3.1/target/classes/assets/textures/ui/fxgl.png
09:40:54.009 [FXGL Background Thread 1 ] DEBUG FXGL.DefaultMenu     - createMenuBodyGameMenu()
09:40:54.015 [FXGL Background Thread 1 ] DEBUG FXGL.DefaultMenu     - createOptionsMenu()
09:40:54.024 [FXGL Background Thread 1 ] DEBUG FXGLAssetLoaderServi - Loading from file system: jar:file:///C:/Users/WONDER/.m2/repository/com/github/almasb/fxgl/17.1/fxgl-17.1.jar!/fxglassets/textures/particles/smoke.png
09:40:54.080 [FXGL Background Thread 1 ] DEBUG FXGLAssetLoaderServi - Loading from file system: jar:file:///C:/Users/WONDER/.m2/repository/com/github/almasb/fxgl/17.1/fxgl-17.1.jar!/fxglassets/textures/particles/trace_horizontal.png
09:40:54.095 [FXGL Background Thread 1 ] DEBUG GameApplicationServi - Application scenes initialized
09:40:54.103 [FXGL Background Thread 1 ] DEBUG SystemBundleService  - Loading FXGL system data
09:40:54.106 [FXGL Background Thread 1 ] DEBUG FileSystemAccess     - Reading from: D:\SoftwareDevelopment\javaFxProject\tank_v3.1\system\fxgl.bundle
09:40:54.112 [FXGL Background Thread 1 ] DEBUG SystemBundleService  - Bundle FXGL: {}
09:40:54.112 [FXGL Background Thread 1 ] DEBUG UpdaterService       - Checking for updates
09:40:54.115 [FXGL Background Thread 4 ] DEBUG FXGLApplication      - Loading fonts
09:40:54.115 [FXGL Background Thread 1 ] DEBUG FXGLApplication      - Loading default localization
09:40:54.115 [FXGL Background Thread 4 ] DEBUG FXGLAssetLoaderServi - Loading from file system: jar:file:///C:/Users/WONDER/.m2/repository/com/github/almasb/fxgl/17.1/fxgl-17.1.jar!/fxglassets/ui/fonts/VarelaRound-Regular.ttf
09:40:54.116 [FXGL Background Thread 1 ] DEBUG FXGLAssetLoaderServi - Loading from file system: jar:file:///C:/Users/WONDER/.m2/repository/com/github/almasb/fxgl/17.1/fxgl-17.1.jar!/fxglassets/languages/english.lang
09:40:54.140 [FXGL Background Thread 1 ] INFO  FXGLApplication      - FXGL initialization took: 0.315 sec
09:40:54.159 [JavaFX Application Thread] DEBUG Input                - Registered new binding: action0 - W
09:40:54.160 [JavaFX Application Thread] DEBUG Input                - Registered new binding: action1 - S
09:40:54.161 [JavaFX Application Thread] DEBUG Input                - Registered new binding: action2 - A
09:40:54.161 [JavaFX Application Thread] DEBUG Input                - Registered new binding: action3 - D
09:40:54.162 [JavaFX Application Thread] DEBUG Input                - Registered new binding: action4 - Space
09:40:54.163 [JavaFX Application Thread] DEBUG Input                - Registered new binding: action5 - O
09:40:54.163 [JavaFX Application Thread] DEBUG Input                - Registered new binding: action6 - Up
09:40:54.164 [JavaFX Application Thread] DEBUG Input                - Registered new binding: action7 - Down
09:40:54.166 [JavaFX Application Thread] DEBUG Input                - Registered new binding: action8 - Left
09:40:54.166 [JavaFX Application Thread] DEBUG Input                - Registered new binding: action9 - Right
09:40:54.167 [JavaFX Application Thread] DEBUG Input                - Registered new binding: action10 - Numpad 0
09:40:54.167 [JavaFX Application Thread] DEBUG Input                - Registered new binding: action11 - F
09:40:54.172 [JavaFX Application Thread] DEBUG FXGLAssetLoaderServi - Loading from file system: file:/D:/SoftwareDevelopment/javaFxProject/tank_v3.1/target/classes/assets/textures/ui/cursor.png
09:40:54.175 [JavaFX Application Thread] DEBUG Input                - Registered new binding: Screenshot - CTRL+8
09:40:54.177 [JavaFX Application Thread] DEBUG Input                - Registered new binding: System info dump - CTRL+9
09:40:54.178 [JavaFX Application Thread] DEBUG Input                - Registered new binding: Restart - CTRL+R
09:40:54.179 [JavaFX Application Thread] DEBUG Input                - Registered new binding: Toggle Debug Camera - CTRL+7
09:40:54.183 [JavaFX Application Thread] DEBUG LoopRunner           - Starting loop
09:40:54.183 [JavaFX Application Thread] DEBUG LoopRunner           - Initializing JavaFX AnimationTimerLoop
09:40:54.186 [JavaFX Application Thread] DEBUG Input                - Clearing active input actions
09:40:54.189 [FXGL Background Thread 4 ] DEBUG FXGLAssetLoaderServi - Loading from file system: jar:file:///C:/Users/WONDER/.m2/repository/com/github/almasb/fxgl/17.1/fxgl-17.1.jar!/fxglassets/ui/fonts/Abel-Regular.ttf
09:40:54.193 [JavaFX Application Thread] DEBUG GameApplicationServi - Removing overlay from GameStartupScene and adding to FXGLMainMenuDummyScene
09:40:54.194 [JavaFX Application Thread] DEBUG PrimaryStageWindow   - GameStartupScene -> FXGLMainMenuDummyScene
09:40:54.194 [JavaFX Application Thread] DEBUG PrimaryStageWindow   - Push state: GameMainMenu
09:40:54.194 [JavaFX Application Thread] DEBUG FXGLAssetLoaderServi - Loading from file system: file:/D:/SoftwareDevelopment/javaFxProject/tank_v3.1/target/classes/assets/sounds/mainMenuLoad.wav
09:40:54.196 [FXGL Background Thread 4 ] DEBUG FXGLAssetLoaderServi - Loading from file system: jar:file:///C:/Users/WONDER/.m2/repository/com/github/almasb/fxgl/17.1/fxgl-17.1.jar!/fxglassets/ui/fonts/TerminalLandMono-Regular.otf
09:40:54.203 [FXGL Background Thread 4 ] DEBUG FXGLAssetLoaderServi - Loading from file system: jar:file:///C:/Users/WONDER/.m2/repository/com/github/almasb/fxgl/17.1/fxgl-17.1.jar!/fxglassets/ui/fonts/Courier-Prime.ttf
09:40:54.262 [JavaFX Application Thread] DEBUG Input                - Clearing active input actions
09:40:54.265 [JavaFX Application Thread] DEBUG GameApplicationServi - Removing overlay from FXGLMainMenuDummyScene and adding to GameMainMenu
09:40:54.266 [JavaFX Application Thread] DEBUG PrimaryStageWindow   - FXGLMainMenuDummyScene -> GameMainMenu
09:40:54.315 [FXGL Background Thread 2 ] WARN  UpdaterService       - Failed to find updates: java.net.UnknownHostException: raw.githubusercontent.com
09:40:54.339 [JavaFX Application Thread] DEBUG FXGLApplication      - Registering font factories with UI factory
09:40:56.272 [JavaFX Application Thread] DEBUG FXGLAssetLoaderServi - Loading from file system: file:/D:/SoftwareDevelopment/javaFxProject/tank_v3.1/target/classes/assets/sounds/mainMenuHover.wav
09:40:57.115 [FXGL Background Thread 3 ] DEBUG Engine               - Logging environment variables
09:40:57.117 [FXGL Background Thread 3 ] DEBUG Engine               - achievements: []
09:40:57.119 [FXGL Background Thread 3 ] DEBUG Engine               - actualHeight: 672.0
09:40:57.119 [FXGL Background Thread 3 ] DEBUG Engine               - actualHeightProperty: ReadOnlyDoubleProperty [value: 672.0]
09:40:57.120 [FXGL Background Thread 3 ] DEBUG Engine               - actualWidth: 816.0
09:40:57.120 [FXGL Background Thread 3 ] DEBUG Engine               - actualWidthProperty: ReadOnlyDoubleProperty [value: 816.0]
09:40:57.120 [FXGL Background Thread 3 ] DEBUG Engine               - appIcon: ui/icon.png
09:40:57.120 [FXGL Background Thread 3 ] DEBUG Engine               - applicationMode: DEVELOPER
09:40:57.120 [FXGL Background Thread 3 ] DEBUG Engine               - cSSList: [fxgl_dark.css, tankApp.css]
09:40:57.120 [FXGL Background Thread 3 ] DEBUG Engine               - collisionDetectionStrategy: BRUTE_FORCE
09:40:57.120 [FXGL Background Thread 3 ] DEBUG Engine               - configClass: Optional.empty
09:40:57.120 [FXGL Background Thread 3 ] DEBUG Engine               - credits: []
09:40:57.123 [FXGL Background Thread 3 ] DEBUG Engine               - defaultCursor: CursorInfo(imageName=ui/cursor.png, hotspotX=0.0, hotspotY=0.0)
09:40:57.124 [FXGL Background Thread 3 ] DEBUG Engine               - devBBoxColorProperty: ObjectProperty [value: 0xff0000ff]
09:40:57.124 [FXGL Background Thread 3 ] DEBUG Engine               - devEnableDebugCameraProperty: BooleanProperty [value: false]
09:40:57.124 [FXGL Background Thread 3 ] DEBUG Engine               - devSensorColorProperty: ObjectProperty [value: 0xffff00ff]
09:40:57.125 [FXGL Background Thread 3 ] DEBUG Engine               - devShowBBoxProperty: BooleanProperty [value: false]
09:40:57.125 [FXGL Background Thread 3 ] DEBUG Engine               - devShowPositionProperty: BooleanProperty [value: false]
09:40:57.125 [FXGL Background Thread 3 ] DEBUG Engine               - enabledMenuItems: []
09:40:57.125 [FXGL Background Thread 3 ] DEBUG Engine               - engineServices: [class com.almasb.fxgl.app.services.FXGLAssetLoaderService, class com.almasb.fxgl.app.FXGLApplication$GameApplicationService, class com.almasb.fxgl.app.services.FXGLDialogService, class com.almasb.fxgl.app.services.IOTaskExecutorService, class com.almasb.fxgl.io.FileSystemService, class com.almasb.fxgl.localization.LocalizationService, class com.almasb.fxgl.app.services.SystemBundleService, class com.almasb.fxgl.profile.SaveLoadService, class com.almasb.fxgl.ui.FXGLUIFactoryServiceProvider, class com.almasb.fxgl.ui.FXGLDialogFactoryServiceProvider, class com.almasb.fxgl.audio.AudioPlayer, class com.almasb.fxgl.notification.impl.NotificationServiceProvider, class com.almasb.fxgl.achievement.AchievementService, class com.almasb.fxgl.cutscene.CutsceneService, class com.almasb.fxgl.minigames.MiniGameService, class com.almasb.fxgl.net.NetService, class com.almasb.fxgl.app.services.UpdaterService, class com.almasb.fxgl.dev.DevService]
09:40:57.125 [FXGL Background Thread 3 ] DEBUG Engine               - fontGame: Abel-Regular.ttf
09:40:57.125 [FXGL Background Thread 3 ] DEBUG Engine               - fontMono: TerminalLandMono-Regular.otf
09:40:57.126 [FXGL Background Thread 3 ] DEBUG Engine               - fontText: Courier-Prime.ttf
09:40:57.126 [FXGL Background Thread 3 ] DEBUG Engine               - fontUI: VarelaRound-Regular.ttf
09:40:57.126 [FXGL Background Thread 3 ] DEBUG Engine               - fullScreen: BooleanProperty [value: false]
09:40:57.126 [FXGL Background Thread 3 ] DEBUG Engine               - gameDifficulty: MEDIUM
09:40:57.126 [FXGL Background Thread 3 ] DEBUG Engine               - gameDifficultyProperty: ObjectProperty [value: MEDIUM]
09:40:57.126 [FXGL Background Thread 3 ] DEBUG Engine               - globalMusicVolume: 0.5
09:40:57.126 [FXGL Background Thread 3 ] DEBUG Engine               - globalMusicVolumeProperty: DoubleProperty [value: 0.5]
09:40:57.126 [FXGL Background Thread 3 ] DEBUG Engine               - globalSoundVolume: 0.5
09:40:57.127 [FXGL Background Thread 3 ] DEBUG Engine               - globalSoundVolumeProperty: DoubleProperty [value: 0.5]
09:40:57.127 [FXGL Background Thread 3 ] DEBUG Engine               - height: 672
09:40:57.127 [FXGL Background Thread 3 ] DEBUG Engine               - is3D: false
09:40:57.127 [FXGL Background Thread 3 ] DEBUG Engine               - isAndroid: false
09:40:57.127 [FXGL Background Thread 3 ] DEBUG Engine               - isBrowser: false
09:40:57.127 [FXGL Background Thread 3 ] DEBUG Engine               - isClickFeedbackEnabled: false
09:40:57.127 [FXGL Background Thread 3 ] DEBUG Engine               - isCloseConfirmation: false
09:40:57.127 [FXGL Background Thread 3 ] DEBUG Engine               - isDesktop: true
09:40:57.127 [FXGL Background Thread 3 ] DEBUG Engine               - isDeveloperMenuEnabled: false
09:40:57.127 [FXGL Background Thread 3 ] DEBUG Engine               - isEmbedded: false
09:40:57.127 [FXGL Background Thread 3 ] DEBUG Engine               - isEntityPreloadEnabled: true
09:40:57.127 [FXGL Background Thread 3 ] DEBUG Engine               - isExperimentalTiledLargeMap: false
09:40:57.128 [FXGL Background Thread 3 ] DEBUG Engine               - isFileSystemWriteAllowed: true
09:40:57.128 [FXGL Background Thread 3 ] DEBUG Engine               - isFullScreenAllowed: false
09:40:57.128 [FXGL Background Thread 3 ] DEBUG Engine               - isFullScreenFromStart: false
09:40:57.130 [FXGL Background Thread 3 ] DEBUG Engine               - isGameMenuEnabled: true
09:40:57.130 [FXGL Background Thread 3 ] DEBUG Engine               - isIOS: false
09:40:57.130 [FXGL Background Thread 3 ] DEBUG Engine               - isIntroEnabled: false
09:40:57.130 [FXGL Background Thread 3 ] DEBUG Engine               - isLinux: false
09:40:57.130 [FXGL Background Thread 3 ] DEBUG Engine               - isMac: false
09:40:57.130 [FXGL Background Thread 3 ] DEBUG Engine               - isMainMenuEnabled: true
09:40:57.130 [FXGL Background Thread 3 ] DEBUG Engine               - isManualResizeEnabled: false
09:40:57.130 [FXGL Background Thread 3 ] DEBUG Engine               - isMobile: false
09:40:57.130 [FXGL Background Thread 3 ] DEBUG Engine               - isNative: false
09:40:57.131 [FXGL Background Thread 3 ] DEBUG Engine               - isPauseMusicWhenMinimized: true
09:40:57.131 [FXGL Background Thread 3 ] DEBUG Engine               - isPreserveResizeRatio: false
09:40:57.131 [FXGL Background Thread 3 ] DEBUG Engine               - isProfilingEnabled: false
09:40:57.131 [FXGL Background Thread 3 ] DEBUG Engine               - isScaleAffectedOnResize: true
09:40:57.131 [FXGL Background Thread 3 ] DEBUG Engine               - isSingleStep: false
09:40:57.131 [FXGL Background Thread 3 ] DEBUG Engine               - isUserProfileEnabled: false
09:40:57.131 [FXGL Background Thread 3 ] DEBUG Engine               - isWindows: true
09:40:57.131 [FXGL Background Thread 3 ] DEBUG Engine               - language: ObjectProperty [value: ENGLISH]
09:40:57.132 [FXGL Background Thread 3 ] DEBUG Engine               - menuKey: ESCAPE
09:40:57.132 [FXGL Background Thread 3 ] DEBUG Engine               - mouseSensitivity: 0.2
09:40:57.132 [FXGL Background Thread 3 ] DEBUG Engine               - notificationViewClass: class com.almasb.fxgl.notification.view.XboxNotificationView
09:40:57.132 [FXGL Background Thread 3 ] DEBUG Engine               - pixelsPerMeter: 50.0
09:40:57.132 [FXGL Background Thread 3 ] DEBUG Engine               - platform: WINDOWS
09:40:57.132 [FXGL Background Thread 3 ] DEBUG Engine               - prefHeightProperty: ReadOnlyDoubleProperty [value: 672.0]
09:40:57.132 [FXGL Background Thread 3 ] DEBUG Engine               - prefWidthProperty: ReadOnlyDoubleProperty [value: 816.0]
09:40:57.132 [FXGL Background Thread 3 ] DEBUG Engine               - profileDir: profiles/
09:40:57.132 [FXGL Background Thread 3 ] DEBUG Engine               - profileName: StringProperty [value: DEFAULT]
09:40:57.132 [FXGL Background Thread 3 ] DEBUG Engine               - randomSeed: -1
09:40:57.133 [FXGL Background Thread 3 ] DEBUG Engine               - runtimeInfo: RuntimeInfo(platform=WINDOWS, version=17.1, build=24.03.2022 17.34)
09:40:57.133 [FXGL Background Thread 3 ] DEBUG Engine               - saveFileExt: sav
09:40:57.133 [FXGL Background Thread 3 ] DEBUG Engine               - scaledHeightProp$fxgl: DoubleProperty [bound, value: 672.0]
09:40:57.133 [FXGL Background Thread 3 ] DEBUG Engine               - scaledWidthProp$fxgl: DoubleProperty [bound, value: 816.0]
09:40:57.134 [FXGL Background Thread 3 ] DEBUG Engine               - sceneFactory: com.ningf.tank.TankApp$1@5414ad10
09:40:57.134 [FXGL Background Thread 3 ] DEBUG Engine               - secondsIn24h: 60
09:40:57.134 [FXGL Background Thread 3 ] DEBUG Engine               - soundMenuBack: menu/back.wav
09:40:57.134 [FXGL Background Thread 3 ] DEBUG Engine               - soundMenuPress: menu/press.wav
09:40:57.134 [FXGL Background Thread 3 ] DEBUG Engine               - soundMenuSelect: menu/select.wav
09:40:57.134 [FXGL Background Thread 3 ] DEBUG Engine               - soundNotification: core/notification.wav
09:40:57.134 [FXGL Background Thread 3 ] DEBUG Engine               - stageStyle: DECORATED
09:40:57.134 [FXGL Background Thread 3 ] DEBUG Engine               - supportedLanguages: [ENGLISH, FRENCH, GERMAN, HUNGARIAN, RUSSIAN]
09:40:57.134 [FXGL Background Thread 3 ] DEBUG Engine               - ticksPerSecond: -1
09:40:57.134 [FXGL Background Thread 3 ] DEBUG Engine               - title: 90 Tank
09:40:57.134 [FXGL Background Thread 3 ] DEBUG Engine               - urlGithub: https://github.com/AlmasB/FXGL
09:40:57.134 [FXGL Background Thread 3 ] DEBUG Engine               - urlLeaderboard: http://fxgl-top.herokuapp.com/
09:40:57.134 [FXGL Background Thread 3 ] DEBUG Engine               - urlPOM: https://raw.githubusercontent.com/AlmasB/FXGL/release/README.md
09:40:57.134 [FXGL Background Thread 3 ] DEBUG Engine               - userAppClass: class com.ningf.tank.TankApp
09:40:57.134 [FXGL Background Thread 3 ] DEBUG Engine               - version: Version 0.3
09:40:57.134 [FXGL Background Thread 3 ] DEBUG Engine               - versionCheckDays: 7
09:40:57.134 [FXGL Background Thread 3 ] DEBUG Engine               - width: 816
09:40:57.134 [FXGL Background Thread 3 ] DEBUG Engine               - Logging services
09:40:57.134 [FXGL Background Thread 3 ] DEBUG Engine               - class com.almasb.fxgl.app.services.FXGLAssetLoaderService
09:40:57.134 [FXGL Background Thread 3 ] DEBUG Engine               - class com.almasb.fxgl.app.FXGLApplication$GameApplicationService
09:40:57.135 [FXGL Background Thread 3 ] DEBUG Engine               - class com.almasb.fxgl.app.services.FXGLDialogService
09:40:57.135 [FXGL Background Thread 3 ] DEBUG Engine               - class com.almasb.fxgl.app.services.IOTaskExecutorService
09:40:57.135 [FXGL Background Thread 3 ] DEBUG Engine               - class com.almasb.fxgl.io.FileSystemService
09:40:57.135 [FXGL Background Thread 3 ] DEBUG Engine               - class com.almasb.fxgl.localization.LocalizationService
09:40:57.135 [FXGL Background Thread 3 ] DEBUG Engine               - class com.almasb.fxgl.app.services.SystemBundleService
09:40:57.135 [FXGL Background Thread 3 ] DEBUG Engine               - class com.almasb.fxgl.profile.SaveLoadService
09:40:57.135 [FXGL Background Thread 3 ] DEBUG Engine               - class com.almasb.fxgl.ui.FXGLUIFactoryServiceProvider
09:40:57.135 [FXGL Background Thread 3 ] DEBUG Engine               - class com.almasb.fxgl.ui.FXGLDialogFactoryServiceProvider
09:40:57.135 [FXGL Background Thread 3 ] DEBUG Engine               - class com.almasb.fxgl.audio.AudioPlayer
09:40:57.135 [FXGL Background Thread 3 ] DEBUG Engine               - class com.almasb.fxgl.notification.impl.NotificationServiceProvider
09:40:57.135 [FXGL Background Thread 3 ] DEBUG Engine               - class com.almasb.fxgl.achievement.AchievementService
09:40:57.135 [FXGL Background Thread 3 ] DEBUG Engine               - class com.almasb.fxgl.cutscene.CutsceneService
09:40:57.135 [FXGL Background Thread 3 ] DEBUG Engine               - class com.almasb.fxgl.minigames.MiniGameService
09:40:57.135 [FXGL Background Thread 3 ] DEBUG Engine               - class com.almasb.fxgl.net.NetService
09:40:57.135 [FXGL Background Thread 3 ] DEBUG Engine               - class com.almasb.fxgl.app.services.UpdaterService
09:40:57.135 [FXGL Background Thread 3 ] DEBUG Engine               - class com.almasb.fxgl.dev.DevService
09:41:03.105 [JavaFX Application Thread] DEBUG FXGLAssetLoaderServi - Loading from file system: file:/D:/SoftwareDevelopment/javaFxProject/tank_v3.1/target/classes/assets/sounds/select.wav
09:41:13.195 [JavaFX Application Thread] DEBUG GameApplicationServi - Starting new game
09:41:13.195 [JavaFX Application Thread] DEBUG PrimaryStageWindow   - Pop state: GameMainMenu
09:41:13.195 [JavaFX Application Thread] DEBUG Input                - Clearing active input actions
09:41:13.199 [JavaFX Application Thread] DEBUG GameApplicationServi - Removing overlay from GameMainMenu and adding to FXGLMainMenuDummyScene
09:41:13.199 [JavaFX Application Thread] DEBUG PrimaryStageWindow   - FXGLMainMenuDummyScene <- GameMainMenu
09:41:13.199 [JavaFX Application Thread] DEBUG Input                - Clearing active input actions
09:41:13.209 [JavaFX Application Thread] DEBUG GameApplicationServi - Removing overlay from FXGLMainMenuDummyScene and adding to GameLoadingScene
09:41:13.209 [JavaFX Application Thread] DEBUG PrimaryStageWindow   - FXGLMainMenuDummyScene -> GameLoadingScene
09:41:13.209 [JavaFX Application Thread] DEBUG GameApplicationServi - Clearing previous game
09:41:13.209 [JavaFX Application Thread] DEBUG GameScene            - Clearing game scene
09:41:13.209 [JavaFX Application Thread] DEBUG GameWorld            - Clearing game world
09:41:13.209 [JavaFX Application Thread] DEBUG PhysicsWorld         - Clearing physics world
09:41:13.210 [FXGL Background Thread 2 ] DEBUG FXGLApplication      - Initializing game
09:41:13.211 [FXGL Background Thread 2 ] DEBUG FXGLAssetLoaderServi - Loading from file system: file:/D:/SoftwareDevelopment/javaFxProject/tank_v3.1/target/classes/assets/properties/game.properties
09:41:13.220 [FXGL Background Thread 2 ] DEBUG FXGLAssetLoaderServi - Loading from file system: file:/D:/SoftwareDevelopment/javaFxProject/tank_v3.1/target/classes/assets/textures/map/stone.png
09:41:13.221 [FXGL Background Thread 2 ] DEBUG FXGLAssetLoaderServi - Loading from file system: file:/D:/SoftwareDevelopment/javaFxProject/tank_v3.1/target/classes/assets/textures/map/brick.png
09:41:13.225 [FXGL Background Thread 2 ] DEBUG FXGLAssetLoaderServi - Loading from file system: file:/D:/SoftwareDevelopment/javaFxProject/tank_v3.1/target/classes/assets/textures/map/sea_anim.png
09:41:13.226 [FXGL Background Thread 2 ] DEBUG FXGLAssetLoaderServi - Loading from file system: file:/D:/SoftwareDevelopment/javaFxProject/tank_v3.1/target/classes/assets/textures/explode/explode_level_2.png
09:41:13.260 [pool-2-thread-1          ] WARN  TMXLevelLoader       - TiledMap generated from 1.8.4. Supported version: 1.4.2. Some features may not be parsed fully.
09:41:13.270 [pool-2-thread-1          ] DEBUG TMXLevelLoader       - Parsed TiledMap: file:/D:/SoftwareDevelopment/javaFxProject/tank_v3.1/ConstructMap/level0.tmx
09:41:13.271 [pool-2-thread-1          ] DEBUG TMXLevelLoader       - Creating tile layer entities
09:41:13.272 [pool-2-thread-1          ] DEBUG TMXLevelLoader       - Creating object layer entities
09:41:13.331 [pool-2-thread-1          ] DEBUG GameWorld            - Clearing removable entities
09:41:13.331 [pool-2-thread-1          ] DEBUG GameWorld            - Setting level: com.almasb.fxgl.entity.level.Level@19ee0d80
09:41:13.333 [pool-2-thread-1          ] DEBUG FXGLAssetLoaderServi - Loading from file system: file:/D:/SoftwareDevelopment/javaFxProject/tank_v3.1/target/classes/assets/sounds/start.wav
09:41:13.342 [pool-2-thread-1          ] DEBUG FXGLAssetLoaderServi - Loading from file system: file:/D:/SoftwareDevelopment/javaFxProject/tank_v3.1/target/classes/assets/textures/tank/H1U.png
09:41:13.348 [pool-2-thread-1          ] DEBUG FXGLAssetLoaderServi - Loading from file system: file:/D:/SoftwareDevelopment/javaFxProject/tank_v3.1/target/classes/assets/textures/item/armed_helmet.png
09:41:13.355 [pool-2-thread-1          ] DEBUG FXGLAssetLoaderServi - Loading from file system: file:/D:/SoftwareDevelopment/javaFxProject/tank_v3.1/target/classes/assets/textures/ui/enemy_pre.png
09:41:13.357 [pool-2-thread-1          ] DEBUG FXGLAssetLoaderServi - Loading from file system: file:/D:/SoftwareDevelopment/javaFxProject/tank_v3.1/target/classes/assets/textures/ui/levelFlag.png
09:41:13.359 [pool-2-thread-1          ] DEBUG FXGLAssetLoaderServi - Loading from file system: file:/D:/SoftwareDevelopment/javaFxProject/tank_v3.1/target/classes/assets/textures/ui/bulletLevel.png
09:41:13.362 [pool-2-thread-1          ] DEBUG FXGLAssetLoaderServi - Loading from file system: file:/D:/SoftwareDevelopment/javaFxProject/tank_v3.1/target/classes/assets/textures/tank/spawnTank.png
09:41:13.364 [pool-2-thread-1          ] DEBUG FXGLAssetLoaderServi - Loading from file system: file:/D:/SoftwareDevelopment/javaFxProject/tank_v3.1/target/classes/assets/textures/tank/E11U.png
09:41:13.393 [pool-2-thread-1          ] DEBUG FXGLAssetLoaderServi - Loading from file system: file:/D:/SoftwareDevelopment/javaFxProject/tank_v3.1/target/classes/assets/textures/tank/E6U.png
09:41:13.394 [pool-2-thread-1          ] DEBUG FXGLAssetLoaderServi - Loading from file system: file:/D:/SoftwareDevelopment/javaFxProject/tank_v3.1/target/classes/assets/textures/tank/E1U.png
09:41:14.753 [JavaFX Application Thread] WARN  TMXLevelLoader       - TiledMap generated from 1.10.2. Supported version: 1.4.2. Some features may not be parsed fully.
09:41:14.756 [JavaFX Application Thread] DEBUG TMXLevelLoader       - Parsed TiledMap: file:/D:/SoftwareDevelopment/javaFxProject/tank_v3.1/target/classes/assets/levels/levelForTwo.tmx
09:41:14.756 [JavaFX Application Thread] DEBUG TMXLevelLoader       - Creating tile layer entities
09:41:14.758 [JavaFX Application Thread] DEBUG TMXLevelLoader       - Creating object layer entities
09:41:14.777 [JavaFX Application Thread] DEBUG GameWorld            - Clearing removable entities
09:41:14.783 [JavaFX Application Thread] DEBUG GameWorld            - Setting level: com.almasb.fxgl.entity.level.Level@604fabed
09:41:14.785 [JavaFX Application Thread] DEBUG FXGLAssetLoaderServi - Loading from file system: file:/D:/SoftwareDevelopment/javaFxProject/tank_v3.1/target/classes/assets/textures/tank/H2U.png
09:41:15.293 [FXGL Background Thread 2 ] INFO  FXGLApplication      - Game initialization took: 2.082 sec
09:41:15.294 [JavaFX Application Thread] DEBUG Input                - Clearing active input actions
09:41:15.305 [JavaFX Application Thread] DEBUG GameApplicationServi - Removing overlay from GameLoadingScene and adding to GameScene
09:41:15.305 [JavaFX Application Thread] DEBUG PrimaryStageWindow   - GameLoadingScene -> GameScene
09:41:19.603 [JavaFX Application Thread] DEBUG LoopRunner           - Stopping loop
09:41:19.637 [JavaFX Application Thread] FATAL FXGLApplication      - Uncaught Exception:
java.lang.NullPointerException: Cannot invoke "java.net.Socket.getOutputStream()" because "com.ningf.tank.ProjectVar.client" is null
	at FXGL_Tank/com.ningf.tank.TankApp.output(TankApp.java:831)
	at FXGL_Tank/com.ningf.tank.TankApp.moveUpAction(TankApp.java:368)
	at FXGL_Tank/com.ningf.tank.TankApp.lambda$initInput$0(TankApp.java:150)
	at com.almasb.fxgl.all@17.1/com.almasb.fxgl.dsl.FXGL$Companion$onKey$1.onAction(FXGL.kt:500)
	at com.almasb.fxgl.core@17.1/com.almasb.fxgl.input.UserAction.action$fxgl_core(UserAction.kt:38)
	at com.almasb.fxgl.core@17.1/com.almasb.fxgl.input.Input.update(Input.kt:271)
	at com.almasb.fxgl.scene@17.1/com.almasb.fxgl.scene.Scene.update(Scene.kt:103)
	at com.almasb.fxgl.all@17.1/com.almasb.fxgl.app.MainWindow$update$1.invoke(MainWindow.kt:115)
	at com.almasb.fxgl.all@17.1/com.almasb.fxgl.app.MainWindow$update$1.invoke(MainWindow.kt:115)
	at com.almasb.fxgl.core@17.1/com.almasb.fxgl.core.fsm.StateMachine.runOnActiveStates(StateMachine.kt:69)
	at com.almasb.fxgl.all@17.1/com.almasb.fxgl.app.MainWindow.update(MainWindow.kt:115)
	at com.almasb.fxgl.all@17.1/com.almasb.fxgl.app.FXGLApplication$GameApplicationService.onUpdate(FXGLApplication.kt:426)
	at com.almasb.fxgl.all@17.1/com.almasb.fxgl.app.Engine.loop(Engine.kt:134)
	at com.almasb.fxgl.all@17.1/com.almasb.fxgl.app.Engine.access$loop(Engine.kt:24)
	at com.almasb.fxgl.all@17.1/com.almasb.fxgl.app.Engine$loop$1.invoke(Engine.kt:28)
	at com.almasb.fxgl.all@17.1/com.almasb.fxgl.app.Engine$loop$1.invoke(Engine.kt:28)
	at com.almasb.fxgl.all@17.1/com.almasb.fxgl.app.LoopRunner.frame(LoopRunner.kt:103)
	at com.almasb.fxgl.all@17.1/com.almasb.fxgl.app.LoopRunner.access$frame(LoopRunner.kt:23)
	at com.almasb.fxgl.all@17.1/com.almasb.fxgl.app.LoopRunner$impl$2$1.onTick(LoopRunner.kt:57)
	at com.almasb.fxgl.all@17.1/com.almasb.fxgl.app.AnimationTimerLoop$timer$1.handle(LoopRunner.kt:137)
	at javafx.graphics@18/javafx.animation.AnimationTimer$AnimationTimerReceiver.lambda$handle$0(AnimationTimer.java:58)
	at java.base/java.security.AccessController.doPrivileged(AccessController.java:399)
	at javafx.graphics@18/javafx.animation.AnimationTimer$AnimationTimerReceiver.handle(AnimationTimer.java:57)
	at javafx.graphics@18/com.sun.scenario.animation.AbstractPrimaryTimer.timePulseImpl(AbstractPrimaryTimer.java:356)
	at javafx.graphics@18/com.sun.scenario.animation.AbstractPrimaryTimer$MainLoop.run(AbstractPrimaryTimer.java:266)
	at javafx.graphics@18/com.sun.javafx.tk.quantum.QuantumToolkit.pulse(QuantumToolkit.java:571)
	at javafx.graphics@18/com.sun.javafx.tk.quantum.QuantumToolkit.pulse(QuantumToolkit.java:555)
	at javafx.graphics@18/com.sun.javafx.tk.quantum.QuantumToolkit.pulseFromQueue(QuantumToolkit.java:548)
	at javafx.graphics@18/com.sun.javafx.tk.quantum.QuantumToolkit.lambda$runToolkit$11(QuantumToolkit.java:352)
	at javafx.graphics@18/com.sun.glass.ui.InvokeLaterDispatcher$Future.run(InvokeLaterDispatcher.java:96)
	at javafx.graphics@18/com.sun.glass.ui.win.WinApplication._runLoop(Native Method)
	at javafx.graphics@18/com.sun.glass.ui.win.WinApplication.lambda$runLoop$3(WinApplication.java:184)
	at java.base/java.lang.Thread.run(Thread.java:833)

09:41:19.638 [JavaFX Application Thread] FATAL FXGLApplication      - Application will now exit
09:41:19.652 [JavaFX Application Thread] DEBUG PrimaryStageWindow   - Push state: ErrorSubScene
09:41:19.653 [JavaFX Application Thread] DEBUG Input                - Clearing active input actions
09:41:19.653 [JavaFX Application Thread] DEBUG GameApplicationServi - Removing overlay from GameScene and adding to ErrorSubScene
09:41:19.653 [JavaFX Application Thread] DEBUG PrimaryStageWindow   - GameScene -> ErrorSubScene
09:41:25.472 [JavaFX Application Thread] DEBUG FXGLApplication      - Exiting FXGL
09:41:25.472 [JavaFX Application Thread] DEBUG Async                - Shutting down background threads
09:41:25.472 [JavaFX Application Thread] DEBUG PrimaryStageWindow   - Closing main window
09:41:25.488 [JavaFX Application Thread] DEBUG Logger               - Closing Logger
