11:01:02.059 [main                     ] DEBUG Logger               - Configured Logger
11:01:02.080 [main                     ] DEBUG GameApplication      - Logging settings
Title: 90 Tank
Version: Version 0.3
Width: 816
Height: 672
Fullscreen: false
Intro: false
Profiling: false
Single step:false
App Mode: DEVELOPER
Menu Key: ESCAPE
Stage Style: DECORATED
Scene Factory: class com.ningf.tank.TankApp$1

11:01:02.354 [JavaFX Application Thread] DEBUG FXGLApplication      - Initializing FXGL
11:01:02.359 [JavaFX Application Thread] INFO  Engine               - FXGL-17.1 (24.03.2022 17.34) on WINDOWS (J:17.0.7 FX:18)
11:01:02.360 [JavaFX Application Thread] DEBUG Engine               - JRE Vendor Name: Oracle Corporation
11:01:02.360 [JavaFX Application Thread] DEBUG Engine               - Running on OS: Windows 11 version 10.0
11:01:02.360 [JavaFX Application Thread] DEBUG Engine               - Architecture: amd64
11:01:02.360 [JavaFX Application Thread] INFO  Engine               - Source code and latest versions at: https://github.com/AlmasB/FXGL
11:01:02.360 [JavaFX Application Thread] INFO  Engine               -       Ask questions and discuss at: https://github.com/AlmasB/FXGL/discussions
11:01:02.360 [JavaFX Application Thread] INFO  Engine               -              Join the FXGL chat at: https://gitter.im/AlmasB/FXGL
11:01:02.428 [JavaFX Application Thread] DEBUG PrimaryStageWindow   - Creating a JavaFX scene
11:01:02.462 [JavaFX Application Thread] DEBUG PrimaryStageWindow   - Target settings size: 816.0 x 672.0
11:01:02.462 [JavaFX Application Thread] DEBUG PrimaryStageWindow   - Scaled scene size:    816.0 x 672.0
11:01:02.463 [JavaFX Application Thread] DEBUG PrimaryStageWindow   - Scaled ratio: (1.0, 1.0)
11:01:02.463 [JavaFX Application Thread] DEBUG PrimaryStageWindow   - Set initial scene to GameStartupScene
11:01:02.470 [JavaFX Application Thread] DEBUG PrimaryStageWindow   - Opening main window
11:01:02.564 [JavaFX Application Thread] DEBUG PrimaryStageWindow   - Window border size: (14.66668701171875, 37.33331298828125)
11:01:02.564 [JavaFX Application Thread] DEBUG PrimaryStageWindow   - Scaled size: 816.0 x 672.0
11:01:02.564 [JavaFX Application Thread] DEBUG PrimaryStageWindow   - Scaled ratio: (1.0, 1.0)
11:01:02.564 [JavaFX Application Thread] DEBUG PrimaryStageWindow   - Scene size: 816.0 x 672.0
11:01:02.564 [JavaFX Application Thread] DEBUG PrimaryStageWindow   - Stage size: 830.6666870117188 x 709.3333129882812
11:01:02.570 [FXGL Background Thread 1 ] DEBUG Engine               - Initializing environment variables
11:01:02.601 [FXGL Background Thread 1 ] DEBUG FXGLAssetLoaderServi - User app class for loading assets: class com.ningf.tank.TankApp
11:01:02.601 [FXGL Background Thread 1 ] DEBUG GameApplicationServi - Applying CSS: fxgl_dark.css
11:01:02.602 [FXGL Background Thread 1 ] DEBUG FXGLAssetLoaderServi - Loading from file system: jar:file:///C:/Users/WONDER/.m2/repository/com/github/almasb/fxgl/17.1/fxgl-17.1.jar!/fxglassets/ui/css/fxgl_dark.css
11:01:02.623 [FXGL Background Thread 1 ] DEBUG GameApplicationServi - Applying CSS: tankApp.css
11:01:02.623 [FXGL Background Thread 1 ] DEBUG FXGLAssetLoaderServi - Loading from file system: file:/D:/SoftwareDevelopment/javaFxProject/tank_v3.1/target/classes/assets/ui/css/tankApp.css
11:01:02.624 [FXGL Background Thread 1 ] DEBUG GameApplicationServi - Initializing application scenes
11:01:02.627 [FXGL Background Thread 1 ] DEBUG GameWorld            - Game world initialized
11:01:02.666 [FXGL Background Thread 1 ] DEBUG PhysicsWorld         - Physics world initialized: appHeight=672, physics.ppm=50.0
11:01:02.666 [FXGL Background Thread 1 ] DEBUG PhysicsWorld         - Using strategy: BRUTE_FORCE
11:01:02.671 [FXGL Background Thread 1 ] DEBUG GameScene            - Game scene initialized: 816x672
11:01:02.674 [FXGL Background Thread 1 ] DEBUG FXGLAssetLoaderServi - Loading from file system: file:/D:/SoftwareDevelopment/javaFxProject/tank_v3.1/target/classes/assets/textures/ui/logo.png
11:01:02.685 [FXGL Background Thread 1 ] DEBUG FXGLAssetLoaderServi - Loading from file system: file:/D:/SoftwareDevelopment/javaFxProject/tank_v3.1/target/classes/assets/textures/ui/icon.png
11:01:02.692 [FXGL Background Thread 1 ] DEBUG FXGLAssetLoaderServi - Loading from file system: file:/D:/SoftwareDevelopment/javaFxProject/tank_v3.1/target/classes/assets/textures/ui/tankLoading.png
11:01:02.714 [FXGL Background Thread 1 ] DEBUG FXGLAssetLoaderServi - Loading from file system: file:/D:/SoftwareDevelopment/javaFxProject/tank_v3.1/target/classes/assets/textures/ui/fxgl.png
11:01:02.747 [FXGL Background Thread 1 ] DEBUG FXGL.DefaultMenu     - createMenuBodyGameMenu()
11:01:02.753 [FXGL Background Thread 1 ] DEBUG FXGL.DefaultMenu     - createOptionsMenu()
11:01:02.760 [FXGL Background Thread 1 ] DEBUG FXGLAssetLoaderServi - Loading from file system: jar:file:///C:/Users/WONDER/.m2/repository/com/github/almasb/fxgl/17.1/fxgl-17.1.jar!/fxglassets/textures/particles/smoke.png
11:01:02.819 [FXGL Background Thread 1 ] DEBUG FXGLAssetLoaderServi - Loading from file system: jar:file:///C:/Users/WONDER/.m2/repository/com/github/almasb/fxgl/17.1/fxgl-17.1.jar!/fxglassets/textures/particles/trace_horizontal.png
11:01:02.836 [FXGL Background Thread 1 ] DEBUG GameApplicationServi - Application scenes initialized
11:01:02.845 [FXGL Background Thread 1 ] DEBUG SystemBundleService  - Loading FXGL system data
11:01:02.848 [FXGL Background Thread 1 ] DEBUG FileSystemAccess     - Reading from: D:\SoftwareDevelopment\javaFxProject\tank_v3.1\system\fxgl.bundle
11:01:02.856 [FXGL Background Thread 1 ] DEBUG SystemBundleService  - Bundle FXGL: {}
11:01:02.856 [FXGL Background Thread 1 ] DEBUG UpdaterService       - Checking for updates
11:01:02.863 [FXGL Background Thread 1 ] DEBUG FXGLApplication      - Loading default localization
11:01:02.863 [FXGL Background Thread 4 ] DEBUG FXGLApplication      - Loading fonts
11:01:02.863 [FXGL Background Thread 4 ] DEBUG FXGLAssetLoaderServi - Loading from file system: jar:file:///C:/Users/WONDER/.m2/repository/com/github/almasb/fxgl/17.1/fxgl-17.1.jar!/fxglassets/ui/fonts/VarelaRound-Regular.ttf
11:01:02.864 [FXGL Background Thread 1 ] DEBUG FXGLAssetLoaderServi - Loading from file system: jar:file:///C:/Users/WONDER/.m2/repository/com/github/almasb/fxgl/17.1/fxgl-17.1.jar!/fxglassets/languages/english.lang
11:01:02.889 [FXGL Background Thread 1 ] INFO  FXGLApplication      - FXGL initialization took: 0.318 sec
11:01:02.902 [JavaFX Application Thread] DEBUG Input                - Registered new binding: action0 - W
11:01:02.903 [JavaFX Application Thread] DEBUG Input                - Registered new binding: action1 - S
11:01:02.904 [JavaFX Application Thread] DEBUG Input                - Registered new binding: action2 - A
11:01:02.904 [JavaFX Application Thread] DEBUG Input                - Registered new binding: action3 - D
11:01:02.905 [JavaFX Application Thread] DEBUG Input                - Registered new binding: action4 - Space
11:01:02.906 [JavaFX Application Thread] DEBUG Input                - Registered new binding: action5 - O
11:01:02.906 [JavaFX Application Thread] DEBUG Input                - Registered new binding: action6 - Up
11:01:02.907 [JavaFX Application Thread] DEBUG Input                - Registered new binding: action7 - Down
11:01:02.907 [JavaFX Application Thread] DEBUG Input                - Registered new binding: action8 - Left
11:01:02.908 [JavaFX Application Thread] DEBUG Input                - Registered new binding: action9 - Right
11:01:02.908 [JavaFX Application Thread] DEBUG Input                - Registered new binding: action10 - Enter
11:01:02.909 [JavaFX Application Thread] DEBUG Input                - Registered new binding: action11 - Numpad 0
11:01:02.915 [JavaFX Application Thread] DEBUG FXGLAssetLoaderServi - Loading from file system: file:/D:/SoftwareDevelopment/javaFxProject/tank_v3.1/target/classes/assets/textures/ui/cursor.png
11:01:02.918 [JavaFX Application Thread] DEBUG Input                - Registered new binding: Screenshot - CTRL+8
11:01:02.919 [JavaFX Application Thread] DEBUG Input                - Registered new binding: System info dump - CTRL+9
11:01:02.921 [JavaFX Application Thread] DEBUG Input                - Registered new binding: Restart - CTRL+R
11:01:02.922 [JavaFX Application Thread] DEBUG Input                - Registered new binding: Toggle Debug Camera - CTRL+7
11:01:02.925 [JavaFX Application Thread] DEBUG LoopRunner           - Starting loop
11:01:02.925 [JavaFX Application Thread] DEBUG LoopRunner           - Initializing JavaFX AnimationTimerLoop
11:01:02.926 [FXGL Background Thread 4 ] DEBUG FXGLAssetLoaderServi - Loading from file system: jar:file:///C:/Users/WONDER/.m2/repository/com/github/almasb/fxgl/17.1/fxgl-17.1.jar!/fxglassets/ui/fonts/Abel-Regular.ttf
11:01:02.929 [JavaFX Application Thread] DEBUG Input                - Clearing active input actions
11:01:02.933 [FXGL Background Thread 4 ] DEBUG FXGLAssetLoaderServi - Loading from file system: jar:file:///C:/Users/WONDER/.m2/repository/com/github/almasb/fxgl/17.1/fxgl-17.1.jar!/fxglassets/ui/fonts/TerminalLandMono-Regular.otf
11:01:02.935 [JavaFX Application Thread] DEBUG GameApplicationServi - Removing overlay from GameStartupScene and adding to FXGLMainMenuDummyScene
11:01:02.935 [JavaFX Application Thread] DEBUG PrimaryStageWindow   - GameStartupScene -> FXGLMainMenuDummyScene
11:01:02.935 [JavaFX Application Thread] DEBUG PrimaryStageWindow   - Push state: GameMainMenu
11:01:02.935 [JavaFX Application Thread] DEBUG FXGLAssetLoaderServi - Loading from file system: file:/D:/SoftwareDevelopment/javaFxProject/tank_v3.1/target/classes/assets/sounds/mainMenuLoad.wav
11:01:02.939 [FXGL Background Thread 4 ] DEBUG FXGLAssetLoaderServi - Loading from file system: jar:file:///C:/Users/WONDER/.m2/repository/com/github/almasb/fxgl/17.1/fxgl-17.1.jar!/fxglassets/ui/fonts/Courier-Prime.ttf
11:01:02.998 [JavaFX Application Thread] DEBUG Input                - Clearing active input actions
11:01:03.000 [JavaFX Application Thread] DEBUG GameApplicationServi - Removing overlay from FXGLMainMenuDummyScene and adding to GameMainMenu
11:01:03.001 [JavaFX Application Thread] DEBUG PrimaryStageWindow   - FXGLMainMenuDummyScene -> GameMainMenu
11:01:03.056 [FXGL Background Thread 2 ] WARN  UpdaterService       - Failed to find updates: java.net.UnknownHostException: raw.githubusercontent.com
11:01:03.058 [JavaFX Application Thread] DEBUG FXGLApplication      - Registering font factories with UI factory
11:01:05.004 [JavaFX Application Thread] DEBUG FXGLAssetLoaderServi - Loading from file system: file:/D:/SoftwareDevelopment/javaFxProject/tank_v3.1/target/classes/assets/sounds/mainMenuHover.wav
11:01:05.599 [JavaFX Application Thread] DEBUG FXGLAssetLoaderServi - Loading from file system: file:/D:/SoftwareDevelopment/javaFxProject/tank_v3.1/target/classes/assets/sounds/select.wav
11:01:05.603 [JavaFX Application Thread] DEBUG PrimaryStageWindow   - Push state: DialogSubScene
11:01:05.603 [JavaFX Application Thread] DEBUG Input                - Clearing active input actions
11:01:05.607 [JavaFX Application Thread] DEBUG GameApplicationServi - Removing overlay from GameMainMenu and adding to DialogSubScene
11:01:05.607 [JavaFX Application Thread] DEBUG PrimaryStageWindow   - GameMainMenu -> DialogSubScene
11:01:05.860 [FXGL Background Thread 3 ] DEBUG Engine               - Logging environment variables
11:01:05.861 [FXGL Background Thread 3 ] DEBUG Engine               - achievements: []
11:01:05.861 [FXGL Background Thread 3 ] DEBUG Engine               - actualHeight: 672.0
11:01:05.861 [FXGL Background Thread 3 ] DEBUG Engine               - actualHeightProperty: ReadOnlyDoubleProperty [value: 672.0]
11:01:05.861 [FXGL Background Thread 3 ] DEBUG Engine               - actualWidth: 816.0
11:01:05.861 [FXGL Background Thread 3 ] DEBUG Engine               - actualWidthProperty: ReadOnlyDoubleProperty [value: 816.0]
11:01:05.861 [FXGL Background Thread 3 ] DEBUG Engine               - appIcon: ui/icon.png
11:01:05.861 [FXGL Background Thread 3 ] DEBUG Engine               - applicationMode: DEVELOPER
11:01:05.861 [FXGL Background Thread 3 ] DEBUG Engine               - cSSList: [fxgl_dark.css, tankApp.css]
11:01:05.861 [FXGL Background Thread 3 ] DEBUG Engine               - collisionDetectionStrategy: BRUTE_FORCE
11:01:05.862 [FXGL Background Thread 3 ] DEBUG Engine               - configClass: Optional.empty
11:01:05.862 [FXGL Background Thread 3 ] DEBUG Engine               - credits: []
11:01:05.862 [FXGL Background Thread 3 ] DEBUG Engine               - defaultCursor: CursorInfo(imageName=ui/cursor.png, hotspotX=0.0, hotspotY=0.0)
11:01:05.862 [FXGL Background Thread 3 ] DEBUG Engine               - devBBoxColorProperty: ObjectProperty [value: 0xff0000ff]
11:01:05.863 [FXGL Background Thread 3 ] DEBUG Engine               - devEnableDebugCameraProperty: BooleanProperty [value: false]
11:01:05.863 [FXGL Background Thread 3 ] DEBUG Engine               - devSensorColorProperty: ObjectProperty [value: 0xffff00ff]
11:01:05.863 [FXGL Background Thread 3 ] DEBUG Engine               - devShowBBoxProperty: BooleanProperty [value: false]
11:01:05.863 [FXGL Background Thread 3 ] DEBUG Engine               - devShowPositionProperty: BooleanProperty [value: false]
11:01:05.863 [FXGL Background Thread 3 ] DEBUG Engine               - enabledMenuItems: []
11:01:05.864 [FXGL Background Thread 3 ] DEBUG Engine               - engineServices: [class com.almasb.fxgl.app.services.FXGLAssetLoaderService, class com.almasb.fxgl.app.FXGLApplication$GameApplicationService, class com.almasb.fxgl.app.services.FXGLDialogService, class com.almasb.fxgl.app.services.IOTaskExecutorService, class com.almasb.fxgl.io.FileSystemService, class com.almasb.fxgl.localization.LocalizationService, class com.almasb.fxgl.app.services.SystemBundleService, class com.almasb.fxgl.profile.SaveLoadService, class com.almasb.fxgl.ui.FXGLUIFactoryServiceProvider, class com.almasb.fxgl.ui.FXGLDialogFactoryServiceProvider, class com.almasb.fxgl.audio.AudioPlayer, class com.almasb.fxgl.notification.impl.NotificationServiceProvider, class com.almasb.fxgl.achievement.AchievementService, class com.almasb.fxgl.cutscene.CutsceneService, class com.almasb.fxgl.minigames.MiniGameService, class com.almasb.fxgl.net.NetService, class com.almasb.fxgl.app.services.UpdaterService, class com.almasb.fxgl.dev.DevService]
11:01:05.864 [FXGL Background Thread 3 ] DEBUG Engine               - fontGame: Abel-Regular.ttf
11:01:05.864 [FXGL Background Thread 3 ] DEBUG Engine               - fontMono: TerminalLandMono-Regular.otf
11:01:05.864 [FXGL Background Thread 3 ] DEBUG Engine               - fontText: Courier-Prime.ttf
11:01:05.864 [FXGL Background Thread 3 ] DEBUG Engine               - fontUI: VarelaRound-Regular.ttf
11:01:05.864 [FXGL Background Thread 3 ] DEBUG Engine               - fullScreen: BooleanProperty [value: false]
11:01:05.864 [FXGL Background Thread 3 ] DEBUG Engine               - gameDifficulty: MEDIUM
11:01:05.864 [FXGL Background Thread 3 ] DEBUG Engine               - gameDifficultyProperty: ObjectProperty [value: MEDIUM]
11:01:05.864 [FXGL Background Thread 3 ] DEBUG Engine               - globalMusicVolume: 0.5
11:01:05.864 [FXGL Background Thread 3 ] DEBUG Engine               - globalMusicVolumeProperty: DoubleProperty [value: 0.5]
11:01:05.864 [FXGL Background Thread 3 ] DEBUG Engine               - globalSoundVolume: 0.5
11:01:05.864 [FXGL Background Thread 3 ] DEBUG Engine               - globalSoundVolumeProperty: DoubleProperty [value: 0.5]
11:01:05.865 [FXGL Background Thread 3 ] DEBUG Engine               - height: 672
11:01:05.865 [FXGL Background Thread 3 ] DEBUG Engine               - is3D: false
11:01:05.865 [FXGL Background Thread 3 ] DEBUG Engine               - isAndroid: false
11:01:05.865 [FXGL Background Thread 3 ] DEBUG Engine               - isBrowser: false
11:01:05.865 [FXGL Background Thread 3 ] DEBUG Engine               - isClickFeedbackEnabled: false
11:01:05.865 [FXGL Background Thread 3 ] DEBUG Engine               - isCloseConfirmation: false
11:01:05.865 [FXGL Background Thread 3 ] DEBUG Engine               - isDesktop: true
11:01:05.865 [FXGL Background Thread 3 ] DEBUG Engine               - isDeveloperMenuEnabled: false
11:01:05.865 [FXGL Background Thread 3 ] DEBUG Engine               - isEmbedded: false
11:01:05.865 [FXGL Background Thread 3 ] DEBUG Engine               - isEntityPreloadEnabled: true
11:01:05.865 [FXGL Background Thread 3 ] DEBUG Engine               - isExperimentalTiledLargeMap: false
11:01:05.865 [FXGL Background Thread 3 ] DEBUG Engine               - isFileSystemWriteAllowed: true
11:01:05.865 [FXGL Background Thread 3 ] DEBUG Engine               - isFullScreenAllowed: false
11:01:05.865 [FXGL Background Thread 3 ] DEBUG Engine               - isFullScreenFromStart: false
11:01:05.866 [FXGL Background Thread 3 ] DEBUG Engine               - isGameMenuEnabled: true
11:01:05.866 [FXGL Background Thread 3 ] DEBUG Engine               - isIOS: false
11:01:05.866 [FXGL Background Thread 3 ] DEBUG Engine               - isIntroEnabled: false
11:01:05.866 [FXGL Background Thread 3 ] DEBUG Engine               - isLinux: false
11:01:05.866 [FXGL Background Thread 3 ] DEBUG Engine               - isMac: false
11:01:05.866 [FXGL Background Thread 3 ] DEBUG Engine               - isMainMenuEnabled: true
11:01:05.866 [FXGL Background Thread 3 ] DEBUG Engine               - isManualResizeEnabled: false
11:01:05.866 [FXGL Background Thread 3 ] DEBUG Engine               - isMobile: false
11:01:05.866 [FXGL Background Thread 3 ] DEBUG Engine               - isNative: false
11:01:05.866 [FXGL Background Thread 3 ] DEBUG Engine               - isPauseMusicWhenMinimized: true
11:01:05.866 [FXGL Background Thread 3 ] DEBUG Engine               - isPreserveResizeRatio: false
11:01:05.866 [FXGL Background Thread 3 ] DEBUG Engine               - isProfilingEnabled: false
11:01:05.866 [FXGL Background Thread 3 ] DEBUG Engine               - isScaleAffectedOnResize: true
11:01:05.866 [FXGL Background Thread 3 ] DEBUG Engine               - isSingleStep: false
11:01:05.866 [FXGL Background Thread 3 ] DEBUG Engine               - isUserProfileEnabled: false
11:01:05.866 [FXGL Background Thread 3 ] DEBUG Engine               - isWindows: true
11:01:05.866 [FXGL Background Thread 3 ] DEBUG Engine               - language: ObjectProperty [value: ENGLISH]
11:01:05.866 [FXGL Background Thread 3 ] DEBUG Engine               - menuKey: ESCAPE
11:01:05.867 [FXGL Background Thread 3 ] DEBUG Engine               - mouseSensitivity: 0.2
11:01:05.867 [FXGL Background Thread 3 ] DEBUG Engine               - notificationViewClass: class com.almasb.fxgl.notification.view.XboxNotificationView
11:01:05.867 [FXGL Background Thread 3 ] DEBUG Engine               - pixelsPerMeter: 50.0
11:01:05.867 [FXGL Background Thread 3 ] DEBUG Engine               - platform: WINDOWS
11:01:05.867 [FXGL Background Thread 3 ] DEBUG Engine               - prefHeightProperty: ReadOnlyDoubleProperty [value: 672.0]
11:01:05.867 [FXGL Background Thread 3 ] DEBUG Engine               - prefWidthProperty: ReadOnlyDoubleProperty [value: 816.0]
11:01:05.867 [FXGL Background Thread 3 ] DEBUG Engine               - profileDir: profiles/
11:01:05.867 [FXGL Background Thread 3 ] DEBUG Engine               - profileName: StringProperty [value: DEFAULT]
11:01:05.868 [FXGL Background Thread 3 ] DEBUG Engine               - randomSeed: -1
11:01:05.868 [FXGL Background Thread 3 ] DEBUG Engine               - runtimeInfo: RuntimeInfo(platform=WINDOWS, version=17.1, build=24.03.2022 17.34)
11:01:05.868 [FXGL Background Thread 3 ] DEBUG Engine               - saveFileExt: sav
11:01:05.868 [FXGL Background Thread 3 ] DEBUG Engine               - scaledHeightProp$fxgl: DoubleProperty [bound, value: 672.0]
11:01:05.868 [FXGL Background Thread 3 ] DEBUG Engine               - scaledWidthProp$fxgl: DoubleProperty [bound, value: 816.0]
11:01:05.868 [FXGL Background Thread 3 ] DEBUG Engine               - sceneFactory: com.ningf.tank.TankApp$1@23ef5245
11:01:05.868 [FXGL Background Thread 3 ] DEBUG Engine               - secondsIn24h: 60
11:01:05.868 [FXGL Background Thread 3 ] DEBUG Engine               - soundMenuBack: menu/back.wav
11:01:05.868 [FXGL Background Thread 3 ] DEBUG Engine               - soundMenuPress: menu/press.wav
11:01:05.868 [FXGL Background Thread 3 ] DEBUG Engine               - soundMenuSelect: menu/select.wav
11:01:05.868 [FXGL Background Thread 3 ] DEBUG Engine               - soundNotification: core/notification.wav
11:01:05.868 [FXGL Background Thread 3 ] DEBUG Engine               - stageStyle: DECORATED
11:01:05.869 [FXGL Background Thread 3 ] DEBUG Engine               - supportedLanguages: [ENGLISH, FRENCH, GERMAN, HUNGARIAN, RUSSIAN]
11:01:05.869 [FXGL Background Thread 3 ] DEBUG Engine               - ticksPerSecond: -1
11:01:05.869 [FXGL Background Thread 3 ] DEBUG Engine               - title: 90 Tank
11:01:05.869 [FXGL Background Thread 3 ] DEBUG Engine               - urlGithub: https://github.com/AlmasB/FXGL
11:01:05.869 [FXGL Background Thread 3 ] DEBUG Engine               - urlLeaderboard: http://fxgl-top.herokuapp.com/
11:01:05.869 [FXGL Background Thread 3 ] DEBUG Engine               - urlPOM: https://raw.githubusercontent.com/AlmasB/FXGL/release/README.md
11:01:05.869 [FXGL Background Thread 3 ] DEBUG Engine               - userAppClass: class com.ningf.tank.TankApp
11:01:05.869 [FXGL Background Thread 3 ] DEBUG Engine               - version: Version 0.3
11:01:05.869 [FXGL Background Thread 3 ] DEBUG Engine               - versionCheckDays: 7
11:01:05.869 [FXGL Background Thread 3 ] DEBUG Engine               - width: 816
11:01:05.869 [FXGL Background Thread 3 ] DEBUG Engine               - Logging services
11:01:05.869 [FXGL Background Thread 3 ] DEBUG Engine               - class com.almasb.fxgl.app.services.FXGLAssetLoaderService
11:01:05.869 [FXGL Background Thread 3 ] DEBUG Engine               - class com.almasb.fxgl.app.FXGLApplication$GameApplicationService
11:01:05.869 [FXGL Background Thread 3 ] DEBUG Engine               - class com.almasb.fxgl.app.services.FXGLDialogService
11:01:05.869 [FXGL Background Thread 3 ] DEBUG Engine               - class com.almasb.fxgl.app.services.IOTaskExecutorService
11:01:05.869 [FXGL Background Thread 3 ] DEBUG Engine               - class com.almasb.fxgl.io.FileSystemService
11:01:05.869 [FXGL Background Thread 3 ] DEBUG Engine               - class com.almasb.fxgl.localization.LocalizationService
11:01:05.869 [FXGL Background Thread 3 ] DEBUG Engine               - class com.almasb.fxgl.app.services.SystemBundleService
11:01:05.869 [FXGL Background Thread 3 ] DEBUG Engine               - class com.almasb.fxgl.profile.SaveLoadService
11:01:05.869 [FXGL Background Thread 3 ] DEBUG Engine               - class com.almasb.fxgl.ui.FXGLUIFactoryServiceProvider
11:01:05.871 [FXGL Background Thread 3 ] DEBUG Engine               - class com.almasb.fxgl.ui.FXGLDialogFactoryServiceProvider
11:01:05.871 [FXGL Background Thread 3 ] DEBUG Engine               - class com.almasb.fxgl.audio.AudioPlayer
11:01:05.871 [FXGL Background Thread 3 ] DEBUG Engine               - class com.almasb.fxgl.notification.impl.NotificationServiceProvider
11:01:05.871 [FXGL Background Thread 3 ] DEBUG Engine               - class com.almasb.fxgl.achievement.AchievementService
11:01:05.871 [FXGL Background Thread 3 ] DEBUG Engine               - class com.almasb.fxgl.cutscene.CutsceneService
11:01:05.871 [FXGL Background Thread 3 ] DEBUG Engine               - class com.almasb.fxgl.minigames.MiniGameService
11:01:05.871 [FXGL Background Thread 3 ] DEBUG Engine               - class com.almasb.fxgl.net.NetService
11:01:05.871 [FXGL Background Thread 3 ] DEBUG Engine               - class com.almasb.fxgl.app.services.UpdaterService
11:01:05.871 [FXGL Background Thread 3 ] DEBUG Engine               - class com.almasb.fxgl.dev.DevService
11:01:06.887 [JavaFX Application Thread] DEBUG PrimaryStageWindow   - Pop state: DialogSubScene
11:01:06.887 [JavaFX Application Thread] DEBUG Input                - Clearing active input actions
11:01:06.887 [JavaFX Application Thread] DEBUG GameApplicationServi - Removing overlay from DialogSubScene and adding to GameMainMenu
11:01:06.888 [JavaFX Application Thread] DEBUG PrimaryStageWindow   - GameMainMenu <- DialogSubScene
11:01:06.888 [JavaFX Application Thread] DEBUG PrimaryStageWindow   - Pop state: GameMainMenu
11:01:06.888 [JavaFX Application Thread] DEBUG Input                - Clearing active input actions
11:01:06.888 [JavaFX Application Thread] DEBUG GameApplicationServi - Removing overlay from GameMainMenu and adding to FXGLMainMenuDummyScene
11:01:06.888 [JavaFX Application Thread] DEBUG PrimaryStageWindow   - FXGLMainMenuDummyScene <- GameMainMenu
11:01:06.888 [JavaFX Application Thread] WARN  PrimaryStageWindow   - Cannot set to FXGLMainMenuDummyScene. Probably because subscenes are present.
11:01:06.888 [JavaFX Application Thread] DEBUG PrimaryStageWindow   - Push state: GameMainMenu
11:01:06.889 [JavaFX Application Thread] DEBUG Input                - Clearing active input actions
11:01:06.896 [JavaFX Application Thread] DEBUG GameApplicationServi - Removing overlay from FXGLMainMenuDummyScene and adding to GameMainMenu
11:01:06.897 [JavaFX Application Thread] DEBUG PrimaryStageWindow   - FXGLMainMenuDummyScene -> GameMainMenu
11:01:15.248 [JavaFX Application Thread] DEBUG GameApplicationServi - Starting new game
11:01:15.248 [JavaFX Application Thread] DEBUG PrimaryStageWindow   - Pop state: GameMainMenu
11:01:15.248 [JavaFX Application Thread] DEBUG Input                - Clearing active input actions
11:01:15.253 [JavaFX Application Thread] DEBUG GameApplicationServi - Removing overlay from GameMainMenu and adding to FXGLMainMenuDummyScene
11:01:15.254 [JavaFX Application Thread] DEBUG PrimaryStageWindow   - FXGLMainMenuDummyScene <- GameMainMenu
11:01:15.254 [JavaFX Application Thread] DEBUG Input                - Clearing active input actions
11:01:15.262 [JavaFX Application Thread] DEBUG GameApplicationServi - Removing overlay from FXGLMainMenuDummyScene and adding to GameLoadingScene
11:01:15.262 [JavaFX Application Thread] DEBUG PrimaryStageWindow   - FXGLMainMenuDummyScene -> GameLoadingScene
11:01:15.262 [JavaFX Application Thread] DEBUG GameApplicationServi - Clearing previous game
11:01:15.262 [JavaFX Application Thread] DEBUG GameScene            - Clearing game scene
11:01:15.262 [JavaFX Application Thread] DEBUG GameWorld            - Clearing game world
11:01:15.262 [JavaFX Application Thread] DEBUG PhysicsWorld         - Clearing physics world
11:01:15.263 [FXGL Background Thread 2 ] DEBUG FXGLApplication      - Initializing game
11:01:15.264 [FXGL Background Thread 2 ] DEBUG FXGLAssetLoaderServi - Loading from file system: file:/D:/SoftwareDevelopment/javaFxProject/tank_v3.1/target/classes/assets/properties/game.properties
11:01:15.269 [FXGL Background Thread 2 ] DEBUG FXGLAssetLoaderServi - Loading from file system: file:/D:/SoftwareDevelopment/javaFxProject/tank_v3.1/target/classes/assets/textures/map/stone.png
11:01:15.270 [FXGL Background Thread 2 ] DEBUG FXGLAssetLoaderServi - Loading from file system: file:/D:/SoftwareDevelopment/javaFxProject/tank_v3.1/target/classes/assets/textures/map/brick.png
11:01:15.272 [FXGL Background Thread 2 ] DEBUG FXGLAssetLoaderServi - Loading from file system: file:/D:/SoftwareDevelopment/javaFxProject/tank_v3.1/target/classes/assets/textures/map/sea_anim.png
11:01:15.273 [FXGL Background Thread 2 ] DEBUG FXGLAssetLoaderServi - Loading from file system: file:/D:/SoftwareDevelopment/javaFxProject/tank_v3.1/target/classes/assets/textures/explode/explode_level_2.png
11:01:15.306 [pool-2-thread-1          ] WARN  TMXLevelLoader       - TiledMap generated from 1.8.4. Supported version: 1.4.2. Some features may not be parsed fully.
11:01:15.316 [pool-2-thread-1          ] DEBUG TMXLevelLoader       - Parsed TiledMap: file:/D:/SoftwareDevelopment/javaFxProject/tank_v3.1/ConstructMap/level0.tmx
11:01:15.318 [pool-2-thread-1          ] DEBUG TMXLevelLoader       - Creating tile layer entities
11:01:15.319 [pool-2-thread-1          ] DEBUG TMXLevelLoader       - Creating object layer entities
11:01:15.356 [pool-2-thread-1          ] DEBUG GameWorld            - Clearing removable entities
11:01:15.356 [pool-2-thread-1          ] DEBUG GameWorld            - Setting level: com.almasb.fxgl.entity.level.Level@64efc435
11:01:15.358 [pool-2-thread-1          ] DEBUG FXGLAssetLoaderServi - Loading from file system: file:/D:/SoftwareDevelopment/javaFxProject/tank_v3.1/target/classes/assets/sounds/start.wav
11:01:15.366 [pool-2-thread-1          ] DEBUG FXGLAssetLoaderServi - Loading from file system: file:/D:/SoftwareDevelopment/javaFxProject/tank_v3.1/target/classes/assets/textures/tank/H1U.png
11:01:15.372 [pool-2-thread-1          ] DEBUG FXGLAssetLoaderServi - Loading from file system: file:/D:/SoftwareDevelopment/javaFxProject/tank_v3.1/target/classes/assets/textures/item/armed_helmet.png
11:01:15.380 [pool-2-thread-1          ] DEBUG FXGLAssetLoaderServi - Loading from file system: file:/D:/SoftwareDevelopment/javaFxProject/tank_v3.1/target/classes/assets/textures/tank/H2U.png
11:01:15.385 [pool-2-thread-1          ] DEBUG FXGLAssetLoaderServi - Loading from file system: file:/D:/SoftwareDevelopment/javaFxProject/tank_v3.1/target/classes/assets/textures/ui/enemy_pre.png
11:01:15.387 [pool-2-thread-1          ] DEBUG FXGLAssetLoaderServi - Loading from file system: file:/D:/SoftwareDevelopment/javaFxProject/tank_v3.1/target/classes/assets/textures/ui/levelFlag.png
11:01:15.388 [pool-2-thread-1          ] DEBUG FXGLAssetLoaderServi - Loading from file system: file:/D:/SoftwareDevelopment/javaFxProject/tank_v3.1/target/classes/assets/textures/ui/bulletLevel.png
11:01:15.392 [pool-2-thread-1          ] DEBUG FXGLAssetLoaderServi - Loading from file system: file:/D:/SoftwareDevelopment/javaFxProject/tank_v3.1/target/classes/assets/textures/tank/spawnTank.png
11:01:15.393 [pool-2-thread-1          ] DEBUG FXGLAssetLoaderServi - Loading from file system: file:/D:/SoftwareDevelopment/javaFxProject/tank_v3.1/target/classes/assets/textures/tank/E11U.png
11:01:15.395 [pool-2-thread-1          ] DEBUG FXGLAssetLoaderServi - Loading from file system: file:/D:/SoftwareDevelopment/javaFxProject/tank_v3.1/target/classes/assets/textures/tank/E10U.png
11:01:16.800 [JavaFX Application Thread] WARN  TMXLevelLoader       - TiledMap generated from 1.10.2. Supported version: 1.4.2. Some features may not be parsed fully.
11:01:16.819 [JavaFX Application Thread] DEBUG TMXLevelLoader       - Parsed TiledMap: file:/D:/SoftwareDevelopment/javaFxProject/tank_v3.1/target/classes/assets/levels/levelForTwo.tmx
11:01:16.819 [JavaFX Application Thread] DEBUG TMXLevelLoader       - Creating tile layer entities
11:01:16.819 [JavaFX Application Thread] DEBUG TMXLevelLoader       - Creating object layer entities
11:01:16.860 [JavaFX Application Thread] DEBUG GameWorld            - Clearing removable entities
11:01:16.867 [JavaFX Application Thread] DEBUG GameWorld            - Setting level: com.almasb.fxgl.entity.level.Level@155e6828
11:01:36.329 [FXGL Background Thread 2 ] INFO  FXGLApplication      - Game initialization took: 21.066 sec
11:01:36.331 [JavaFX Application Thread] DEBUG Input                - Clearing active input actions
11:01:36.345 [JavaFX Application Thread] DEBUG GameApplicationServi - Removing overlay from GameLoadingScene and adding to GameScene
11:01:36.347 [JavaFX Application Thread] DEBUG PrimaryStageWindow   - GameLoadingScene -> GameScene
11:02:08.925 [Thread-781               ] DEBUG LoopRunner           - Stopping loop
11:02:08.927 [Thread-781               ] FATAL FXGLApplication      - Uncaught Exception:
java.lang.NullPointerException: Cannot invoke "java.net.Socket.getInputStream()" because "com.ningf.tank.ProjectVar.client" is null
	at FXGL_Tank/com.ningf.tank.TankApp.startNetwork(TankApp.java:452)
	at FXGL_Tank/com.ningf.tank.TankApp.lambda$initInput$5(TankApp.java:248)
	at java.base/java.lang.Thread.run(Thread.java:833)

11:02:08.927 [Thread-781               ] FATAL FXGLApplication      - Application will now exit
11:02:08.937 [Thread-781               ] DEBUG PrimaryStageWindow   - Push state: ErrorSubScene
11:02:08.937 [Thread-781               ] DEBUG Input                - Clearing active input actions
11:02:32.450 [JavaFX Application Thread] DEBUG FXGLApplication      - Exiting FXGL
11:02:32.450 [JavaFX Application Thread] DEBUG Async                - Shutting down background threads
11:02:32.450 [JavaFX Application Thread] DEBUG PrimaryStageWindow   - Closing main window
11:02:32.464 [JavaFX Application Thread] DEBUG Logger               - Closing Logger
