18:15:17.157 [main                     ] DEBUG Logger               - Configured Logger
18:15:17.182 [main                     ] DEBUG GameApplication      - Logging settings
Title: 90 Tank
Version: Version 0.3
Width: 816
Height: 672
Fullscreen: false
Intro: false
Profiling: false
Single step:false
App Mode: DEVELOPER
Menu Key: ESCAPE
Stage Style: DECORATED
Scene Factory: class com.ningf.tank.TankApp$1

18:15:17.470 [JavaFX Application Thread] DEBUG FXGLApplication      - Initializing FXGL
18:15:17.475 [JavaFX Application Thread] INFO  Engine               - FXGL-17.1 (24.03.2022 17.34) on WINDOWS (J:17.0.7 FX:18)
18:15:17.475 [JavaFX Application Thread] DEBUG Engine               - JRE Vendor Name: Oracle Corporation
18:15:17.476 [JavaFX Application Thread] DEBUG Engine               - Running on OS: Windows 11 version 10.0
18:15:17.476 [JavaFX Application Thread] DEBUG Engine               - Architecture: amd64
18:15:17.476 [JavaFX Application Thread] INFO  Engine               - Source code and latest versions at: https://github.com/AlmasB/FXGL
18:15:17.476 [JavaFX Application Thread] INFO  Engine               -       Ask questions and discuss at: https://github.com/AlmasB/FXGL/discussions
18:15:17.476 [JavaFX Application Thread] INFO  Engine               -              Join the FXGL chat at: https://gitter.im/AlmasB/FXGL
18:15:17.550 [JavaFX Application Thread] DEBUG PrimaryStageWindow   - Creating a JavaFX scene
18:15:17.590 [JavaFX Application Thread] DEBUG PrimaryStageWindow   - Target settings size: 816.0 x 672.0
18:15:17.590 [JavaFX Application Thread] DEBUG PrimaryStageWindow   - Scaled scene size:    816.0 x 672.0
18:15:17.590 [JavaFX Application Thread] DEBUG PrimaryStageWindow   - Scaled ratio: (1.0, 1.0)
18:15:17.591 [JavaFX Application Thread] DEBUG PrimaryStageWindow   - Set initial scene to GameStartupScene
18:15:17.596 [JavaFX Application Thread] DEBUG PrimaryStageWindow   - Opening main window
18:15:17.680 [JavaFX Application Thread] DEBUG PrimaryStageWindow   - Window border size: (14.66668701171875, 37.33331298828125)
18:15:17.680 [JavaFX Application Thread] DEBUG PrimaryStageWindow   - Scaled size: 816.0 x 672.0
18:15:17.680 [JavaFX Application Thread] DEBUG PrimaryStageWindow   - Scaled ratio: (1.0, 1.0)
18:15:17.680 [JavaFX Application Thread] DEBUG PrimaryStageWindow   - Scene size: 816.0 x 672.0
18:15:17.680 [JavaFX Application Thread] DEBUG PrimaryStageWindow   - Stage size: 830.6666870117188 x 709.3333129882812
18:15:17.686 [FXGL Background Thread 1 ] DEBUG Engine               - Initializing environment variables
18:15:17.726 [FXGL Background Thread 1 ] DEBUG FXGLAssetLoaderServi - User app class for loading assets: class com.ningf.tank.TankApp
18:15:17.726 [FXGL Background Thread 1 ] DEBUG GameApplicationServi - Applying CSS: fxgl_dark.css
18:15:17.727 [FXGL Background Thread 1 ] DEBUG FXGLAssetLoaderServi - Loading from file system: jar:file:///C:/Users/WONDER/.m2/repository/com/github/almasb/fxgl/17.1/fxgl-17.1.jar!/fxglassets/ui/css/fxgl_dark.css
18:15:17.755 [FXGL Background Thread 1 ] DEBUG GameApplicationServi - Applying CSS: tankApp.css
18:15:17.755 [FXGL Background Thread 1 ] DEBUG FXGLAssetLoaderServi - Loading from file system: file:/D:/SoftwareDevelopment/javaFxProject/tank_v3.1/target/classes/assets/ui/css/tankApp.css
18:15:17.757 [FXGL Background Thread 1 ] DEBUG GameApplicationServi - Initializing application scenes
18:15:17.761 [FXGL Background Thread 1 ] DEBUG GameWorld            - Game world initialized
18:15:17.805 [FXGL Background Thread 1 ] DEBUG PhysicsWorld         - Physics world initialized: appHeight=672, physics.ppm=50.0
18:15:17.805 [FXGL Background Thread 1 ] DEBUG PhysicsWorld         - Using strategy: BRUTE_FORCE
18:15:17.811 [FXGL Background Thread 1 ] DEBUG GameScene            - Game scene initialized: 816x672
18:15:17.813 [FXGL Background Thread 1 ] DEBUG FXGLAssetLoaderServi - Loading from file system: file:/D:/SoftwareDevelopment/javaFxProject/tank_v3.1/target/classes/assets/textures/ui/logo.png
18:15:17.826 [FXGL Background Thread 1 ] DEBUG FXGLAssetLoaderServi - Loading from file system: file:/D:/SoftwareDevelopment/javaFxProject/tank_v3.1/target/classes/assets/textures/ui/icon.png
18:15:17.834 [FXGL Background Thread 1 ] DEBUG FXGLAssetLoaderServi - Loading from file system: file:/D:/SoftwareDevelopment/javaFxProject/tank_v3.1/target/classes/assets/textures/ui/tankLoading.png
18:15:17.861 [FXGL Background Thread 1 ] DEBUG FXGLAssetLoaderServi - Loading from file system: file:/D:/SoftwareDevelopment/javaFxProject/tank_v3.1/target/classes/assets/textures/ui/fxgl.png
18:15:17.897 [FXGL Background Thread 1 ] DEBUG FXGL.DefaultMenu     - createMenuBodyGameMenu()
18:15:17.904 [FXGL Background Thread 1 ] DEBUG FXGL.DefaultMenu     - createOptionsMenu()
18:15:17.912 [FXGL Background Thread 1 ] DEBUG FXGLAssetLoaderServi - Loading from file system: jar:file:///C:/Users/WONDER/.m2/repository/com/github/almasb/fxgl/17.1/fxgl-17.1.jar!/fxglassets/textures/particles/smoke.png
18:15:17.970 [FXGL Background Thread 1 ] DEBUG FXGLAssetLoaderServi - Loading from file system: jar:file:///C:/Users/WONDER/.m2/repository/com/github/almasb/fxgl/17.1/fxgl-17.1.jar!/fxglassets/textures/particles/trace_horizontal.png
18:15:17.984 [FXGL Background Thread 1 ] DEBUG GameApplicationServi - Application scenes initialized
18:15:17.993 [FXGL Background Thread 1 ] DEBUG SystemBundleService  - Loading FXGL system data
18:15:17.996 [FXGL Background Thread 1 ] DEBUG FileSystemAccess     - Reading from: D:\SoftwareDevelopment\javaFxProject\tank_v3.1\system\fxgl.bundle
18:15:18.002 [FXGL Background Thread 1 ] DEBUG SystemBundleService  - Bundle FXGL: {}
18:15:18.002 [FXGL Background Thread 1 ] DEBUG UpdaterService       - Checking for updates
18:15:18.005 [FXGL Background Thread 4 ] DEBUG FXGLApplication      - Loading fonts
18:15:18.007 [FXGL Background Thread 4 ] DEBUG FXGLAssetLoaderServi - Loading from file system: jar:file:///C:/Users/WONDER/.m2/repository/com/github/almasb/fxgl/17.1/fxgl-17.1.jar!/fxglassets/ui/fonts/VarelaRound-Regular.ttf
18:15:18.007 [FXGL Background Thread 1 ] DEBUG FXGLApplication      - Loading default localization
18:15:18.008 [FXGL Background Thread 1 ] DEBUG FXGLAssetLoaderServi - Loading from file system: jar:file:///C:/Users/WONDER/.m2/repository/com/github/almasb/fxgl/17.1/fxgl-17.1.jar!/fxglassets/languages/english.lang
18:15:18.027 [FXGL Background Thread 1 ] INFO  FXGLApplication      - FXGL initialization took: 0.341 sec
18:15:18.038 [JavaFX Application Thread] DEBUG Input                - Registered new binding: action0 - W
18:15:18.039 [JavaFX Application Thread] DEBUG Input                - Registered new binding: action1 - S
18:15:18.039 [JavaFX Application Thread] DEBUG Input                - Registered new binding: action2 - A
18:15:18.039 [JavaFX Application Thread] DEBUG Input                - Registered new binding: action3 - D
18:15:18.040 [JavaFX Application Thread] DEBUG Input                - Registered new binding: action4 - Space
18:15:18.040 [JavaFX Application Thread] DEBUG Input                - Registered new binding: action5 - O
18:15:18.040 [JavaFX Application Thread] DEBUG Input                - Registered new binding: action6 - Up
18:15:18.041 [JavaFX Application Thread] DEBUG Input                - Registered new binding: action7 - Down
18:15:18.041 [JavaFX Application Thread] DEBUG Input                - Registered new binding: action8 - Left
18:15:18.041 [JavaFX Application Thread] DEBUG Input                - Registered new binding: action9 - Right
18:15:18.041 [JavaFX Application Thread] DEBUG Input                - Registered new binding: action10 - Numpad 0
18:15:18.041 [JavaFX Application Thread] DEBUG Input                - Registered new binding: action11 - F
18:15:18.046 [JavaFX Application Thread] DEBUG FXGLAssetLoaderServi - Loading from file system: file:/D:/SoftwareDevelopment/javaFxProject/tank_v3.1/target/classes/assets/textures/ui/cursor.png
18:15:18.048 [JavaFX Application Thread] DEBUG Input                - Registered new binding: Screenshot - CTRL+8
18:15:18.049 [JavaFX Application Thread] DEBUG Input                - Registered new binding: System info dump - CTRL+9
18:15:18.050 [JavaFX Application Thread] DEBUG Input                - Registered new binding: Restart - CTRL+R
18:15:18.051 [JavaFX Application Thread] DEBUG Input                - Registered new binding: Toggle Debug Camera - CTRL+7
18:15:18.053 [JavaFX Application Thread] DEBUG LoopRunner           - Starting loop
18:15:18.053 [JavaFX Application Thread] DEBUG LoopRunner           - Initializing JavaFX AnimationTimerLoop
18:15:18.057 [JavaFX Application Thread] DEBUG Input                - Clearing active input actions
18:15:18.064 [JavaFX Application Thread] DEBUG GameApplicationServi - Removing overlay from GameStartupScene and adding to FXGLMainMenuDummyScene
18:15:18.064 [JavaFX Application Thread] DEBUG PrimaryStageWindow   - GameStartupScene -> FXGLMainMenuDummyScene
18:15:18.064 [JavaFX Application Thread] DEBUG PrimaryStageWindow   - Push state: GameMainMenu
18:15:18.065 [JavaFX Application Thread] DEBUG FXGLAssetLoaderServi - Loading from file system: file:/D:/SoftwareDevelopment/javaFxProject/tank_v3.1/target/classes/assets/sounds/mainMenuLoad.wav
18:15:18.085 [FXGL Background Thread 4 ] DEBUG FXGLAssetLoaderServi - Loading from file system: jar:file:///C:/Users/WONDER/.m2/repository/com/github/almasb/fxgl/17.1/fxgl-17.1.jar!/fxglassets/ui/fonts/Abel-Regular.ttf
18:15:18.094 [FXGL Background Thread 4 ] DEBUG FXGLAssetLoaderServi - Loading from file system: jar:file:///C:/Users/WONDER/.m2/repository/com/github/almasb/fxgl/17.1/fxgl-17.1.jar!/fxglassets/ui/fonts/TerminalLandMono-Regular.otf
18:15:18.104 [FXGL Background Thread 4 ] DEBUG FXGLAssetLoaderServi - Loading from file system: jar:file:///C:/Users/WONDER/.m2/repository/com/github/almasb/fxgl/17.1/fxgl-17.1.jar!/fxglassets/ui/fonts/Courier-Prime.ttf
18:15:18.139 [JavaFX Application Thread] DEBUG Input                - Clearing active input actions
18:15:18.142 [JavaFX Application Thread] DEBUG GameApplicationServi - Removing overlay from FXGLMainMenuDummyScene and adding to GameMainMenu
18:15:18.142 [JavaFX Application Thread] DEBUG PrimaryStageWindow   - FXGLMainMenuDummyScene -> GameMainMenu
18:15:18.211 [JavaFX Application Thread] DEBUG FXGLApplication      - Registering font factories with UI factory
18:15:18.258 [FXGL Background Thread 2 ] WARN  UpdaterService       - Failed to find updates: javax.net.ssl.SSLHandshakeException: PKIX path building failed: sun.security.provider.certpath.SunCertPathBuilderException: unable to find valid certification path to requested target
18:15:20.149 [JavaFX Application Thread] DEBUG FXGLAssetLoaderServi - Loading from file system: file:/D:/SoftwareDevelopment/javaFxProject/tank_v3.1/target/classes/assets/sounds/mainMenuHover.wav
18:15:20.792 [JavaFX Application Thread] DEBUG FXGLAssetLoaderServi - Loading from file system: file:/D:/SoftwareDevelopment/javaFxProject/tank_v3.1/target/classes/assets/sounds/select.wav
18:15:21.006 [FXGL Background Thread 3 ] DEBUG Engine               - Logging environment variables
18:15:21.007 [FXGL Background Thread 3 ] DEBUG Engine               - achievements: []
18:15:21.007 [FXGL Background Thread 3 ] DEBUG Engine               - actualHeight: 672.0
18:15:21.007 [FXGL Background Thread 3 ] DEBUG Engine               - actualHeightProperty: ReadOnlyDoubleProperty [value: 672.0]
18:15:21.007 [FXGL Background Thread 3 ] DEBUG Engine               - actualWidth: 816.0
18:15:21.007 [FXGL Background Thread 3 ] DEBUG Engine               - actualWidthProperty: ReadOnlyDoubleProperty [value: 816.0]
18:15:21.007 [FXGL Background Thread 3 ] DEBUG Engine               - appIcon: ui/icon.png
18:15:21.007 [FXGL Background Thread 3 ] DEBUG Engine               - applicationMode: DEVELOPER
18:15:21.008 [FXGL Background Thread 3 ] DEBUG Engine               - cSSList: [fxgl_dark.css, tankApp.css]
18:15:21.008 [FXGL Background Thread 3 ] DEBUG Engine               - collisionDetectionStrategy: BRUTE_FORCE
18:15:21.008 [FXGL Background Thread 3 ] DEBUG Engine               - configClass: Optional.empty
18:15:21.008 [FXGL Background Thread 3 ] DEBUG Engine               - credits: []
18:15:21.008 [FXGL Background Thread 3 ] DEBUG Engine               - defaultCursor: CursorInfo(imageName=ui/cursor.png, hotspotX=0.0, hotspotY=0.0)
18:15:21.009 [FXGL Background Thread 3 ] DEBUG Engine               - devBBoxColorProperty: ObjectProperty [value: 0xff0000ff]
18:15:21.009 [FXGL Background Thread 3 ] DEBUG Engine               - devEnableDebugCameraProperty: BooleanProperty [value: false]
18:15:21.009 [FXGL Background Thread 3 ] DEBUG Engine               - devSensorColorProperty: ObjectProperty [value: 0xffff00ff]
18:15:21.009 [FXGL Background Thread 3 ] DEBUG Engine               - devShowBBoxProperty: BooleanProperty [value: false]
18:15:21.009 [FXGL Background Thread 3 ] DEBUG Engine               - devShowPositionProperty: BooleanProperty [value: false]
18:15:21.010 [FXGL Background Thread 3 ] DEBUG Engine               - enabledMenuItems: []
18:15:21.010 [FXGL Background Thread 3 ] DEBUG Engine               - engineServices: [class com.almasb.fxgl.app.services.FXGLAssetLoaderService, class com.almasb.fxgl.app.FXGLApplication$GameApplicationService, class com.almasb.fxgl.app.services.FXGLDialogService, class com.almasb.fxgl.app.services.IOTaskExecutorService, class com.almasb.fxgl.io.FileSystemService, class com.almasb.fxgl.localization.LocalizationService, class com.almasb.fxgl.app.services.SystemBundleService, class com.almasb.fxgl.profile.SaveLoadService, class com.almasb.fxgl.ui.FXGLUIFactoryServiceProvider, class com.almasb.fxgl.ui.FXGLDialogFactoryServiceProvider, class com.almasb.fxgl.audio.AudioPlayer, class com.almasb.fxgl.notification.impl.NotificationServiceProvider, class com.almasb.fxgl.achievement.AchievementService, class com.almasb.fxgl.cutscene.CutsceneService, class com.almasb.fxgl.minigames.MiniGameService, class com.almasb.fxgl.net.NetService, class com.almasb.fxgl.app.services.UpdaterService, class com.almasb.fxgl.dev.DevService]
18:15:21.010 [FXGL Background Thread 3 ] DEBUG Engine               - fontGame: Abel-Regular.ttf
18:15:21.010 [FXGL Background Thread 3 ] DEBUG Engine               - fontMono: TerminalLandMono-Regular.otf
18:15:21.010 [FXGL Background Thread 3 ] DEBUG Engine               - fontText: Courier-Prime.ttf
18:15:21.010 [FXGL Background Thread 3 ] DEBUG Engine               - fontUI: VarelaRound-Regular.ttf
18:15:21.010 [FXGL Background Thread 3 ] DEBUG Engine               - fullScreen: BooleanProperty [value: false]
18:15:21.011 [FXGL Background Thread 3 ] DEBUG Engine               - gameDifficulty: MEDIUM
18:15:21.011 [FXGL Background Thread 3 ] DEBUG Engine               - gameDifficultyProperty: ObjectProperty [value: MEDIUM]
18:15:21.011 [FXGL Background Thread 3 ] DEBUG Engine               - globalMusicVolume: 0.5
18:15:21.011 [FXGL Background Thread 3 ] DEBUG Engine               - globalMusicVolumeProperty: DoubleProperty [value: 0.5]
18:15:21.011 [FXGL Background Thread 3 ] DEBUG Engine               - globalSoundVolume: 0.5
18:15:21.011 [FXGL Background Thread 3 ] DEBUG Engine               - globalSoundVolumeProperty: DoubleProperty [value: 0.5]
18:15:21.011 [FXGL Background Thread 3 ] DEBUG Engine               - height: 672
18:15:21.011 [FXGL Background Thread 3 ] DEBUG Engine               - is3D: false
18:15:21.011 [FXGL Background Thread 3 ] DEBUG Engine               - isAndroid: false
18:15:21.011 [FXGL Background Thread 3 ] DEBUG Engine               - isBrowser: false
18:15:21.011 [FXGL Background Thread 3 ] DEBUG Engine               - isClickFeedbackEnabled: false
18:15:21.012 [FXGL Background Thread 3 ] DEBUG Engine               - isCloseConfirmation: false
18:15:21.012 [FXGL Background Thread 3 ] DEBUG Engine               - isDesktop: true
18:15:21.012 [FXGL Background Thread 3 ] DEBUG Engine               - isDeveloperMenuEnabled: false
18:15:21.012 [FXGL Background Thread 3 ] DEBUG Engine               - isEmbedded: false
18:15:21.012 [FXGL Background Thread 3 ] DEBUG Engine               - isEntityPreloadEnabled: true
18:15:21.012 [FXGL Background Thread 3 ] DEBUG Engine               - isExperimentalTiledLargeMap: false
18:15:21.012 [FXGL Background Thread 3 ] DEBUG Engine               - isFileSystemWriteAllowed: true
18:15:21.012 [FXGL Background Thread 3 ] DEBUG Engine               - isFullScreenAllowed: false
18:15:21.012 [FXGL Background Thread 3 ] DEBUG Engine               - isFullScreenFromStart: false
18:15:21.012 [FXGL Background Thread 3 ] DEBUG Engine               - isGameMenuEnabled: true
18:15:21.012 [FXGL Background Thread 3 ] DEBUG Engine               - isIOS: false
18:15:21.012 [FXGL Background Thread 3 ] DEBUG Engine               - isIntroEnabled: false
18:15:21.012 [FXGL Background Thread 3 ] DEBUG Engine               - isLinux: false
18:15:21.012 [FXGL Background Thread 3 ] DEBUG Engine               - isMac: false
18:15:21.012 [FXGL Background Thread 3 ] DEBUG Engine               - isMainMenuEnabled: true
18:15:21.013 [FXGL Background Thread 3 ] DEBUG Engine               - isManualResizeEnabled: false
18:15:21.013 [FXGL Background Thread 3 ] DEBUG Engine               - isMobile: false
18:15:21.013 [FXGL Background Thread 3 ] DEBUG Engine               - isNative: false
18:15:21.013 [FXGL Background Thread 3 ] DEBUG Engine               - isPauseMusicWhenMinimized: true
18:15:21.013 [FXGL Background Thread 3 ] DEBUG Engine               - isPreserveResizeRatio: false
18:15:21.013 [FXGL Background Thread 3 ] DEBUG Engine               - isProfilingEnabled: false
18:15:21.013 [FXGL Background Thread 3 ] DEBUG Engine               - isScaleAffectedOnResize: true
18:15:21.013 [FXGL Background Thread 3 ] DEBUG Engine               - isSingleStep: false
18:15:21.013 [FXGL Background Thread 3 ] DEBUG Engine               - isUserProfileEnabled: false
18:15:21.013 [FXGL Background Thread 3 ] DEBUG Engine               - isWindows: true
18:15:21.013 [FXGL Background Thread 3 ] DEBUG Engine               - language: ObjectProperty [value: ENGLISH]
18:15:21.013 [FXGL Background Thread 3 ] DEBUG Engine               - menuKey: ESCAPE
18:15:21.014 [FXGL Background Thread 3 ] DEBUG Engine               - mouseSensitivity: 0.2
18:15:21.014 [FXGL Background Thread 3 ] DEBUG Engine               - notificationViewClass: class com.almasb.fxgl.notification.view.XboxNotificationView
18:15:21.014 [FXGL Background Thread 3 ] DEBUG Engine               - pixelsPerMeter: 50.0
18:15:21.014 [FXGL Background Thread 3 ] DEBUG Engine               - platform: WINDOWS
18:15:21.014 [FXGL Background Thread 3 ] DEBUG Engine               - prefHeightProperty: ReadOnlyDoubleProperty [value: 672.0]
18:15:21.014 [FXGL Background Thread 3 ] DEBUG Engine               - prefWidthProperty: ReadOnlyDoubleProperty [value: 816.0]
18:15:21.014 [FXGL Background Thread 3 ] DEBUG Engine               - profileDir: profiles/
18:15:21.014 [FXGL Background Thread 3 ] DEBUG Engine               - profileName: StringProperty [value: DEFAULT]
18:15:21.014 [FXGL Background Thread 3 ] DEBUG Engine               - randomSeed: -1
18:15:21.014 [FXGL Background Thread 3 ] DEBUG Engine               - runtimeInfo: RuntimeInfo(platform=WINDOWS, version=17.1, build=24.03.2022 17.34)
18:15:21.016 [FXGL Background Thread 3 ] DEBUG Engine               - saveFileExt: sav
18:15:21.016 [FXGL Background Thread 3 ] DEBUG Engine               - scaledHeightProp$fxgl: DoubleProperty [bound, value: 672.0]
18:15:21.016 [FXGL Background Thread 3 ] DEBUG Engine               - scaledWidthProp$fxgl: DoubleProperty [bound, value: 816.0]
18:15:21.016 [FXGL Background Thread 3 ] DEBUG Engine               - sceneFactory: com.ningf.tank.TankApp$1@7883f79
18:15:21.016 [FXGL Background Thread 3 ] DEBUG Engine               - secondsIn24h: 60
18:15:21.016 [FXGL Background Thread 3 ] DEBUG Engine               - soundMenuBack: menu/back.wav
18:15:21.016 [FXGL Background Thread 3 ] DEBUG Engine               - soundMenuPress: menu/press.wav
18:15:21.016 [FXGL Background Thread 3 ] DEBUG Engine               - soundMenuSelect: menu/select.wav
18:15:21.016 [FXGL Background Thread 3 ] DEBUG Engine               - soundNotification: core/notification.wav
18:15:21.016 [FXGL Background Thread 3 ] DEBUG Engine               - stageStyle: DECORATED
18:15:21.016 [FXGL Background Thread 3 ] DEBUG Engine               - supportedLanguages: [ENGLISH, FRENCH, GERMAN, HUNGARIAN, RUSSIAN]
18:15:21.017 [FXGL Background Thread 3 ] DEBUG Engine               - ticksPerSecond: -1
18:15:21.017 [FXGL Background Thread 3 ] DEBUG Engine               - title: 90 Tank
18:15:21.017 [FXGL Background Thread 3 ] DEBUG Engine               - urlGithub: https://github.com/AlmasB/FXGL
18:15:21.017 [FXGL Background Thread 3 ] DEBUG Engine               - urlLeaderboard: http://fxgl-top.herokuapp.com/
18:15:21.017 [FXGL Background Thread 3 ] DEBUG Engine               - urlPOM: https://raw.githubusercontent.com/AlmasB/FXGL/release/README.md
18:15:21.017 [FXGL Background Thread 3 ] DEBUG Engine               - userAppClass: class com.ningf.tank.TankApp
18:15:21.017 [FXGL Background Thread 3 ] DEBUG Engine               - version: Version 0.3
18:15:21.017 [FXGL Background Thread 3 ] DEBUG Engine               - versionCheckDays: 7
18:15:21.017 [FXGL Background Thread 3 ] DEBUG Engine               - width: 816
18:15:21.017 [FXGL Background Thread 3 ] DEBUG Engine               - Logging services
18:15:21.018 [FXGL Background Thread 3 ] DEBUG Engine               - class com.almasb.fxgl.app.services.FXGLAssetLoaderService
18:15:21.018 [FXGL Background Thread 3 ] DEBUG Engine               - class com.almasb.fxgl.app.FXGLApplication$GameApplicationService
18:15:21.018 [FXGL Background Thread 3 ] DEBUG Engine               - class com.almasb.fxgl.app.services.FXGLDialogService
18:15:21.018 [FXGL Background Thread 3 ] DEBUG Engine               - class com.almasb.fxgl.app.services.IOTaskExecutorService
18:15:21.018 [FXGL Background Thread 3 ] DEBUG Engine               - class com.almasb.fxgl.io.FileSystemService
18:15:21.018 [FXGL Background Thread 3 ] DEBUG Engine               - class com.almasb.fxgl.localization.LocalizationService
18:15:21.018 [FXGL Background Thread 3 ] DEBUG Engine               - class com.almasb.fxgl.app.services.SystemBundleService
18:15:21.018 [FXGL Background Thread 3 ] DEBUG Engine               - class com.almasb.fxgl.profile.SaveLoadService
18:15:21.018 [FXGL Background Thread 3 ] DEBUG Engine               - class com.almasb.fxgl.ui.FXGLUIFactoryServiceProvider
18:15:21.018 [FXGL Background Thread 3 ] DEBUG Engine               - class com.almasb.fxgl.ui.FXGLDialogFactoryServiceProvider
18:15:21.018 [FXGL Background Thread 3 ] DEBUG Engine               - class com.almasb.fxgl.audio.AudioPlayer
18:15:21.018 [FXGL Background Thread 3 ] DEBUG Engine               - class com.almasb.fxgl.notification.impl.NotificationServiceProvider
18:15:21.018 [FXGL Background Thread 3 ] DEBUG Engine               - class com.almasb.fxgl.achievement.AchievementService
18:15:21.018 [FXGL Background Thread 3 ] DEBUG Engine               - class com.almasb.fxgl.cutscene.CutsceneService
18:15:21.018 [FXGL Background Thread 3 ] DEBUG Engine               - class com.almasb.fxgl.minigames.MiniGameService
18:15:21.019 [FXGL Background Thread 3 ] DEBUG Engine               - class com.almasb.fxgl.net.NetService
18:15:21.019 [FXGL Background Thread 3 ] DEBUG Engine               - class com.almasb.fxgl.app.services.UpdaterService
18:15:21.019 [FXGL Background Thread 3 ] DEBUG Engine               - class com.almasb.fxgl.dev.DevService
18:15:33.425 [JavaFX Application Thread] DEBUG GameApplicationServi - Starting new game
18:15:33.425 [JavaFX Application Thread] DEBUG PrimaryStageWindow   - Pop state: GameMainMenu
18:15:33.425 [JavaFX Application Thread] DEBUG Input                - Clearing active input actions
18:15:33.429 [JavaFX Application Thread] DEBUG GameApplicationServi - Removing overlay from GameMainMenu and adding to FXGLMainMenuDummyScene
18:15:33.429 [JavaFX Application Thread] DEBUG PrimaryStageWindow   - FXGLMainMenuDummyScene <- GameMainMenu
18:15:33.429 [JavaFX Application Thread] DEBUG Input                - Clearing active input actions
18:15:33.437 [JavaFX Application Thread] DEBUG GameApplicationServi - Removing overlay from FXGLMainMenuDummyScene and adding to GameLoadingScene
18:15:33.437 [JavaFX Application Thread] DEBUG PrimaryStageWindow   - FXGLMainMenuDummyScene -> GameLoadingScene
18:15:33.437 [JavaFX Application Thread] DEBUG GameApplicationServi - Clearing previous game
18:15:33.438 [JavaFX Application Thread] DEBUG GameScene            - Clearing game scene
18:15:33.438 [JavaFX Application Thread] DEBUG GameWorld            - Clearing game world
18:15:33.438 [JavaFX Application Thread] DEBUG PhysicsWorld         - Clearing physics world
18:15:33.440 [FXGL Background Thread 2 ] DEBUG FXGLApplication      - Initializing game
18:15:33.441 [FXGL Background Thread 2 ] DEBUG FXGLAssetLoaderServi - Loading from file system: file:/D:/SoftwareDevelopment/javaFxProject/tank_v3.1/target/classes/assets/properties/game.properties
18:15:33.445 [FXGL Background Thread 2 ] DEBUG FXGLAssetLoaderServi - Loading from file system: file:/D:/SoftwareDevelopment/javaFxProject/tank_v3.1/target/classes/assets/textures/map/stone.png
18:15:33.446 [FXGL Background Thread 2 ] DEBUG FXGLAssetLoaderServi - Loading from file system: file:/D:/SoftwareDevelopment/javaFxProject/tank_v3.1/target/classes/assets/textures/map/brick.png
18:15:33.449 [FXGL Background Thread 2 ] DEBUG FXGLAssetLoaderServi - Loading from file system: file:/D:/SoftwareDevelopment/javaFxProject/tank_v3.1/target/classes/assets/textures/map/sea_anim.png
18:15:33.449 [FXGL Background Thread 2 ] DEBUG FXGLAssetLoaderServi - Loading from file system: file:/D:/SoftwareDevelopment/javaFxProject/tank_v3.1/target/classes/assets/textures/explode/explode_level_2.png
18:15:33.482 [pool-2-thread-1          ] WARN  TMXLevelLoader       - TiledMap generated from 1.8.4. Supported version: 1.4.2. Some features may not be parsed fully.
18:15:33.487 [pool-2-thread-1          ] DEBUG TMXLevelLoader       - Parsed TiledMap: file:/D:/SoftwareDevelopment/javaFxProject/tank_v3.1/ConstructMap/level0.tmx
18:15:33.487 [pool-2-thread-1          ] DEBUG TMXLevelLoader       - Creating tile layer entities
18:15:33.488 [pool-2-thread-1          ] DEBUG TMXLevelLoader       - Creating object layer entities
18:15:33.507 [pool-2-thread-1          ] DEBUG GameWorld            - Clearing removable entities
18:15:33.508 [pool-2-thread-1          ] DEBUG GameWorld            - Setting level: com.almasb.fxgl.entity.level.Level@7f7efe96
18:15:33.511 [pool-2-thread-1          ] DEBUG FXGLAssetLoaderServi - Loading from file system: file:/D:/SoftwareDevelopment/javaFxProject/tank_v3.1/target/classes/assets/sounds/start.wav
18:15:33.519 [pool-2-thread-1          ] DEBUG FXGLAssetLoaderServi - Loading from file system: file:/D:/SoftwareDevelopment/javaFxProject/tank_v3.1/target/classes/assets/textures/tank/H1U.png
18:15:33.526 [pool-2-thread-1          ] DEBUG FXGLAssetLoaderServi - Loading from file system: file:/D:/SoftwareDevelopment/javaFxProject/tank_v3.1/target/classes/assets/textures/item/armed_helmet.png
18:15:33.538 [pool-2-thread-1          ] DEBUG FXGLAssetLoaderServi - Loading from file system: file:/D:/SoftwareDevelopment/javaFxProject/tank_v3.1/target/classes/assets/textures/ui/enemy_pre.png
18:15:33.540 [pool-2-thread-1          ] DEBUG FXGLAssetLoaderServi - Loading from file system: file:/D:/SoftwareDevelopment/javaFxProject/tank_v3.1/target/classes/assets/textures/ui/levelFlag.png
18:15:33.542 [pool-2-thread-1          ] DEBUG FXGLAssetLoaderServi - Loading from file system: file:/D:/SoftwareDevelopment/javaFxProject/tank_v3.1/target/classes/assets/textures/ui/bulletLevel.png
18:15:33.545 [pool-2-thread-1          ] DEBUG FXGLAssetLoaderServi - Loading from file system: file:/D:/SoftwareDevelopment/javaFxProject/tank_v3.1/target/classes/assets/textures/tank/spawnTank.png
18:15:33.546 [pool-2-thread-1          ] DEBUG FXGLAssetLoaderServi - Loading from file system: file:/D:/SoftwareDevelopment/javaFxProject/tank_v3.1/target/classes/assets/textures/tank/E10U.png
18:15:33.549 [pool-2-thread-1          ] DEBUG FXGLAssetLoaderServi - Loading from file system: file:/D:/SoftwareDevelopment/javaFxProject/tank_v3.1/target/classes/assets/textures/tank/E2U.png
18:15:33.550 [pool-2-thread-1          ] DEBUG FXGLAssetLoaderServi - Loading from file system: file:/D:/SoftwareDevelopment/javaFxProject/tank_v3.1/target/classes/assets/textures/tank/E6U.png
18:15:33.554 [FXGL Background Thread 2 ] INFO  FXGLApplication      - Game initialization took: 0.114 sec
18:15:33.555 [JavaFX Application Thread] DEBUG Input                - Clearing active input actions
18:15:33.560 [JavaFX Application Thread] DEBUG GameApplicationServi - Removing overlay from GameLoadingScene and adding to GameScene
18:15:33.560 [JavaFX Application Thread] DEBUG PrimaryStageWindow   - GameLoadingScene -> GameScene
18:15:34.325 [JavaFX Application Thread] DEBUG FXGLAssetLoaderServi - Loading from file system: file:/D:/SoftwareDevelopment/javaFxProject/tank_v3.1/target/classes/assets/sounds/normalFire.wav
18:15:34.331 [JavaFX Application Thread] DEBUG FXGLAssetLoaderServi - Loading from file system: file:/D:/SoftwareDevelopment/javaFxProject/tank_v3.1/target/classes/assets/textures/bullet/normal.png
18:15:34.339 [JavaFX Application Thread] DEBUG FXGLAssetLoaderServi - Loading from file system: file:/D:/SoftwareDevelopment/javaFxProject/tank_v3.1/target/classes/assets/sounds/normalBomb.wav
18:15:34.352 [JavaFX Application Thread] DEBUG FXGLAssetLoaderServi - Loading from file system: file:/D:/SoftwareDevelopment/javaFxProject/tank_v3.1/target/classes/assets/textures/item/helmet.png
18:15:34.971 [JavaFX Application Thread] WARN  TMXLevelLoader       - TiledMap generated from 1.10.2. Supported version: 1.4.2. Some features may not be parsed fully.
18:15:34.985 [JavaFX Application Thread] DEBUG TMXLevelLoader       - Parsed TiledMap: file:/D:/SoftwareDevelopment/javaFxProject/tank_v3.1/target/classes/assets/levels/levelForTwo.tmx
18:15:34.985 [JavaFX Application Thread] DEBUG TMXLevelLoader       - Creating tile layer entities
18:15:34.985 [JavaFX Application Thread] DEBUG TMXLevelLoader       - Creating object layer entities
18:15:35.020 [JavaFX Application Thread] DEBUG GameWorld            - Clearing removable entities
18:15:35.021 [JavaFX Application Thread] DEBUG GameWorld            - Setting level: com.almasb.fxgl.entity.level.Level@3f75203
18:15:35.025 [JavaFX Application Thread] DEBUG FXGLAssetLoaderServi - Loading from file system: file:/D:/SoftwareDevelopment/javaFxProject/tank_v3.1/target/classes/assets/textures/tank/H2U.png
18:16:30.037 [JavaFX Application Thread] DEBUG FXGLAssetLoaderServi - Loading from file system: file:/D:/SoftwareDevelopment/javaFxProject/tank_v3.1/target/classes/assets/textures/ui/GameOver.png
18:16:30.039 [JavaFX Application Thread] DEBUG PrimaryStageWindow   - Push state: FailedScene
18:16:30.039 [JavaFX Application Thread] DEBUG FXGLAssetLoaderServi - Loading from file system: file:/D:/SoftwareDevelopment/javaFxProject/tank_v3.1/target/classes/assets/sounds/GameOver.wav
18:16:30.041 [JavaFX Application Thread] DEBUG Input                - Clearing active input actions
18:16:30.041 [JavaFX Application Thread] DEBUG GameApplicationServi - Removing overlay from GameScene and adding to FailedScene
18:16:30.041 [JavaFX Application Thread] DEBUG PrimaryStageWindow   - GameScene -> FailedScene
18:16:33.845 [JavaFX Application Thread] DEBUG PrimaryStageWindow   - Pop state: FailedScene
18:16:33.845 [JavaFX Application Thread] DEBUG Input                - Clearing active input actions
18:16:33.845 [JavaFX Application Thread] DEBUG GameApplicationServi - Removing overlay from FailedScene and adding to GameScene
18:16:33.846 [JavaFX Application Thread] DEBUG PrimaryStageWindow   - GameScene <- FailedScene
18:16:33.846 [JavaFX Application Thread] DEBUG Input                - Clearing active input actions
18:16:33.853 [JavaFX Application Thread] DEBUG GameApplicationServi - Removing overlay from GameScene and adding to FXGLMainMenuDummyScene
18:16:33.853 [JavaFX Application Thread] DEBUG PrimaryStageWindow   - GameScene -> FXGLMainMenuDummyScene
18:16:33.853 [JavaFX Application Thread] DEBUG PrimaryStageWindow   - Push state: GameMainMenu
18:16:33.853 [JavaFX Application Thread] DEBUG Input                - Clearing active input actions
18:16:33.854 [JavaFX Application Thread] DEBUG GameApplicationServi - Removing overlay from FXGLMainMenuDummyScene and adding to GameMainMenu
18:16:33.855 [JavaFX Application Thread] DEBUG PrimaryStageWindow   - FXGLMainMenuDummyScene -> GameMainMenu
18:16:39.979 [JavaFX Application Thread] DEBUG FXGLApplication      - Exiting FXGL
18:16:39.979 [JavaFX Application Thread] DEBUG LoopRunner           - Stopping loop
18:16:39.979 [JavaFX Application Thread] DEBUG SystemBundleService  - Saving FXGL system data
18:16:39.981 [JavaFX Application Thread] DEBUG FileSystemAccess     - Writing to: D:\SoftwareDevelopment\javaFxProject\tank_v3.1\system\fxgl.bundle
18:16:39.983 [JavaFX Application Thread] DEBUG Async                - Shutting down background threads
18:16:39.983 [JavaFX Application Thread] DEBUG PrimaryStageWindow   - Closing main window
18:16:39.998 [JavaFX Application Thread] DEBUG Logger               - Closing Logger
