11:10:34.704 [main                     ] DEBUG Logger               - Configured Logger
11:10:34.729 [main                     ] DEBUG GameApplication      - Logging settings
Title: 90 Tank
Version: Version 0.3
Width: 816
Height: 672
Fullscreen: false
Intro: false
Profiling: false
Single step:false
App Mode: DEVELOPER
Menu Key: ESCAPE
Stage Style: DECORATED
Scene Factory: class com.ningf.tank.TankApp$1

11:10:35.024 [JavaFX Application Thread] DEBUG FXGLApplication      - Initializing FXGL
11:10:35.027 [JavaFX Application Thread] INFO  Engine               - FXGL-17.1 (24.03.2022 17.34) on WINDOWS (J:17.0.7 FX:18)
11:10:35.028 [JavaFX Application Thread] DEBUG Engine               - JRE Vendor Name: Oracle Corporation
11:10:35.028 [JavaFX Application Thread] DEBUG Engine               - Running on OS: Windows 11 version 10.0
11:10:35.028 [JavaFX Application Thread] DEBUG Engine               - Architecture: amd64
11:10:35.028 [JavaFX Application Thread] INFO  Engine               - Source code and latest versions at: https://github.com/AlmasB/FXGL
11:10:35.028 [JavaFX Application Thread] INFO  Engine               -       Ask questions and discuss at: https://github.com/AlmasB/FXGL/discussions
11:10:35.028 [JavaFX Application Thread] INFO  Engine               -              Join the FXGL chat at: https://gitter.im/AlmasB/FXGL
11:10:35.097 [JavaFX Application Thread] DEBUG PrimaryStageWindow   - Creating a JavaFX scene
11:10:35.131 [JavaFX Application Thread] DEBUG PrimaryStageWindow   - Target settings size: 816.0 x 672.0
11:10:35.131 [JavaFX Application Thread] DEBUG PrimaryStageWindow   - Scaled scene size:    816.0 x 672.0
11:10:35.132 [JavaFX Application Thread] DEBUG PrimaryStageWindow   - Scaled ratio: (1.0, 1.0)
11:10:35.132 [JavaFX Application Thread] DEBUG PrimaryStageWindow   - Set initial scene to GameStartupScene
11:10:35.138 [JavaFX Application Thread] DEBUG PrimaryStageWindow   - Opening main window
11:10:35.227 [JavaFX Application Thread] DEBUG PrimaryStageWindow   - Window border size: (14.66668701171875, 37.33331298828125)
11:10:35.227 [JavaFX Application Thread] DEBUG PrimaryStageWindow   - Scaled size: 816.0 x 672.0
11:10:35.228 [JavaFX Application Thread] DEBUG PrimaryStageWindow   - Scaled ratio: (1.0, 1.0)
11:10:35.228 [JavaFX Application Thread] DEBUG PrimaryStageWindow   - Scene size: 816.0 x 672.0
11:10:35.228 [JavaFX Application Thread] DEBUG PrimaryStageWindow   - Stage size: 830.6666870117188 x 709.3333129882812
11:10:35.234 [FXGL Background Thread 1 ] DEBUG Engine               - Initializing environment variables
11:10:35.267 [FXGL Background Thread 1 ] DEBUG FXGLAssetLoaderServi - User app class for loading assets: class com.ningf.tank.TankApp
11:10:35.267 [FXGL Background Thread 1 ] DEBUG GameApplicationServi - Applying CSS: fxgl_dark.css
11:10:35.268 [FXGL Background Thread 1 ] DEBUG FXGLAssetLoaderServi - Loading from file system: jar:file:///C:/Users/WONDER/.m2/repository/com/github/almasb/fxgl/17.1/fxgl-17.1.jar!/fxglassets/ui/css/fxgl_dark.css
11:10:35.295 [FXGL Background Thread 1 ] DEBUG GameApplicationServi - Applying CSS: tankApp.css
11:10:35.296 [FXGL Background Thread 1 ] DEBUG FXGLAssetLoaderServi - Loading from file system: file:/D:/SoftwareDevelopment/javaFxProject/tank_v3.1/target/classes/assets/ui/css/tankApp.css
11:10:35.297 [FXGL Background Thread 1 ] DEBUG GameApplicationServi - Initializing application scenes
11:10:35.302 [FXGL Background Thread 1 ] DEBUG GameWorld            - Game world initialized
11:10:35.347 [FXGL Background Thread 1 ] DEBUG PhysicsWorld         - Physics world initialized: appHeight=672, physics.ppm=50.0
11:10:35.347 [FXGL Background Thread 1 ] DEBUG PhysicsWorld         - Using strategy: BRUTE_FORCE
11:10:35.351 [FXGL Background Thread 1 ] DEBUG GameScene            - Game scene initialized: 816x672
11:10:35.354 [FXGL Background Thread 1 ] DEBUG FXGLAssetLoaderServi - Loading from file system: file:/D:/SoftwareDevelopment/javaFxProject/tank_v3.1/target/classes/assets/textures/ui/logo.png
11:10:35.365 [FXGL Background Thread 1 ] DEBUG FXGLAssetLoaderServi - Loading from file system: file:/D:/SoftwareDevelopment/javaFxProject/tank_v3.1/target/classes/assets/textures/ui/icon.png
11:10:35.371 [FXGL Background Thread 1 ] DEBUG FXGLAssetLoaderServi - Loading from file system: file:/D:/SoftwareDevelopment/javaFxProject/tank_v3.1/target/classes/assets/textures/ui/tankLoading.png
11:10:35.393 [FXGL Background Thread 1 ] DEBUG FXGLAssetLoaderServi - Loading from file system: file:/D:/SoftwareDevelopment/javaFxProject/tank_v3.1/target/classes/assets/textures/ui/fxgl.png
11:10:35.421 [FXGL Background Thread 1 ] DEBUG FXGL.DefaultMenu     - createMenuBodyGameMenu()
11:10:35.427 [FXGL Background Thread 1 ] DEBUG FXGL.DefaultMenu     - createOptionsMenu()
11:10:35.436 [FXGL Background Thread 1 ] DEBUG FXGLAssetLoaderServi - Loading from file system: jar:file:///C:/Users/WONDER/.m2/repository/com/github/almasb/fxgl/17.1/fxgl-17.1.jar!/fxglassets/textures/particles/smoke.png
11:10:35.491 [FXGL Background Thread 1 ] DEBUG FXGLAssetLoaderServi - Loading from file system: jar:file:///C:/Users/WONDER/.m2/repository/com/github/almasb/fxgl/17.1/fxgl-17.1.jar!/fxglassets/textures/particles/trace_horizontal.png
11:10:35.506 [FXGL Background Thread 1 ] DEBUG GameApplicationServi - Application scenes initialized
11:10:35.513 [FXGL Background Thread 1 ] DEBUG SystemBundleService  - Loading FXGL system data
11:10:35.516 [FXGL Background Thread 1 ] DEBUG FileSystemAccess     - Reading from: D:\SoftwareDevelopment\javaFxProject\tank_v3.1\system\fxgl.bundle
11:10:35.521 [FXGL Background Thread 1 ] DEBUG SystemBundleService  - Bundle FXGL: {}
11:10:35.521 [FXGL Background Thread 1 ] DEBUG UpdaterService       - Checking for updates
11:10:35.523 [FXGL Background Thread 4 ] DEBUG FXGLApplication      - Loading fonts
11:10:35.523 [FXGL Background Thread 1 ] DEBUG FXGLApplication      - Loading default localization
11:10:35.525 [FXGL Background Thread 4 ] DEBUG FXGLAssetLoaderServi - Loading from file system: jar:file:///C:/Users/WONDER/.m2/repository/com/github/almasb/fxgl/17.1/fxgl-17.1.jar!/fxglassets/ui/fonts/VarelaRound-Regular.ttf
11:10:35.525 [FXGL Background Thread 1 ] DEBUG FXGLAssetLoaderServi - Loading from file system: jar:file:///C:/Users/WONDER/.m2/repository/com/github/almasb/fxgl/17.1/fxgl-17.1.jar!/fxglassets/languages/english.lang
11:10:35.543 [FXGL Background Thread 1 ] INFO  FXGLApplication      - FXGL initialization took: 0.310 sec
11:10:35.552 [JavaFX Application Thread] DEBUG Input                - Registered new binding: action0 - W
11:10:35.552 [JavaFX Application Thread] DEBUG Input                - Registered new binding: action1 - S
11:10:35.553 [JavaFX Application Thread] DEBUG Input                - Registered new binding: action2 - A
11:10:35.553 [JavaFX Application Thread] DEBUG Input                - Registered new binding: action3 - D
11:10:35.553 [JavaFX Application Thread] DEBUG Input                - Registered new binding: action4 - Space
11:10:35.553 [JavaFX Application Thread] DEBUG Input                - Registered new binding: action5 - O
11:10:35.553 [JavaFX Application Thread] DEBUG Input                - Registered new binding: action6 - Up
11:10:35.553 [JavaFX Application Thread] DEBUG Input                - Registered new binding: action7 - Down
11:10:35.553 [JavaFX Application Thread] DEBUG Input                - Registered new binding: action8 - Left
11:10:35.554 [JavaFX Application Thread] DEBUG Input                - Registered new binding: action9 - Right
11:10:35.554 [JavaFX Application Thread] DEBUG Input                - Registered new binding: action10 - Enter
11:10:35.554 [JavaFX Application Thread] DEBUG Input                - Registered new binding: action11 - Numpad 0
11:10:35.558 [JavaFX Application Thread] DEBUG FXGLAssetLoaderServi - Loading from file system: file:/D:/SoftwareDevelopment/javaFxProject/tank_v3.1/target/classes/assets/textures/ui/cursor.png
11:10:35.560 [JavaFX Application Thread] DEBUG Input                - Registered new binding: Screenshot - CTRL+8
11:10:35.560 [JavaFX Application Thread] DEBUG Input                - Registered new binding: System info dump - CTRL+9
11:10:35.561 [JavaFX Application Thread] DEBUG Input                - Registered new binding: Restart - CTRL+R
11:10:35.562 [JavaFX Application Thread] DEBUG Input                - Registered new binding: Toggle Debug Camera - CTRL+7
11:10:35.564 [JavaFX Application Thread] DEBUG LoopRunner           - Starting loop
11:10:35.565 [JavaFX Application Thread] DEBUG LoopRunner           - Initializing JavaFX AnimationTimerLoop
11:10:35.566 [JavaFX Application Thread] DEBUG Input                - Clearing active input actions
11:10:35.573 [JavaFX Application Thread] DEBUG GameApplicationServi - Removing overlay from GameStartupScene and adding to FXGLMainMenuDummyScene
11:10:35.573 [JavaFX Application Thread] DEBUG PrimaryStageWindow   - GameStartupScene -> FXGLMainMenuDummyScene
11:10:35.574 [JavaFX Application Thread] DEBUG PrimaryStageWindow   - Push state: GameMainMenu
11:10:35.574 [JavaFX Application Thread] DEBUG FXGLAssetLoaderServi - Loading from file system: file:/D:/SoftwareDevelopment/javaFxProject/tank_v3.1/target/classes/assets/sounds/mainMenuLoad.wav
11:10:35.593 [FXGL Background Thread 4 ] DEBUG FXGLAssetLoaderServi - Loading from file system: jar:file:///C:/Users/WONDER/.m2/repository/com/github/almasb/fxgl/17.1/fxgl-17.1.jar!/fxglassets/ui/fonts/Abel-Regular.ttf
11:10:35.599 [FXGL Background Thread 4 ] DEBUG FXGLAssetLoaderServi - Loading from file system: jar:file:///C:/Users/WONDER/.m2/repository/com/github/almasb/fxgl/17.1/fxgl-17.1.jar!/fxglassets/ui/fonts/TerminalLandMono-Regular.otf
11:10:35.606 [FXGL Background Thread 4 ] DEBUG FXGLAssetLoaderServi - Loading from file system: jar:file:///C:/Users/WONDER/.m2/repository/com/github/almasb/fxgl/17.1/fxgl-17.1.jar!/fxglassets/ui/fonts/Courier-Prime.ttf
11:10:35.633 [JavaFX Application Thread] DEBUG Input                - Clearing active input actions
11:10:35.636 [JavaFX Application Thread] DEBUG GameApplicationServi - Removing overlay from FXGLMainMenuDummyScene and adding to GameMainMenu
11:10:35.637 [JavaFX Application Thread] DEBUG PrimaryStageWindow   - FXGLMainMenuDummyScene -> GameMainMenu
11:10:35.696 [JavaFX Application Thread] DEBUG FXGLApplication      - Registering font factories with UI factory
11:10:35.708 [FXGL Background Thread 2 ] WARN  UpdaterService       - Failed to find updates: java.net.UnknownHostException: raw.githubusercontent.com
11:10:37.641 [JavaFX Application Thread] DEBUG FXGLAssetLoaderServi - Loading from file system: file:/D:/SoftwareDevelopment/javaFxProject/tank_v3.1/target/classes/assets/sounds/mainMenuHover.wav
11:10:38.523 [FXGL Background Thread 3 ] DEBUG Engine               - Logging environment variables
11:10:38.524 [FXGL Background Thread 3 ] DEBUG Engine               - achievements: []
11:10:38.526 [FXGL Background Thread 3 ] DEBUG Engine               - actualHeight: 672.0
11:10:38.527 [FXGL Background Thread 3 ] DEBUG Engine               - actualHeightProperty: ReadOnlyDoubleProperty [value: 672.0]
11:10:38.528 [FXGL Background Thread 3 ] DEBUG Engine               - actualWidth: 816.0
11:10:38.528 [FXGL Background Thread 3 ] DEBUG Engine               - actualWidthProperty: ReadOnlyDoubleProperty [value: 816.0]
11:10:38.528 [FXGL Background Thread 3 ] DEBUG Engine               - appIcon: ui/icon.png
11:10:38.528 [FXGL Background Thread 3 ] DEBUG Engine               - applicationMode: DEVELOPER
11:10:38.528 [FXGL Background Thread 3 ] DEBUG Engine               - cSSList: [fxgl_dark.css, tankApp.css]
11:10:38.528 [FXGL Background Thread 3 ] DEBUG Engine               - collisionDetectionStrategy: BRUTE_FORCE
11:10:38.528 [FXGL Background Thread 3 ] DEBUG Engine               - configClass: Optional.empty
11:10:38.528 [FXGL Background Thread 3 ] DEBUG Engine               - credits: []
11:10:38.529 [FXGL Background Thread 3 ] DEBUG Engine               - defaultCursor: CursorInfo(imageName=ui/cursor.png, hotspotX=0.0, hotspotY=0.0)
11:10:38.529 [FXGL Background Thread 3 ] DEBUG Engine               - devBBoxColorProperty: ObjectProperty [value: 0xff0000ff]
11:10:38.530 [FXGL Background Thread 3 ] DEBUG Engine               - devEnableDebugCameraProperty: BooleanProperty [value: false]
11:10:38.530 [FXGL Background Thread 3 ] DEBUG Engine               - devSensorColorProperty: ObjectProperty [value: 0xffff00ff]
11:10:38.530 [FXGL Background Thread 3 ] DEBUG Engine               - devShowBBoxProperty: BooleanProperty [value: false]
11:10:38.530 [FXGL Background Thread 3 ] DEBUG Engine               - devShowPositionProperty: BooleanProperty [value: false]
11:10:38.530 [FXGL Background Thread 3 ] DEBUG Engine               - enabledMenuItems: []
11:10:38.531 [FXGL Background Thread 3 ] DEBUG Engine               - engineServices: [class com.almasb.fxgl.app.services.FXGLAssetLoaderService, class com.almasb.fxgl.app.FXGLApplication$GameApplicationService, class com.almasb.fxgl.app.services.FXGLDialogService, class com.almasb.fxgl.app.services.IOTaskExecutorService, class com.almasb.fxgl.io.FileSystemService, class com.almasb.fxgl.localization.LocalizationService, class com.almasb.fxgl.app.services.SystemBundleService, class com.almasb.fxgl.profile.SaveLoadService, class com.almasb.fxgl.ui.FXGLUIFactoryServiceProvider, class com.almasb.fxgl.ui.FXGLDialogFactoryServiceProvider, class com.almasb.fxgl.audio.AudioPlayer, class com.almasb.fxgl.notification.impl.NotificationServiceProvider, class com.almasb.fxgl.achievement.AchievementService, class com.almasb.fxgl.cutscene.CutsceneService, class com.almasb.fxgl.minigames.MiniGameService, class com.almasb.fxgl.net.NetService, class com.almasb.fxgl.app.services.UpdaterService, class com.almasb.fxgl.dev.DevService]
11:10:38.531 [FXGL Background Thread 3 ] DEBUG Engine               - fontGame: Abel-Regular.ttf
11:10:38.531 [FXGL Background Thread 3 ] DEBUG Engine               - fontMono: TerminalLandMono-Regular.otf
11:10:38.531 [FXGL Background Thread 3 ] DEBUG Engine               - fontText: Courier-Prime.ttf
11:10:38.531 [FXGL Background Thread 3 ] DEBUG Engine               - fontUI: VarelaRound-Regular.ttf
11:10:38.531 [FXGL Background Thread 3 ] DEBUG Engine               - fullScreen: BooleanProperty [value: false]
11:10:38.531 [FXGL Background Thread 3 ] DEBUG Engine               - gameDifficulty: MEDIUM
11:10:38.531 [FXGL Background Thread 3 ] DEBUG Engine               - gameDifficultyProperty: ObjectProperty [value: MEDIUM]
11:10:38.531 [FXGL Background Thread 3 ] DEBUG Engine               - globalMusicVolume: 0.5
11:10:38.531 [FXGL Background Thread 3 ] DEBUG Engine               - globalMusicVolumeProperty: DoubleProperty [value: 0.5]
11:10:38.532 [FXGL Background Thread 3 ] DEBUG Engine               - globalSoundVolume: 0.5
11:10:38.532 [FXGL Background Thread 3 ] DEBUG Engine               - globalSoundVolumeProperty: DoubleProperty [value: 0.5]
11:10:38.532 [FXGL Background Thread 3 ] DEBUG Engine               - height: 672
11:10:38.532 [FXGL Background Thread 3 ] DEBUG Engine               - is3D: false
11:10:38.532 [FXGL Background Thread 3 ] DEBUG Engine               - isAndroid: false
11:10:38.532 [FXGL Background Thread 3 ] DEBUG Engine               - isBrowser: false
11:10:38.532 [FXGL Background Thread 3 ] DEBUG Engine               - isClickFeedbackEnabled: false
11:10:38.532 [FXGL Background Thread 3 ] DEBUG Engine               - isCloseConfirmation: false
11:10:38.533 [FXGL Background Thread 3 ] DEBUG Engine               - isDesktop: true
11:10:38.533 [FXGL Background Thread 3 ] DEBUG Engine               - isDeveloperMenuEnabled: false
11:10:38.533 [FXGL Background Thread 3 ] DEBUG Engine               - isEmbedded: false
11:10:38.533 [FXGL Background Thread 3 ] DEBUG Engine               - isEntityPreloadEnabled: true
11:10:38.533 [FXGL Background Thread 3 ] DEBUG Engine               - isExperimentalTiledLargeMap: false
11:10:38.533 [FXGL Background Thread 3 ] DEBUG Engine               - isFileSystemWriteAllowed: true
11:10:38.533 [FXGL Background Thread 3 ] DEBUG Engine               - isFullScreenAllowed: false
11:10:38.533 [FXGL Background Thread 3 ] DEBUG Engine               - isFullScreenFromStart: false
11:10:38.534 [FXGL Background Thread 3 ] DEBUG Engine               - isGameMenuEnabled: true
11:10:38.535 [FXGL Background Thread 3 ] DEBUG Engine               - isIOS: false
11:10:38.535 [FXGL Background Thread 3 ] DEBUG Engine               - isIntroEnabled: false
11:10:38.535 [FXGL Background Thread 3 ] DEBUG Engine               - isLinux: false
11:10:38.535 [FXGL Background Thread 3 ] DEBUG Engine               - isMac: false
11:10:38.535 [FXGL Background Thread 3 ] DEBUG Engine               - isMainMenuEnabled: true
11:10:38.536 [FXGL Background Thread 3 ] DEBUG Engine               - isManualResizeEnabled: false
11:10:38.536 [FXGL Background Thread 3 ] DEBUG Engine               - isMobile: false
11:10:38.536 [FXGL Background Thread 3 ] DEBUG Engine               - isNative: false
11:10:38.536 [FXGL Background Thread 3 ] DEBUG Engine               - isPauseMusicWhenMinimized: true
11:10:38.536 [FXGL Background Thread 3 ] DEBUG Engine               - isPreserveResizeRatio: false
11:10:38.536 [FXGL Background Thread 3 ] DEBUG Engine               - isProfilingEnabled: false
11:10:38.536 [FXGL Background Thread 3 ] DEBUG Engine               - isScaleAffectedOnResize: true
11:10:38.536 [FXGL Background Thread 3 ] DEBUG Engine               - isSingleStep: false
11:10:38.536 [FXGL Background Thread 3 ] DEBUG Engine               - isUserProfileEnabled: false
11:10:38.536 [FXGL Background Thread 3 ] DEBUG Engine               - isWindows: true
11:10:38.536 [FXGL Background Thread 3 ] DEBUG Engine               - language: ObjectProperty [value: ENGLISH]
11:10:38.536 [FXGL Background Thread 3 ] DEBUG Engine               - menuKey: ESCAPE
11:10:38.536 [FXGL Background Thread 3 ] DEBUG Engine               - mouseSensitivity: 0.2
11:10:38.536 [FXGL Background Thread 3 ] DEBUG Engine               - notificationViewClass: class com.almasb.fxgl.notification.view.XboxNotificationView
11:10:38.537 [FXGL Background Thread 3 ] DEBUG Engine               - pixelsPerMeter: 50.0
11:10:38.537 [FXGL Background Thread 3 ] DEBUG Engine               - platform: WINDOWS
11:10:38.537 [FXGL Background Thread 3 ] DEBUG Engine               - prefHeightProperty: ReadOnlyDoubleProperty [value: 672.0]
11:10:38.537 [FXGL Background Thread 3 ] DEBUG Engine               - prefWidthProperty: ReadOnlyDoubleProperty [value: 816.0]
11:10:38.537 [FXGL Background Thread 3 ] DEBUG Engine               - profileDir: profiles/
11:10:38.537 [FXGL Background Thread 3 ] DEBUG Engine               - profileName: StringProperty [value: DEFAULT]
11:10:38.537 [FXGL Background Thread 3 ] DEBUG Engine               - randomSeed: -1
11:10:38.537 [FXGL Background Thread 3 ] DEBUG Engine               - runtimeInfo: RuntimeInfo(platform=WINDOWS, version=17.1, build=24.03.2022 17.34)
11:10:38.537 [FXGL Background Thread 3 ] DEBUG Engine               - saveFileExt: sav
11:10:38.538 [FXGL Background Thread 3 ] DEBUG Engine               - scaledHeightProp$fxgl: DoubleProperty [bound, value: 672.0]
11:10:38.538 [FXGL Background Thread 3 ] DEBUG Engine               - scaledWidthProp$fxgl: DoubleProperty [bound, value: 816.0]
11:10:38.538 [FXGL Background Thread 3 ] DEBUG Engine               - sceneFactory: com.ningf.tank.TankApp$1@53e0285c
11:10:38.538 [FXGL Background Thread 3 ] DEBUG Engine               - secondsIn24h: 60
11:10:38.538 [FXGL Background Thread 3 ] DEBUG Engine               - soundMenuBack: menu/back.wav
11:10:38.538 [FXGL Background Thread 3 ] DEBUG Engine               - soundMenuPress: menu/press.wav
11:10:38.538 [FXGL Background Thread 3 ] DEBUG Engine               - soundMenuSelect: menu/select.wav
11:10:38.538 [FXGL Background Thread 3 ] DEBUG Engine               - soundNotification: core/notification.wav
11:10:38.538 [FXGL Background Thread 3 ] DEBUG Engine               - stageStyle: DECORATED
11:10:38.538 [FXGL Background Thread 3 ] DEBUG Engine               - supportedLanguages: [ENGLISH, FRENCH, GERMAN, HUNGARIAN, RUSSIAN]
11:10:38.538 [FXGL Background Thread 3 ] DEBUG Engine               - ticksPerSecond: -1
11:10:38.538 [FXGL Background Thread 3 ] DEBUG Engine               - title: 90 Tank
11:10:38.538 [FXGL Background Thread 3 ] DEBUG Engine               - urlGithub: https://github.com/AlmasB/FXGL
11:10:38.538 [FXGL Background Thread 3 ] DEBUG Engine               - urlLeaderboard: http://fxgl-top.herokuapp.com/
11:10:38.538 [FXGL Background Thread 3 ] DEBUG Engine               - urlPOM: https://raw.githubusercontent.com/AlmasB/FXGL/release/README.md
11:10:38.538 [FXGL Background Thread 3 ] DEBUG Engine               - userAppClass: class com.ningf.tank.TankApp
11:10:38.538 [FXGL Background Thread 3 ] DEBUG Engine               - version: Version 0.3
11:10:38.538 [FXGL Background Thread 3 ] DEBUG Engine               - versionCheckDays: 7
11:10:38.538 [FXGL Background Thread 3 ] DEBUG Engine               - width: 816
11:10:38.538 [FXGL Background Thread 3 ] DEBUG Engine               - Logging services
11:10:38.538 [FXGL Background Thread 3 ] DEBUG Engine               - class com.almasb.fxgl.app.services.FXGLAssetLoaderService
11:10:38.538 [FXGL Background Thread 3 ] DEBUG Engine               - class com.almasb.fxgl.app.FXGLApplication$GameApplicationService
11:10:38.538 [FXGL Background Thread 3 ] DEBUG Engine               - class com.almasb.fxgl.app.services.FXGLDialogService
11:10:38.539 [FXGL Background Thread 3 ] DEBUG Engine               - class com.almasb.fxgl.app.services.IOTaskExecutorService
11:10:38.539 [FXGL Background Thread 3 ] DEBUG Engine               - class com.almasb.fxgl.io.FileSystemService
11:10:38.539 [FXGL Background Thread 3 ] DEBUG Engine               - class com.almasb.fxgl.localization.LocalizationService
11:10:38.539 [FXGL Background Thread 3 ] DEBUG Engine               - class com.almasb.fxgl.app.services.SystemBundleService
11:10:38.539 [FXGL Background Thread 3 ] DEBUG Engine               - class com.almasb.fxgl.profile.SaveLoadService
11:10:38.539 [FXGL Background Thread 3 ] DEBUG Engine               - class com.almasb.fxgl.ui.FXGLUIFactoryServiceProvider
11:10:38.539 [FXGL Background Thread 3 ] DEBUG Engine               - class com.almasb.fxgl.ui.FXGLDialogFactoryServiceProvider
11:10:38.539 [FXGL Background Thread 3 ] DEBUG Engine               - class com.almasb.fxgl.audio.AudioPlayer
11:10:38.539 [FXGL Background Thread 3 ] DEBUG Engine               - class com.almasb.fxgl.notification.impl.NotificationServiceProvider
11:10:38.539 [FXGL Background Thread 3 ] DEBUG Engine               - class com.almasb.fxgl.achievement.AchievementService
11:10:38.539 [FXGL Background Thread 3 ] DEBUG Engine               - class com.almasb.fxgl.cutscene.CutsceneService
11:10:38.539 [FXGL Background Thread 3 ] DEBUG Engine               - class com.almasb.fxgl.minigames.MiniGameService
11:10:38.539 [FXGL Background Thread 3 ] DEBUG Engine               - class com.almasb.fxgl.net.NetService
11:10:38.539 [FXGL Background Thread 3 ] DEBUG Engine               - class com.almasb.fxgl.app.services.UpdaterService
11:10:38.539 [FXGL Background Thread 3 ] DEBUG Engine               - class com.almasb.fxgl.dev.DevService
11:10:48.947 [JavaFX Application Thread] DEBUG FXGLApplication      - Exiting FXGL
11:10:48.948 [JavaFX Application Thread] DEBUG LoopRunner           - Stopping loop
11:10:48.948 [JavaFX Application Thread] DEBUG SystemBundleService  - Saving FXGL system data
11:10:48.950 [JavaFX Application Thread] DEBUG FileSystemAccess     - Writing to: D:\SoftwareDevelopment\javaFxProject\tank_v3.1\system\fxgl.bundle
11:10:48.952 [JavaFX Application Thread] DEBUG Async                - Shutting down background threads
11:10:48.953 [JavaFX Application Thread] DEBUG PrimaryStageWindow   - Closing main window
11:10:48.981 [JavaFX Application Thread] DEBUG Logger               - Closing Logger
