18:32:36.585 [main                     ] DEBUG Logger               - Configured Logger
18:32:36.616 [main                     ] DEBUG GameApplication      - Logging settings
Title: 90 Tank
Version: Version 0.3
Width: 816
Height: 672
Fullscreen: false
Intro: false
Profiling: false
Single step:false
App Mode: DEVELOPER
Menu Key: ESCAPE
Stage Style: DECORATED
Scene Factory: class com.ningf.tank.TankApp$1

18:32:37.008 [JavaFX Application Thread] DEBUG FXGLApplication      - Initializing FXGL
18:32:37.013 [JavaFX Application Thread] INFO  Engine               - FXGL-17.1 (24.03.2022 17.34) on WINDOWS (J:17.0.8 FX:18)
18:32:37.013 [JavaFX Application Thread] DEBUG Engine               - JRE Vendor Name: Oracle Corporation
18:32:37.013 [JavaFX Application Thread] DEBUG Engine               - Running on OS: Windows 11 version 10.0
18:32:37.013 [JavaFX Application Thread] DEBUG Engine               - Architecture: amd64
18:32:37.014 [JavaFX Application Thread] INFO  Engine               - Source code and latest versions at: https://github.com/AlmasB/FXGL
18:32:37.014 [JavaFX Application Thread] INFO  Engine               -       Ask questions and discuss at: https://github.com/AlmasB/FXGL/discussions
18:32:37.014 [JavaFX Application Thread] INFO  Engine               -              Join the FXGL chat at: https://gitter.im/AlmasB/FXGL
18:32:37.092 [JavaFX Application Thread] DEBUG PrimaryStageWindow   - Creating a JavaFX scene
18:32:37.127 [JavaFX Application Thread] DEBUG PrimaryStageWindow   - Target settings size: 816.0 x 672.0
18:32:37.127 [JavaFX Application Thread] DEBUG PrimaryStageWindow   - Scaled scene size:    816.0 x 672.0
18:32:37.128 [JavaFX Application Thread] DEBUG PrimaryStageWindow   - Scaled ratio: (1.0, 1.0)
18:32:37.129 [JavaFX Application Thread] DEBUG PrimaryStageWindow   - Set initial scene to GameStartupScene
18:32:37.137 [JavaFX Application Thread] DEBUG PrimaryStageWindow   - Opening main window
18:32:37.248 [JavaFX Application Thread] DEBUG PrimaryStageWindow   - Window border size: (14.66668701171875, 37.33331298828125)
18:32:37.248 [JavaFX Application Thread] DEBUG PrimaryStageWindow   - Scaled size: 816.0 x 672.0
18:32:37.248 [JavaFX Application Thread] DEBUG PrimaryStageWindow   - Scaled ratio: (1.0, 1.0)
18:32:37.249 [JavaFX Application Thread] DEBUG PrimaryStageWindow   - Scene size: 816.0 x 672.0
18:32:37.249 [JavaFX Application Thread] DEBUG PrimaryStageWindow   - Stage size: 830.6666870117188 x 709.3333129882812
18:32:37.259 [FXGL Background Thread 1 ] DEBUG Engine               - Initializing environment variables
18:32:37.308 [FXGL Background Thread 1 ] DEBUG FXGLAssetLoaderServi - User app class for loading assets: class com.ningf.tank.TankApp
18:32:37.308 [FXGL Background Thread 1 ] DEBUG GameApplicationServi - Applying CSS: fxgl_dark.css
18:32:37.309 [FXGL Background Thread 1 ] DEBUG FXGLAssetLoaderServi - Loading from file system: jar:file:///C:/Users/Lenovo/.m2/repository/com/github/almasb/fxgl/17.1/fxgl-17.1.jar!/fxglassets/ui/css/fxgl_dark.css
18:32:37.359 [FXGL Background Thread 1 ] DEBUG GameApplicationServi - Applying CSS: tankApp.css
18:32:37.359 [FXGL Background Thread 1 ] DEBUG FXGLAssetLoaderServi - Loading from file system: file:/D:/QQ/2283451158/FileRecv/tank_v3.0/FXGL_Tank-main3/target/classes/assets/ui/css/tankApp.css
18:32:37.363 [FXGL Background Thread 1 ] DEBUG GameApplicationServi - Initializing application scenes
18:32:37.370 [FXGL Background Thread 1 ] DEBUG GameWorld            - Game world initialized
18:32:37.424 [FXGL Background Thread 1 ] DEBUG PhysicsWorld         - Physics world initialized: appHeight=672, physics.ppm=50.0
18:32:37.424 [FXGL Background Thread 1 ] DEBUG PhysicsWorld         - Using strategy: BRUTE_FORCE
18:32:37.430 [FXGL Background Thread 1 ] DEBUG GameScene            - Game scene initialized: 816x672
18:32:37.434 [FXGL Background Thread 1 ] DEBUG FXGLAssetLoaderServi - Loading from file system: file:/D:/QQ/2283451158/FileRecv/tank_v3.0/FXGL_Tank-main3/target/classes/assets/textures/ui/logo.png
18:32:37.456 [FXGL Background Thread 1 ] DEBUG FXGLAssetLoaderServi - Loading from file system: file:/D:/QQ/2283451158/FileRecv/tank_v3.0/FXGL_Tank-main3/target/classes/assets/textures/ui/icon.png
18:32:37.467 [FXGL Background Thread 1 ] DEBUG FXGLAssetLoaderServi - Loading from file system: file:/D:/QQ/2283451158/FileRecv/tank_v3.0/FXGL_Tank-main3/target/classes/assets/textures/ui/tankLoading.png
18:32:37.506 [FXGL Background Thread 1 ] DEBUG FXGLAssetLoaderServi - Loading from file system: file:/D:/QQ/2283451158/FileRecv/tank_v3.0/FXGL_Tank-main3/target/classes/assets/textures/ui/fxgl.png
18:32:37.546 [FXGL Background Thread 1 ] DEBUG FXGL.DefaultMenu     - createMenuBodyGameMenu()
18:32:37.553 [FXGL Background Thread 1 ] DEBUG FXGL.DefaultMenu     - createOptionsMenu()
18:32:37.563 [FXGL Background Thread 1 ] DEBUG FXGLAssetLoaderServi - Loading from file system: jar:file:///C:/Users/Lenovo/.m2/repository/com/github/almasb/fxgl/17.1/fxgl-17.1.jar!/fxglassets/textures/particles/smoke.png
18:32:37.637 [FXGL Background Thread 1 ] DEBUG FXGLAssetLoaderServi - Loading from file system: jar:file:///C:/Users/Lenovo/.m2/repository/com/github/almasb/fxgl/17.1/fxgl-17.1.jar!/fxglassets/textures/particles/trace_horizontal.png
18:32:37.653 [FXGL Background Thread 1 ] DEBUG GameApplicationServi - Application scenes initialized
18:32:37.662 [FXGL Background Thread 1 ] DEBUG SystemBundleService  - Loading FXGL system data
18:32:37.669 [FXGL Background Thread 1 ] DEBUG FileSystemAccess     - Reading from: D:\QQ\2283451158\FileRecv\tank_v3.0\FXGL_Tank-main3\system\fxgl.bundle
18:32:37.675 [FXGL Background Thread 1 ] DEBUG SystemBundleService  - Bundle FXGL: {}
18:32:37.675 [FXGL Background Thread 1 ] DEBUG UpdaterService       - Checking for updates
18:32:37.682 [FXGL Background Thread 4 ] DEBUG FXGLApplication      - Loading fonts
18:32:37.684 [FXGL Background Thread 1 ] DEBUG FXGLApplication      - Loading default localization
18:32:37.684 [FXGL Background Thread 4 ] DEBUG FXGLAssetLoaderServi - Loading from file system: jar:file:///C:/Users/Lenovo/.m2/repository/com/github/almasb/fxgl/17.1/fxgl-17.1.jar!/fxglassets/ui/fonts/VarelaRound-Regular.ttf
18:32:37.685 [FXGL Background Thread 1 ] DEBUG FXGLAssetLoaderServi - Loading from file system: jar:file:///C:/Users/Lenovo/.m2/repository/com/github/almasb/fxgl/17.1/fxgl-17.1.jar!/fxglassets/languages/english.lang
18:32:37.714 [FXGL Background Thread 1 ] INFO  FXGLApplication      - FXGL initialization took: 0.455 sec
18:32:37.727 [JavaFX Application Thread] DEBUG Input                - Registered new binding: action0 - W
18:32:37.728 [JavaFX Application Thread] DEBUG Input                - Registered new binding: action1 - S
18:32:37.729 [JavaFX Application Thread] DEBUG Input                - Registered new binding: action2 - A
18:32:37.729 [JavaFX Application Thread] DEBUG Input                - Registered new binding: action3 - D
18:32:37.731 [JavaFX Application Thread] DEBUG Input                - Registered new binding: action4 - Space
18:32:37.732 [JavaFX Application Thread] DEBUG Input                - Registered new binding: action5 - O
18:32:37.733 [JavaFX Application Thread] DEBUG Input                - Registered new binding: action6 - Up
18:32:37.734 [JavaFX Application Thread] DEBUG Input                - Registered new binding: action7 - Down
18:32:37.734 [JavaFX Application Thread] DEBUG Input                - Registered new binding: action8 - Left
18:32:37.735 [JavaFX Application Thread] DEBUG Input                - Registered new binding: action9 - Right
18:32:37.736 [JavaFX Application Thread] DEBUG Input                - Registered new binding: action10 - Numpad 0
18:32:37.737 [JavaFX Application Thread] DEBUG Input                - Registered new binding: action11 - F
18:32:37.744 [JavaFX Application Thread] DEBUG FXGLAssetLoaderServi - Loading from file system: file:/D:/QQ/2283451158/FileRecv/tank_v3.0/FXGL_Tank-main3/target/classes/assets/textures/ui/cursor.png
18:32:37.749 [JavaFX Application Thread] DEBUG Input                - Registered new binding: Screenshot - CTRL+8
18:32:37.750 [JavaFX Application Thread] DEBUG Input                - Registered new binding: System info dump - CTRL+9
18:32:37.751 [JavaFX Application Thread] DEBUG Input                - Registered new binding: Restart - CTRL+R
18:32:37.752 [JavaFX Application Thread] DEBUG Input                - Registered new binding: Toggle Debug Camera - CTRL+7
18:32:37.756 [JavaFX Application Thread] DEBUG LoopRunner           - Starting loop
18:32:37.756 [JavaFX Application Thread] DEBUG LoopRunner           - Initializing JavaFX AnimationTimerLoop
18:32:37.759 [JavaFX Application Thread] DEBUG Input                - Clearing active input actions
18:32:37.766 [JavaFX Application Thread] DEBUG GameApplicationServi - Removing overlay from GameStartupScene and adding to FXGLMainMenuDummyScene
18:32:37.766 [JavaFX Application Thread] DEBUG PrimaryStageWindow   - GameStartupScene -> FXGLMainMenuDummyScene
18:32:37.766 [JavaFX Application Thread] DEBUG PrimaryStageWindow   - Push state: GameMainMenu
18:32:37.767 [JavaFX Application Thread] DEBUG FXGLAssetLoaderServi - Loading from file system: file:/D:/QQ/2283451158/FileRecv/tank_v3.0/FXGL_Tank-main3/target/classes/assets/sounds/mainMenuLoad.wav
18:32:37.782 [FXGL Background Thread 4 ] DEBUG FXGLAssetLoaderServi - Loading from file system: jar:file:///C:/Users/Lenovo/.m2/repository/com/github/almasb/fxgl/17.1/fxgl-17.1.jar!/fxglassets/ui/fonts/Abel-Regular.ttf
18:32:37.786 [FXGL Background Thread 4 ] DEBUG FXGLAssetLoaderServi - Loading from file system: jar:file:///C:/Users/Lenovo/.m2/repository/com/github/almasb/fxgl/17.1/fxgl-17.1.jar!/fxglassets/ui/fonts/TerminalLandMono-Regular.otf
18:32:37.790 [FXGL Background Thread 4 ] DEBUG FXGLAssetLoaderServi - Loading from file system: jar:file:///C:/Users/Lenovo/.m2/repository/com/github/almasb/fxgl/17.1/fxgl-17.1.jar!/fxglassets/ui/fonts/Courier-Prime.ttf
18:32:37.861 [JavaFX Application Thread] DEBUG Input                - Clearing active input actions
18:32:37.866 [JavaFX Application Thread] DEBUG GameApplicationServi - Removing overlay from FXGLMainMenuDummyScene and adding to GameMainMenu
18:32:37.867 [JavaFX Application Thread] DEBUG PrimaryStageWindow   - FXGLMainMenuDummyScene -> GameMainMenu
18:32:37.948 [JavaFX Application Thread] DEBUG FXGLApplication      - Registering font factories with UI factory
18:32:39.870 [JavaFX Application Thread] DEBUG FXGLAssetLoaderServi - Loading from file system: file:/D:/QQ/2283451158/FileRecv/tank_v3.0/FXGL_Tank-main3/target/classes/assets/sounds/mainMenuHover.wav
18:32:40.679 [FXGL Background Thread 3 ] DEBUG Engine               - Logging environment variables
18:32:40.680 [FXGL Background Thread 3 ] DEBUG Engine               - achievements: []
18:32:40.680 [FXGL Background Thread 3 ] DEBUG Engine               - actualHeight: 672.0
18:32:40.680 [FXGL Background Thread 3 ] DEBUG Engine               - actualHeightProperty: ReadOnlyDoubleProperty [value: 672.0]
18:32:40.681 [FXGL Background Thread 3 ] DEBUG Engine               - actualWidth: 816.0
18:32:40.681 [FXGL Background Thread 3 ] DEBUG Engine               - actualWidthProperty: ReadOnlyDoubleProperty [value: 816.0]
18:32:40.681 [FXGL Background Thread 3 ] DEBUG Engine               - appIcon: ui/icon.png
18:32:40.681 [FXGL Background Thread 3 ] DEBUG Engine               - applicationMode: DEVELOPER
18:32:40.681 [FXGL Background Thread 3 ] DEBUG Engine               - cSSList: [fxgl_dark.css, tankApp.css]
18:32:40.682 [FXGL Background Thread 3 ] DEBUG Engine               - collisionDetectionStrategy: BRUTE_FORCE
18:32:40.682 [FXGL Background Thread 3 ] DEBUG Engine               - configClass: Optional.empty
18:32:40.682 [FXGL Background Thread 3 ] DEBUG Engine               - credits: []
18:32:40.682 [FXGL Background Thread 3 ] DEBUG Engine               - defaultCursor: CursorInfo(imageName=ui/cursor.png, hotspotX=0.0, hotspotY=0.0)
18:32:40.682 [FXGL Background Thread 3 ] DEBUG Engine               - devBBoxColorProperty: ObjectProperty [value: 0xff0000ff]
18:32:40.682 [FXGL Background Thread 3 ] DEBUG Engine               - devEnableDebugCameraProperty: BooleanProperty [value: false]
18:32:40.683 [FXGL Background Thread 3 ] DEBUG Engine               - devSensorColorProperty: ObjectProperty [value: 0xffff00ff]
18:32:40.683 [FXGL Background Thread 3 ] DEBUG Engine               - devShowBBoxProperty: BooleanProperty [value: false]
18:32:40.683 [FXGL Background Thread 3 ] DEBUG Engine               - devShowPositionProperty: BooleanProperty [value: false]
18:32:40.683 [FXGL Background Thread 3 ] DEBUG Engine               - enabledMenuItems: []
18:32:40.683 [FXGL Background Thread 3 ] DEBUG Engine               - engineServices: [class com.almasb.fxgl.app.services.FXGLAssetLoaderService, class com.almasb.fxgl.app.FXGLApplication$GameApplicationService, class com.almasb.fxgl.app.services.FXGLDialogService, class com.almasb.fxgl.app.services.IOTaskExecutorService, class com.almasb.fxgl.io.FileSystemService, class com.almasb.fxgl.localization.LocalizationService, class com.almasb.fxgl.app.services.SystemBundleService, class com.almasb.fxgl.profile.SaveLoadService, class com.almasb.fxgl.ui.FXGLUIFactoryServiceProvider, class com.almasb.fxgl.ui.FXGLDialogFactoryServiceProvider, class com.almasb.fxgl.audio.AudioPlayer, class com.almasb.fxgl.notification.impl.NotificationServiceProvider, class com.almasb.fxgl.achievement.AchievementService, class com.almasb.fxgl.cutscene.CutsceneService, class com.almasb.fxgl.minigames.MiniGameService, class com.almasb.fxgl.net.NetService, class com.almasb.fxgl.app.services.UpdaterService, class com.almasb.fxgl.dev.DevService]
18:32:40.683 [FXGL Background Thread 3 ] DEBUG Engine               - fontGame: Abel-Regular.ttf
18:32:40.683 [FXGL Background Thread 3 ] DEBUG Engine               - fontMono: TerminalLandMono-Regular.otf
18:32:40.683 [FXGL Background Thread 3 ] DEBUG Engine               - fontText: Courier-Prime.ttf
18:32:40.683 [FXGL Background Thread 3 ] DEBUG Engine               - fontUI: VarelaRound-Regular.ttf
18:32:40.683 [FXGL Background Thread 3 ] DEBUG Engine               - fullScreen: BooleanProperty [value: false]
18:32:40.683 [FXGL Background Thread 3 ] DEBUG Engine               - gameDifficulty: MEDIUM
18:32:40.683 [FXGL Background Thread 3 ] DEBUG Engine               - gameDifficultyProperty: ObjectProperty [value: MEDIUM]
18:32:40.683 [FXGL Background Thread 3 ] DEBUG Engine               - globalMusicVolume: 0.5
18:32:40.683 [FXGL Background Thread 3 ] DEBUG Engine               - globalMusicVolumeProperty: DoubleProperty [value: 0.5]
18:32:40.685 [FXGL Background Thread 3 ] DEBUG Engine               - globalSoundVolume: 0.5
18:32:40.685 [FXGL Background Thread 3 ] DEBUG Engine               - globalSoundVolumeProperty: DoubleProperty [value: 0.5]
18:32:40.685 [FXGL Background Thread 3 ] DEBUG Engine               - height: 672
18:32:40.685 [FXGL Background Thread 3 ] DEBUG Engine               - is3D: false
18:32:40.685 [FXGL Background Thread 3 ] DEBUG Engine               - isAndroid: false
18:32:40.685 [FXGL Background Thread 3 ] DEBUG Engine               - isBrowser: false
18:32:40.686 [FXGL Background Thread 3 ] DEBUG Engine               - isClickFeedbackEnabled: false
18:32:40.686 [FXGL Background Thread 3 ] DEBUG Engine               - isCloseConfirmation: false
18:32:40.686 [FXGL Background Thread 3 ] DEBUG Engine               - isDesktop: true
18:32:40.686 [FXGL Background Thread 3 ] DEBUG Engine               - isDeveloperMenuEnabled: false
18:32:40.686 [FXGL Background Thread 3 ] DEBUG Engine               - isEmbedded: false
18:32:40.686 [FXGL Background Thread 3 ] DEBUG Engine               - isEntityPreloadEnabled: true
18:32:40.686 [FXGL Background Thread 3 ] DEBUG Engine               - isExperimentalTiledLargeMap: false
18:32:40.686 [FXGL Background Thread 3 ] DEBUG Engine               - isFileSystemWriteAllowed: true
18:32:40.686 [FXGL Background Thread 3 ] DEBUG Engine               - isFullScreenAllowed: false
18:32:40.686 [FXGL Background Thread 3 ] DEBUG Engine               - isFullScreenFromStart: false
18:32:40.686 [FXGL Background Thread 3 ] DEBUG Engine               - isGameMenuEnabled: true
18:32:40.686 [FXGL Background Thread 3 ] DEBUG Engine               - isIOS: false
18:32:40.687 [FXGL Background Thread 3 ] DEBUG Engine               - isIntroEnabled: false
18:32:40.687 [FXGL Background Thread 3 ] DEBUG Engine               - isLinux: false
18:32:40.687 [FXGL Background Thread 3 ] DEBUG Engine               - isMac: false
18:32:40.687 [FXGL Background Thread 3 ] DEBUG Engine               - isMainMenuEnabled: true
18:32:40.687 [FXGL Background Thread 3 ] DEBUG Engine               - isManualResizeEnabled: false
18:32:40.687 [FXGL Background Thread 3 ] DEBUG Engine               - isMobile: false
18:32:40.687 [FXGL Background Thread 3 ] DEBUG Engine               - isNative: false
18:32:40.687 [FXGL Background Thread 3 ] DEBUG Engine               - isPauseMusicWhenMinimized: true
18:32:40.687 [FXGL Background Thread 3 ] DEBUG Engine               - isPreserveResizeRatio: false
18:32:40.687 [FXGL Background Thread 3 ] DEBUG Engine               - isProfilingEnabled: false
18:32:40.687 [FXGL Background Thread 3 ] DEBUG Engine               - isScaleAffectedOnResize: true
18:32:40.687 [FXGL Background Thread 3 ] DEBUG Engine               - isSingleStep: false
18:32:40.687 [FXGL Background Thread 3 ] DEBUG Engine               - isUserProfileEnabled: false
18:32:40.687 [FXGL Background Thread 3 ] DEBUG Engine               - isWindows: true
18:32:40.687 [FXGL Background Thread 3 ] DEBUG Engine               - language: ObjectProperty [value: ENGLISH]
18:32:40.687 [FXGL Background Thread 3 ] DEBUG Engine               - menuKey: ESCAPE
18:32:40.687 [FXGL Background Thread 3 ] DEBUG Engine               - mouseSensitivity: 0.2
18:32:40.687 [FXGL Background Thread 3 ] DEBUG Engine               - notificationViewClass: class com.almasb.fxgl.notification.view.XboxNotificationView
18:32:40.687 [FXGL Background Thread 3 ] DEBUG Engine               - pixelsPerMeter: 50.0
18:32:40.688 [FXGL Background Thread 3 ] DEBUG Engine               - platform: WINDOWS
18:32:40.688 [FXGL Background Thread 3 ] DEBUG Engine               - prefHeightProperty: ReadOnlyDoubleProperty [value: 672.0]
18:32:40.688 [FXGL Background Thread 3 ] DEBUG Engine               - prefWidthProperty: ReadOnlyDoubleProperty [value: 816.0]
18:32:40.688 [FXGL Background Thread 3 ] DEBUG Engine               - profileDir: profiles/
18:32:40.688 [FXGL Background Thread 3 ] DEBUG Engine               - profileName: StringProperty [value: DEFAULT]
18:32:40.688 [FXGL Background Thread 3 ] DEBUG Engine               - randomSeed: -1
18:32:40.689 [FXGL Background Thread 3 ] DEBUG Engine               - runtimeInfo: RuntimeInfo(platform=WINDOWS, version=17.1, build=24.03.2022 17.34)
18:32:40.689 [FXGL Background Thread 3 ] DEBUG Engine               - saveFileExt: sav
18:32:40.689 [FXGL Background Thread 3 ] DEBUG Engine               - scaledHeightProp$fxgl: DoubleProperty [bound, value: 672.0]
18:32:40.689 [FXGL Background Thread 3 ] DEBUG Engine               - scaledWidthProp$fxgl: DoubleProperty [bound, value: 816.0]
18:32:40.689 [FXGL Background Thread 3 ] DEBUG Engine               - sceneFactory: com.ningf.tank.TankApp$1@2cf44b4
18:32:40.689 [FXGL Background Thread 3 ] DEBUG Engine               - secondsIn24h: 60
18:32:40.689 [FXGL Background Thread 3 ] DEBUG Engine               - soundMenuBack: menu/back.wav
18:32:40.689 [FXGL Background Thread 3 ] DEBUG Engine               - soundMenuPress: menu/press.wav
18:32:40.689 [FXGL Background Thread 3 ] DEBUG Engine               - soundMenuSelect: menu/select.wav
18:32:40.689 [FXGL Background Thread 3 ] DEBUG Engine               - soundNotification: core/notification.wav
18:32:40.689 [FXGL Background Thread 3 ] DEBUG Engine               - stageStyle: DECORATED
18:32:40.689 [FXGL Background Thread 3 ] DEBUG Engine               - supportedLanguages: [ENGLISH, FRENCH, GERMAN, HUNGARIAN, RUSSIAN]
18:32:40.689 [FXGL Background Thread 3 ] DEBUG Engine               - ticksPerSecond: -1
18:32:40.689 [FXGL Background Thread 3 ] DEBUG Engine               - title: 90 Tank
18:32:40.689 [FXGL Background Thread 3 ] DEBUG Engine               - urlGithub: https://github.com/AlmasB/FXGL
18:32:40.689 [FXGL Background Thread 3 ] DEBUG Engine               - urlLeaderboard: http://fxgl-top.herokuapp.com/
18:32:40.689 [FXGL Background Thread 3 ] DEBUG Engine               - urlPOM: https://raw.githubusercontent.com/AlmasB/FXGL/release/README.md
18:32:40.689 [FXGL Background Thread 3 ] DEBUG Engine               - userAppClass: class com.ningf.tank.TankApp
18:32:40.689 [FXGL Background Thread 3 ] DEBUG Engine               - version: Version 0.3
18:32:40.689 [FXGL Background Thread 3 ] DEBUG Engine               - versionCheckDays: 7
18:32:40.689 [FXGL Background Thread 3 ] DEBUG Engine               - width: 816
18:32:40.689 [FXGL Background Thread 3 ] DEBUG Engine               - Logging services
18:32:40.689 [FXGL Background Thread 3 ] DEBUG Engine               - class com.almasb.fxgl.app.services.FXGLAssetLoaderService
18:32:40.690 [FXGL Background Thread 3 ] DEBUG Engine               - class com.almasb.fxgl.app.FXGLApplication$GameApplicationService
18:32:40.690 [FXGL Background Thread 3 ] DEBUG Engine               - class com.almasb.fxgl.app.services.FXGLDialogService
18:32:40.690 [FXGL Background Thread 3 ] DEBUG Engine               - class com.almasb.fxgl.app.services.IOTaskExecutorService
18:32:40.690 [FXGL Background Thread 3 ] DEBUG Engine               - class com.almasb.fxgl.io.FileSystemService
18:32:40.690 [FXGL Background Thread 3 ] DEBUG Engine               - class com.almasb.fxgl.localization.LocalizationService
18:32:40.690 [FXGL Background Thread 3 ] DEBUG Engine               - class com.almasb.fxgl.app.services.SystemBundleService
18:32:40.690 [FXGL Background Thread 3 ] DEBUG Engine               - class com.almasb.fxgl.profile.SaveLoadService
18:32:40.690 [FXGL Background Thread 3 ] DEBUG Engine               - class com.almasb.fxgl.ui.FXGLUIFactoryServiceProvider
18:32:40.690 [FXGL Background Thread 3 ] DEBUG Engine               - class com.almasb.fxgl.ui.FXGLDialogFactoryServiceProvider
18:32:40.690 [FXGL Background Thread 3 ] DEBUG Engine               - class com.almasb.fxgl.audio.AudioPlayer
18:32:40.690 [FXGL Background Thread 3 ] DEBUG Engine               - class com.almasb.fxgl.notification.impl.NotificationServiceProvider
18:32:40.690 [FXGL Background Thread 3 ] DEBUG Engine               - class com.almasb.fxgl.achievement.AchievementService
18:32:40.690 [FXGL Background Thread 3 ] DEBUG Engine               - class com.almasb.fxgl.cutscene.CutsceneService
18:32:40.690 [FXGL Background Thread 3 ] DEBUG Engine               - class com.almasb.fxgl.minigames.MiniGameService
18:32:40.690 [FXGL Background Thread 3 ] DEBUG Engine               - class com.almasb.fxgl.net.NetService
18:32:40.690 [FXGL Background Thread 3 ] DEBUG Engine               - class com.almasb.fxgl.app.services.UpdaterService
18:32:40.690 [FXGL Background Thread 3 ] DEBUG Engine               - class com.almasb.fxgl.dev.DevService
18:32:40.713 [JavaFX Application Thread] DEBUG FXGLAssetLoaderServi - Loading from file system: file:/D:/QQ/2283451158/FileRecv/tank_v3.0/FXGL_Tank-main3/target/classes/assets/sounds/select.wav
18:32:44.091 [FXGL Background Thread 2 ] INFO  UpdaterService       - Your current version:  17.1
18:32:44.092 [FXGL Background Thread 2 ] INFO  UpdaterService       - Latest stable version: 17.3
18:32:47.748 [JavaFX Application Thread] DEBUG LoopRunner           - Stopping loop
18:32:47.750 [JavaFX Application Thread] FATAL FXGLApplication      - Uncaught Exception:
java.lang.NullPointerException: Cannot invoke "com.ningf.tank.helpers.Room.getRoom_status()" because "selectedRoom" is null
	at FXGL_Tank/com.ningf.tank.ui.GreatHallPane.lambda$initGreatHall$1(GreatHallPane.java:132)
	at javafx.base@18/com.sun.javafx.event.CompositeEventHandler.dispatchBubblingEvent(CompositeEventHandler.java:86)
	at javafx.base@18/com.sun.javafx.event.EventHandlerManager.dispatchBubblingEvent(EventHandlerManager.java:234)
	at javafx.base@18/com.sun.javafx.event.EventHandlerManager.dispatchBubblingEvent(EventHandlerManager.java:191)
	at javafx.base@18/com.sun.javafx.event.CompositeEventDispatcher.dispatchBubblingEvent(CompositeEventDispatcher.java:59)
	at javafx.base@18/com.sun.javafx.event.BasicEventDispatcher.dispatchEvent(BasicEventDispatcher.java:58)
	at javafx.base@18/com.sun.javafx.event.EventDispatchChainImpl.dispatchEvent(EventDispatchChainImpl.java:114)
	at javafx.base@18/com.sun.javafx.event.BasicEventDispatcher.dispatchEvent(BasicEventDispatcher.java:56)
	at javafx.base@18/com.sun.javafx.event.EventDispatchChainImpl.dispatchEvent(EventDispatchChainImpl.java:114)
	at javafx.base@18/com.sun.javafx.event.BasicEventDispatcher.dispatchEvent(BasicEventDispatcher.java:56)
	at javafx.base@18/com.sun.javafx.event.EventDispatchChainImpl.dispatchEvent(EventDispatchChainImpl.java:114)
	at javafx.base@18/com.sun.javafx.event.BasicEventDispatcher.dispatchEvent(BasicEventDispatcher.java:56)
	at javafx.base@18/com.sun.javafx.event.EventDispatchChainImpl.dispatchEvent(EventDispatchChainImpl.java:114)
	at javafx.base@18/com.sun.javafx.event.EventUtil.fireEventImpl(EventUtil.java:74)
	at javafx.base@18/com.sun.javafx.event.EventUtil.fireEvent(EventUtil.java:49)
	at javafx.base@18/javafx.event.Event.fireEvent(Event.java:198)
	at javafx.graphics@18/javafx.scene.Node.fireEvent(Node.java:8797)
	at javafx.controls@18/javafx.scene.control.Button.fire(Button.java:203)
	at javafx.controls@18/com.sun.javafx.scene.control.behavior.ButtonBehavior.mouseReleased(ButtonBehavior.java:208)
	at javafx.controls@18/com.sun.javafx.scene.control.inputmap.InputMap.handle(InputMap.java:274)
	at javafx.base@18/com.sun.javafx.event.CompositeEventHandler$NormalEventHandlerRecord.handleBubblingEvent(CompositeEventHandler.java:247)
	at javafx.base@18/com.sun.javafx.event.CompositeEventHandler.dispatchBubblingEvent(CompositeEventHandler.java:80)
	at javafx.base@18/com.sun.javafx.event.EventHandlerManager.dispatchBubblingEvent(EventHandlerManager.java:234)
	at javafx.base@18/com.sun.javafx.event.EventHandlerManager.dispatchBubblingEvent(EventHandlerManager.java:191)
	at javafx.base@18/com.sun.javafx.event.CompositeEventDispatcher.dispatchBubblingEvent(CompositeEventDispatcher.java:59)
	at javafx.base@18/com.sun.javafx.event.BasicEventDispatcher.dispatchEvent(BasicEventDispatcher.java:58)
	at javafx.base@18/com.sun.javafx.event.EventDispatchChainImpl.dispatchEvent(EventDispatchChainImpl.java:114)
	at javafx.base@18/com.sun.javafx.event.BasicEventDispatcher.dispatchEvent(BasicEventDispatcher.java:56)
	at javafx.base@18/com.sun.javafx.event.EventDispatchChainImpl.dispatchEvent(EventDispatchChainImpl.java:114)
	at javafx.base@18/com.sun.javafx.event.BasicEventDispatcher.dispatchEvent(BasicEventDispatcher.java:56)
	at javafx.base@18/com.sun.javafx.event.EventDispatchChainImpl.dispatchEvent(EventDispatchChainImpl.java:114)
	at javafx.base@18/com.sun.javafx.event.BasicEventDispatcher.dispatchEvent(BasicEventDispatcher.java:56)
	at javafx.base@18/com.sun.javafx.event.EventDispatchChainImpl.dispatchEvent(EventDispatchChainImpl.java:114)
	at javafx.base@18/com.sun.javafx.event.EventUtil.fireEventImpl(EventUtil.java:74)
	at javafx.base@18/com.sun.javafx.event.EventUtil.fireEvent(EventUtil.java:54)
	at javafx.base@18/javafx.event.Event.fireEvent(Event.java:198)
	at javafx.graphics@18/javafx.scene.Scene$MouseHandler.process(Scene.java:3881)
	at javafx.graphics@18/javafx.scene.Scene.processMouseEvent(Scene.java:1874)
	at javafx.graphics@18/javafx.scene.Scene$ScenePeerListener.mouseEvent(Scene.java:2607)
	at javafx.graphics@18/com.sun.javafx.tk.quantum.GlassViewEventHandler$MouseEventNotification.run(GlassViewEventHandler.java:411)
	at javafx.graphics@18/com.sun.javafx.tk.quantum.GlassViewEventHandler$MouseEventNotification.run(GlassViewEventHandler.java:301)
	at java.base/java.security.AccessController.doPrivileged(AccessController.java:399)
	at javafx.graphics@18/com.sun.javafx.tk.quantum.GlassViewEventHandler.lambda$handleMouseEvent$2(GlassViewEventHandler.java:450)
	at javafx.graphics@18/com.sun.javafx.tk.quantum.QuantumToolkit.runWithoutRenderLock(QuantumToolkit.java:424)
	at javafx.graphics@18/com.sun.javafx.tk.quantum.GlassViewEventHandler.handleMouseEvent(GlassViewEventHandler.java:449)
	at javafx.graphics@18/com.sun.glass.ui.View.handleMouseEvent(View.java:551)
	at javafx.graphics@18/com.sun.glass.ui.View.notifyMouse(View.java:937)
	at javafx.graphics@18/com.sun.glass.ui.win.WinApplication._runLoop(Native Method)
	at javafx.graphics@18/com.sun.glass.ui.win.WinApplication.lambda$runLoop$3(WinApplication.java:184)
	at java.base/java.lang.Thread.run(Thread.java:833)

18:32:47.750 [JavaFX Application Thread] FATAL FXGLApplication      - Application will now exit
18:32:47.760 [JavaFX Application Thread] DEBUG PrimaryStageWindow   - Push state: ErrorSubScene
18:32:47.761 [JavaFX Application Thread] DEBUG Input                - Clearing active input actions
18:32:47.761 [JavaFX Application Thread] DEBUG GameApplicationServi - Removing overlay from GameMainMenu and adding to ErrorSubScene
18:32:47.761 [JavaFX Application Thread] DEBUG PrimaryStageWindow   - GameMainMenu -> ErrorSubScene
18:32:50.656 [JavaFX Application Thread] DEBUG FXGLApplication      - Exiting FXGL
18:32:50.656 [JavaFX Application Thread] DEBUG Async                - Shutting down background threads
18:32:50.656 [JavaFX Application Thread] DEBUG PrimaryStageWindow   - Closing main window
18:32:50.677 [JavaFX Application Thread] DEBUG Logger               - Closing Logger
