10:51:03.920 [main                     ] DEBUG Logger               - Configured Logger
10:51:03.950 [main                     ] DEBUG GameApplication      - Logging settings
Title: 90 Tank
Version: Version 0.3
Width: 816
Height: 672
Fullscreen: false
Intro: false
Profiling: false
Single step:false
App Mode: DEVELOPER
Menu Key: ESCAPE
Stage Style: DECORATED
Scene Factory: class com.ningf.tank.TankApp$1

10:51:04.249 [JavaFX Application Thread] DEBUG FXGLApplication      - Initializing FXGL
10:51:04.254 [JavaFX Application Thread] INFO  Engine               - FXGL-17.1 (24.03.2022 17.34) on WINDOWS (J:17.0.7 FX:18)
10:51:04.254 [JavaFX Application Thread] DEBUG Engine               - JRE Vendor Name: Oracle Corporation
10:51:04.254 [JavaFX Application Thread] DEBUG Engine               - Running on OS: Windows 11 version 10.0
10:51:04.255 [JavaFX Application Thread] DEBUG Engine               - Architecture: amd64
10:51:04.255 [JavaFX Application Thread] INFO  Engine               - Source code and latest versions at: https://github.com/AlmasB/FXGL
10:51:04.255 [JavaFX Application Thread] INFO  Engine               -       Ask questions and discuss at: https://github.com/AlmasB/FXGL/discussions
10:51:04.255 [JavaFX Application Thread] INFO  Engine               -              Join the FXGL chat at: https://gitter.im/AlmasB/FXGL
10:51:04.324 [JavaFX Application Thread] DEBUG PrimaryStageWindow   - Creating a JavaFX scene
10:51:04.357 [JavaFX Application Thread] DEBUG PrimaryStageWindow   - Target settings size: 816.0 x 672.0
10:51:04.357 [JavaFX Application Thread] DEBUG PrimaryStageWindow   - Scaled scene size:    816.0 x 672.0
10:51:04.357 [JavaFX Application Thread] DEBUG PrimaryStageWindow   - Scaled ratio: (1.0, 1.0)
10:51:04.358 [JavaFX Application Thread] DEBUG PrimaryStageWindow   - Set initial scene to GameStartupScene
10:51:04.362 [JavaFX Application Thread] DEBUG PrimaryStageWindow   - Opening main window
10:51:04.454 [JavaFX Application Thread] DEBUG PrimaryStageWindow   - Window border size: (14.66668701171875, 37.33331298828125)
10:51:04.455 [JavaFX Application Thread] DEBUG PrimaryStageWindow   - Scaled size: 816.0 x 672.0
10:51:04.455 [JavaFX Application Thread] DEBUG PrimaryStageWindow   - Scaled ratio: (1.0, 1.0)
10:51:04.455 [JavaFX Application Thread] DEBUG PrimaryStageWindow   - Scene size: 816.0 x 672.0
10:51:04.455 [JavaFX Application Thread] DEBUG PrimaryStageWindow   - Stage size: 830.6666870117188 x 709.3333129882812
10:51:04.461 [FXGL Background Thread 1 ] DEBUG Engine               - Initializing environment variables
10:51:04.492 [FXGL Background Thread 1 ] DEBUG FXGLAssetLoaderServi - User app class for loading assets: class com.ningf.tank.TankApp
10:51:04.492 [FXGL Background Thread 1 ] DEBUG GameApplicationServi - Applying CSS: fxgl_dark.css
10:51:04.493 [FXGL Background Thread 1 ] DEBUG FXGLAssetLoaderServi - Loading from file system: jar:file:///C:/Users/WONDER/.m2/repository/com/github/almasb/fxgl/17.1/fxgl-17.1.jar!/fxglassets/ui/css/fxgl_dark.css
10:51:04.507 [FXGL Background Thread 1 ] DEBUG GameApplicationServi - Applying CSS: tankApp.css
10:51:04.507 [FXGL Background Thread 1 ] DEBUG FXGLAssetLoaderServi - Loading from file system: file:/D:/SoftwareDevelopment/javaFxProject/tank_v3.1/target/classes/assets/ui/css/tankApp.css
10:51:04.509 [FXGL Background Thread 1 ] DEBUG GameApplicationServi - Initializing application scenes
10:51:04.516 [FXGL Background Thread 1 ] DEBUG GameWorld            - Game world initialized
10:51:04.562 [FXGL Background Thread 1 ] DEBUG PhysicsWorld         - Physics world initialized: appHeight=672, physics.ppm=50.0
10:51:04.563 [FXGL Background Thread 1 ] DEBUG PhysicsWorld         - Using strategy: BRUTE_FORCE
10:51:04.565 [FXGL Background Thread 1 ] DEBUG GameScene            - Game scene initialized: 816x672
10:51:04.568 [FXGL Background Thread 1 ] DEBUG FXGLAssetLoaderServi - Loading from file system: file:/D:/SoftwareDevelopment/javaFxProject/tank_v3.1/target/classes/assets/textures/ui/logo.png
10:51:04.579 [FXGL Background Thread 1 ] DEBUG FXGLAssetLoaderServi - Loading from file system: file:/D:/SoftwareDevelopment/javaFxProject/tank_v3.1/target/classes/assets/textures/ui/icon.png
10:51:04.586 [FXGL Background Thread 1 ] DEBUG FXGLAssetLoaderServi - Loading from file system: file:/D:/SoftwareDevelopment/javaFxProject/tank_v3.1/target/classes/assets/textures/ui/tankLoading.png
10:51:04.607 [FXGL Background Thread 1 ] DEBUG FXGLAssetLoaderServi - Loading from file system: file:/D:/SoftwareDevelopment/javaFxProject/tank_v3.1/target/classes/assets/textures/ui/fxgl.png
10:51:04.638 [FXGL Background Thread 1 ] DEBUG FXGL.DefaultMenu     - createMenuBodyGameMenu()
10:51:04.645 [FXGL Background Thread 1 ] DEBUG FXGL.DefaultMenu     - createOptionsMenu()
10:51:04.654 [FXGL Background Thread 1 ] DEBUG FXGLAssetLoaderServi - Loading from file system: jar:file:///C:/Users/WONDER/.m2/repository/com/github/almasb/fxgl/17.1/fxgl-17.1.jar!/fxglassets/textures/particles/smoke.png
10:51:04.708 [FXGL Background Thread 1 ] DEBUG FXGLAssetLoaderServi - Loading from file system: jar:file:///C:/Users/WONDER/.m2/repository/com/github/almasb/fxgl/17.1/fxgl-17.1.jar!/fxglassets/textures/particles/trace_horizontal.png
10:51:04.723 [FXGL Background Thread 1 ] DEBUG GameApplicationServi - Application scenes initialized
10:51:04.731 [FXGL Background Thread 1 ] DEBUG SystemBundleService  - Loading FXGL system data
10:51:04.734 [FXGL Background Thread 1 ] DEBUG FileSystemAccess     - Reading from: D:\SoftwareDevelopment\javaFxProject\tank_v3.1\system\fxgl.bundle
10:51:04.742 [FXGL Background Thread 1 ] DEBUG SystemBundleService  - Bundle FXGL: {}
10:51:04.742 [FXGL Background Thread 1 ] DEBUG UpdaterService       - Checking for updates
10:51:04.746 [FXGL Background Thread 4 ] DEBUG FXGLApplication      - Loading fonts
10:51:04.746 [FXGL Background Thread 1 ] DEBUG FXGLApplication      - Loading default localization
10:51:04.746 [FXGL Background Thread 4 ] DEBUG FXGLAssetLoaderServi - Loading from file system: jar:file:///C:/Users/WONDER/.m2/repository/com/github/almasb/fxgl/17.1/fxgl-17.1.jar!/fxglassets/ui/fonts/VarelaRound-Regular.ttf
10:51:04.747 [FXGL Background Thread 1 ] DEBUG FXGLAssetLoaderServi - Loading from file system: jar:file:///C:/Users/WONDER/.m2/repository/com/github/almasb/fxgl/17.1/fxgl-17.1.jar!/fxglassets/languages/english.lang
10:51:04.782 [FXGL Background Thread 1 ] INFO  FXGLApplication      - FXGL initialization took: 0.319 sec
10:51:04.791 [JavaFX Application Thread] DEBUG Input                - Registered new binding: action0 - W
10:51:04.792 [JavaFX Application Thread] DEBUG Input                - Registered new binding: action1 - S
10:51:04.792 [JavaFX Application Thread] DEBUG Input                - Registered new binding: action2 - A
10:51:04.793 [JavaFX Application Thread] DEBUG Input                - Registered new binding: action3 - D
10:51:04.793 [JavaFX Application Thread] DEBUG Input                - Registered new binding: action4 - Space
10:51:04.794 [JavaFX Application Thread] DEBUG Input                - Registered new binding: action5 - O
10:51:04.794 [JavaFX Application Thread] DEBUG Input                - Registered new binding: action6 - Up
10:51:04.794 [JavaFX Application Thread] DEBUG Input                - Registered new binding: action7 - Down
10:51:04.794 [JavaFX Application Thread] DEBUG Input                - Registered new binding: action8 - Left
10:51:04.795 [JavaFX Application Thread] DEBUG Input                - Registered new binding: action9 - Right
10:51:04.795 [JavaFX Application Thread] DEBUG Input                - Registered new binding: action10 - Enter
10:51:04.795 [JavaFX Application Thread] DEBUG Input                - Registered new binding: action11 - Numpad 0
10:51:04.799 [JavaFX Application Thread] DEBUG FXGLAssetLoaderServi - Loading from file system: file:/D:/SoftwareDevelopment/javaFxProject/tank_v3.1/target/classes/assets/textures/ui/cursor.png
10:51:04.802 [JavaFX Application Thread] DEBUG Input                - Registered new binding: Screenshot - CTRL+8
10:51:04.802 [JavaFX Application Thread] DEBUG Input                - Registered new binding: System info dump - CTRL+9
10:51:04.803 [JavaFX Application Thread] DEBUG Input                - Registered new binding: Restart - CTRL+R
10:51:04.804 [JavaFX Application Thread] DEBUG Input                - Registered new binding: Toggle Debug Camera - CTRL+7
10:51:04.807 [JavaFX Application Thread] DEBUG LoopRunner           - Starting loop
10:51:04.807 [JavaFX Application Thread] DEBUG LoopRunner           - Initializing JavaFX AnimationTimerLoop
10:51:04.810 [JavaFX Application Thread] DEBUG Input                - Clearing active input actions
10:51:04.814 [FXGL Background Thread 4 ] DEBUG FXGLAssetLoaderServi - Loading from file system: jar:file:///C:/Users/WONDER/.m2/repository/com/github/almasb/fxgl/17.1/fxgl-17.1.jar!/fxglassets/ui/fonts/Abel-Regular.ttf
10:51:04.815 [JavaFX Application Thread] DEBUG GameApplicationServi - Removing overlay from GameStartupScene and adding to FXGLMainMenuDummyScene
10:51:04.816 [JavaFX Application Thread] DEBUG PrimaryStageWindow   - GameStartupScene -> FXGLMainMenuDummyScene
10:51:04.816 [JavaFX Application Thread] DEBUG PrimaryStageWindow   - Push state: GameMainMenu
10:51:04.816 [JavaFX Application Thread] DEBUG FXGLAssetLoaderServi - Loading from file system: file:/D:/SoftwareDevelopment/javaFxProject/tank_v3.1/target/classes/assets/sounds/mainMenuLoad.wav
10:51:04.819 [FXGL Background Thread 4 ] DEBUG FXGLAssetLoaderServi - Loading from file system: jar:file:///C:/Users/WONDER/.m2/repository/com/github/almasb/fxgl/17.1/fxgl-17.1.jar!/fxglassets/ui/fonts/TerminalLandMono-Regular.otf
10:51:04.826 [FXGL Background Thread 4 ] DEBUG FXGLAssetLoaderServi - Loading from file system: jar:file:///C:/Users/WONDER/.m2/repository/com/github/almasb/fxgl/17.1/fxgl-17.1.jar!/fxglassets/ui/fonts/Courier-Prime.ttf
10:51:04.878 [JavaFX Application Thread] DEBUG Input                - Clearing active input actions
10:51:04.886 [JavaFX Application Thread] DEBUG GameApplicationServi - Removing overlay from FXGLMainMenuDummyScene and adding to GameMainMenu
10:51:04.888 [JavaFX Application Thread] DEBUG PrimaryStageWindow   - FXGLMainMenuDummyScene -> GameMainMenu
10:51:04.937 [JavaFX Application Thread] DEBUG FXGLApplication      - Registering font factories with UI factory
10:51:04.986 [FXGL Background Thread 2 ] WARN  UpdaterService       - Failed to find updates: java.net.UnknownHostException: raw.githubusercontent.com
10:51:06.885 [JavaFX Application Thread] DEBUG FXGLAssetLoaderServi - Loading from file system: file:/D:/SoftwareDevelopment/javaFxProject/tank_v3.1/target/classes/assets/sounds/mainMenuHover.wav
10:51:07.361 [JavaFX Application Thread] DEBUG FXGLAssetLoaderServi - Loading from file system: file:/D:/SoftwareDevelopment/javaFxProject/tank_v3.1/target/classes/assets/sounds/select.wav
10:51:07.746 [FXGL Background Thread 3 ] DEBUG Engine               - Logging environment variables
10:51:07.750 [FXGL Background Thread 3 ] DEBUG Engine               - achievements: []
10:51:07.753 [FXGL Background Thread 3 ] DEBUG Engine               - actualHeight: 672.0
10:51:07.753 [FXGL Background Thread 3 ] DEBUG Engine               - actualHeightProperty: ReadOnlyDoubleProperty [value: 672.0]
10:51:07.753 [FXGL Background Thread 3 ] DEBUG Engine               - actualWidth: 816.0
10:51:07.753 [FXGL Background Thread 3 ] DEBUG Engine               - actualWidthProperty: ReadOnlyDoubleProperty [value: 816.0]
10:51:07.753 [FXGL Background Thread 3 ] DEBUG Engine               - appIcon: ui/icon.png
10:51:07.754 [FXGL Background Thread 3 ] DEBUG Engine               - applicationMode: DEVELOPER
10:51:07.754 [FXGL Background Thread 3 ] DEBUG Engine               - cSSList: [fxgl_dark.css, tankApp.css]
10:51:07.754 [FXGL Background Thread 3 ] DEBUG Engine               - collisionDetectionStrategy: BRUTE_FORCE
10:51:07.754 [FXGL Background Thread 3 ] DEBUG Engine               - configClass: Optional.empty
10:51:07.754 [FXGL Background Thread 3 ] DEBUG Engine               - credits: []
10:51:07.754 [FXGL Background Thread 3 ] DEBUG Engine               - defaultCursor: CursorInfo(imageName=ui/cursor.png, hotspotX=0.0, hotspotY=0.0)
10:51:07.755 [FXGL Background Thread 3 ] DEBUG Engine               - devBBoxColorProperty: ObjectProperty [value: 0xff0000ff]
10:51:07.755 [FXGL Background Thread 3 ] DEBUG Engine               - devEnableDebugCameraProperty: BooleanProperty [value: false]
10:51:07.755 [FXGL Background Thread 3 ] DEBUG Engine               - devSensorColorProperty: ObjectProperty [value: 0xffff00ff]
10:51:07.756 [FXGL Background Thread 3 ] DEBUG Engine               - devShowBBoxProperty: BooleanProperty [value: false]
10:51:07.756 [FXGL Background Thread 3 ] DEBUG Engine               - devShowPositionProperty: BooleanProperty [value: false]
10:51:07.756 [FXGL Background Thread 3 ] DEBUG Engine               - enabledMenuItems: []
10:51:07.756 [FXGL Background Thread 3 ] DEBUG Engine               - engineServices: [class com.almasb.fxgl.app.services.FXGLAssetLoaderService, class com.almasb.fxgl.app.FXGLApplication$GameApplicationService, class com.almasb.fxgl.app.services.FXGLDialogService, class com.almasb.fxgl.app.services.IOTaskExecutorService, class com.almasb.fxgl.io.FileSystemService, class com.almasb.fxgl.localization.LocalizationService, class com.almasb.fxgl.app.services.SystemBundleService, class com.almasb.fxgl.profile.SaveLoadService, class com.almasb.fxgl.ui.FXGLUIFactoryServiceProvider, class com.almasb.fxgl.ui.FXGLDialogFactoryServiceProvider, class com.almasb.fxgl.audio.AudioPlayer, class com.almasb.fxgl.notification.impl.NotificationServiceProvider, class com.almasb.fxgl.achievement.AchievementService, class com.almasb.fxgl.cutscene.CutsceneService, class com.almasb.fxgl.minigames.MiniGameService, class com.almasb.fxgl.net.NetService, class com.almasb.fxgl.app.services.UpdaterService, class com.almasb.fxgl.dev.DevService]
10:51:07.756 [FXGL Background Thread 3 ] DEBUG Engine               - fontGame: Abel-Regular.ttf
10:51:07.756 [FXGL Background Thread 3 ] DEBUG Engine               - fontMono: TerminalLandMono-Regular.otf
10:51:07.756 [FXGL Background Thread 3 ] DEBUG Engine               - fontText: Courier-Prime.ttf
10:51:07.756 [FXGL Background Thread 3 ] DEBUG Engine               - fontUI: VarelaRound-Regular.ttf
10:51:07.756 [FXGL Background Thread 3 ] DEBUG Engine               - fullScreen: BooleanProperty [value: false]
10:51:07.756 [FXGL Background Thread 3 ] DEBUG Engine               - gameDifficulty: MEDIUM
10:51:07.757 [FXGL Background Thread 3 ] DEBUG Engine               - gameDifficultyProperty: ObjectProperty [value: MEDIUM]
10:51:07.757 [FXGL Background Thread 3 ] DEBUG Engine               - globalMusicVolume: 0.5
10:51:07.757 [FXGL Background Thread 3 ] DEBUG Engine               - globalMusicVolumeProperty: DoubleProperty [value: 0.5]
10:51:07.757 [FXGL Background Thread 3 ] DEBUG Engine               - globalSoundVolume: 0.5
10:51:07.757 [FXGL Background Thread 3 ] DEBUG Engine               - globalSoundVolumeProperty: DoubleProperty [value: 0.5]
10:51:07.758 [FXGL Background Thread 3 ] DEBUG Engine               - height: 672
10:51:07.758 [FXGL Background Thread 3 ] DEBUG Engine               - is3D: false
10:51:07.758 [FXGL Background Thread 3 ] DEBUG Engine               - isAndroid: false
10:51:07.758 [FXGL Background Thread 3 ] DEBUG Engine               - isBrowser: false
10:51:07.758 [FXGL Background Thread 3 ] DEBUG Engine               - isClickFeedbackEnabled: false
10:51:07.758 [FXGL Background Thread 3 ] DEBUG Engine               - isCloseConfirmation: false
10:51:07.758 [FXGL Background Thread 3 ] DEBUG Engine               - isDesktop: true
10:51:07.758 [FXGL Background Thread 3 ] DEBUG Engine               - isDeveloperMenuEnabled: false
10:51:07.759 [FXGL Background Thread 3 ] DEBUG Engine               - isEmbedded: false
10:51:07.759 [FXGL Background Thread 3 ] DEBUG Engine               - isEntityPreloadEnabled: true
10:51:07.759 [FXGL Background Thread 3 ] DEBUG Engine               - isExperimentalTiledLargeMap: false
10:51:07.759 [FXGL Background Thread 3 ] DEBUG Engine               - isFileSystemWriteAllowed: true
10:51:07.759 [FXGL Background Thread 3 ] DEBUG Engine               - isFullScreenAllowed: false
10:51:07.761 [FXGL Background Thread 3 ] DEBUG Engine               - isFullScreenFromStart: false
10:51:07.761 [FXGL Background Thread 3 ] DEBUG Engine               - isGameMenuEnabled: true
10:51:07.761 [FXGL Background Thread 3 ] DEBUG Engine               - isIOS: false
10:51:07.761 [FXGL Background Thread 3 ] DEBUG Engine               - isIntroEnabled: false
10:51:07.761 [FXGL Background Thread 3 ] DEBUG Engine               - isLinux: false
10:51:07.761 [FXGL Background Thread 3 ] DEBUG Engine               - isMac: false
10:51:07.761 [FXGL Background Thread 3 ] DEBUG Engine               - isMainMenuEnabled: true
10:51:07.761 [FXGL Background Thread 3 ] DEBUG Engine               - isManualResizeEnabled: false
10:51:07.761 [FXGL Background Thread 3 ] DEBUG Engine               - isMobile: false
10:51:07.761 [FXGL Background Thread 3 ] DEBUG Engine               - isNative: false
10:51:07.761 [FXGL Background Thread 3 ] DEBUG Engine               - isPauseMusicWhenMinimized: true
10:51:07.761 [FXGL Background Thread 3 ] DEBUG Engine               - isPreserveResizeRatio: false
10:51:07.761 [FXGL Background Thread 3 ] DEBUG Engine               - isProfilingEnabled: false
10:51:07.761 [FXGL Background Thread 3 ] DEBUG Engine               - isScaleAffectedOnResize: true
10:51:07.761 [FXGL Background Thread 3 ] DEBUG Engine               - isSingleStep: false
10:51:07.761 [FXGL Background Thread 3 ] DEBUG Engine               - isUserProfileEnabled: false
10:51:07.762 [FXGL Background Thread 3 ] DEBUG Engine               - isWindows: true
10:51:07.762 [FXGL Background Thread 3 ] DEBUG Engine               - language: ObjectProperty [value: ENGLISH]
10:51:07.762 [FXGL Background Thread 3 ] DEBUG Engine               - menuKey: ESCAPE
10:51:07.762 [FXGL Background Thread 3 ] DEBUG Engine               - mouseSensitivity: 0.2
10:51:07.762 [FXGL Background Thread 3 ] DEBUG Engine               - notificationViewClass: class com.almasb.fxgl.notification.view.XboxNotificationView
10:51:07.762 [FXGL Background Thread 3 ] DEBUG Engine               - pixelsPerMeter: 50.0
10:51:07.762 [FXGL Background Thread 3 ] DEBUG Engine               - platform: WINDOWS
10:51:07.762 [FXGL Background Thread 3 ] DEBUG Engine               - prefHeightProperty: ReadOnlyDoubleProperty [value: 672.0]
10:51:07.762 [FXGL Background Thread 3 ] DEBUG Engine               - prefWidthProperty: ReadOnlyDoubleProperty [value: 816.0]
10:51:07.762 [FXGL Background Thread 3 ] DEBUG Engine               - profileDir: profiles/
10:51:07.762 [FXGL Background Thread 3 ] DEBUG Engine               - profileName: StringProperty [value: DEFAULT]
10:51:07.762 [FXGL Background Thread 3 ] DEBUG Engine               - randomSeed: -1
10:51:07.764 [FXGL Background Thread 3 ] DEBUG Engine               - runtimeInfo: RuntimeInfo(platform=WINDOWS, version=17.1, build=24.03.2022 17.34)
10:51:07.764 [FXGL Background Thread 3 ] DEBUG Engine               - saveFileExt: sav
10:51:07.764 [FXGL Background Thread 3 ] DEBUG Engine               - scaledHeightProp$fxgl: DoubleProperty [bound, value: 672.0]
10:51:07.764 [FXGL Background Thread 3 ] DEBUG Engine               - scaledWidthProp$fxgl: DoubleProperty [bound, value: 816.0]
10:51:07.764 [FXGL Background Thread 3 ] DEBUG Engine               - sceneFactory: com.ningf.tank.TankApp$1@74e7a7d3
10:51:07.764 [FXGL Background Thread 3 ] DEBUG Engine               - secondsIn24h: 60
10:51:07.764 [FXGL Background Thread 3 ] DEBUG Engine               - soundMenuBack: menu/back.wav
10:51:07.764 [FXGL Background Thread 3 ] DEBUG Engine               - soundMenuPress: menu/press.wav
10:51:07.764 [FXGL Background Thread 3 ] DEBUG Engine               - soundMenuSelect: menu/select.wav
10:51:07.764 [FXGL Background Thread 3 ] DEBUG Engine               - soundNotification: core/notification.wav
10:51:07.764 [FXGL Background Thread 3 ] DEBUG Engine               - stageStyle: DECORATED
10:51:07.764 [FXGL Background Thread 3 ] DEBUG Engine               - supportedLanguages: [ENGLISH, FRENCH, GERMAN, HUNGARIAN, RUSSIAN]
10:51:07.764 [FXGL Background Thread 3 ] DEBUG Engine               - ticksPerSecond: -1
10:51:07.765 [FXGL Background Thread 3 ] DEBUG Engine               - title: 90 Tank
10:51:07.765 [FXGL Background Thread 3 ] DEBUG Engine               - urlGithub: https://github.com/AlmasB/FXGL
10:51:07.765 [FXGL Background Thread 3 ] DEBUG Engine               - urlLeaderboard: http://fxgl-top.herokuapp.com/
10:51:07.765 [FXGL Background Thread 3 ] DEBUG Engine               - urlPOM: https://raw.githubusercontent.com/AlmasB/FXGL/release/README.md
10:51:07.765 [FXGL Background Thread 3 ] DEBUG Engine               - userAppClass: class com.ningf.tank.TankApp
10:51:07.765 [FXGL Background Thread 3 ] DEBUG Engine               - version: Version 0.3
10:51:07.765 [FXGL Background Thread 3 ] DEBUG Engine               - versionCheckDays: 7
10:51:07.765 [FXGL Background Thread 3 ] DEBUG Engine               - width: 816
10:51:07.765 [FXGL Background Thread 3 ] DEBUG Engine               - Logging services
10:51:07.765 [FXGL Background Thread 3 ] DEBUG Engine               - class com.almasb.fxgl.app.services.FXGLAssetLoaderService
10:51:07.765 [FXGL Background Thread 3 ] DEBUG Engine               - class com.almasb.fxgl.app.FXGLApplication$GameApplicationService
10:51:07.765 [FXGL Background Thread 3 ] DEBUG Engine               - class com.almasb.fxgl.app.services.FXGLDialogService
10:51:07.765 [FXGL Background Thread 3 ] DEBUG Engine               - class com.almasb.fxgl.app.services.IOTaskExecutorService
10:51:07.765 [FXGL Background Thread 3 ] DEBUG Engine               - class com.almasb.fxgl.io.FileSystemService
10:51:07.765 [FXGL Background Thread 3 ] DEBUG Engine               - class com.almasb.fxgl.localization.LocalizationService
10:51:07.765 [FXGL Background Thread 3 ] DEBUG Engine               - class com.almasb.fxgl.app.services.SystemBundleService
10:51:07.765 [FXGL Background Thread 3 ] DEBUG Engine               - class com.almasb.fxgl.profile.SaveLoadService
10:51:07.765 [FXGL Background Thread 3 ] DEBUG Engine               - class com.almasb.fxgl.ui.FXGLUIFactoryServiceProvider
10:51:07.765 [FXGL Background Thread 3 ] DEBUG Engine               - class com.almasb.fxgl.ui.FXGLDialogFactoryServiceProvider
10:51:07.765 [FXGL Background Thread 3 ] DEBUG Engine               - class com.almasb.fxgl.audio.AudioPlayer
10:51:07.765 [FXGL Background Thread 3 ] DEBUG Engine               - class com.almasb.fxgl.notification.impl.NotificationServiceProvider
10:51:07.765 [FXGL Background Thread 3 ] DEBUG Engine               - class com.almasb.fxgl.achievement.AchievementService
10:51:07.766 [FXGL Background Thread 3 ] DEBUG Engine               - class com.almasb.fxgl.cutscene.CutsceneService
10:51:07.766 [FXGL Background Thread 3 ] DEBUG Engine               - class com.almasb.fxgl.minigames.MiniGameService
10:51:07.766 [FXGL Background Thread 3 ] DEBUG Engine               - class com.almasb.fxgl.net.NetService
10:51:07.766 [FXGL Background Thread 3 ] DEBUG Engine               - class com.almasb.fxgl.app.services.UpdaterService
10:51:07.766 [FXGL Background Thread 3 ] DEBUG Engine               - class com.almasb.fxgl.dev.DevService
10:51:17.169 [JavaFX Application Thread] DEBUG GameApplicationServi - Starting new game
10:51:17.170 [JavaFX Application Thread] DEBUG PrimaryStageWindow   - Pop state: GameMainMenu
10:51:17.170 [JavaFX Application Thread] DEBUG Input                - Clearing active input actions
10:51:17.174 [JavaFX Application Thread] DEBUG GameApplicationServi - Removing overlay from GameMainMenu and adding to FXGLMainMenuDummyScene
10:51:17.174 [JavaFX Application Thread] DEBUG PrimaryStageWindow   - FXGLMainMenuDummyScene <- GameMainMenu
10:51:17.174 [JavaFX Application Thread] DEBUG Input                - Clearing active input actions
10:51:17.184 [JavaFX Application Thread] DEBUG GameApplicationServi - Removing overlay from FXGLMainMenuDummyScene and adding to GameLoadingScene
10:51:17.184 [JavaFX Application Thread] DEBUG PrimaryStageWindow   - FXGLMainMenuDummyScene -> GameLoadingScene
10:51:17.184 [JavaFX Application Thread] DEBUG GameApplicationServi - Clearing previous game
10:51:17.184 [JavaFX Application Thread] DEBUG GameScene            - Clearing game scene
10:51:17.184 [JavaFX Application Thread] DEBUG GameWorld            - Clearing game world
10:51:17.184 [JavaFX Application Thread] DEBUG PhysicsWorld         - Clearing physics world
10:51:17.185 [FXGL Background Thread 2 ] DEBUG FXGLApplication      - Initializing game
10:51:17.186 [FXGL Background Thread 2 ] DEBUG FXGLAssetLoaderServi - Loading from file system: file:/D:/SoftwareDevelopment/javaFxProject/tank_v3.1/target/classes/assets/properties/game.properties
10:51:17.192 [FXGL Background Thread 2 ] DEBUG FXGLAssetLoaderServi - Loading from file system: file:/D:/SoftwareDevelopment/javaFxProject/tank_v3.1/target/classes/assets/textures/map/stone.png
10:51:17.195 [FXGL Background Thread 2 ] DEBUG FXGLAssetLoaderServi - Loading from file system: file:/D:/SoftwareDevelopment/javaFxProject/tank_v3.1/target/classes/assets/textures/map/brick.png
10:51:17.197 [FXGL Background Thread 2 ] DEBUG FXGLAssetLoaderServi - Loading from file system: file:/D:/SoftwareDevelopment/javaFxProject/tank_v3.1/target/classes/assets/textures/map/sea_anim.png
10:51:17.199 [FXGL Background Thread 2 ] DEBUG FXGLAssetLoaderServi - Loading from file system: file:/D:/SoftwareDevelopment/javaFxProject/tank_v3.1/target/classes/assets/textures/explode/explode_level_2.png
10:51:17.232 [pool-2-thread-1          ] WARN  TMXLevelLoader       - TiledMap generated from 1.8.4. Supported version: 1.4.2. Some features may not be parsed fully.
10:51:17.242 [pool-2-thread-1          ] DEBUG TMXLevelLoader       - Parsed TiledMap: file:/D:/SoftwareDevelopment/javaFxProject/tank_v3.1/ConstructMap/level0.tmx
10:51:17.243 [pool-2-thread-1          ] DEBUG TMXLevelLoader       - Creating tile layer entities
10:51:17.244 [pool-2-thread-1          ] DEBUG TMXLevelLoader       - Creating object layer entities
10:51:17.271 [pool-2-thread-1          ] DEBUG GameWorld            - Clearing removable entities
10:51:17.271 [pool-2-thread-1          ] DEBUG GameWorld            - Setting level: com.almasb.fxgl.entity.level.Level@198b948f
10:51:17.273 [pool-2-thread-1          ] DEBUG FXGLAssetLoaderServi - Loading from file system: file:/D:/SoftwareDevelopment/javaFxProject/tank_v3.1/target/classes/assets/sounds/start.wav
10:51:17.281 [pool-2-thread-1          ] DEBUG FXGLAssetLoaderServi - Loading from file system: file:/D:/SoftwareDevelopment/javaFxProject/tank_v3.1/target/classes/assets/textures/tank/H1U.png
10:51:17.287 [pool-2-thread-1          ] DEBUG FXGLAssetLoaderServi - Loading from file system: file:/D:/SoftwareDevelopment/javaFxProject/tank_v3.1/target/classes/assets/textures/item/armed_helmet.png
10:51:17.293 [pool-2-thread-1          ] DEBUG FXGLAssetLoaderServi - Loading from file system: file:/D:/SoftwareDevelopment/javaFxProject/tank_v3.1/target/classes/assets/textures/tank/H2U.png
10:51:17.297 [pool-2-thread-1          ] DEBUG FXGLAssetLoaderServi - Loading from file system: file:/D:/SoftwareDevelopment/javaFxProject/tank_v3.1/target/classes/assets/textures/ui/enemy_pre.png
10:51:17.298 [pool-2-thread-1          ] DEBUG FXGLAssetLoaderServi - Loading from file system: file:/D:/SoftwareDevelopment/javaFxProject/tank_v3.1/target/classes/assets/textures/ui/levelFlag.png
10:51:17.299 [pool-2-thread-1          ] DEBUG FXGLAssetLoaderServi - Loading from file system: file:/D:/SoftwareDevelopment/javaFxProject/tank_v3.1/target/classes/assets/textures/ui/bulletLevel.png
10:51:17.303 [pool-2-thread-1          ] DEBUG FXGLAssetLoaderServi - Loading from file system: file:/D:/SoftwareDevelopment/javaFxProject/tank_v3.1/target/classes/assets/textures/tank/spawnTank.png
10:51:17.304 [pool-2-thread-1          ] DEBUG FXGLAssetLoaderServi - Loading from file system: file:/D:/SoftwareDevelopment/javaFxProject/tank_v3.1/target/classes/assets/textures/tank/E5U.png
10:51:17.305 [pool-2-thread-1          ] DEBUG FXGLAssetLoaderServi - Loading from file system: file:/D:/SoftwareDevelopment/javaFxProject/tank_v3.1/target/classes/assets/textures/tank/E2U.png
10:51:17.308 [pool-2-thread-1          ] DEBUG FXGLAssetLoaderServi - Loading from file system: file:/D:/SoftwareDevelopment/javaFxProject/tank_v3.1/target/classes/assets/textures/tank/E1U.png
10:51:18.759 [JavaFX Application Thread] WARN  TMXLevelLoader       - Parse error
javax.xml.stream.XMLStreamException: ParseError at [row,col]:[2,2]
Message: 文档中根元素前面的标记必须格式正确。
	at java.xml/com.sun.org.apache.xerces.internal.impl.XMLStreamReaderImpl.next(XMLStreamReaderImpl.java:652)
	at java.xml/com.sun.xml.internal.stream.XMLEventReaderImpl.nextEvent(XMLEventReaderImpl.java:83)
	at com.almasb.fxgl.entity@17.1/com.almasb.fxgl.entity.level.tiled.TMXLevelLoader.parse(TMXLevelLoader.kt:191)
	at com.almasb.fxgl.entity@17.1/com.almasb.fxgl.entity.level.tiled.TMXLevelLoader.load(TMXLevelLoader.kt:52)
	at com.almasb.fxgl.all@17.1/com.almasb.fxgl.app.services.FXGLAssetLoaderService.loadLevel(FXGLAssetLoaderService.kt:446)
	at com.almasb.fxgl.all@17.1/com.almasb.fxgl.dsl.FXGL$Companion.setLevelFromMap(FXGL.kt:634)
	at com.almasb.fxgl.all@17.1/com.almasb.fxgl.dsl.FXGL.setLevelFromMap(FXGL.kt)
	at FXGL_Tank/com.ningf.tank.TankApp.startTwoLevel(TankApp.java:674)
	at FXGL_Tank/com.ningf.tank.TankApp.lambda$buildAndStartLevel$14(TankApp.java:591)
	at javafx.graphics@18/javafx.animation.Animation.runHandler(Animation.java:1102)
	at javafx.graphics@18/javafx.animation.Animation.finished(Animation.java:1096)
	at javafx.graphics@18/javafx.animation.AnimationAccessorImpl.finished(AnimationAccessorImpl.java:49)
	at javafx.graphics@18/com.sun.scenario.animation.shared.SingleLoopClipEnvelope.timePulse(SingleLoopClipEnvelope.java:107)
	at javafx.graphics@18/javafx.animation.Animation.doTimePulse(Animation.java:1189)
	at javafx.graphics@18/javafx.animation.Animation$1.lambda$timePulse$0(Animation.java:207)
	at java.base/java.security.AccessController.doPrivileged(AccessController.java:399)
	at javafx.graphics@18/javafx.animation.Animation$1.timePulse(Animation.java:206)
	at javafx.graphics@18/com.sun.scenario.animation.AbstractPrimaryTimer.timePulseImpl(AbstractPrimaryTimer.java:343)
	at javafx.graphics@18/com.sun.scenario.animation.AbstractPrimaryTimer$MainLoop.run(AbstractPrimaryTimer.java:266)
	at javafx.graphics@18/com.sun.javafx.tk.quantum.QuantumToolkit.pulse(QuantumToolkit.java:571)
	at javafx.graphics@18/com.sun.javafx.tk.quantum.QuantumToolkit.pulse(QuantumToolkit.java:555)
	at javafx.graphics@18/com.sun.javafx.tk.quantum.QuantumToolkit.pulseFromQueue(QuantumToolkit.java:548)
	at javafx.graphics@18/com.sun.javafx.tk.quantum.QuantumToolkit.lambda$runToolkit$11(QuantumToolkit.java:352)
	at javafx.graphics@18/com.sun.glass.ui.InvokeLaterDispatcher$Future.run(InvokeLaterDispatcher.java:96)
	at javafx.graphics@18/com.sun.glass.ui.win.WinApplication._runLoop(Native Method)
	at javafx.graphics@18/com.sun.glass.ui.win.WinApplication.lambda$runLoop$3(WinApplication.java:184)
	at java.base/java.lang.Thread.run(Thread.java:833)

10:51:18.761 [JavaFX Application Thread] DEBUG LoopRunner           - Stopping loop
10:51:18.761 [JavaFX Application Thread] FATAL FXGLApplication      - Uncaught Exception:
com.almasb.fxgl.entity.level.LevelLoadingException: ParseError at [row,col]:[2,2]
Message: 文档中根元素前面的标记必须格式正确。
	at com.almasb.fxgl.entity@17.1/com.almasb.fxgl.entity.level.tiled.TMXLevelLoader.load(TMXLevelLoader.kt:78)
	at com.almasb.fxgl.all@17.1/com.almasb.fxgl.app.services.FXGLAssetLoaderService.loadLevel(FXGLAssetLoaderService.kt:446)
	at com.almasb.fxgl.all@17.1/com.almasb.fxgl.dsl.FXGL$Companion.setLevelFromMap(FXGL.kt:634)
	at com.almasb.fxgl.all@17.1/com.almasb.fxgl.dsl.FXGL.setLevelFromMap(FXGL.kt)
	at FXGL_Tank/com.ningf.tank.TankApp.startTwoLevel(TankApp.java:674)
	at FXGL_Tank/com.ningf.tank.TankApp.lambda$buildAndStartLevel$14(TankApp.java:591)
	at javafx.graphics@18/javafx.animation.Animation.runHandler(Animation.java:1102)
	at javafx.graphics@18/javafx.animation.Animation.finished(Animation.java:1096)
	at javafx.graphics@18/javafx.animation.AnimationAccessorImpl.finished(AnimationAccessorImpl.java:49)
	at javafx.graphics@18/com.sun.scenario.animation.shared.SingleLoopClipEnvelope.timePulse(SingleLoopClipEnvelope.java:107)
	at javafx.graphics@18/javafx.animation.Animation.doTimePulse(Animation.java:1189)
	at javafx.graphics@18/javafx.animation.Animation$1.lambda$timePulse$0(Animation.java:207)
	at java.base/java.security.AccessController.doPrivileged(AccessController.java:399)
	at javafx.graphics@18/javafx.animation.Animation$1.timePulse(Animation.java:206)
	at javafx.graphics@18/com.sun.scenario.animation.AbstractPrimaryTimer.timePulseImpl(AbstractPrimaryTimer.java:343)
	at javafx.graphics@18/com.sun.scenario.animation.AbstractPrimaryTimer$MainLoop.run(AbstractPrimaryTimer.java:266)
	at javafx.graphics@18/com.sun.javafx.tk.quantum.QuantumToolkit.pulse(QuantumToolkit.java:571)
	at javafx.graphics@18/com.sun.javafx.tk.quantum.QuantumToolkit.pulse(QuantumToolkit.java:555)
	at javafx.graphics@18/com.sun.javafx.tk.quantum.QuantumToolkit.pulseFromQueue(QuantumToolkit.java:548)
	at javafx.graphics@18/com.sun.javafx.tk.quantum.QuantumToolkit.lambda$runToolkit$11(QuantumToolkit.java:352)
	at javafx.graphics@18/com.sun.glass.ui.InvokeLaterDispatcher$Future.run(InvokeLaterDispatcher.java:96)
	at javafx.graphics@18/com.sun.glass.ui.win.WinApplication._runLoop(Native Method)
	at javafx.graphics@18/com.sun.glass.ui.win.WinApplication.lambda$runLoop$3(WinApplication.java:184)
	at java.base/java.lang.Thread.run(Thread.java:833)
Caused by: javax.xml.stream.XMLStreamException: ParseError at [row,col]:[2,2]
Message: 文档中根元素前面的标记必须格式正确。
	at java.xml/com.sun.org.apache.xerces.internal.impl.XMLStreamReaderImpl.next(XMLStreamReaderImpl.java:652)
	at java.xml/com.sun.xml.internal.stream.XMLEventReaderImpl.nextEvent(XMLEventReaderImpl.java:83)
	at com.almasb.fxgl.entity@17.1/com.almasb.fxgl.entity.level.tiled.TMXLevelLoader.parse(TMXLevelLoader.kt:191)
	at com.almasb.fxgl.entity@17.1/com.almasb.fxgl.entity.level.tiled.TMXLevelLoader.load(TMXLevelLoader.kt:52)
	... 23 more

10:51:18.762 [JavaFX Application Thread] FATAL FXGLApplication      - Application will now exit
10:51:18.774 [JavaFX Application Thread] DEBUG PrimaryStageWindow   - Push state: ErrorSubScene
10:51:18.774 [JavaFX Application Thread] DEBUG Input                - Clearing active input actions
10:51:18.775 [JavaFX Application Thread] DEBUG GameApplicationServi - Removing overlay from GameLoadingScene and adding to ErrorSubScene
10:51:18.775 [JavaFX Application Thread] DEBUG PrimaryStageWindow   - GameLoadingScene -> ErrorSubScene
10:51:42.437 [JavaFX Application Thread] DEBUG FXGLApplication      - Exiting FXGL
10:51:42.438 [JavaFX Application Thread] DEBUG Async                - Shutting down background threads
10:51:42.438 [JavaFX Application Thread] DEBUG PrimaryStageWindow   - Closing main window
10:51:42.441 [FXGL Background Thread 2 ] INFO  FXGLApplication      - Game initialization took: 25.255 sec
10:51:42.462 [JavaFX Application Thread] DEBUG Logger               - Closing Logger
