16:05:18.551 [main                     ] DEBUG Logger               - Configured Logger
16:05:18.574 [main                     ] DEBUG GameApplication      - Logging settings
Title: 90 Tank
Version: Version 0.3
Width: 816
Height: 672
Fullscreen: false
Intro: false
Profiling: false
Single step:false
App Mode: DEVELOPER
Menu Key: ESCAPE
Stage Style: DECORATED
Scene Factory: class com.ningf.tank.TankApp$1

16:05:18.851 [JavaFX Application Thread] DEBUG FXGLApplication      - Initializing FXGL
16:05:18.856 [JavaFX Application Thread] INFO  Engine               - FXGL-17.1 (24.03.2022 17.34) on WINDOWS (J:17.0.7 FX:18)
16:05:18.856 [JavaFX Application Thread] DEBUG Engine               - JRE Vendor Name: Oracle Corporation
16:05:18.856 [JavaFX Application Thread] DEBUG Engine               - Running on OS: Windows 11 version 10.0
16:05:18.856 [JavaFX Application Thread] DEBUG Engine               - Architecture: amd64
16:05:18.856 [JavaFX Application Thread] INFO  Engine               - Source code and latest versions at: https://github.com/AlmasB/FXGL
16:05:18.857 [JavaFX Application Thread] INFO  Engine               -       Ask questions and discuss at: https://github.com/AlmasB/FXGL/discussions
16:05:18.857 [JavaFX Application Thread] INFO  Engine               -              Join the FXGL chat at: https://gitter.im/AlmasB/FXGL
16:05:18.925 [JavaFX Application Thread] DEBUG PrimaryStageWindow   - Creating a JavaFX scene
16:05:18.959 [JavaFX Application Thread] DEBUG PrimaryStageWindow   - Target settings size: 816.0 x 672.0
16:05:18.959 [JavaFX Application Thread] DEBUG PrimaryStageWindow   - Scaled scene size:    816.0 x 672.0
16:05:18.960 [JavaFX Application Thread] DEBUG PrimaryStageWindow   - Scaled ratio: (1.0, 1.0)
16:05:18.960 [JavaFX Application Thread] DEBUG PrimaryStageWindow   - Set initial scene to GameStartupScene
16:05:18.965 [JavaFX Application Thread] DEBUG PrimaryStageWindow   - Opening main window
16:05:19.060 [JavaFX Application Thread] DEBUG PrimaryStageWindow   - Window border size: (14.66668701171875, 37.33331298828125)
16:05:19.060 [JavaFX Application Thread] DEBUG PrimaryStageWindow   - Scaled size: 816.0 x 672.0
16:05:19.060 [JavaFX Application Thread] DEBUG PrimaryStageWindow   - Scaled ratio: (1.0, 1.0)
16:05:19.060 [JavaFX Application Thread] DEBUG PrimaryStageWindow   - Scene size: 816.0 x 672.0
16:05:19.062 [JavaFX Application Thread] DEBUG PrimaryStageWindow   - Stage size: 830.6666870117188 x 709.3333129882812
16:05:19.069 [FXGL Background Thread 1 ] DEBUG Engine               - Initializing environment variables
16:05:19.103 [FXGL Background Thread 1 ] DEBUG FXGLAssetLoaderServi - User app class for loading assets: class com.ningf.tank.TankApp
16:05:19.103 [FXGL Background Thread 1 ] DEBUG GameApplicationServi - Applying CSS: fxgl_dark.css
16:05:19.104 [FXGL Background Thread 1 ] DEBUG FXGLAssetLoaderServi - Loading from file system: jar:file:///C:/Users/WONDER/.m2/repository/com/github/almasb/fxgl/17.1/fxgl-17.1.jar!/fxglassets/ui/css/fxgl_dark.css
16:05:19.133 [FXGL Background Thread 1 ] DEBUG GameApplicationServi - Applying CSS: tankApp.css
16:05:19.134 [FXGL Background Thread 1 ] DEBUG FXGLAssetLoaderServi - Loading from file system: file:/C:/Users/WONDER/Desktop/FXGL_Tank-main2/target/classes/assets/ui/css/tankApp.css
16:05:19.134 [FXGL Background Thread 1 ] DEBUG GameApplicationServi - Initializing application scenes
16:05:19.139 [FXGL Background Thread 1 ] DEBUG GameWorld            - Game world initialized
16:05:19.184 [FXGL Background Thread 1 ] DEBUG PhysicsWorld         - Physics world initialized: appHeight=672, physics.ppm=50.0
16:05:19.185 [FXGL Background Thread 1 ] DEBUG PhysicsWorld         - Using strategy: BRUTE_FORCE
16:05:19.188 [FXGL Background Thread 1 ] DEBUG GameScene            - Game scene initialized: 816x672
16:05:19.191 [FXGL Background Thread 1 ] DEBUG FXGLAssetLoaderServi - Loading from file system: file:/C:/Users/WONDER/Desktop/FXGL_Tank-main2/target/classes/assets/textures/ui/logo.png
16:05:19.206 [FXGL Background Thread 1 ] DEBUG FXGLAssetLoaderServi - Loading from file system: file:/C:/Users/WONDER/Desktop/FXGL_Tank-main2/target/classes/assets/textures/ui/icon.png
16:05:19.214 [FXGL Background Thread 1 ] DEBUG FXGLAssetLoaderServi - Loading from file system: file:/C:/Users/WONDER/Desktop/FXGL_Tank-main2/target/classes/assets/textures/ui/tankLoading.png
16:05:19.236 [FXGL Background Thread 1 ] DEBUG FXGLAssetLoaderServi - Loading from file system: file:/C:/Users/WONDER/Desktop/FXGL_Tank-main2/target/classes/assets/textures/ui/fxgl.png
16:05:19.273 [FXGL Background Thread 1 ] DEBUG FXGL.DefaultMenu     - createMenuBodyGameMenu()
16:05:19.282 [FXGL Background Thread 1 ] DEBUG FXGL.DefaultMenu     - createOptionsMenu()
16:05:19.289 [FXGL Background Thread 1 ] DEBUG FXGLAssetLoaderServi - Loading from file system: jar:file:///C:/Users/WONDER/.m2/repository/com/github/almasb/fxgl/17.1/fxgl-17.1.jar!/fxglassets/textures/particles/smoke.png
16:05:19.367 [FXGL Background Thread 1 ] DEBUG FXGLAssetLoaderServi - Loading from file system: jar:file:///C:/Users/WONDER/.m2/repository/com/github/almasb/fxgl/17.1/fxgl-17.1.jar!/fxglassets/textures/particles/trace_horizontal.png
16:05:19.407 [FXGL Background Thread 1 ] DEBUG GameApplicationServi - Application scenes initialized
16:05:19.415 [FXGL Background Thread 1 ] DEBUG SystemBundleService  - Loading FXGL system data
16:05:19.419 [FXGL Background Thread 1 ] DEBUG FileSystemAccess     - Reading from: C:\Users\WONDER\Desktop\FXGL_Tank-main2\system\fxgl.bundle
16:05:19.427 [FXGL Background Thread 1 ] DEBUG SystemBundleService  - Bundle FXGL: {}
16:05:19.427 [FXGL Background Thread 1 ] DEBUG UpdaterService       - Checking for updates
16:05:19.432 [FXGL Background Thread 4 ] DEBUG FXGLApplication      - Loading fonts
16:05:19.432 [FXGL Background Thread 4 ] DEBUG FXGLAssetLoaderServi - Loading from file system: jar:file:///C:/Users/WONDER/.m2/repository/com/github/almasb/fxgl/17.1/fxgl-17.1.jar!/fxglassets/ui/fonts/VarelaRound-Regular.ttf
16:05:19.434 [FXGL Background Thread 1 ] DEBUG FXGLApplication      - Loading default localization
16:05:19.435 [FXGL Background Thread 1 ] DEBUG FXGLAssetLoaderServi - Loading from file system: jar:file:///C:/Users/WONDER/.m2/repository/com/github/almasb/fxgl/17.1/fxgl-17.1.jar!/fxglassets/languages/english.lang
16:05:19.467 [FXGL Background Thread 1 ] INFO  FXGLApplication      - FXGL initialization took: 0.397 sec
16:05:19.477 [JavaFX Application Thread] DEBUG Input                - Registered new binding: action0 - W
16:05:19.478 [JavaFX Application Thread] DEBUG Input                - Registered new binding: action1 - S
16:05:19.478 [JavaFX Application Thread] DEBUG Input                - Registered new binding: action2 - A
16:05:19.478 [JavaFX Application Thread] DEBUG Input                - Registered new binding: action3 - D
16:05:19.479 [JavaFX Application Thread] DEBUG Input                - Registered new binding: action4 - Space
16:05:19.479 [JavaFX Application Thread] DEBUG Input                - Registered new binding: action5 - O
16:05:19.479 [JavaFX Application Thread] DEBUG Input                - Registered new binding: action6 - Up
16:05:19.480 [JavaFX Application Thread] DEBUG Input                - Registered new binding: action7 - Down
16:05:19.480 [JavaFX Application Thread] DEBUG Input                - Registered new binding: action8 - Left
16:05:19.481 [JavaFX Application Thread] DEBUG Input                - Registered new binding: action9 - Right
16:05:19.481 [JavaFX Application Thread] DEBUG Input                - Registered new binding: action10 - Numpad 0
16:05:19.481 [JavaFX Application Thread] DEBUG Input                - Registered new binding: action11 - F
16:05:19.485 [JavaFX Application Thread] DEBUG FXGLAssetLoaderServi - Loading from file system: file:/C:/Users/WONDER/Desktop/FXGL_Tank-main2/target/classes/assets/textures/ui/cursor.png
16:05:19.487 [JavaFX Application Thread] DEBUG Input                - Registered new binding: Screenshot - CTRL+8
16:05:19.488 [JavaFX Application Thread] DEBUG Input                - Registered new binding: System info dump - CTRL+9
16:05:19.489 [JavaFX Application Thread] DEBUG Input                - Registered new binding: Restart - CTRL+R
16:05:19.489 [JavaFX Application Thread] DEBUG Input                - Registered new binding: Toggle Debug Camera - CTRL+7
16:05:19.493 [JavaFX Application Thread] DEBUG LoopRunner           - Starting loop
16:05:19.493 [JavaFX Application Thread] DEBUG LoopRunner           - Initializing JavaFX AnimationTimerLoop
16:05:19.498 [JavaFX Application Thread] DEBUG Input                - Clearing active input actions
16:05:19.505 [JavaFX Application Thread] DEBUG GameApplicationServi - Removing overlay from GameStartupScene and adding to FXGLMainMenuDummyScene
16:05:19.506 [JavaFX Application Thread] DEBUG PrimaryStageWindow   - GameStartupScene -> FXGLMainMenuDummyScene
16:05:19.506 [JavaFX Application Thread] DEBUG PrimaryStageWindow   - Push state: GameMainMenu
16:05:19.506 [JavaFX Application Thread] DEBUG FXGLAssetLoaderServi - Loading from file system: file:/C:/Users/WONDER/Desktop/FXGL_Tank-main2/target/classes/assets/sounds/mainMenuLoad.wav
16:05:19.511 [FXGL Background Thread 4 ] DEBUG FXGLAssetLoaderServi - Loading from file system: jar:file:///C:/Users/WONDER/.m2/repository/com/github/almasb/fxgl/17.1/fxgl-17.1.jar!/fxglassets/ui/fonts/Abel-Regular.ttf
16:05:19.518 [FXGL Background Thread 4 ] DEBUG FXGLAssetLoaderServi - Loading from file system: jar:file:///C:/Users/WONDER/.m2/repository/com/github/almasb/fxgl/17.1/fxgl-17.1.jar!/fxglassets/ui/fonts/TerminalLandMono-Regular.otf
16:05:19.525 [FXGL Background Thread 4 ] DEBUG FXGLAssetLoaderServi - Loading from file system: jar:file:///C:/Users/WONDER/.m2/repository/com/github/almasb/fxgl/17.1/fxgl-17.1.jar!/fxglassets/ui/fonts/Courier-Prime.ttf
16:05:19.578 [JavaFX Application Thread] DEBUG Input                - Clearing active input actions
16:05:19.582 [JavaFX Application Thread] DEBUG GameApplicationServi - Removing overlay from FXGLMainMenuDummyScene and adding to GameMainMenu
16:05:19.582 [JavaFX Application Thread] DEBUG PrimaryStageWindow   - FXGLMainMenuDummyScene -> GameMainMenu
16:05:19.604 [FXGL Background Thread 2 ] WARN  UpdaterService       - Failed to find updates: java.net.ConnectException: Connection refused: connect
16:05:19.649 [JavaFX Application Thread] DEBUG FXGLApplication      - Registering font factories with UI factory
16:05:21.585 [JavaFX Application Thread] DEBUG FXGLAssetLoaderServi - Loading from file system: file:/C:/Users/WONDER/Desktop/FXGL_Tank-main2/target/classes/assets/sounds/mainMenuHover.wav
16:05:22.431 [FXGL Background Thread 3 ] DEBUG Engine               - Logging environment variables
16:05:22.432 [FXGL Background Thread 3 ] DEBUG Engine               - achievements: []
16:05:22.434 [FXGL Background Thread 3 ] DEBUG Engine               - actualHeight: 672.0
16:05:22.436 [FXGL Background Thread 3 ] DEBUG Engine               - actualHeightProperty: ReadOnlyDoubleProperty [value: 672.0]
16:05:22.436 [FXGL Background Thread 3 ] DEBUG Engine               - actualWidth: 816.0
16:05:22.436 [FXGL Background Thread 3 ] DEBUG Engine               - actualWidthProperty: ReadOnlyDoubleProperty [value: 816.0]
16:05:22.436 [FXGL Background Thread 3 ] DEBUG Engine               - appIcon: ui/icon.png
16:05:22.436 [FXGL Background Thread 3 ] DEBUG Engine               - applicationMode: DEVELOPER
16:05:22.436 [FXGL Background Thread 3 ] DEBUG Engine               - cSSList: [fxgl_dark.css, tankApp.css]
16:05:22.436 [FXGL Background Thread 3 ] DEBUG Engine               - collisionDetectionStrategy: BRUTE_FORCE
16:05:22.436 [FXGL Background Thread 3 ] DEBUG Engine               - configClass: Optional.empty
16:05:22.436 [FXGL Background Thread 3 ] DEBUG Engine               - credits: []
16:05:22.437 [FXGL Background Thread 3 ] DEBUG Engine               - defaultCursor: CursorInfo(imageName=ui/cursor.png, hotspotX=0.0, hotspotY=0.0)
16:05:22.438 [FXGL Background Thread 3 ] DEBUG Engine               - devBBoxColorProperty: ObjectProperty [value: 0xff0000ff]
16:05:22.438 [FXGL Background Thread 3 ] DEBUG Engine               - devEnableDebugCameraProperty: BooleanProperty [value: false]
16:05:22.438 [FXGL Background Thread 3 ] DEBUG Engine               - devSensorColorProperty: ObjectProperty [value: 0xffff00ff]
16:05:22.439 [FXGL Background Thread 3 ] DEBUG Engine               - devShowBBoxProperty: BooleanProperty [value: false]
16:05:22.439 [FXGL Background Thread 3 ] DEBUG Engine               - devShowPositionProperty: BooleanProperty [value: false]
16:05:22.439 [FXGL Background Thread 3 ] DEBUG Engine               - enabledMenuItems: []
16:05:22.439 [FXGL Background Thread 3 ] DEBUG Engine               - engineServices: [class com.almasb.fxgl.app.services.FXGLAssetLoaderService, class com.almasb.fxgl.app.FXGLApplication$GameApplicationService, class com.almasb.fxgl.app.services.FXGLDialogService, class com.almasb.fxgl.app.services.IOTaskExecutorService, class com.almasb.fxgl.io.FileSystemService, class com.almasb.fxgl.localization.LocalizationService, class com.almasb.fxgl.app.services.SystemBundleService, class com.almasb.fxgl.profile.SaveLoadService, class com.almasb.fxgl.ui.FXGLUIFactoryServiceProvider, class com.almasb.fxgl.ui.FXGLDialogFactoryServiceProvider, class com.almasb.fxgl.audio.AudioPlayer, class com.almasb.fxgl.notification.impl.NotificationServiceProvider, class com.almasb.fxgl.achievement.AchievementService, class com.almasb.fxgl.cutscene.CutsceneService, class com.almasb.fxgl.minigames.MiniGameService, class com.almasb.fxgl.net.NetService, class com.almasb.fxgl.app.services.UpdaterService, class com.almasb.fxgl.dev.DevService]
16:05:22.439 [FXGL Background Thread 3 ] DEBUG Engine               - fontGame: Abel-Regular.ttf
16:05:22.439 [FXGL Background Thread 3 ] DEBUG Engine               - fontMono: TerminalLandMono-Regular.otf
16:05:22.439 [FXGL Background Thread 3 ] DEBUG Engine               - fontText: Courier-Prime.ttf
16:05:22.439 [FXGL Background Thread 3 ] DEBUG Engine               - fontUI: VarelaRound-Regular.ttf
16:05:22.439 [FXGL Background Thread 3 ] DEBUG Engine               - fullScreen: BooleanProperty [value: false]
16:05:22.439 [FXGL Background Thread 3 ] DEBUG Engine               - gameDifficulty: MEDIUM
16:05:22.440 [FXGL Background Thread 3 ] DEBUG Engine               - gameDifficultyProperty: ObjectProperty [value: MEDIUM]
16:05:22.440 [FXGL Background Thread 3 ] DEBUG Engine               - globalMusicVolume: 0.5
16:05:22.440 [FXGL Background Thread 3 ] DEBUG Engine               - globalMusicVolumeProperty: DoubleProperty [value: 0.5]
16:05:22.440 [FXGL Background Thread 3 ] DEBUG Engine               - globalSoundVolume: 0.5
16:05:22.440 [FXGL Background Thread 3 ] DEBUG Engine               - globalSoundVolumeProperty: DoubleProperty [value: 0.5]
16:05:22.440 [FXGL Background Thread 3 ] DEBUG Engine               - height: 672
16:05:22.440 [FXGL Background Thread 3 ] DEBUG Engine               - is3D: false
16:05:22.440 [FXGL Background Thread 3 ] DEBUG Engine               - isAndroid: false
16:05:22.440 [FXGL Background Thread 3 ] DEBUG Engine               - isBrowser: false
16:05:22.440 [FXGL Background Thread 3 ] DEBUG Engine               - isClickFeedbackEnabled: false
16:05:22.441 [FXGL Background Thread 3 ] DEBUG Engine               - isCloseConfirmation: false
16:05:22.441 [FXGL Background Thread 3 ] DEBUG Engine               - isDesktop: true
16:05:22.441 [FXGL Background Thread 3 ] DEBUG Engine               - isDeveloperMenuEnabled: false
16:05:22.441 [FXGL Background Thread 3 ] DEBUG Engine               - isEmbedded: false
16:05:22.441 [FXGL Background Thread 3 ] DEBUG Engine               - isEntityPreloadEnabled: true
16:05:22.441 [FXGL Background Thread 3 ] DEBUG Engine               - isExperimentalTiledLargeMap: false
16:05:22.441 [FXGL Background Thread 3 ] DEBUG Engine               - isFileSystemWriteAllowed: true
16:05:22.441 [FXGL Background Thread 3 ] DEBUG Engine               - isFullScreenAllowed: false
16:05:22.441 [FXGL Background Thread 3 ] DEBUG Engine               - isFullScreenFromStart: false
16:05:22.442 [FXGL Background Thread 3 ] DEBUG Engine               - isGameMenuEnabled: true
16:05:22.442 [FXGL Background Thread 3 ] DEBUG Engine               - isIOS: false
16:05:22.442 [FXGL Background Thread 3 ] DEBUG Engine               - isIntroEnabled: false
16:05:22.443 [FXGL Background Thread 3 ] DEBUG Engine               - isLinux: false
16:05:22.443 [FXGL Background Thread 3 ] DEBUG Engine               - isMac: false
16:05:22.443 [FXGL Background Thread 3 ] DEBUG Engine               - isMainMenuEnabled: true
16:05:22.443 [FXGL Background Thread 3 ] DEBUG Engine               - isManualResizeEnabled: false
16:05:22.443 [FXGL Background Thread 3 ] DEBUG Engine               - isMobile: false
16:05:22.443 [FXGL Background Thread 3 ] DEBUG Engine               - isNative: false
16:05:22.443 [FXGL Background Thread 3 ] DEBUG Engine               - isPauseMusicWhenMinimized: true
16:05:22.443 [FXGL Background Thread 3 ] DEBUG Engine               - isPreserveResizeRatio: false
16:05:22.443 [FXGL Background Thread 3 ] DEBUG Engine               - isProfilingEnabled: false
16:05:22.443 [FXGL Background Thread 3 ] DEBUG Engine               - isScaleAffectedOnResize: true
16:05:22.443 [FXGL Background Thread 3 ] DEBUG Engine               - isSingleStep: false
16:05:22.443 [FXGL Background Thread 3 ] DEBUG Engine               - isUserProfileEnabled: false
16:05:22.443 [FXGL Background Thread 3 ] DEBUG Engine               - isWindows: true
16:05:22.443 [FXGL Background Thread 3 ] DEBUG Engine               - language: ObjectProperty [value: ENGLISH]
16:05:22.443 [FXGL Background Thread 3 ] DEBUG Engine               - menuKey: ESCAPE
16:05:22.443 [FXGL Background Thread 3 ] DEBUG Engine               - mouseSensitivity: 0.2
16:05:22.443 [FXGL Background Thread 3 ] DEBUG Engine               - notificationViewClass: class com.almasb.fxgl.notification.view.XboxNotificationView
16:05:22.443 [FXGL Background Thread 3 ] DEBUG Engine               - pixelsPerMeter: 50.0
16:05:22.443 [FXGL Background Thread 3 ] DEBUG Engine               - platform: WINDOWS
16:05:22.443 [FXGL Background Thread 3 ] DEBUG Engine               - prefHeightProperty: ReadOnlyDoubleProperty [value: 672.0]
16:05:22.444 [FXGL Background Thread 3 ] DEBUG Engine               - prefWidthProperty: ReadOnlyDoubleProperty [value: 816.0]
16:05:22.444 [FXGL Background Thread 3 ] DEBUG Engine               - profileDir: profiles/
16:05:22.444 [FXGL Background Thread 3 ] DEBUG Engine               - profileName: StringProperty [value: DEFAULT]
16:05:22.444 [FXGL Background Thread 3 ] DEBUG Engine               - randomSeed: -1
16:05:22.444 [FXGL Background Thread 3 ] DEBUG Engine               - runtimeInfo: RuntimeInfo(platform=WINDOWS, version=17.1, build=24.03.2022 17.34)
16:05:22.444 [FXGL Background Thread 3 ] DEBUG Engine               - saveFileExt: sav
16:05:22.444 [FXGL Background Thread 3 ] DEBUG Engine               - scaledHeightProp$fxgl: DoubleProperty [bound, value: 672.0]
16:05:22.445 [FXGL Background Thread 3 ] DEBUG Engine               - scaledWidthProp$fxgl: DoubleProperty [bound, value: 816.0]
16:05:22.445 [FXGL Background Thread 3 ] DEBUG Engine               - sceneFactory: com.ningf.tank.TankApp$1@51667deb
16:05:22.445 [FXGL Background Thread 3 ] DEBUG Engine               - secondsIn24h: 60
16:05:22.445 [FXGL Background Thread 3 ] DEBUG Engine               - soundMenuBack: menu/back.wav
16:05:22.445 [FXGL Background Thread 3 ] DEBUG Engine               - soundMenuPress: menu/press.wav
16:05:22.445 [FXGL Background Thread 3 ] DEBUG Engine               - soundMenuSelect: menu/select.wav
16:05:22.445 [FXGL Background Thread 3 ] DEBUG Engine               - soundNotification: core/notification.wav
16:05:22.445 [FXGL Background Thread 3 ] DEBUG Engine               - stageStyle: DECORATED
16:05:22.445 [FXGL Background Thread 3 ] DEBUG Engine               - supportedLanguages: [ENGLISH, FRENCH, GERMAN, HUNGARIAN, RUSSIAN]
16:05:22.445 [FXGL Background Thread 3 ] DEBUG Engine               - ticksPerSecond: -1
16:05:22.445 [FXGL Background Thread 3 ] DEBUG Engine               - title: 90 Tank
16:05:22.445 [FXGL Background Thread 3 ] DEBUG Engine               - urlGithub: https://github.com/AlmasB/FXGL
16:05:22.445 [FXGL Background Thread 3 ] DEBUG Engine               - urlLeaderboard: http://fxgl-top.herokuapp.com/
16:05:22.445 [FXGL Background Thread 3 ] DEBUG Engine               - urlPOM: https://raw.githubusercontent.com/AlmasB/FXGL/release/README.md
16:05:22.445 [FXGL Background Thread 3 ] DEBUG Engine               - userAppClass: class com.ningf.tank.TankApp
16:05:22.445 [FXGL Background Thread 3 ] DEBUG Engine               - version: Version 0.3
16:05:22.445 [FXGL Background Thread 3 ] DEBUG Engine               - versionCheckDays: 7
16:05:22.445 [FXGL Background Thread 3 ] DEBUG Engine               - width: 816
16:05:22.445 [FXGL Background Thread 3 ] DEBUG Engine               - Logging services
16:05:22.445 [FXGL Background Thread 3 ] DEBUG Engine               - class com.almasb.fxgl.app.services.FXGLAssetLoaderService
16:05:22.445 [FXGL Background Thread 3 ] DEBUG Engine               - class com.almasb.fxgl.app.FXGLApplication$GameApplicationService
16:05:22.445 [FXGL Background Thread 3 ] DEBUG Engine               - class com.almasb.fxgl.app.services.FXGLDialogService
16:05:22.445 [FXGL Background Thread 3 ] DEBUG Engine               - class com.almasb.fxgl.app.services.IOTaskExecutorService
16:05:22.445 [FXGL Background Thread 3 ] DEBUG Engine               - class com.almasb.fxgl.io.FileSystemService
16:05:22.445 [FXGL Background Thread 3 ] DEBUG Engine               - class com.almasb.fxgl.localization.LocalizationService
16:05:22.445 [FXGL Background Thread 3 ] DEBUG Engine               - class com.almasb.fxgl.app.services.SystemBundleService
16:05:22.445 [FXGL Background Thread 3 ] DEBUG Engine               - class com.almasb.fxgl.profile.SaveLoadService
16:05:22.445 [FXGL Background Thread 3 ] DEBUG Engine               - class com.almasb.fxgl.ui.FXGLUIFactoryServiceProvider
16:05:22.445 [FXGL Background Thread 3 ] DEBUG Engine               - class com.almasb.fxgl.ui.FXGLDialogFactoryServiceProvider
16:05:22.445 [FXGL Background Thread 3 ] DEBUG Engine               - class com.almasb.fxgl.audio.AudioPlayer
16:05:22.445 [FXGL Background Thread 3 ] DEBUG Engine               - class com.almasb.fxgl.notification.impl.NotificationServiceProvider
16:05:22.445 [FXGL Background Thread 3 ] DEBUG Engine               - class com.almasb.fxgl.achievement.AchievementService
16:05:22.445 [FXGL Background Thread 3 ] DEBUG Engine               - class com.almasb.fxgl.cutscene.CutsceneService
16:05:22.445 [FXGL Background Thread 3 ] DEBUG Engine               - class com.almasb.fxgl.minigames.MiniGameService
16:05:22.445 [FXGL Background Thread 3 ] DEBUG Engine               - class com.almasb.fxgl.net.NetService
16:05:22.445 [FXGL Background Thread 3 ] DEBUG Engine               - class com.almasb.fxgl.app.services.UpdaterService
16:05:22.445 [FXGL Background Thread 3 ] DEBUG Engine               - class com.almasb.fxgl.dev.DevService
16:05:23.369 [JavaFX Application Thread] DEBUG FXGLAssetLoaderServi - Loading from file system: file:/C:/Users/WONDER/Desktop/FXGL_Tank-main2/target/classes/assets/sounds/select.wav
16:05:34.474 [JavaFX Application Thread] DEBUG GameApplicationServi - Starting new game
16:05:34.475 [JavaFX Application Thread] DEBUG PrimaryStageWindow   - Pop state: GameMainMenu
16:05:34.476 [JavaFX Application Thread] DEBUG Input                - Clearing active input actions
16:05:34.478 [JavaFX Application Thread] DEBUG GameApplicationServi - Removing overlay from GameMainMenu and adding to FXGLMainMenuDummyScene
16:05:34.479 [JavaFX Application Thread] DEBUG PrimaryStageWindow   - FXGLMainMenuDummyScene <- GameMainMenu
16:05:34.480 [JavaFX Application Thread] DEBUG Input                - Clearing active input actions
16:05:34.530 [JavaFX Application Thread] DEBUG GameApplicationServi - Removing overlay from FXGLMainMenuDummyScene and adding to GameLoadingScene
16:05:34.530 [JavaFX Application Thread] DEBUG PrimaryStageWindow   - FXGLMainMenuDummyScene -> GameLoadingScene
16:05:34.531 [JavaFX Application Thread] DEBUG GameApplicationServi - Clearing previous game
16:05:34.531 [JavaFX Application Thread] DEBUG GameScene            - Clearing game scene
16:05:34.531 [JavaFX Application Thread] DEBUG GameWorld            - Clearing game world
16:05:34.532 [JavaFX Application Thread] DEBUG PhysicsWorld         - Clearing physics world
16:05:34.534 [FXGL Background Thread 2 ] DEBUG FXGLApplication      - Initializing game
16:05:34.564 [FXGL Background Thread 2 ] DEBUG FXGLAssetLoaderServi - Loading from file system: file:/C:/Users/WONDER/Desktop/FXGL_Tank-main2/target/classes/assets/properties/game.properties
16:05:34.589 [FXGL Background Thread 2 ] DEBUG FXGLAssetLoaderServi - Loading from file system: file:/C:/Users/WONDER/Desktop/FXGL_Tank-main2/target/classes/assets/textures/map/stone.png
16:05:34.590 [FXGL Background Thread 2 ] DEBUG FXGLAssetLoaderServi - Loading from file system: file:/C:/Users/WONDER/Desktop/FXGL_Tank-main2/target/classes/assets/textures/map/brick.png
16:05:34.594 [FXGL Background Thread 2 ] DEBUG FXGLAssetLoaderServi - Loading from file system: file:/C:/Users/WONDER/Desktop/FXGL_Tank-main2/target/classes/assets/textures/map/sea_anim.png
16:05:34.596 [FXGL Background Thread 2 ] DEBUG FXGLAssetLoaderServi - Loading from file system: file:/C:/Users/WONDER/Desktop/FXGL_Tank-main2/target/classes/assets/textures/explode/explode_level_2.png
16:05:34.620 [pool-2-thread-1          ] WARN  TMXLevelLoader       - TiledMap generated from 1.8.4. Supported version: 1.4.2. Some features may not be parsed fully.
16:05:34.627 [pool-2-thread-1          ] DEBUG TMXLevelLoader       - Parsed TiledMap: file:/C:/Users/WONDER/Desktop/FXGL_Tank-main2/ConstructMap/level0.tmx
16:05:34.627 [pool-2-thread-1          ] DEBUG TMXLevelLoader       - Creating tile layer entities
16:05:34.628 [pool-2-thread-1          ] DEBUG TMXLevelLoader       - Creating object layer entities
16:05:34.660 [pool-2-thread-1          ] DEBUG GameWorld            - Clearing removable entities
16:05:34.660 [pool-2-thread-1          ] DEBUG GameWorld            - Setting level: com.almasb.fxgl.entity.level.Level@35d7aa6a
16:05:34.661 [pool-2-thread-1          ] DEBUG FXGLAssetLoaderServi - Loading from file system: file:/C:/Users/WONDER/Desktop/FXGL_Tank-main2/target/classes/assets/sounds/start.wav
16:05:34.669 [pool-2-thread-1          ] DEBUG FXGLAssetLoaderServi - Loading from file system: file:/C:/Users/WONDER/Desktop/FXGL_Tank-main2/target/classes/assets/textures/tank/H1U.png
16:05:34.673 [pool-2-thread-1          ] DEBUG FXGLAssetLoaderServi - Loading from file system: file:/C:/Users/WONDER/Desktop/FXGL_Tank-main2/target/classes/assets/textures/item/armed_helmet.png
16:05:34.683 [pool-2-thread-1          ] DEBUG FXGLAssetLoaderServi - Loading from file system: file:/C:/Users/WONDER/Desktop/FXGL_Tank-main2/target/classes/assets/textures/ui/enemy_pre.png
16:05:34.687 [pool-2-thread-1          ] DEBUG FXGLAssetLoaderServi - Loading from file system: file:/C:/Users/WONDER/Desktop/FXGL_Tank-main2/target/classes/assets/textures/ui/levelFlag.png
16:05:34.688 [pool-2-thread-1          ] DEBUG FXGLAssetLoaderServi - Loading from file system: file:/C:/Users/WONDER/Desktop/FXGL_Tank-main2/target/classes/assets/textures/ui/bulletLevel.png
16:05:34.691 [pool-2-thread-1          ] DEBUG FXGLAssetLoaderServi - Loading from file system: file:/C:/Users/WONDER/Desktop/FXGL_Tank-main2/target/classes/assets/textures/tank/spawnTank.png
16:05:34.693 [pool-2-thread-1          ] DEBUG FXGLAssetLoaderServi - Loading from file system: file:/C:/Users/WONDER/Desktop/FXGL_Tank-main2/target/classes/assets/textures/tank/E4U.png
16:05:34.695 [pool-2-thread-1          ] DEBUG FXGLAssetLoaderServi - Loading from file system: file:/C:/Users/WONDER/Desktop/FXGL_Tank-main2/target/classes/assets/textures/tank/E12U.png
16:05:34.696 [pool-2-thread-1          ] DEBUG FXGLAssetLoaderServi - Loading from file system: file:/C:/Users/WONDER/Desktop/FXGL_Tank-main2/target/classes/assets/textures/tank/E1U.png
16:05:34.699 [FXGL Background Thread 2 ] INFO  FXGLApplication      - Game initialization took: 0.164 sec
16:05:34.699 [JavaFX Application Thread] DEBUG Input                - Clearing active input actions
16:05:34.705 [JavaFX Application Thread] DEBUG GameApplicationServi - Removing overlay from GameLoadingScene and adding to GameScene
16:05:34.706 [JavaFX Application Thread] DEBUG PrimaryStageWindow   - GameLoadingScene -> GameScene
16:05:35.445 [JavaFX Application Thread] DEBUG FXGLAssetLoaderServi - Loading from file system: file:/C:/Users/WONDER/Desktop/FXGL_Tank-main2/target/classes/assets/sounds/normalFire.wav
16:05:35.449 [JavaFX Application Thread] DEBUG FXGLAssetLoaderServi - Loading from file system: file:/C:/Users/WONDER/Desktop/FXGL_Tank-main2/target/classes/assets/textures/bullet/normal.png
16:05:35.838 [JavaFX Application Thread] DEBUG FXGLApplication      - Exiting FXGL
16:05:35.838 [JavaFX Application Thread] DEBUG LoopRunner           - Stopping loop
16:05:35.838 [JavaFX Application Thread] DEBUG SystemBundleService  - Saving FXGL system data
16:05:35.841 [JavaFX Application Thread] DEBUG FileSystemAccess     - Writing to: C:\Users\WONDER\Desktop\FXGL_Tank-main2\system\fxgl.bundle
16:05:35.844 [JavaFX Application Thread] DEBUG Async                - Shutting down background threads
16:05:35.844 [JavaFX Application Thread] DEBUG PrimaryStageWindow   - Closing main window
16:05:35.872 [JavaFX Application Thread] DEBUG Logger               - Closing Logger
