10:25:50.000 [main                     ] DEBUG Logger               - Configured Logger
10:25:50.023 [main                     ] DEBUG GameApplication      - Logging settings
Title: 90 Tank
Version: Version 0.3
Width: 816
Height: 672
Fullscreen: false
Intro: false
Profiling: false
Single step:false
App Mode: DEVELOPER
Menu Key: ESCAPE
Stage Style: DECORATED
Scene Factory: class com.ningf.tank.TankApp$1

10:25:50.305 [JavaFX Application Thread] DEBUG FXGLApplication      - Initializing FXGL
10:25:50.310 [JavaFX Application Thread] INFO  Engine               - FXGL-17.1 (24.03.2022 17.34) on WINDOWS (J:17.0.7 FX:18)
10:25:50.311 [JavaFX Application Thread] DEBUG Engine               - JRE Vendor Name: Oracle Corporation
10:25:50.311 [JavaFX Application Thread] DEBUG Engine               - Running on OS: Windows 11 version 10.0
10:25:50.311 [JavaFX Application Thread] DEBUG Engine               - Architecture: amd64
10:25:50.311 [JavaFX Application Thread] INFO  Engine               - Source code and latest versions at: https://github.com/AlmasB/FXGL
10:25:50.311 [JavaFX Application Thread] INFO  Engine               -       Ask questions and discuss at: https://github.com/AlmasB/FXGL/discussions
10:25:50.311 [JavaFX Application Thread] INFO  Engine               -              Join the FXGL chat at: https://gitter.im/AlmasB/FXGL
10:25:50.381 [JavaFX Application Thread] DEBUG PrimaryStageWindow   - Creating a JavaFX scene
10:25:50.411 [JavaFX Application Thread] DEBUG PrimaryStageWindow   - Target settings size: 816.0 x 672.0
10:25:50.411 [JavaFX Application Thread] DEBUG PrimaryStageWindow   - Scaled scene size:    816.0 x 672.0
10:25:50.411 [JavaFX Application Thread] DEBUG PrimaryStageWindow   - Scaled ratio: (1.0, 1.0)
10:25:50.412 [JavaFX Application Thread] DEBUG PrimaryStageWindow   - Set initial scene to GameStartupScene
10:25:50.418 [JavaFX Application Thread] DEBUG PrimaryStageWindow   - Opening main window
10:25:50.497 [JavaFX Application Thread] DEBUG PrimaryStageWindow   - Window border size: (14.66668701171875, 37.33331298828125)
10:25:50.497 [JavaFX Application Thread] DEBUG PrimaryStageWindow   - Scaled size: 816.0 x 672.0
10:25:50.497 [JavaFX Application Thread] DEBUG PrimaryStageWindow   - Scaled ratio: (1.0, 1.0)
10:25:50.498 [JavaFX Application Thread] DEBUG PrimaryStageWindow   - Scene size: 816.0 x 672.0
10:25:50.498 [JavaFX Application Thread] DEBUG PrimaryStageWindow   - Stage size: 830.6666870117188 x 709.3333129882812
10:25:50.503 [FXGL Background Thread 1 ] DEBUG Engine               - Initializing environment variables
10:25:50.534 [FXGL Background Thread 1 ] DEBUG FXGLAssetLoaderServi - User app class for loading assets: class com.ningf.tank.TankApp
10:25:50.534 [FXGL Background Thread 1 ] DEBUG GameApplicationServi - Applying CSS: fxgl_dark.css
10:25:50.534 [FXGL Background Thread 1 ] DEBUG FXGLAssetLoaderServi - Loading from file system: jar:file:///C:/Users/WONDER/.m2/repository/com/github/almasb/fxgl/17.1/fxgl-17.1.jar!/fxglassets/ui/css/fxgl_dark.css
10:25:50.551 [FXGL Background Thread 1 ] DEBUG GameApplicationServi - Applying CSS: tankApp.css
10:25:50.551 [FXGL Background Thread 1 ] DEBUG FXGLAssetLoaderServi - Loading from file system: file:/D:/SoftwareDevelopment/javaFxProject/tank_v3.1/target/classes/assets/ui/css/tankApp.css
10:25:50.552 [FXGL Background Thread 1 ] DEBUG GameApplicationServi - Initializing application scenes
10:25:50.555 [FXGL Background Thread 1 ] DEBUG GameWorld            - Game world initialized
10:25:50.605 [FXGL Background Thread 1 ] DEBUG PhysicsWorld         - Physics world initialized: appHeight=672, physics.ppm=50.0
10:25:50.605 [FXGL Background Thread 1 ] DEBUG PhysicsWorld         - Using strategy: BRUTE_FORCE
10:25:50.610 [FXGL Background Thread 1 ] DEBUG GameScene            - Game scene initialized: 816x672
10:25:50.613 [FXGL Background Thread 1 ] DEBUG FXGLAssetLoaderServi - Loading from file system: file:/D:/SoftwareDevelopment/javaFxProject/tank_v3.1/target/classes/assets/textures/ui/logo.png
10:25:50.626 [FXGL Background Thread 1 ] DEBUG FXGLAssetLoaderServi - Loading from file system: file:/D:/SoftwareDevelopment/javaFxProject/tank_v3.1/target/classes/assets/textures/ui/icon.png
10:25:50.635 [FXGL Background Thread 1 ] DEBUG FXGLAssetLoaderServi - Loading from file system: file:/D:/SoftwareDevelopment/javaFxProject/tank_v3.1/target/classes/assets/textures/ui/tankLoading.png
10:25:50.658 [FXGL Background Thread 1 ] DEBUG FXGLAssetLoaderServi - Loading from file system: file:/D:/SoftwareDevelopment/javaFxProject/tank_v3.1/target/classes/assets/textures/ui/fxgl.png
10:25:50.694 [FXGL Background Thread 1 ] DEBUG FXGL.DefaultMenu     - createMenuBodyGameMenu()
10:25:50.701 [FXGL Background Thread 1 ] DEBUG FXGL.DefaultMenu     - createOptionsMenu()
10:25:50.708 [FXGL Background Thread 1 ] DEBUG FXGLAssetLoaderServi - Loading from file system: jar:file:///C:/Users/WONDER/.m2/repository/com/github/almasb/fxgl/17.1/fxgl-17.1.jar!/fxglassets/textures/particles/smoke.png
10:25:50.776 [FXGL Background Thread 1 ] DEBUG FXGLAssetLoaderServi - Loading from file system: jar:file:///C:/Users/WONDER/.m2/repository/com/github/almasb/fxgl/17.1/fxgl-17.1.jar!/fxglassets/textures/particles/trace_horizontal.png
10:25:50.793 [FXGL Background Thread 1 ] DEBUG GameApplicationServi - Application scenes initialized
10:25:50.800 [FXGL Background Thread 1 ] DEBUG SystemBundleService  - Loading FXGL system data
10:25:50.804 [FXGL Background Thread 1 ] DEBUG FileSystemAccess     - Reading from: D:\SoftwareDevelopment\javaFxProject\tank_v3.1\system\fxgl.bundle
10:25:50.810 [FXGL Background Thread 1 ] DEBUG SystemBundleService  - Bundle FXGL: {}
10:25:50.810 [FXGL Background Thread 1 ] DEBUG UpdaterService       - Checking for updates
10:25:50.815 [FXGL Background Thread 4 ] DEBUG FXGLApplication      - Loading fonts
10:25:50.815 [FXGL Background Thread 1 ] DEBUG FXGLApplication      - Loading default localization
10:25:50.815 [FXGL Background Thread 4 ] DEBUG FXGLAssetLoaderServi - Loading from file system: jar:file:///C:/Users/WONDER/.m2/repository/com/github/almasb/fxgl/17.1/fxgl-17.1.jar!/fxglassets/ui/fonts/VarelaRound-Regular.ttf
10:25:50.816 [FXGL Background Thread 1 ] DEBUG FXGLAssetLoaderServi - Loading from file system: jar:file:///C:/Users/WONDER/.m2/repository/com/github/almasb/fxgl/17.1/fxgl-17.1.jar!/fxglassets/languages/english.lang
10:25:50.841 [FXGL Background Thread 1 ] INFO  FXGLApplication      - FXGL initialization took: 0.337 sec
10:25:50.849 [JavaFX Application Thread] DEBUG Input                - Registered new binding: action0 - W
10:25:50.850 [JavaFX Application Thread] DEBUG Input                - Registered new binding: action1 - S
10:25:50.852 [JavaFX Application Thread] DEBUG Input                - Registered new binding: action2 - A
10:25:50.852 [JavaFX Application Thread] DEBUG Input                - Registered new binding: action3 - D
10:25:50.852 [JavaFX Application Thread] DEBUG Input                - Registered new binding: action4 - Space
10:25:50.853 [JavaFX Application Thread] DEBUG Input                - Registered new binding: action5 - O
10:25:50.853 [JavaFX Application Thread] DEBUG Input                - Registered new binding: action6 - Up
10:25:50.853 [JavaFX Application Thread] DEBUG Input                - Registered new binding: action7 - Down
10:25:50.853 [JavaFX Application Thread] DEBUG Input                - Registered new binding: action8 - Left
10:25:50.854 [JavaFX Application Thread] DEBUG Input                - Registered new binding: action9 - Right
10:25:50.854 [JavaFX Application Thread] DEBUG Input                - Registered new binding: action10 - Enter
10:25:50.854 [JavaFX Application Thread] DEBUG Input                - Registered new binding: action11 - Numpad 0
10:25:50.858 [JavaFX Application Thread] DEBUG FXGLAssetLoaderServi - Loading from file system: file:/D:/SoftwareDevelopment/javaFxProject/tank_v3.1/target/classes/assets/textures/ui/cursor.png
10:25:50.860 [JavaFX Application Thread] DEBUG Input                - Registered new binding: Screenshot - CTRL+8
10:25:50.862 [JavaFX Application Thread] DEBUG Input                - Registered new binding: System info dump - CTRL+9
10:25:50.863 [JavaFX Application Thread] DEBUG Input                - Registered new binding: Restart - CTRL+R
10:25:50.865 [JavaFX Application Thread] DEBUG Input                - Registered new binding: Toggle Debug Camera - CTRL+7
10:25:50.869 [JavaFX Application Thread] DEBUG LoopRunner           - Starting loop
10:25:50.869 [JavaFX Application Thread] DEBUG LoopRunner           - Initializing JavaFX AnimationTimerLoop
10:25:50.876 [JavaFX Application Thread] DEBUG Input                - Clearing active input actions
10:25:50.888 [JavaFX Application Thread] DEBUG GameApplicationServi - Removing overlay from GameStartupScene and adding to FXGLMainMenuDummyScene
10:25:50.888 [JavaFX Application Thread] DEBUG PrimaryStageWindow   - GameStartupScene -> FXGLMainMenuDummyScene
10:25:50.888 [JavaFX Application Thread] DEBUG PrimaryStageWindow   - Push state: GameMainMenu
10:25:50.888 [JavaFX Application Thread] DEBUG FXGLAssetLoaderServi - Loading from file system: file:/D:/SoftwareDevelopment/javaFxProject/tank_v3.1/target/classes/assets/sounds/mainMenuLoad.wav
10:25:50.892 [FXGL Background Thread 4 ] DEBUG FXGLAssetLoaderServi - Loading from file system: jar:file:///C:/Users/WONDER/.m2/repository/com/github/almasb/fxgl/17.1/fxgl-17.1.jar!/fxglassets/ui/fonts/Abel-Regular.ttf
10:25:50.900 [FXGL Background Thread 4 ] DEBUG FXGLAssetLoaderServi - Loading from file system: jar:file:///C:/Users/WONDER/.m2/repository/com/github/almasb/fxgl/17.1/fxgl-17.1.jar!/fxglassets/ui/fonts/TerminalLandMono-Regular.otf
10:25:50.908 [FXGL Background Thread 4 ] DEBUG FXGLAssetLoaderServi - Loading from file system: jar:file:///C:/Users/WONDER/.m2/repository/com/github/almasb/fxgl/17.1/fxgl-17.1.jar!/fxglassets/ui/fonts/Courier-Prime.ttf
10:25:50.970 [JavaFX Application Thread] DEBUG Input                - Clearing active input actions
10:25:50.974 [JavaFX Application Thread] DEBUG GameApplicationServi - Removing overlay from FXGLMainMenuDummyScene and adding to GameMainMenu
10:25:50.974 [JavaFX Application Thread] DEBUG PrimaryStageWindow   - FXGLMainMenuDummyScene -> GameMainMenu
10:25:51.023 [FXGL Background Thread 2 ] WARN  UpdaterService       - Failed to find updates: java.net.UnknownHostException: raw.githubusercontent.com
10:25:51.046 [JavaFX Application Thread] DEBUG FXGLApplication      - Registering font factories with UI factory
10:25:52.987 [JavaFX Application Thread] DEBUG FXGLAssetLoaderServi - Loading from file system: file:/D:/SoftwareDevelopment/javaFxProject/tank_v3.1/target/classes/assets/sounds/mainMenuHover.wav
10:25:53.814 [FXGL Background Thread 3 ] DEBUG Engine               - Logging environment variables
10:25:53.815 [FXGL Background Thread 3 ] DEBUG Engine               - achievements: []
10:25:53.816 [FXGL Background Thread 3 ] DEBUG Engine               - actualHeight: 672.0
10:25:53.818 [FXGL Background Thread 3 ] DEBUG Engine               - actualHeightProperty: ReadOnlyDoubleProperty [value: 672.0]
10:25:53.818 [FXGL Background Thread 3 ] DEBUG Engine               - actualWidth: 816.0
10:25:53.818 [FXGL Background Thread 3 ] DEBUG Engine               - actualWidthProperty: ReadOnlyDoubleProperty [value: 816.0]
10:25:53.818 [FXGL Background Thread 3 ] DEBUG Engine               - appIcon: ui/icon.png
10:25:53.819 [FXGL Background Thread 3 ] DEBUG Engine               - applicationMode: DEVELOPER
10:25:53.819 [FXGL Background Thread 3 ] DEBUG Engine               - cSSList: [fxgl_dark.css, tankApp.css]
10:25:53.819 [FXGL Background Thread 3 ] DEBUG Engine               - collisionDetectionStrategy: BRUTE_FORCE
10:25:53.819 [FXGL Background Thread 3 ] DEBUG Engine               - configClass: Optional.empty
10:25:53.819 [FXGL Background Thread 3 ] DEBUG Engine               - credits: []
10:25:53.820 [FXGL Background Thread 3 ] DEBUG Engine               - defaultCursor: CursorInfo(imageName=ui/cursor.png, hotspotX=0.0, hotspotY=0.0)
10:25:53.820 [FXGL Background Thread 3 ] DEBUG Engine               - devBBoxColorProperty: ObjectProperty [value: 0xff0000ff]
10:25:53.820 [FXGL Background Thread 3 ] DEBUG Engine               - devEnableDebugCameraProperty: BooleanProperty [value: false]
10:25:53.820 [FXGL Background Thread 3 ] DEBUG Engine               - devSensorColorProperty: ObjectProperty [value: 0xffff00ff]
10:25:53.820 [FXGL Background Thread 3 ] DEBUG Engine               - devShowBBoxProperty: BooleanProperty [value: false]
10:25:53.820 [FXGL Background Thread 3 ] DEBUG Engine               - devShowPositionProperty: BooleanProperty [value: false]
10:25:53.821 [FXGL Background Thread 3 ] DEBUG Engine               - enabledMenuItems: []
10:25:53.821 [FXGL Background Thread 3 ] DEBUG Engine               - engineServices: [class com.almasb.fxgl.app.services.FXGLAssetLoaderService, class com.almasb.fxgl.app.FXGLApplication$GameApplicationService, class com.almasb.fxgl.app.services.FXGLDialogService, class com.almasb.fxgl.app.services.IOTaskExecutorService, class com.almasb.fxgl.io.FileSystemService, class com.almasb.fxgl.localization.LocalizationService, class com.almasb.fxgl.app.services.SystemBundleService, class com.almasb.fxgl.profile.SaveLoadService, class com.almasb.fxgl.ui.FXGLUIFactoryServiceProvider, class com.almasb.fxgl.ui.FXGLDialogFactoryServiceProvider, class com.almasb.fxgl.audio.AudioPlayer, class com.almasb.fxgl.notification.impl.NotificationServiceProvider, class com.almasb.fxgl.achievement.AchievementService, class com.almasb.fxgl.cutscene.CutsceneService, class com.almasb.fxgl.minigames.MiniGameService, class com.almasb.fxgl.net.NetService, class com.almasb.fxgl.app.services.UpdaterService, class com.almasb.fxgl.dev.DevService]
10:25:53.821 [FXGL Background Thread 3 ] DEBUG Engine               - fontGame: Abel-Regular.ttf
10:25:53.821 [FXGL Background Thread 3 ] DEBUG Engine               - fontMono: TerminalLandMono-Regular.otf
10:25:53.821 [FXGL Background Thread 3 ] DEBUG Engine               - fontText: Courier-Prime.ttf
10:25:53.821 [FXGL Background Thread 3 ] DEBUG Engine               - fontUI: VarelaRound-Regular.ttf
10:25:53.821 [FXGL Background Thread 3 ] DEBUG Engine               - fullScreen: BooleanProperty [value: false]
10:25:53.821 [FXGL Background Thread 3 ] DEBUG Engine               - gameDifficulty: MEDIUM
10:25:53.821 [FXGL Background Thread 3 ] DEBUG Engine               - gameDifficultyProperty: ObjectProperty [value: MEDIUM]
10:25:53.821 [FXGL Background Thread 3 ] DEBUG Engine               - globalMusicVolume: 0.5
10:25:53.821 [FXGL Background Thread 3 ] DEBUG Engine               - globalMusicVolumeProperty: DoubleProperty [value: 0.5]
10:25:53.821 [FXGL Background Thread 3 ] DEBUG Engine               - globalSoundVolume: 0.5
10:25:53.821 [FXGL Background Thread 3 ] DEBUG Engine               - globalSoundVolumeProperty: DoubleProperty [value: 0.5]
10:25:53.821 [FXGL Background Thread 3 ] DEBUG Engine               - height: 672
10:25:53.821 [FXGL Background Thread 3 ] DEBUG Engine               - is3D: false
10:25:53.821 [FXGL Background Thread 3 ] DEBUG Engine               - isAndroid: false
10:25:53.821 [FXGL Background Thread 3 ] DEBUG Engine               - isBrowser: false
10:25:53.821 [FXGL Background Thread 3 ] DEBUG Engine               - isClickFeedbackEnabled: false
10:25:53.821 [FXGL Background Thread 3 ] DEBUG Engine               - isCloseConfirmation: false
10:25:53.823 [FXGL Background Thread 3 ] DEBUG Engine               - isDesktop: true
10:25:53.823 [FXGL Background Thread 3 ] DEBUG Engine               - isDeveloperMenuEnabled: false
10:25:53.823 [FXGL Background Thread 3 ] DEBUG Engine               - isEmbedded: false
10:25:53.823 [FXGL Background Thread 3 ] DEBUG Engine               - isEntityPreloadEnabled: true
10:25:53.823 [FXGL Background Thread 3 ] DEBUG Engine               - isExperimentalTiledLargeMap: false
10:25:53.823 [FXGL Background Thread 3 ] DEBUG Engine               - isFileSystemWriteAllowed: true
10:25:53.823 [FXGL Background Thread 3 ] DEBUG Engine               - isFullScreenAllowed: false
10:25:53.824 [FXGL Background Thread 3 ] DEBUG Engine               - isFullScreenFromStart: false
10:25:53.824 [FXGL Background Thread 3 ] DEBUG Engine               - isGameMenuEnabled: true
10:25:53.824 [FXGL Background Thread 3 ] DEBUG Engine               - isIOS: false
10:25:53.824 [FXGL Background Thread 3 ] DEBUG Engine               - isIntroEnabled: false
10:25:53.824 [FXGL Background Thread 3 ] DEBUG Engine               - isLinux: false
10:25:53.824 [FXGL Background Thread 3 ] DEBUG Engine               - isMac: false
10:25:53.824 [FXGL Background Thread 3 ] DEBUG Engine               - isMainMenuEnabled: true
10:25:53.824 [FXGL Background Thread 3 ] DEBUG Engine               - isManualResizeEnabled: false
10:25:53.825 [FXGL Background Thread 3 ] DEBUG Engine               - isMobile: false
10:25:53.825 [FXGL Background Thread 3 ] DEBUG Engine               - isNative: false
10:25:53.825 [FXGL Background Thread 3 ] DEBUG Engine               - isPauseMusicWhenMinimized: true
10:25:53.825 [FXGL Background Thread 3 ] DEBUG Engine               - isPreserveResizeRatio: false
10:25:53.825 [FXGL Background Thread 3 ] DEBUG Engine               - isProfilingEnabled: false
10:25:53.825 [FXGL Background Thread 3 ] DEBUG Engine               - isScaleAffectedOnResize: true
10:25:53.825 [FXGL Background Thread 3 ] DEBUG Engine               - isSingleStep: false
10:25:53.825 [FXGL Background Thread 3 ] DEBUG Engine               - isUserProfileEnabled: false
10:25:53.825 [FXGL Background Thread 3 ] DEBUG Engine               - isWindows: true
10:25:53.825 [FXGL Background Thread 3 ] DEBUG Engine               - language: ObjectProperty [value: ENGLISH]
10:25:53.825 [FXGL Background Thread 3 ] DEBUG Engine               - menuKey: ESCAPE
10:25:53.825 [FXGL Background Thread 3 ] DEBUG Engine               - mouseSensitivity: 0.2
10:25:53.825 [FXGL Background Thread 3 ] DEBUG Engine               - notificationViewClass: class com.almasb.fxgl.notification.view.XboxNotificationView
10:25:53.825 [FXGL Background Thread 3 ] DEBUG Engine               - pixelsPerMeter: 50.0
10:25:53.825 [FXGL Background Thread 3 ] DEBUG Engine               - platform: WINDOWS
10:25:53.825 [FXGL Background Thread 3 ] DEBUG Engine               - prefHeightProperty: ReadOnlyDoubleProperty [value: 672.0]
10:25:53.825 [FXGL Background Thread 3 ] DEBUG Engine               - prefWidthProperty: ReadOnlyDoubleProperty [value: 816.0]
10:25:53.825 [FXGL Background Thread 3 ] DEBUG Engine               - profileDir: profiles/
10:25:53.826 [FXGL Background Thread 3 ] DEBUG Engine               - profileName: StringProperty [value: DEFAULT]
10:25:53.826 [FXGL Background Thread 3 ] DEBUG Engine               - randomSeed: -1
10:25:53.826 [FXGL Background Thread 3 ] DEBUG Engine               - runtimeInfo: RuntimeInfo(platform=WINDOWS, version=17.1, build=24.03.2022 17.34)
10:25:53.826 [FXGL Background Thread 3 ] DEBUG Engine               - saveFileExt: sav
10:25:53.826 [FXGL Background Thread 3 ] DEBUG Engine               - scaledHeightProp$fxgl: DoubleProperty [bound, value: 672.0]
10:25:53.826 [FXGL Background Thread 3 ] DEBUG Engine               - scaledWidthProp$fxgl: DoubleProperty [bound, value: 816.0]
10:25:53.826 [FXGL Background Thread 3 ] DEBUG Engine               - sceneFactory: com.ningf.tank.TankApp$1@4c2c7fb7
10:25:53.826 [FXGL Background Thread 3 ] DEBUG Engine               - secondsIn24h: 60
10:25:53.826 [FXGL Background Thread 3 ] DEBUG Engine               - soundMenuBack: menu/back.wav
10:25:53.826 [FXGL Background Thread 3 ] DEBUG Engine               - soundMenuPress: menu/press.wav
10:25:53.826 [FXGL Background Thread 3 ] DEBUG Engine               - soundMenuSelect: menu/select.wav
10:25:53.826 [FXGL Background Thread 3 ] DEBUG Engine               - soundNotification: core/notification.wav
10:25:53.826 [FXGL Background Thread 3 ] DEBUG Engine               - stageStyle: DECORATED
10:25:53.826 [FXGL Background Thread 3 ] DEBUG Engine               - supportedLanguages: [ENGLISH, FRENCH, GERMAN, HUNGARIAN, RUSSIAN]
10:25:53.826 [FXGL Background Thread 3 ] DEBUG Engine               - ticksPerSecond: -1
10:25:53.826 [FXGL Background Thread 3 ] DEBUG Engine               - title: 90 Tank
10:25:53.826 [FXGL Background Thread 3 ] DEBUG Engine               - urlGithub: https://github.com/AlmasB/FXGL
10:25:53.827 [FXGL Background Thread 3 ] DEBUG Engine               - urlLeaderboard: http://fxgl-top.herokuapp.com/
10:25:53.827 [FXGL Background Thread 3 ] DEBUG Engine               - urlPOM: https://raw.githubusercontent.com/AlmasB/FXGL/release/README.md
10:25:53.827 [FXGL Background Thread 3 ] DEBUG Engine               - userAppClass: class com.ningf.tank.TankApp
10:25:53.827 [FXGL Background Thread 3 ] DEBUG Engine               - version: Version 0.3
10:25:53.827 [FXGL Background Thread 3 ] DEBUG Engine               - versionCheckDays: 7
10:25:53.827 [FXGL Background Thread 3 ] DEBUG Engine               - width: 816
10:25:53.827 [FXGL Background Thread 3 ] DEBUG Engine               - Logging services
10:25:53.827 [FXGL Background Thread 3 ] DEBUG Engine               - class com.almasb.fxgl.app.services.FXGLAssetLoaderService
10:25:53.827 [FXGL Background Thread 3 ] DEBUG Engine               - class com.almasb.fxgl.app.FXGLApplication$GameApplicationService
10:25:53.827 [FXGL Background Thread 3 ] DEBUG Engine               - class com.almasb.fxgl.app.services.FXGLDialogService
10:25:53.827 [FXGL Background Thread 3 ] DEBUG Engine               - class com.almasb.fxgl.app.services.IOTaskExecutorService
10:25:53.827 [FXGL Background Thread 3 ] DEBUG Engine               - class com.almasb.fxgl.io.FileSystemService
10:25:53.827 [FXGL Background Thread 3 ] DEBUG Engine               - class com.almasb.fxgl.localization.LocalizationService
10:25:53.827 [FXGL Background Thread 3 ] DEBUG Engine               - class com.almasb.fxgl.app.services.SystemBundleService
10:25:53.827 [FXGL Background Thread 3 ] DEBUG Engine               - class com.almasb.fxgl.profile.SaveLoadService
10:25:53.827 [FXGL Background Thread 3 ] DEBUG Engine               - class com.almasb.fxgl.ui.FXGLUIFactoryServiceProvider
10:25:53.827 [FXGL Background Thread 3 ] DEBUG Engine               - class com.almasb.fxgl.ui.FXGLDialogFactoryServiceProvider
10:25:53.827 [FXGL Background Thread 3 ] DEBUG Engine               - class com.almasb.fxgl.audio.AudioPlayer
10:25:53.827 [FXGL Background Thread 3 ] DEBUG Engine               - class com.almasb.fxgl.notification.impl.NotificationServiceProvider
10:25:53.827 [FXGL Background Thread 3 ] DEBUG Engine               - class com.almasb.fxgl.achievement.AchievementService
10:25:53.827 [FXGL Background Thread 3 ] DEBUG Engine               - class com.almasb.fxgl.cutscene.CutsceneService
10:25:53.827 [FXGL Background Thread 3 ] DEBUG Engine               - class com.almasb.fxgl.minigames.MiniGameService
10:25:53.827 [FXGL Background Thread 3 ] DEBUG Engine               - class com.almasb.fxgl.net.NetService
10:25:53.827 [FXGL Background Thread 3 ] DEBUG Engine               - class com.almasb.fxgl.app.services.UpdaterService
10:25:53.827 [FXGL Background Thread 3 ] DEBUG Engine               - class com.almasb.fxgl.dev.DevService
10:27:00.390 [JavaFX Application Thread] DEBUG FXGLAssetLoaderServi - Loading from file system: file:/D:/SoftwareDevelopment/javaFxProject/tank_v3.1/target/classes/assets/sounds/select.wav
10:27:09.714 [JavaFX Application Thread] DEBUG GameApplicationServi - Starting new game
10:27:09.716 [JavaFX Application Thread] DEBUG PrimaryStageWindow   - Pop state: GameMainMenu
10:27:09.716 [JavaFX Application Thread] DEBUG Input                - Clearing active input actions
10:27:09.719 [JavaFX Application Thread] DEBUG GameApplicationServi - Removing overlay from GameMainMenu and adding to FXGLMainMenuDummyScene
10:27:09.719 [JavaFX Application Thread] DEBUG PrimaryStageWindow   - FXGLMainMenuDummyScene <- GameMainMenu
10:27:09.719 [JavaFX Application Thread] DEBUG Input                - Clearing active input actions
10:27:09.726 [JavaFX Application Thread] DEBUG GameApplicationServi - Removing overlay from FXGLMainMenuDummyScene and adding to GameLoadingScene
10:27:09.726 [JavaFX Application Thread] DEBUG PrimaryStageWindow   - FXGLMainMenuDummyScene -> GameLoadingScene
10:27:09.726 [JavaFX Application Thread] DEBUG GameApplicationServi - Clearing previous game
10:27:09.726 [JavaFX Application Thread] DEBUG GameScene            - Clearing game scene
10:27:09.726 [JavaFX Application Thread] DEBUG GameWorld            - Clearing game world
10:27:09.727 [JavaFX Application Thread] DEBUG PhysicsWorld         - Clearing physics world
10:27:09.728 [FXGL Background Thread 5 ] DEBUG FXGLApplication      - Initializing game
10:27:09.729 [FXGL Background Thread 5 ] DEBUG FXGLAssetLoaderServi - Loading from file system: file:/D:/SoftwareDevelopment/javaFxProject/tank_v3.1/target/classes/assets/properties/game.properties
10:27:09.737 [FXGL Background Thread 5 ] DEBUG FXGLAssetLoaderServi - Loading from file system: file:/D:/SoftwareDevelopment/javaFxProject/tank_v3.1/target/classes/assets/textures/map/stone.png
10:27:09.739 [FXGL Background Thread 5 ] DEBUG FXGLAssetLoaderServi - Loading from file system: file:/D:/SoftwareDevelopment/javaFxProject/tank_v3.1/target/classes/assets/textures/map/brick.png
10:27:09.743 [FXGL Background Thread 5 ] DEBUG FXGLAssetLoaderServi - Loading from file system: file:/D:/SoftwareDevelopment/javaFxProject/tank_v3.1/target/classes/assets/textures/map/sea_anim.png
10:27:09.743 [FXGL Background Thread 5 ] DEBUG FXGLAssetLoaderServi - Loading from file system: file:/D:/SoftwareDevelopment/javaFxProject/tank_v3.1/target/classes/assets/textures/explode/explode_level_2.png
10:27:09.763 [pool-2-thread-1          ] WARN  TMXLevelLoader       - TiledMap generated from 1.8.4. Supported version: 1.4.2. Some features may not be parsed fully.
10:27:09.770 [pool-2-thread-1          ] DEBUG TMXLevelLoader       - Parsed TiledMap: file:/D:/SoftwareDevelopment/javaFxProject/tank_v3.1/ConstructMap/level0.tmx
10:27:09.771 [pool-2-thread-1          ] DEBUG TMXLevelLoader       - Creating tile layer entities
10:27:09.771 [pool-2-thread-1          ] DEBUG TMXLevelLoader       - Creating object layer entities
10:27:09.798 [pool-2-thread-1          ] DEBUG GameWorld            - Clearing removable entities
10:27:09.800 [pool-2-thread-1          ] DEBUG GameWorld            - Setting level: com.almasb.fxgl.entity.level.Level@6a6aad12
10:27:09.801 [pool-2-thread-1          ] DEBUG FXGLAssetLoaderServi - Loading from file system: file:/D:/SoftwareDevelopment/javaFxProject/tank_v3.1/target/classes/assets/sounds/start.wav
10:27:09.809 [pool-2-thread-1          ] DEBUG FXGLAssetLoaderServi - Loading from file system: file:/D:/SoftwareDevelopment/javaFxProject/tank_v3.1/target/classes/assets/textures/tank/H1U.png
10:27:09.812 [pool-2-thread-1          ] DEBUG FXGLAssetLoaderServi - Loading from file system: file:/D:/SoftwareDevelopment/javaFxProject/tank_v3.1/target/classes/assets/textures/item/armed_helmet.png
10:27:09.818 [pool-2-thread-1          ] DEBUG FXGLAssetLoaderServi - Loading from file system: file:/D:/SoftwareDevelopment/javaFxProject/tank_v3.1/target/classes/assets/textures/tank/H2U.png
10:27:09.821 [pool-2-thread-1          ] DEBUG FXGLAssetLoaderServi - Loading from file system: file:/D:/SoftwareDevelopment/javaFxProject/tank_v3.1/target/classes/assets/textures/ui/enemy_pre.png
10:27:09.823 [pool-2-thread-1          ] DEBUG FXGLAssetLoaderServi - Loading from file system: file:/D:/SoftwareDevelopment/javaFxProject/tank_v3.1/target/classes/assets/textures/ui/levelFlag.png
10:27:09.824 [pool-2-thread-1          ] DEBUG FXGLAssetLoaderServi - Loading from file system: file:/D:/SoftwareDevelopment/javaFxProject/tank_v3.1/target/classes/assets/textures/ui/bulletLevel.png
10:27:09.826 [pool-2-thread-1          ] DEBUG FXGLAssetLoaderServi - Loading from file system: file:/D:/SoftwareDevelopment/javaFxProject/tank_v3.1/target/classes/assets/textures/tank/spawnTank.png
10:27:09.827 [pool-2-thread-1          ] DEBUG FXGLAssetLoaderServi - Loading from file system: file:/D:/SoftwareDevelopment/javaFxProject/tank_v3.1/target/classes/assets/textures/tank/E3U.png
10:27:09.828 [pool-2-thread-1          ] DEBUG FXGLAssetLoaderServi - Loading from file system: file:/D:/SoftwareDevelopment/javaFxProject/tank_v3.1/target/classes/assets/textures/tank/E5U.png
10:27:09.829 [pool-2-thread-1          ] DEBUG FXGLAssetLoaderServi - Loading from file system: file:/D:/SoftwareDevelopment/javaFxProject/tank_v3.1/target/classes/assets/textures/tank/E10U.png
10:27:11.261 [JavaFX Application Thread] WARN  TMXLevelLoader       - TiledMap generated from 1.10.2. Supported version: 1.4.2. Some features may not be parsed fully.
10:27:11.272 [JavaFX Application Thread] DEBUG TMXLevelLoader       - Parsed TiledMap: file:/D:/SoftwareDevelopment/javaFxProject/tank_v3.1/target/classes/assets/levels/levelForTwo.tmx
10:27:11.272 [JavaFX Application Thread] DEBUG TMXLevelLoader       - Creating tile layer entities
10:27:11.272 [JavaFX Application Thread] DEBUG TMXLevelLoader       - Creating object layer entities
10:27:11.307 [JavaFX Application Thread] DEBUG GameWorld            - Clearing removable entities
10:27:11.311 [JavaFX Application Thread] DEBUG GameWorld            - Setting level: com.almasb.fxgl.entity.level.Level@7ae76598
10:27:48.363 [FXGL Background Thread 5 ] INFO  FXGLApplication      - Game initialization took: 38.635 sec
10:27:48.364 [JavaFX Application Thread] DEBUG Input                - Clearing active input actions
10:27:48.379 [JavaFX Application Thread] DEBUG GameApplicationServi - Removing overlay from GameLoadingScene and adding to GameScene
10:27:48.379 [JavaFX Application Thread] DEBUG PrimaryStageWindow   - GameLoadingScene -> GameScene
10:27:55.972 [JavaFX Application Thread] DEBUG FXGLAssetLoaderServi - Loading from file system: file:/D:/SoftwareDevelopment/javaFxProject/tank_v3.1/target/classes/assets/sounds/normalFire.wav
10:27:55.976 [JavaFX Application Thread] DEBUG FXGLAssetLoaderServi - Loading from file system: file:/D:/SoftwareDevelopment/javaFxProject/tank_v3.1/target/classes/assets/textures/bullet/normal.png
10:28:09.274 [JavaFX Application Thread] DEBUG FXGLAssetLoaderServi - Loading from file system: file:/D:/SoftwareDevelopment/javaFxProject/tank_v3.1/target/classes/assets/sounds/normalBomb.wav
10:29:41.341 [JavaFX Application Thread] DEBUG FXGLAssetLoaderServi - Loading from file system: file:/D:/SoftwareDevelopment/javaFxProject/tank_v3.1/target/classes/assets/textures/ui/YouWin.png
10:29:41.378 [JavaFX Application Thread] DEBUG PrimaryStageWindow   - Push state: FailedScene
10:29:41.379 [JavaFX Application Thread] DEBUG FXGLAssetLoaderServi - Loading from file system: file:/D:/SoftwareDevelopment/javaFxProject/tank_v3.1/target/classes/assets/sounds/GameOver.wav
10:29:41.394 [JavaFX Application Thread] DEBUG Input                - Clearing active input actions
10:29:41.394 [JavaFX Application Thread] DEBUG GameApplicationServi - Removing overlay from GameScene and adding to FailedScene
10:29:41.396 [JavaFX Application Thread] DEBUG PrimaryStageWindow   - GameScene -> FailedScene
10:29:45.209 [JavaFX Application Thread] DEBUG PrimaryStageWindow   - Pop state: FailedScene
10:29:45.209 [JavaFX Application Thread] DEBUG Input                - Clearing active input actions
10:29:45.210 [JavaFX Application Thread] DEBUG GameApplicationServi - Removing overlay from FailedScene and adding to GameScene
10:29:45.210 [JavaFX Application Thread] DEBUG PrimaryStageWindow   - GameScene <- FailedScene
10:29:45.211 [JavaFX Application Thread] DEBUG Input                - Clearing active input actions
10:29:45.219 [JavaFX Application Thread] DEBUG GameApplicationServi - Removing overlay from GameScene and adding to FXGLMainMenuDummyScene
10:29:45.219 [JavaFX Application Thread] DEBUG PrimaryStageWindow   - GameScene -> FXGLMainMenuDummyScene
10:29:45.219 [JavaFX Application Thread] DEBUG PrimaryStageWindow   - Push state: GameMainMenu
10:29:45.220 [JavaFX Application Thread] DEBUG Input                - Clearing active input actions
10:29:45.223 [JavaFX Application Thread] DEBUG GameApplicationServi - Removing overlay from FXGLMainMenuDummyScene and adding to GameMainMenu
10:29:45.223 [JavaFX Application Thread] DEBUG PrimaryStageWindow   - FXGLMainMenuDummyScene -> GameMainMenu
10:29:46.757 [Thread-611               ] DEBUG LoopRunner           - Stopping loop
10:29:46.760 [Thread-611               ] FATAL FXGLApplication      - Uncaught Exception:
java.lang.RuntimeException: java.net.SocketException: Connection reset
	at FXGL_Tank/com.ningf.tank.TankApp.lambda$initInput$5(TankApp.java:250)
	at java.base/java.lang.Thread.run(Thread.java:833)
Caused by: java.net.SocketException: Connection reset
	at java.base/sun.nio.ch.NioSocketImpl.implRead(NioSocketImpl.java:323)
	at java.base/sun.nio.ch.NioSocketImpl.read(NioSocketImpl.java:350)
	at java.base/sun.nio.ch.NioSocketImpl$1.read(NioSocketImpl.java:803)
	at java.base/java.net.Socket$SocketInputStream.read(Socket.java:966)
	at java.base/sun.nio.cs.StreamDecoder.readBytes(StreamDecoder.java:270)
	at java.base/sun.nio.cs.StreamDecoder.implRead(StreamDecoder.java:313)
	at java.base/sun.nio.cs.StreamDecoder.read(StreamDecoder.java:188)
	at java.base/java.io.InputStreamReader.read(InputStreamReader.java:177)
	at java.base/java.io.BufferedReader.fill(BufferedReader.java:162)
	at java.base/java.io.BufferedReader.readLine(BufferedReader.java:329)
	at java.base/java.io.BufferedReader.readLine(BufferedReader.java:396)
	at FXGL_Tank/com.ningf.tank.TankApp.startNetwork(TankApp.java:417)
	at FXGL_Tank/com.ningf.tank.TankApp.lambda$initInput$5(TankApp.java:248)
	... 1 more

10:29:46.761 [Thread-611               ] FATAL FXGLApplication      - Application will now exit
10:29:46.778 [Thread-611               ] DEBUG PrimaryStageWindow   - Push state: ErrorSubScene
10:29:46.779 [Thread-611               ] DEBUG Input                - Clearing active input actions
10:29:54.858 [JavaFX Application Thread] DEBUG FXGLApplication      - Exiting FXGL
10:29:54.858 [JavaFX Application Thread] DEBUG Async                - Shutting down background threads
10:29:54.859 [JavaFX Application Thread] DEBUG PrimaryStageWindow   - Closing main window
10:29:54.871 [JavaFX Application Thread] DEBUG Logger               - Closing Logger
