16:22:22.350 [main                     ] DEBUG Logger               - Configured Logger
16:22:22.374 [main                     ] DEBUG GameApplication      - Logging settings
Title: 90 Tank
Version: Version 0.3
Width: 816
Height: 672
Fullscreen: false
Intro: false
Profiling: false
Single step:false
App Mode: DEVELOPER
Menu Key: ESCAPE
Stage Style: DECORATED
Scene Factory: class com.ningf.tank.TankApp$1

16:22:22.650 [JavaFX Application Thread] DEBUG FXGLApplication      - Initializing FXGL
16:22:22.655 [JavaFX Application Thread] INFO  Engine               - FXGL-17.1 (24.03.2022 17.34) on WINDOWS (J:17.0.7 FX:18)
16:22:22.655 [JavaFX Application Thread] DEBUG Engine               - JRE Vendor Name: Oracle Corporation
16:22:22.656 [JavaFX Application Thread] DEBUG Engine               - Running on OS: Windows 11 version 10.0
16:22:22.656 [JavaFX Application Thread] DEBUG Engine               - Architecture: amd64
16:22:22.656 [JavaFX Application Thread] INFO  Engine               - Source code and latest versions at: https://github.com/AlmasB/FXGL
16:22:22.656 [JavaFX Application Thread] INFO  Engine               -       Ask questions and discuss at: https://github.com/AlmasB/FXGL/discussions
16:22:22.656 [JavaFX Application Thread] INFO  Engine               -              Join the FXGL chat at: https://gitter.im/AlmasB/FXGL
16:22:22.722 [JavaFX Application Thread] DEBUG PrimaryStageWindow   - Creating a JavaFX scene
16:22:22.757 [JavaFX Application Thread] DEBUG PrimaryStageWindow   - Target settings size: 816.0 x 672.0
16:22:22.757 [JavaFX Application Thread] DEBUG PrimaryStageWindow   - Scaled scene size:    816.0 x 672.0
16:22:22.757 [JavaFX Application Thread] DEBUG PrimaryStageWindow   - Scaled ratio: (1.0, 1.0)
16:22:22.759 [JavaFX Application Thread] DEBUG PrimaryStageWindow   - Set initial scene to GameStartupScene
16:22:22.765 [JavaFX Application Thread] DEBUG PrimaryStageWindow   - Opening main window
16:22:22.878 [JavaFX Application Thread] DEBUG PrimaryStageWindow   - Window border size: (14.66668701171875, 37.33331298828125)
16:22:22.879 [JavaFX Application Thread] DEBUG PrimaryStageWindow   - Scaled size: 816.0 x 672.0
16:22:22.879 [JavaFX Application Thread] DEBUG PrimaryStageWindow   - Scaled ratio: (1.0, 1.0)
16:22:22.879 [JavaFX Application Thread] DEBUG PrimaryStageWindow   - Scene size: 816.0 x 672.0
16:22:22.879 [JavaFX Application Thread] DEBUG PrimaryStageWindow   - Stage size: 830.6666870117188 x 709.3333129882812
16:22:22.885 [FXGL Background Thread 1 ] DEBUG Engine               - Initializing environment variables
16:22:22.919 [FXGL Background Thread 1 ] DEBUG FXGLAssetLoaderServi - User app class for loading assets: class com.ningf.tank.TankApp
16:22:22.919 [FXGL Background Thread 1 ] DEBUG GameApplicationServi - Applying CSS: fxgl_dark.css
16:22:22.923 [FXGL Background Thread 1 ] DEBUG FXGLAssetLoaderServi - Loading from file system: jar:file:///C:/Users/WONDER/.m2/repository/com/github/almasb/fxgl/17.1/fxgl-17.1.jar!/fxglassets/ui/css/fxgl_dark.css
16:22:22.937 [FXGL Background Thread 1 ] DEBUG GameApplicationServi - Applying CSS: tankApp.css
16:22:22.938 [FXGL Background Thread 1 ] DEBUG FXGLAssetLoaderServi - Loading from file system: file:/C:/Users/WONDER/Desktop/FXGL_Tank-main3/target/classes/assets/ui/css/tankApp.css
16:22:22.938 [FXGL Background Thread 1 ] DEBUG GameApplicationServi - Initializing application scenes
16:22:22.941 [FXGL Background Thread 1 ] DEBUG GameWorld            - Game world initialized
16:22:22.979 [FXGL Background Thread 1 ] DEBUG PhysicsWorld         - Physics world initialized: appHeight=672, physics.ppm=50.0
16:22:22.981 [FXGL Background Thread 1 ] DEBUG PhysicsWorld         - Using strategy: BRUTE_FORCE
16:22:22.984 [FXGL Background Thread 1 ] DEBUG GameScene            - Game scene initialized: 816x672
16:22:22.987 [FXGL Background Thread 1 ] DEBUG FXGLAssetLoaderServi - Loading from file system: file:/C:/Users/WONDER/Desktop/FXGL_Tank-main3/target/classes/assets/textures/ui/logo.png
16:22:22.999 [FXGL Background Thread 1 ] DEBUG FXGLAssetLoaderServi - Loading from file system: file:/C:/Users/WONDER/Desktop/FXGL_Tank-main3/target/classes/assets/textures/ui/icon.png
16:22:23.007 [FXGL Background Thread 1 ] DEBUG FXGLAssetLoaderServi - Loading from file system: file:/C:/Users/WONDER/Desktop/FXGL_Tank-main3/target/classes/assets/textures/ui/tankLoading.png
16:22:23.032 [FXGL Background Thread 1 ] DEBUG FXGLAssetLoaderServi - Loading from file system: file:/C:/Users/WONDER/Desktop/FXGL_Tank-main3/target/classes/assets/textures/ui/fxgl.png
16:22:23.066 [FXGL Background Thread 1 ] DEBUG FXGL.DefaultMenu     - createMenuBodyGameMenu()
16:22:23.071 [FXGL Background Thread 1 ] DEBUG FXGL.DefaultMenu     - createOptionsMenu()
16:22:23.083 [FXGL Background Thread 1 ] DEBUG FXGLAssetLoaderServi - Loading from file system: jar:file:///C:/Users/WONDER/.m2/repository/com/github/almasb/fxgl/17.1/fxgl-17.1.jar!/fxglassets/textures/particles/smoke.png
16:22:23.149 [FXGL Background Thread 1 ] DEBUG FXGLAssetLoaderServi - Loading from file system: jar:file:///C:/Users/WONDER/.m2/repository/com/github/almasb/fxgl/17.1/fxgl-17.1.jar!/fxglassets/textures/particles/trace_horizontal.png
16:22:23.184 [FXGL Background Thread 1 ] DEBUG GameApplicationServi - Application scenes initialized
16:22:23.193 [FXGL Background Thread 1 ] DEBUG SystemBundleService  - Loading FXGL system data
16:22:23.197 [FXGL Background Thread 1 ] DEBUG FileSystemAccess     - Reading from: C:\Users\WONDER\Desktop\FXGL_Tank-main3\system\fxgl.bundle
16:22:23.203 [FXGL Background Thread 1 ] DEBUG SystemBundleService  - Bundle FXGL: {}
16:22:23.203 [FXGL Background Thread 1 ] DEBUG UpdaterService       - Checking for updates
16:22:23.205 [FXGL Background Thread 4 ] DEBUG FXGLApplication      - Loading fonts
16:22:23.205 [FXGL Background Thread 1 ] DEBUG FXGLApplication      - Loading default localization
16:22:23.206 [FXGL Background Thread 4 ] DEBUG FXGLAssetLoaderServi - Loading from file system: jar:file:///C:/Users/WONDER/.m2/repository/com/github/almasb/fxgl/17.1/fxgl-17.1.jar!/fxglassets/ui/fonts/VarelaRound-Regular.ttf
16:22:23.206 [FXGL Background Thread 1 ] DEBUG FXGLAssetLoaderServi - Loading from file system: jar:file:///C:/Users/WONDER/.m2/repository/com/github/almasb/fxgl/17.1/fxgl-17.1.jar!/fxglassets/languages/english.lang
16:22:23.229 [FXGL Background Thread 1 ] INFO  FXGLApplication      - FXGL initialization took: 0.343 sec
16:22:23.239 [JavaFX Application Thread] DEBUG Input                - Registered new binding: action0 - W
16:22:23.240 [JavaFX Application Thread] DEBUG Input                - Registered new binding: action1 - S
16:22:23.240 [JavaFX Application Thread] DEBUG Input                - Registered new binding: action2 - A
16:22:23.241 [JavaFX Application Thread] DEBUG Input                - Registered new binding: action3 - D
16:22:23.243 [JavaFX Application Thread] DEBUG Input                - Registered new binding: action4 - Space
16:22:23.244 [JavaFX Application Thread] DEBUG Input                - Registered new binding: action5 - O
16:22:23.244 [JavaFX Application Thread] DEBUG Input                - Registered new binding: action6 - Up
16:22:23.245 [JavaFX Application Thread] DEBUG Input                - Registered new binding: action7 - Down
16:22:23.245 [JavaFX Application Thread] DEBUG Input                - Registered new binding: action8 - Left
16:22:23.245 [JavaFX Application Thread] DEBUG Input                - Registered new binding: action9 - Right
16:22:23.246 [JavaFX Application Thread] DEBUG Input                - Registered new binding: action10 - Numpad 0
16:22:23.246 [JavaFX Application Thread] DEBUG Input                - Registered new binding: action11 - F
16:22:23.252 [JavaFX Application Thread] DEBUG FXGLAssetLoaderServi - Loading from file system: file:/C:/Users/WONDER/Desktop/FXGL_Tank-main3/target/classes/assets/textures/ui/cursor.png
16:22:23.254 [JavaFX Application Thread] DEBUG Input                - Registered new binding: Screenshot - CTRL+8
16:22:23.255 [JavaFX Application Thread] DEBUG Input                - Registered new binding: System info dump - CTRL+9
16:22:23.255 [JavaFX Application Thread] DEBUG Input                - Registered new binding: Restart - CTRL+R
16:22:23.256 [JavaFX Application Thread] DEBUG Input                - Registered new binding: Toggle Debug Camera - CTRL+7
16:22:23.259 [JavaFX Application Thread] DEBUG LoopRunner           - Starting loop
16:22:23.259 [JavaFX Application Thread] DEBUG LoopRunner           - Initializing JavaFX AnimationTimerLoop
16:22:23.265 [JavaFX Application Thread] DEBUG Input                - Clearing active input actions
16:22:23.271 [JavaFX Application Thread] DEBUG GameApplicationServi - Removing overlay from GameStartupScene and adding to FXGLMainMenuDummyScene
16:22:23.271 [JavaFX Application Thread] DEBUG PrimaryStageWindow   - GameStartupScene -> FXGLMainMenuDummyScene
16:22:23.271 [JavaFX Application Thread] DEBUG PrimaryStageWindow   - Push state: GameMainMenu
16:22:23.272 [JavaFX Application Thread] DEBUG FXGLAssetLoaderServi - Loading from file system: file:/C:/Users/WONDER/Desktop/FXGL_Tank-main3/target/classes/assets/sounds/mainMenuLoad.wav
16:22:23.276 [FXGL Background Thread 4 ] DEBUG FXGLAssetLoaderServi - Loading from file system: jar:file:///C:/Users/WONDER/.m2/repository/com/github/almasb/fxgl/17.1/fxgl-17.1.jar!/fxglassets/ui/fonts/Abel-Regular.ttf
16:22:23.283 [FXGL Background Thread 4 ] DEBUG FXGLAssetLoaderServi - Loading from file system: jar:file:///C:/Users/WONDER/.m2/repository/com/github/almasb/fxgl/17.1/fxgl-17.1.jar!/fxglassets/ui/fonts/TerminalLandMono-Regular.otf
16:22:23.289 [FXGL Background Thread 4 ] DEBUG FXGLAssetLoaderServi - Loading from file system: jar:file:///C:/Users/WONDER/.m2/repository/com/github/almasb/fxgl/17.1/fxgl-17.1.jar!/fxglassets/ui/fonts/Courier-Prime.ttf
16:22:23.336 [JavaFX Application Thread] DEBUG Input                - Clearing active input actions
16:22:23.340 [JavaFX Application Thread] DEBUG GameApplicationServi - Removing overlay from FXGLMainMenuDummyScene and adding to GameMainMenu
16:22:23.340 [JavaFX Application Thread] DEBUG PrimaryStageWindow   - FXGLMainMenuDummyScene -> GameMainMenu
16:22:23.363 [FXGL Background Thread 2 ] WARN  UpdaterService       - Failed to find updates: java.net.ConnectException: Connection refused: connect
16:22:23.398 [JavaFX Application Thread] DEBUG FXGLApplication      - Registering font factories with UI factory
16:22:25.349 [JavaFX Application Thread] DEBUG FXGLAssetLoaderServi - Loading from file system: file:/C:/Users/WONDER/Desktop/FXGL_Tank-main3/target/classes/assets/sounds/mainMenuHover.wav
16:22:26.206 [FXGL Background Thread 3 ] DEBUG Engine               - Logging environment variables
16:22:26.207 [FXGL Background Thread 3 ] DEBUG Engine               - achievements: []
16:22:26.208 [FXGL Background Thread 3 ] DEBUG Engine               - actualHeight: 672.0
16:22:26.208 [FXGL Background Thread 3 ] DEBUG Engine               - actualHeightProperty: ReadOnlyDoubleProperty [value: 672.0]
16:22:26.209 [FXGL Background Thread 3 ] DEBUG Engine               - actualWidth: 816.0
16:22:26.209 [FXGL Background Thread 3 ] DEBUG Engine               - actualWidthProperty: ReadOnlyDoubleProperty [value: 816.0]
16:22:26.209 [FXGL Background Thread 3 ] DEBUG Engine               - appIcon: ui/icon.png
16:22:26.209 [FXGL Background Thread 3 ] DEBUG Engine               - applicationMode: DEVELOPER
16:22:26.209 [FXGL Background Thread 3 ] DEBUG Engine               - cSSList: [fxgl_dark.css, tankApp.css]
16:22:26.209 [FXGL Background Thread 3 ] DEBUG Engine               - collisionDetectionStrategy: BRUTE_FORCE
16:22:26.209 [FXGL Background Thread 3 ] DEBUG Engine               - configClass: Optional.empty
16:22:26.209 [FXGL Background Thread 3 ] DEBUG Engine               - credits: []
16:22:26.210 [FXGL Background Thread 3 ] DEBUG Engine               - defaultCursor: CursorInfo(imageName=ui/cursor.png, hotspotX=0.0, hotspotY=0.0)
16:22:26.211 [FXGL Background Thread 3 ] DEBUG Engine               - devBBoxColorProperty: ObjectProperty [value: 0xff0000ff]
16:22:26.211 [FXGL Background Thread 3 ] DEBUG Engine               - devEnableDebugCameraProperty: BooleanProperty [value: false]
16:22:26.211 [FXGL Background Thread 3 ] DEBUG Engine               - devSensorColorProperty: ObjectProperty [value: 0xffff00ff]
16:22:26.211 [FXGL Background Thread 3 ] DEBUG Engine               - devShowBBoxProperty: BooleanProperty [value: false]
16:22:26.211 [FXGL Background Thread 3 ] DEBUG Engine               - devShowPositionProperty: BooleanProperty [value: false]
16:22:26.211 [FXGL Background Thread 3 ] DEBUG Engine               - enabledMenuItems: []
16:22:26.212 [FXGL Background Thread 3 ] DEBUG Engine               - engineServices: [class com.almasb.fxgl.app.services.FXGLAssetLoaderService, class com.almasb.fxgl.app.FXGLApplication$GameApplicationService, class com.almasb.fxgl.app.services.FXGLDialogService, class com.almasb.fxgl.app.services.IOTaskExecutorService, class com.almasb.fxgl.io.FileSystemService, class com.almasb.fxgl.localization.LocalizationService, class com.almasb.fxgl.app.services.SystemBundleService, class com.almasb.fxgl.profile.SaveLoadService, class com.almasb.fxgl.ui.FXGLUIFactoryServiceProvider, class com.almasb.fxgl.ui.FXGLDialogFactoryServiceProvider, class com.almasb.fxgl.audio.AudioPlayer, class com.almasb.fxgl.notification.impl.NotificationServiceProvider, class com.almasb.fxgl.achievement.AchievementService, class com.almasb.fxgl.cutscene.CutsceneService, class com.almasb.fxgl.minigames.MiniGameService, class com.almasb.fxgl.net.NetService, class com.almasb.fxgl.app.services.UpdaterService, class com.almasb.fxgl.dev.DevService]
16:22:26.212 [FXGL Background Thread 3 ] DEBUG Engine               - fontGame: Abel-Regular.ttf
16:22:26.212 [FXGL Background Thread 3 ] DEBUG Engine               - fontMono: TerminalLandMono-Regular.otf
16:22:26.212 [FXGL Background Thread 3 ] DEBUG Engine               - fontText: Courier-Prime.ttf
16:22:26.212 [FXGL Background Thread 3 ] DEBUG Engine               - fontUI: VarelaRound-Regular.ttf
16:22:26.212 [FXGL Background Thread 3 ] DEBUG Engine               - fullScreen: BooleanProperty [value: false]
16:22:26.212 [FXGL Background Thread 3 ] DEBUG Engine               - gameDifficulty: MEDIUM
16:22:26.212 [FXGL Background Thread 3 ] DEBUG Engine               - gameDifficultyProperty: ObjectProperty [value: MEDIUM]
16:22:26.212 [FXGL Background Thread 3 ] DEBUG Engine               - globalMusicVolume: 0.5
16:22:26.212 [FXGL Background Thread 3 ] DEBUG Engine               - globalMusicVolumeProperty: DoubleProperty [value: 0.5]
16:22:26.212 [FXGL Background Thread 3 ] DEBUG Engine               - globalSoundVolume: 0.5
16:22:26.212 [FXGL Background Thread 3 ] DEBUG Engine               - globalSoundVolumeProperty: DoubleProperty [value: 0.5]
16:22:26.213 [FXGL Background Thread 3 ] DEBUG Engine               - height: 672
16:22:26.213 [FXGL Background Thread 3 ] DEBUG Engine               - is3D: false
16:22:26.213 [FXGL Background Thread 3 ] DEBUG Engine               - isAndroid: false
16:22:26.213 [FXGL Background Thread 3 ] DEBUG Engine               - isBrowser: false
16:22:26.213 [FXGL Background Thread 3 ] DEBUG Engine               - isClickFeedbackEnabled: false
16:22:26.213 [FXGL Background Thread 3 ] DEBUG Engine               - isCloseConfirmation: false
16:22:26.213 [FXGL Background Thread 3 ] DEBUG Engine               - isDesktop: true
16:22:26.213 [FXGL Background Thread 3 ] DEBUG Engine               - isDeveloperMenuEnabled: false
16:22:26.213 [FXGL Background Thread 3 ] DEBUG Engine               - isEmbedded: false
16:22:26.213 [FXGL Background Thread 3 ] DEBUG Engine               - isEntityPreloadEnabled: true
16:22:26.213 [FXGL Background Thread 3 ] DEBUG Engine               - isExperimentalTiledLargeMap: false
16:22:26.214 [FXGL Background Thread 3 ] DEBUG Engine               - isFileSystemWriteAllowed: true
16:22:26.214 [FXGL Background Thread 3 ] DEBUG Engine               - isFullScreenAllowed: false
16:22:26.214 [FXGL Background Thread 3 ] DEBUG Engine               - isFullScreenFromStart: false
16:22:26.216 [FXGL Background Thread 3 ] DEBUG Engine               - isGameMenuEnabled: true
16:22:26.216 [FXGL Background Thread 3 ] DEBUG Engine               - isIOS: false
16:22:26.216 [FXGL Background Thread 3 ] DEBUG Engine               - isIntroEnabled: false
16:22:26.216 [FXGL Background Thread 3 ] DEBUG Engine               - isLinux: false
16:22:26.216 [FXGL Background Thread 3 ] DEBUG Engine               - isMac: false
16:22:26.216 [FXGL Background Thread 3 ] DEBUG Engine               - isMainMenuEnabled: true
16:22:26.216 [FXGL Background Thread 3 ] DEBUG Engine               - isManualResizeEnabled: false
16:22:26.216 [FXGL Background Thread 3 ] DEBUG Engine               - isMobile: false
16:22:26.216 [FXGL Background Thread 3 ] DEBUG Engine               - isNative: false
16:22:26.216 [FXGL Background Thread 3 ] DEBUG Engine               - isPauseMusicWhenMinimized: true
16:22:26.216 [FXGL Background Thread 3 ] DEBUG Engine               - isPreserveResizeRatio: false
16:22:26.217 [FXGL Background Thread 3 ] DEBUG Engine               - isProfilingEnabled: false
16:22:26.217 [FXGL Background Thread 3 ] DEBUG Engine               - isScaleAffectedOnResize: true
16:22:26.217 [FXGL Background Thread 3 ] DEBUG Engine               - isSingleStep: false
16:22:26.217 [FXGL Background Thread 3 ] DEBUG Engine               - isUserProfileEnabled: false
16:22:26.217 [FXGL Background Thread 3 ] DEBUG Engine               - isWindows: true
16:22:26.217 [FXGL Background Thread 3 ] DEBUG Engine               - language: ObjectProperty [value: ENGLISH]
16:22:26.217 [FXGL Background Thread 3 ] DEBUG Engine               - menuKey: ESCAPE
16:22:26.217 [FXGL Background Thread 3 ] DEBUG Engine               - mouseSensitivity: 0.2
16:22:26.218 [FXGL Background Thread 3 ] DEBUG Engine               - notificationViewClass: class com.almasb.fxgl.notification.view.XboxNotificationView
16:22:26.218 [FXGL Background Thread 3 ] DEBUG Engine               - pixelsPerMeter: 50.0
16:22:26.218 [FXGL Background Thread 3 ] DEBUG Engine               - platform: WINDOWS
16:22:26.218 [FXGL Background Thread 3 ] DEBUG Engine               - prefHeightProperty: ReadOnlyDoubleProperty [value: 672.0]
16:22:26.218 [FXGL Background Thread 3 ] DEBUG Engine               - prefWidthProperty: ReadOnlyDoubleProperty [value: 816.0]
16:22:26.218 [FXGL Background Thread 3 ] DEBUG Engine               - profileDir: profiles/
16:22:26.218 [FXGL Background Thread 3 ] DEBUG Engine               - profileName: StringProperty [value: DEFAULT]
16:22:26.218 [FXGL Background Thread 3 ] DEBUG Engine               - randomSeed: -1
16:22:26.218 [FXGL Background Thread 3 ] DEBUG Engine               - runtimeInfo: RuntimeInfo(platform=WINDOWS, version=17.1, build=24.03.2022 17.34)
16:22:26.218 [FXGL Background Thread 3 ] DEBUG Engine               - saveFileExt: sav
16:22:26.219 [FXGL Background Thread 3 ] DEBUG Engine               - scaledHeightProp$fxgl: DoubleProperty [bound, value: 672.0]
16:22:26.219 [FXGL Background Thread 3 ] DEBUG Engine               - scaledWidthProp$fxgl: DoubleProperty [bound, value: 816.0]
16:22:26.219 [FXGL Background Thread 3 ] DEBUG Engine               - sceneFactory: com.ningf.tank.TankApp$1@b0335a
16:22:26.219 [FXGL Background Thread 3 ] DEBUG Engine               - secondsIn24h: 60
16:22:26.219 [FXGL Background Thread 3 ] DEBUG Engine               - soundMenuBack: menu/back.wav
16:22:26.219 [FXGL Background Thread 3 ] DEBUG Engine               - soundMenuPress: menu/press.wav
16:22:26.219 [FXGL Background Thread 3 ] DEBUG Engine               - soundMenuSelect: menu/select.wav
16:22:26.219 [FXGL Background Thread 3 ] DEBUG Engine               - soundNotification: core/notification.wav
16:22:26.219 [FXGL Background Thread 3 ] DEBUG Engine               - stageStyle: DECORATED
16:22:26.219 [FXGL Background Thread 3 ] DEBUG Engine               - supportedLanguages: [ENGLISH, FRENCH, GERMAN, HUNGARIAN, RUSSIAN]
16:22:26.219 [FXGL Background Thread 3 ] DEBUG Engine               - ticksPerSecond: -1
16:22:26.219 [FXGL Background Thread 3 ] DEBUG Engine               - title: 90 Tank
16:22:26.220 [FXGL Background Thread 3 ] DEBUG Engine               - urlGithub: https://github.com/AlmasB/FXGL
16:22:26.220 [FXGL Background Thread 3 ] DEBUG Engine               - urlLeaderboard: http://fxgl-top.herokuapp.com/
16:22:26.220 [FXGL Background Thread 3 ] DEBUG Engine               - urlPOM: https://raw.githubusercontent.com/AlmasB/FXGL/release/README.md
16:22:26.220 [FXGL Background Thread 3 ] DEBUG Engine               - userAppClass: class com.ningf.tank.TankApp
16:22:26.220 [FXGL Background Thread 3 ] DEBUG Engine               - version: Version 0.3
16:22:26.220 [FXGL Background Thread 3 ] DEBUG Engine               - versionCheckDays: 7
16:22:26.220 [FXGL Background Thread 3 ] DEBUG Engine               - width: 816
16:22:26.220 [FXGL Background Thread 3 ] DEBUG Engine               - Logging services
16:22:26.220 [FXGL Background Thread 3 ] DEBUG Engine               - class com.almasb.fxgl.app.services.FXGLAssetLoaderService
16:22:26.220 [FXGL Background Thread 3 ] DEBUG Engine               - class com.almasb.fxgl.app.FXGLApplication$GameApplicationService
16:22:26.220 [FXGL Background Thread 3 ] DEBUG Engine               - class com.almasb.fxgl.app.services.FXGLDialogService
16:22:26.220 [FXGL Background Thread 3 ] DEBUG Engine               - class com.almasb.fxgl.app.services.IOTaskExecutorService
16:22:26.220 [FXGL Background Thread 3 ] DEBUG Engine               - class com.almasb.fxgl.io.FileSystemService
16:22:26.220 [FXGL Background Thread 3 ] DEBUG Engine               - class com.almasb.fxgl.localization.LocalizationService
16:22:26.220 [FXGL Background Thread 3 ] DEBUG Engine               - class com.almasb.fxgl.app.services.SystemBundleService
16:22:26.220 [FXGL Background Thread 3 ] DEBUG Engine               - class com.almasb.fxgl.profile.SaveLoadService
16:22:26.220 [FXGL Background Thread 3 ] DEBUG Engine               - class com.almasb.fxgl.ui.FXGLUIFactoryServiceProvider
16:22:26.220 [FXGL Background Thread 3 ] DEBUG Engine               - class com.almasb.fxgl.ui.FXGLDialogFactoryServiceProvider
16:22:26.220 [FXGL Background Thread 3 ] DEBUG Engine               - class com.almasb.fxgl.audio.AudioPlayer
16:22:26.220 [FXGL Background Thread 3 ] DEBUG Engine               - class com.almasb.fxgl.notification.impl.NotificationServiceProvider
16:22:26.220 [FXGL Background Thread 3 ] DEBUG Engine               - class com.almasb.fxgl.achievement.AchievementService
16:22:26.220 [FXGL Background Thread 3 ] DEBUG Engine               - class com.almasb.fxgl.cutscene.CutsceneService
16:22:26.220 [FXGL Background Thread 3 ] DEBUG Engine               - class com.almasb.fxgl.minigames.MiniGameService
16:22:26.221 [FXGL Background Thread 3 ] DEBUG Engine               - class com.almasb.fxgl.net.NetService
16:22:26.221 [FXGL Background Thread 3 ] DEBUG Engine               - class com.almasb.fxgl.app.services.UpdaterService
16:22:26.221 [FXGL Background Thread 3 ] DEBUG Engine               - class com.almasb.fxgl.dev.DevService
16:22:27.438 [JavaFX Application Thread] DEBUG LoopRunner           - Pausing loop
16:22:30.510 [JavaFX Application Thread] DEBUG LoopRunner           - Resuming loop
16:22:31.903 [JavaFX Application Thread] DEBUG FXGLAssetLoaderServi - Loading from file system: file:/C:/Users/WONDER/Desktop/FXGL_Tank-main3/target/classes/assets/sounds/select.wav
16:22:34.088 [JavaFX Application Thread] DEBUG GameApplicationServi - Starting new game
16:22:34.088 [JavaFX Application Thread] DEBUG PrimaryStageWindow   - Pop state: GameMainMenu
16:22:34.088 [JavaFX Application Thread] DEBUG Input                - Clearing active input actions
16:22:34.089 [JavaFX Application Thread] DEBUG GameApplicationServi - Removing overlay from GameMainMenu and adding to FXGLMainMenuDummyScene
16:22:34.089 [JavaFX Application Thread] DEBUG PrimaryStageWindow   - FXGLMainMenuDummyScene <- GameMainMenu
16:22:34.089 [JavaFX Application Thread] DEBUG Input                - Clearing active input actions
16:22:34.106 [JavaFX Application Thread] DEBUG GameApplicationServi - Removing overlay from FXGLMainMenuDummyScene and adding to GameLoadingScene
16:22:34.106 [JavaFX Application Thread] DEBUG PrimaryStageWindow   - FXGLMainMenuDummyScene -> GameLoadingScene
16:22:34.106 [JavaFX Application Thread] DEBUG GameApplicationServi - Clearing previous game
16:22:34.106 [JavaFX Application Thread] DEBUG GameScene            - Clearing game scene
16:22:34.106 [JavaFX Application Thread] DEBUG GameWorld            - Clearing game world
16:22:34.107 [JavaFX Application Thread] DEBUG PhysicsWorld         - Clearing physics world
16:22:34.107 [FXGL Background Thread 2 ] DEBUG FXGLApplication      - Initializing game
16:22:34.118 [FXGL Background Thread 2 ] DEBUG FXGLAssetLoaderServi - Loading from file system: file:/C:/Users/WONDER/Desktop/FXGL_Tank-main3/target/classes/assets/properties/game.properties
16:22:34.135 [FXGL Background Thread 2 ] DEBUG FXGLAssetLoaderServi - Loading from file system: file:/C:/Users/WONDER/Desktop/FXGL_Tank-main3/target/classes/assets/textures/map/stone.png
16:22:34.136 [FXGL Background Thread 2 ] DEBUG FXGLAssetLoaderServi - Loading from file system: file:/C:/Users/WONDER/Desktop/FXGL_Tank-main3/target/classes/assets/textures/map/brick.png
16:22:34.140 [FXGL Background Thread 2 ] DEBUG FXGLAssetLoaderServi - Loading from file system: file:/C:/Users/WONDER/Desktop/FXGL_Tank-main3/target/classes/assets/textures/map/sea_anim.png
16:22:34.140 [FXGL Background Thread 2 ] DEBUG FXGLAssetLoaderServi - Loading from file system: file:/C:/Users/WONDER/Desktop/FXGL_Tank-main3/target/classes/assets/textures/explode/explode_level_2.png
16:22:34.162 [pool-2-thread-1          ] WARN  TMXLevelLoader       - TiledMap generated from 1.8.4. Supported version: 1.4.2. Some features may not be parsed fully.
16:22:34.176 [pool-2-thread-1          ] DEBUG TMXLevelLoader       - Parsed TiledMap: file:/C:/Users/WONDER/Desktop/FXGL_Tank-main3/ConstructMap/level0.tmx
16:22:34.177 [pool-2-thread-1          ] DEBUG TMXLevelLoader       - Creating tile layer entities
16:22:34.177 [pool-2-thread-1          ] DEBUG TMXLevelLoader       - Creating object layer entities
16:22:34.216 [pool-2-thread-1          ] DEBUG GameWorld            - Clearing removable entities
16:22:34.217 [pool-2-thread-1          ] DEBUG GameWorld            - Setting level: com.almasb.fxgl.entity.level.Level@70550a79
16:22:34.219 [pool-2-thread-1          ] DEBUG FXGLAssetLoaderServi - Loading from file system: file:/C:/Users/WONDER/Desktop/FXGL_Tank-main3/target/classes/assets/sounds/start.wav
16:22:34.231 [pool-2-thread-1          ] DEBUG FXGLAssetLoaderServi - Loading from file system: file:/C:/Users/WONDER/Desktop/FXGL_Tank-main3/target/classes/assets/textures/tank/H1U.png
16:22:34.236 [pool-2-thread-1          ] DEBUG FXGLAssetLoaderServi - Loading from file system: file:/C:/Users/WONDER/Desktop/FXGL_Tank-main3/target/classes/assets/textures/item/armed_helmet.png
16:22:34.243 [pool-2-thread-1          ] DEBUG FXGLAssetLoaderServi - Loading from file system: file:/C:/Users/WONDER/Desktop/FXGL_Tank-main3/target/classes/assets/textures/ui/enemy_pre.png
16:22:34.246 [pool-2-thread-1          ] DEBUG FXGLAssetLoaderServi - Loading from file system: file:/C:/Users/WONDER/Desktop/FXGL_Tank-main3/target/classes/assets/textures/ui/levelFlag.png
16:22:34.247 [pool-2-thread-1          ] DEBUG FXGLAssetLoaderServi - Loading from file system: file:/C:/Users/WONDER/Desktop/FXGL_Tank-main3/target/classes/assets/textures/ui/bulletLevel.png
16:22:34.251 [pool-2-thread-1          ] DEBUG FXGLAssetLoaderServi - Loading from file system: file:/C:/Users/WONDER/Desktop/FXGL_Tank-main3/target/classes/assets/textures/tank/spawnTank.png
16:22:34.253 [pool-2-thread-1          ] DEBUG FXGLAssetLoaderServi - Loading from file system: file:/C:/Users/WONDER/Desktop/FXGL_Tank-main3/target/classes/assets/textures/tank/E3U.png
16:22:34.255 [pool-2-thread-1          ] DEBUG FXGLAssetLoaderServi - Loading from file system: file:/C:/Users/WONDER/Desktop/FXGL_Tank-main3/target/classes/assets/textures/tank/E4U.png
16:22:34.258 [pool-2-thread-1          ] DEBUG FXGLAssetLoaderServi - Loading from file system: file:/C:/Users/WONDER/Desktop/FXGL_Tank-main3/target/classes/assets/textures/tank/E9U.png
16:22:34.269 [FXGL Background Thread 2 ] INFO  FXGLApplication      - Game initialization took: 0.161 sec
16:22:34.269 [JavaFX Application Thread] DEBUG Input                - Clearing active input actions
16:22:34.277 [JavaFX Application Thread] DEBUG GameApplicationServi - Removing overlay from GameLoadingScene and adding to GameScene
16:22:34.278 [JavaFX Application Thread] DEBUG PrimaryStageWindow   - GameLoadingScene -> GameScene
16:22:35.029 [JavaFX Application Thread] DEBUG FXGLAssetLoaderServi - Loading from file system: file:/C:/Users/WONDER/Desktop/FXGL_Tank-main3/target/classes/assets/sounds/normalFire.wav
16:22:35.043 [JavaFX Application Thread] DEBUG FXGLAssetLoaderServi - Loading from file system: file:/C:/Users/WONDER/Desktop/FXGL_Tank-main3/target/classes/assets/textures/bullet/normal.png
16:22:35.658 [JavaFX Application Thread] WARN  TMXLevelLoader       - TiledMap generated from 1.8.4. Supported version: 1.4.2. Some features may not be parsed fully.
16:22:35.664 [JavaFX Application Thread] DEBUG TMXLevelLoader       - Parsed TiledMap: file:/C:/Users/WONDER/Desktop/FXGL_Tank-main3/ConstructMap/level0.tmx
16:22:35.664 [JavaFX Application Thread] DEBUG TMXLevelLoader       - Creating tile layer entities
16:22:35.664 [JavaFX Application Thread] DEBUG TMXLevelLoader       - Creating object layer entities
16:22:35.688 [JavaFX Application Thread] DEBUG GameWorld            - Clearing removable entities
16:22:35.691 [JavaFX Application Thread] DEBUG GameWorld            - Setting level: com.almasb.fxgl.entity.level.Level@68c28a89
16:22:35.697 [JavaFX Application Thread] DEBUG FXGLAssetLoaderServi - Loading from file system: file:/C:/Users/WONDER/Desktop/FXGL_Tank-main3/target/classes/assets/textures/tank/E1U.png
16:22:35.698 [JavaFX Application Thread] DEBUG FXGLAssetLoaderServi - Loading from file system: file:/C:/Users/WONDER/Desktop/FXGL_Tank-main3/target/classes/assets/textures/tank/E2U.png
16:22:37.163 [JavaFX Application Thread] DEBUG PrimaryStageWindow   - Push state: FXGLDefaultMenu
16:22:37.166 [JavaFX Application Thread] DEBUG Input                - Clearing active input actions
16:22:37.167 [JavaFX Application Thread] DEBUG GameApplicationServi - Removing overlay from GameScene and adding to FXGLDefaultMenu
16:22:37.169 [JavaFX Application Thread] DEBUG PrimaryStageWindow   - GameScene -> FXGLDefaultMenu
16:22:39.733 [JavaFX Application Thread] DEBUG Menu                 - fireExitToMainMenu()
16:22:39.736 [JavaFX Application Thread] DEBUG PrimaryStageWindow   - Push state: DialogSubScene
16:22:39.736 [JavaFX Application Thread] DEBUG Input                - Clearing active input actions
16:22:39.737 [JavaFX Application Thread] DEBUG GameApplicationServi - Removing overlay from FXGLDefaultMenu and adding to DialogSubScene
16:22:39.737 [JavaFX Application Thread] DEBUG PrimaryStageWindow   - FXGLDefaultMenu -> DialogSubScene
16:22:41.720 [JavaFX Application Thread] DEBUG PrimaryStageWindow   - Pop state: DialogSubScene
16:22:41.720 [JavaFX Application Thread] DEBUG Input                - Clearing active input actions
16:22:41.721 [JavaFX Application Thread] DEBUG GameApplicationServi - Removing overlay from DialogSubScene and adding to FXGLDefaultMenu
16:22:41.721 [JavaFX Application Thread] DEBUG PrimaryStageWindow   - FXGLDefaultMenu <- DialogSubScene
16:22:41.723 [JavaFX Application Thread] DEBUG PrimaryStageWindow   - Pop state: FXGLDefaultMenu
16:22:41.723 [JavaFX Application Thread] DEBUG Input                - Clearing active input actions
16:22:41.724 [JavaFX Application Thread] DEBUG GameApplicationServi - Removing overlay from FXGLDefaultMenu and adding to GameScene
16:22:41.724 [JavaFX Application Thread] DEBUG PrimaryStageWindow   - GameScene <- FXGLDefaultMenu
16:22:41.724 [JavaFX Application Thread] DEBUG Input                - Clearing active input actions
16:22:41.734 [JavaFX Application Thread] DEBUG GameApplicationServi - Removing overlay from GameScene and adding to FXGLMainMenuDummyScene
16:22:41.734 [JavaFX Application Thread] DEBUG PrimaryStageWindow   - GameScene -> FXGLMainMenuDummyScene
16:22:41.734 [JavaFX Application Thread] DEBUG PrimaryStageWindow   - Push state: GameMainMenu
16:22:41.734 [JavaFX Application Thread] DEBUG Input                - Clearing active input actions
16:22:41.737 [JavaFX Application Thread] DEBUG GameApplicationServi - Removing overlay from FXGLMainMenuDummyScene and adding to GameMainMenu
16:22:41.737 [JavaFX Application Thread] DEBUG PrimaryStageWindow   - FXGLMainMenuDummyScene -> GameMainMenu
16:22:45.815 [JavaFX Application Thread] DEBUG PrimaryStageWindow   - Push state: DialogSubScene
16:22:45.815 [JavaFX Application Thread] DEBUG Input                - Clearing active input actions
16:22:45.816 [JavaFX Application Thread] DEBUG GameApplicationServi - Removing overlay from GameMainMenu and adding to DialogSubScene
16:22:45.816 [JavaFX Application Thread] DEBUG PrimaryStageWindow   - GameMainMenu -> DialogSubScene
16:22:52.465 [JavaFX Application Thread] DEBUG PrimaryStageWindow   - Pop state: DialogSubScene
16:22:52.465 [JavaFX Application Thread] DEBUG Input                - Clearing active input actions
16:22:52.465 [JavaFX Application Thread] DEBUG GameApplicationServi - Removing overlay from DialogSubScene and adding to GameMainMenu
16:22:52.466 [JavaFX Application Thread] DEBUG PrimaryStageWindow   - GameMainMenu <- DialogSubScene
16:23:05.116 [JavaFX Application Thread] DEBUG FXGLApplication      - Exiting FXGL
16:23:05.117 [JavaFX Application Thread] DEBUG LoopRunner           - Stopping loop
16:23:05.117 [JavaFX Application Thread] DEBUG SystemBundleService  - Saving FXGL system data
16:23:05.120 [JavaFX Application Thread] DEBUG FileSystemAccess     - Writing to: C:\Users\WONDER\Desktop\FXGL_Tank-main3\system\fxgl.bundle
16:23:05.122 [JavaFX Application Thread] DEBUG Async                - Shutting down background threads
16:23:05.123 [JavaFX Application Thread] DEBUG PrimaryStageWindow   - Closing main window
16:23:05.150 [JavaFX Application Thread] DEBUG Logger               - Closing Logger
