11:01:15.093 [main                     ] DEBUG Logger               - Configured Logger
11:01:15.120 [main                     ] DEBUG GameApplication      - Logging settings
Title: 90 Tank
Version: Version 0.3
Width: 816
Height: 672
Fullscreen: false
Intro: false
Profiling: false
Single step:false
App Mode: DEVELOPER
Menu Key: ESCAPE
Stage Style: DECORATED
Scene Factory: class com.ningf.tank.TankApp$1

11:01:15.519 [JavaFX Application Thread] DEBUG FXGLApplication      - Initializing FXGL
11:01:15.524 [JavaFX Application Thread] INFO  Engine               - FXGL-17.1 (24.03.2022 17.34) on WINDOWS (J:17.0.8 FX:18)
11:01:15.524 [JavaFX Application Thread] DEBUG Engine               - JRE Vendor Name: Oracle Corporation
11:01:15.524 [JavaFX Application Thread] DEBUG Engine               - Running on OS: Windows 11 version 10.0
11:01:15.524 [JavaFX Application Thread] DEBUG Engine               - Architecture: amd64
11:01:15.525 [JavaFX Application Thread] INFO  Engine               - Source code and latest versions at: https://github.com/AlmasB/FXGL
11:01:15.525 [JavaFX Application Thread] INFO  Engine               -       Ask questions and discuss at: https://github.com/AlmasB/FXGL/discussions
11:01:15.525 [JavaFX Application Thread] INFO  Engine               -              Join the FXGL chat at: https://gitter.im/AlmasB/FXGL
11:01:15.601 [JavaFX Application Thread] DEBUG PrimaryStageWindow   - Creating a JavaFX scene
11:01:15.637 [JavaFX Application Thread] DEBUG PrimaryStageWindow   - Target settings size: 816.0 x 672.0
11:01:15.638 [JavaFX Application Thread] DEBUG PrimaryStageWindow   - Scaled scene size:    816.0 x 672.0
11:01:15.638 [JavaFX Application Thread] DEBUG PrimaryStageWindow   - Scaled ratio: (1.0, 1.0)
11:01:15.638 [JavaFX Application Thread] DEBUG PrimaryStageWindow   - Set initial scene to GameStartupScene
11:01:15.643 [JavaFX Application Thread] DEBUG PrimaryStageWindow   - Opening main window
11:01:15.742 [JavaFX Application Thread] DEBUG PrimaryStageWindow   - Window border size: (14.66668701171875, 37.33331298828125)
11:01:15.742 [JavaFX Application Thread] DEBUG PrimaryStageWindow   - Scaled size: 816.0 x 672.0
11:01:15.743 [JavaFX Application Thread] DEBUG PrimaryStageWindow   - Scaled ratio: (1.0, 1.0)
11:01:15.743 [JavaFX Application Thread] DEBUG PrimaryStageWindow   - Scene size: 816.0 x 672.0
11:01:15.743 [JavaFX Application Thread] DEBUG PrimaryStageWindow   - Stage size: 830.6666870117188 x 709.3333129882812
11:01:15.750 [FXGL Background Thread 1 ] DEBUG Engine               - Initializing environment variables
11:01:15.794 [FXGL Background Thread 1 ] DEBUG FXGLAssetLoaderServi - User app class for loading assets: class com.ningf.tank.TankApp
11:01:15.794 [FXGL Background Thread 1 ] DEBUG GameApplicationServi - Applying CSS: fxgl_dark.css
11:01:15.795 [FXGL Background Thread 1 ] DEBUG FXGLAssetLoaderServi - Loading from file system: jar:file:///C:/Users/Lenovo/.m2/repository/com/github/almasb/fxgl/17.1/fxgl-17.1.jar!/fxglassets/ui/css/fxgl_dark.css
11:01:15.814 [FXGL Background Thread 1 ] DEBUG GameApplicationServi - Applying CSS: tankApp.css
11:01:15.814 [FXGL Background Thread 1 ] DEBUG FXGLAssetLoaderServi - Loading from file system: file:/D:/QQ/2283451158/FileRecv/tank_v3.0/FXGL_Tank-main3/target/classes/assets/ui/css/tankApp.css
11:01:15.815 [FXGL Background Thread 1 ] DEBUG GameApplicationServi - Initializing application scenes
11:01:15.820 [FXGL Background Thread 1 ] DEBUG GameWorld            - Game world initialized
11:01:15.869 [FXGL Background Thread 1 ] DEBUG PhysicsWorld         - Physics world initialized: appHeight=672, physics.ppm=50.0
11:01:15.869 [FXGL Background Thread 1 ] DEBUG PhysicsWorld         - Using strategy: BRUTE_FORCE
11:01:15.873 [FXGL Background Thread 1 ] DEBUG GameScene            - Game scene initialized: 816x672
11:01:15.876 [FXGL Background Thread 1 ] DEBUG FXGLAssetLoaderServi - Loading from file system: file:/D:/QQ/2283451158/FileRecv/tank_v3.0/FXGL_Tank-main3/target/classes/assets/textures/ui/logo.png
11:01:15.889 [FXGL Background Thread 1 ] DEBUG FXGLAssetLoaderServi - Loading from file system: file:/D:/QQ/2283451158/FileRecv/tank_v3.0/FXGL_Tank-main3/target/classes/assets/textures/ui/icon.png
11:01:15.897 [FXGL Background Thread 1 ] DEBUG FXGLAssetLoaderServi - Loading from file system: file:/D:/QQ/2283451158/FileRecv/tank_v3.0/FXGL_Tank-main3/target/classes/assets/textures/ui/tankLoading.png
11:01:15.920 [FXGL Background Thread 1 ] DEBUG FXGLAssetLoaderServi - Loading from file system: file:/D:/QQ/2283451158/FileRecv/tank_v3.0/FXGL_Tank-main3/target/classes/assets/textures/ui/fxgl.png
11:01:15.967 [FXGL Background Thread 1 ] DEBUG FXGL.DefaultMenu     - createMenuBodyGameMenu()
11:01:15.977 [FXGL Background Thread 1 ] DEBUG FXGL.DefaultMenu     - createOptionsMenu()
11:01:15.986 [FXGL Background Thread 1 ] DEBUG FXGLAssetLoaderServi - Loading from file system: jar:file:///C:/Users/Lenovo/.m2/repository/com/github/almasb/fxgl/17.1/fxgl-17.1.jar!/fxglassets/textures/particles/smoke.png
11:01:16.061 [FXGL Background Thread 1 ] DEBUG FXGLAssetLoaderServi - Loading from file system: jar:file:///C:/Users/Lenovo/.m2/repository/com/github/almasb/fxgl/17.1/fxgl-17.1.jar!/fxglassets/textures/particles/trace_horizontal.png
11:01:16.083 [FXGL Background Thread 1 ] DEBUG GameApplicationServi - Application scenes initialized
11:01:16.093 [FXGL Background Thread 1 ] DEBUG SystemBundleService  - Loading FXGL system data
11:01:16.097 [FXGL Background Thread 1 ] DEBUG FileSystemAccess     - Reading from: D:\QQ\2283451158\FileRecv\tank_v3.0\FXGL_Tank-main3\system\fxgl.bundle
11:01:16.104 [FXGL Background Thread 1 ] DEBUG SystemBundleService  - Bundle FXGL: {}
11:01:16.104 [FXGL Background Thread 1 ] DEBUG UpdaterService       - Checking for updates
11:01:16.108 [FXGL Background Thread 4 ] DEBUG FXGLApplication      - Loading fonts
11:01:16.110 [FXGL Background Thread 4 ] DEBUG FXGLAssetLoaderServi - Loading from file system: jar:file:///C:/Users/Lenovo/.m2/repository/com/github/almasb/fxgl/17.1/fxgl-17.1.jar!/fxglassets/ui/fonts/VarelaRound-Regular.ttf
11:01:16.110 [FXGL Background Thread 1 ] DEBUG FXGLApplication      - Loading default localization
11:01:16.111 [FXGL Background Thread 1 ] DEBUG FXGLAssetLoaderServi - Loading from file system: jar:file:///C:/Users/Lenovo/.m2/repository/com/github/almasb/fxgl/17.1/fxgl-17.1.jar!/fxglassets/languages/english.lang
11:01:16.132 [FXGL Background Thread 1 ] INFO  FXGLApplication      - FXGL initialization took: 0.382 sec
11:01:16.143 [JavaFX Application Thread] DEBUG Input                - Registered new binding: action0 - W
11:01:16.144 [JavaFX Application Thread] DEBUG Input                - Registered new binding: action1 - S
11:01:16.145 [JavaFX Application Thread] DEBUG Input                - Registered new binding: action2 - A
11:01:16.146 [JavaFX Application Thread] DEBUG Input                - Registered new binding: action3 - D
11:01:16.147 [JavaFX Application Thread] DEBUG Input                - Registered new binding: action4 - Space
11:01:16.147 [JavaFX Application Thread] DEBUG Input                - Registered new binding: action5 - O
11:01:16.148 [JavaFX Application Thread] DEBUG Input                - Registered new binding: action6 - Up
11:01:16.149 [JavaFX Application Thread] DEBUG Input                - Registered new binding: action7 - Down
11:01:16.149 [JavaFX Application Thread] DEBUG Input                - Registered new binding: action8 - Left
11:01:16.150 [JavaFX Application Thread] DEBUG Input                - Registered new binding: action9 - Right
11:01:16.151 [JavaFX Application Thread] DEBUG Input                - Registered new binding: action10 - Numpad 0
11:01:16.151 [JavaFX Application Thread] DEBUG Input                - Registered new binding: action11 - F
11:01:16.158 [JavaFX Application Thread] DEBUG FXGLAssetLoaderServi - Loading from file system: file:/D:/QQ/2283451158/FileRecv/tank_v3.0/FXGL_Tank-main3/target/classes/assets/textures/ui/cursor.png
11:01:16.160 [JavaFX Application Thread] DEBUG Input                - Registered new binding: Screenshot - CTRL+8
11:01:16.161 [JavaFX Application Thread] DEBUG Input                - Registered new binding: System info dump - CTRL+9
11:01:16.161 [JavaFX Application Thread] DEBUG Input                - Registered new binding: Restart - CTRL+R
11:01:16.162 [JavaFX Application Thread] DEBUG Input                - Registered new binding: Toggle Debug Camera - CTRL+7
11:01:16.166 [JavaFX Application Thread] DEBUG LoopRunner           - Starting loop
11:01:16.166 [JavaFX Application Thread] DEBUG LoopRunner           - Initializing JavaFX AnimationTimerLoop
11:01:16.170 [JavaFX Application Thread] DEBUG Input                - Clearing active input actions
11:01:16.179 [JavaFX Application Thread] DEBUG GameApplicationServi - Removing overlay from GameStartupScene and adding to FXGLMainMenuDummyScene
11:01:16.180 [JavaFX Application Thread] DEBUG PrimaryStageWindow   - GameStartupScene -> FXGLMainMenuDummyScene
11:01:16.180 [JavaFX Application Thread] DEBUG PrimaryStageWindow   - Push state: GameMainMenu
11:01:16.180 [JavaFX Application Thread] DEBUG FXGLAssetLoaderServi - Loading from file system: file:/D:/QQ/2283451158/FileRecv/tank_v3.0/FXGL_Tank-main3/target/classes/assets/sounds/mainMenuLoad.wav
11:01:16.208 [FXGL Background Thread 4 ] DEBUG FXGLAssetLoaderServi - Loading from file system: jar:file:///C:/Users/Lenovo/.m2/repository/com/github/almasb/fxgl/17.1/fxgl-17.1.jar!/fxglassets/ui/fonts/Abel-Regular.ttf
11:01:16.211 [FXGL Background Thread 4 ] DEBUG FXGLAssetLoaderServi - Loading from file system: jar:file:///C:/Users/Lenovo/.m2/repository/com/github/almasb/fxgl/17.1/fxgl-17.1.jar!/fxglassets/ui/fonts/TerminalLandMono-Regular.otf
11:01:16.215 [FXGL Background Thread 4 ] DEBUG FXGLAssetLoaderServi - Loading from file system: jar:file:///C:/Users/Lenovo/.m2/repository/com/github/almasb/fxgl/17.1/fxgl-17.1.jar!/fxglassets/ui/fonts/Courier-Prime.ttf
11:01:16.263 [JavaFX Application Thread] DEBUG Input                - Clearing active input actions
11:01:16.266 [JavaFX Application Thread] DEBUG GameApplicationServi - Removing overlay from FXGLMainMenuDummyScene and adding to GameMainMenu
11:01:16.267 [JavaFX Application Thread] DEBUG PrimaryStageWindow   - FXGLMainMenuDummyScene -> GameMainMenu
11:01:16.347 [JavaFX Application Thread] DEBUG FXGLApplication      - Registering font factories with UI factory
11:01:18.265 [JavaFX Application Thread] DEBUG FXGLAssetLoaderServi - Loading from file system: file:/D:/QQ/2283451158/FileRecv/tank_v3.0/FXGL_Tank-main3/target/classes/assets/sounds/mainMenuHover.wav
11:01:19.108 [FXGL Background Thread 3 ] DEBUG Engine               - Logging environment variables
11:01:19.109 [FXGL Background Thread 3 ] DEBUG Engine               - achievements: []
11:01:19.109 [FXGL Background Thread 3 ] DEBUG Engine               - actualHeight: 672.0
11:01:19.109 [FXGL Background Thread 3 ] DEBUG Engine               - actualHeightProperty: ReadOnlyDoubleProperty [value: 672.0]
11:01:19.110 [FXGL Background Thread 3 ] DEBUG Engine               - actualWidth: 816.0
11:01:19.110 [FXGL Background Thread 3 ] DEBUG Engine               - actualWidthProperty: ReadOnlyDoubleProperty [value: 816.0]
11:01:19.110 [FXGL Background Thread 3 ] DEBUG Engine               - appIcon: ui/icon.png
11:01:19.110 [FXGL Background Thread 3 ] DEBUG Engine               - applicationMode: DEVELOPER
11:01:19.110 [FXGL Background Thread 3 ] DEBUG Engine               - cSSList: [fxgl_dark.css, tankApp.css]
11:01:19.110 [FXGL Background Thread 3 ] DEBUG Engine               - collisionDetectionStrategy: BRUTE_FORCE
11:01:19.110 [FXGL Background Thread 3 ] DEBUG Engine               - configClass: Optional.empty
11:01:19.110 [FXGL Background Thread 3 ] DEBUG Engine               - credits: []
11:01:19.111 [FXGL Background Thread 3 ] DEBUG Engine               - defaultCursor: CursorInfo(imageName=ui/cursor.png, hotspotX=0.0, hotspotY=0.0)
11:01:19.112 [FXGL Background Thread 3 ] DEBUG Engine               - devBBoxColorProperty: ObjectProperty [value: 0xff0000ff]
11:01:19.112 [FXGL Background Thread 3 ] DEBUG Engine               - devEnableDebugCameraProperty: BooleanProperty [value: false]
11:01:19.112 [FXGL Background Thread 3 ] DEBUG Engine               - devSensorColorProperty: ObjectProperty [value: 0xffff00ff]
11:01:19.112 [FXGL Background Thread 3 ] DEBUG Engine               - devShowBBoxProperty: BooleanProperty [value: false]
11:01:19.112 [FXGL Background Thread 3 ] DEBUG Engine               - devShowPositionProperty: BooleanProperty [value: false]
11:01:19.113 [FXGL Background Thread 3 ] DEBUG Engine               - enabledMenuItems: []
11:01:19.113 [FXGL Background Thread 3 ] DEBUG Engine               - engineServices: [class com.almasb.fxgl.app.services.FXGLAssetLoaderService, class com.almasb.fxgl.app.FXGLApplication$GameApplicationService, class com.almasb.fxgl.app.services.FXGLDialogService, class com.almasb.fxgl.app.services.IOTaskExecutorService, class com.almasb.fxgl.io.FileSystemService, class com.almasb.fxgl.localization.LocalizationService, class com.almasb.fxgl.app.services.SystemBundleService, class com.almasb.fxgl.profile.SaveLoadService, class com.almasb.fxgl.ui.FXGLUIFactoryServiceProvider, class com.almasb.fxgl.ui.FXGLDialogFactoryServiceProvider, class com.almasb.fxgl.audio.AudioPlayer, class com.almasb.fxgl.notification.impl.NotificationServiceProvider, class com.almasb.fxgl.achievement.AchievementService, class com.almasb.fxgl.cutscene.CutsceneService, class com.almasb.fxgl.minigames.MiniGameService, class com.almasb.fxgl.net.NetService, class com.almasb.fxgl.app.services.UpdaterService, class com.almasb.fxgl.dev.DevService]
11:01:19.113 [FXGL Background Thread 3 ] DEBUG Engine               - fontGame: Abel-Regular.ttf
11:01:19.113 [FXGL Background Thread 3 ] DEBUG Engine               - fontMono: TerminalLandMono-Regular.otf
11:01:19.113 [FXGL Background Thread 3 ] DEBUG Engine               - fontText: Courier-Prime.ttf
11:01:19.113 [FXGL Background Thread 3 ] DEBUG Engine               - fontUI: VarelaRound-Regular.ttf
11:01:19.113 [FXGL Background Thread 3 ] DEBUG Engine               - fullScreen: BooleanProperty [value: false]
11:01:19.113 [FXGL Background Thread 3 ] DEBUG Engine               - gameDifficulty: MEDIUM
11:01:19.114 [FXGL Background Thread 3 ] DEBUG Engine               - gameDifficultyProperty: ObjectProperty [value: MEDIUM]
11:01:19.114 [FXGL Background Thread 3 ] DEBUG Engine               - globalMusicVolume: 0.5
11:01:19.114 [FXGL Background Thread 3 ] DEBUG Engine               - globalMusicVolumeProperty: DoubleProperty [value: 0.5]
11:01:19.114 [FXGL Background Thread 3 ] DEBUG Engine               - globalSoundVolume: 0.5
11:01:19.114 [FXGL Background Thread 3 ] DEBUG Engine               - globalSoundVolumeProperty: DoubleProperty [value: 0.5]
11:01:19.114 [FXGL Background Thread 3 ] DEBUG Engine               - height: 672
11:01:19.114 [FXGL Background Thread 3 ] DEBUG Engine               - is3D: false
11:01:19.114 [FXGL Background Thread 3 ] DEBUG Engine               - isAndroid: false
11:01:19.114 [FXGL Background Thread 3 ] DEBUG Engine               - isBrowser: false
11:01:19.115 [FXGL Background Thread 3 ] DEBUG Engine               - isClickFeedbackEnabled: false
11:01:19.115 [FXGL Background Thread 3 ] DEBUG Engine               - isCloseConfirmation: false
11:01:19.115 [FXGL Background Thread 3 ] DEBUG Engine               - isDesktop: true
11:01:19.115 [FXGL Background Thread 3 ] DEBUG Engine               - isDeveloperMenuEnabled: false
11:01:19.115 [FXGL Background Thread 3 ] DEBUG Engine               - isEmbedded: false
11:01:19.115 [FXGL Background Thread 3 ] DEBUG Engine               - isEntityPreloadEnabled: true
11:01:19.115 [FXGL Background Thread 3 ] DEBUG Engine               - isExperimentalTiledLargeMap: false
11:01:19.115 [FXGL Background Thread 3 ] DEBUG Engine               - isFileSystemWriteAllowed: true
11:01:19.115 [FXGL Background Thread 3 ] DEBUG Engine               - isFullScreenAllowed: false
11:01:19.115 [FXGL Background Thread 3 ] DEBUG Engine               - isFullScreenFromStart: false
11:01:19.116 [FXGL Background Thread 3 ] DEBUG Engine               - isGameMenuEnabled: true
11:01:19.116 [FXGL Background Thread 3 ] DEBUG Engine               - isIOS: false
11:01:19.116 [FXGL Background Thread 3 ] DEBUG Engine               - isIntroEnabled: false
11:01:19.116 [FXGL Background Thread 3 ] DEBUG Engine               - isLinux: false
11:01:19.116 [FXGL Background Thread 3 ] DEBUG Engine               - isMac: false
11:01:19.116 [FXGL Background Thread 3 ] DEBUG Engine               - isMainMenuEnabled: true
11:01:19.116 [FXGL Background Thread 3 ] DEBUG Engine               - isManualResizeEnabled: false
11:01:19.116 [FXGL Background Thread 3 ] DEBUG Engine               - isMobile: false
11:01:19.117 [FXGL Background Thread 3 ] DEBUG Engine               - isNative: false
11:01:19.117 [FXGL Background Thread 3 ] DEBUG Engine               - isPauseMusicWhenMinimized: true
11:01:19.117 [FXGL Background Thread 3 ] DEBUG Engine               - isPreserveResizeRatio: false
11:01:19.117 [FXGL Background Thread 3 ] DEBUG Engine               - isProfilingEnabled: false
11:01:19.117 [FXGL Background Thread 3 ] DEBUG Engine               - isScaleAffectedOnResize: true
11:01:19.117 [FXGL Background Thread 3 ] DEBUG Engine               - isSingleStep: false
11:01:19.117 [FXGL Background Thread 3 ] DEBUG Engine               - isUserProfileEnabled: false
11:01:19.117 [FXGL Background Thread 3 ] DEBUG Engine               - isWindows: true
11:01:19.117 [FXGL Background Thread 3 ] DEBUG Engine               - language: ObjectProperty [value: ENGLISH]
11:01:19.117 [FXGL Background Thread 3 ] DEBUG Engine               - menuKey: ESCAPE
11:01:19.117 [FXGL Background Thread 3 ] DEBUG Engine               - mouseSensitivity: 0.2
11:01:19.117 [FXGL Background Thread 3 ] DEBUG Engine               - notificationViewClass: class com.almasb.fxgl.notification.view.XboxNotificationView
11:01:19.117 [FXGL Background Thread 3 ] DEBUG Engine               - pixelsPerMeter: 50.0
11:01:19.118 [FXGL Background Thread 3 ] DEBUG Engine               - platform: WINDOWS
11:01:19.118 [FXGL Background Thread 3 ] DEBUG Engine               - prefHeightProperty: ReadOnlyDoubleProperty [value: 672.0]
11:01:19.118 [FXGL Background Thread 3 ] DEBUG Engine               - prefWidthProperty: ReadOnlyDoubleProperty [value: 816.0]
11:01:19.118 [FXGL Background Thread 3 ] DEBUG Engine               - profileDir: profiles/
11:01:19.118 [FXGL Background Thread 3 ] DEBUG Engine               - profileName: StringProperty [value: DEFAULT]
11:01:19.118 [FXGL Background Thread 3 ] DEBUG Engine               - randomSeed: -1
11:01:19.118 [FXGL Background Thread 3 ] DEBUG Engine               - runtimeInfo: RuntimeInfo(platform=WINDOWS, version=17.1, build=24.03.2022 17.34)
11:01:19.119 [FXGL Background Thread 3 ] DEBUG Engine               - saveFileExt: sav
11:01:19.119 [FXGL Background Thread 3 ] DEBUG Engine               - scaledHeightProp$fxgl: DoubleProperty [bound, value: 672.0]
11:01:19.119 [FXGL Background Thread 3 ] DEBUG Engine               - scaledWidthProp$fxgl: DoubleProperty [bound, value: 816.0]
11:01:19.119 [FXGL Background Thread 3 ] DEBUG Engine               - sceneFactory: com.ningf.tank.TankApp$1@d1c645f
11:01:19.119 [FXGL Background Thread 3 ] DEBUG Engine               - secondsIn24h: 60
11:01:19.119 [FXGL Background Thread 3 ] DEBUG Engine               - soundMenuBack: menu/back.wav
11:01:19.119 [FXGL Background Thread 3 ] DEBUG Engine               - soundMenuPress: menu/press.wav
11:01:19.119 [FXGL Background Thread 3 ] DEBUG Engine               - soundMenuSelect: menu/select.wav
11:01:19.119 [FXGL Background Thread 3 ] DEBUG Engine               - soundNotification: core/notification.wav
11:01:19.119 [FXGL Background Thread 3 ] DEBUG Engine               - stageStyle: DECORATED
11:01:19.119 [FXGL Background Thread 3 ] DEBUG Engine               - supportedLanguages: [ENGLISH, FRENCH, GERMAN, HUNGARIAN, RUSSIAN]
11:01:19.119 [FXGL Background Thread 3 ] DEBUG Engine               - ticksPerSecond: -1
11:01:19.119 [FXGL Background Thread 3 ] DEBUG Engine               - title: 90 Tank
11:01:19.119 [FXGL Background Thread 3 ] DEBUG Engine               - urlGithub: https://github.com/AlmasB/FXGL
11:01:19.119 [FXGL Background Thread 3 ] DEBUG Engine               - urlLeaderboard: http://fxgl-top.herokuapp.com/
11:01:19.119 [FXGL Background Thread 3 ] DEBUG Engine               - urlPOM: https://raw.githubusercontent.com/AlmasB/FXGL/release/README.md
11:01:19.120 [FXGL Background Thread 3 ] DEBUG Engine               - userAppClass: class com.ningf.tank.TankApp
11:01:19.120 [FXGL Background Thread 3 ] DEBUG Engine               - version: Version 0.3
11:01:19.120 [FXGL Background Thread 3 ] DEBUG Engine               - versionCheckDays: 7
11:01:19.120 [FXGL Background Thread 3 ] DEBUG Engine               - width: 816
11:01:19.120 [FXGL Background Thread 3 ] DEBUG Engine               - Logging services
11:01:19.120 [FXGL Background Thread 3 ] DEBUG Engine               - class com.almasb.fxgl.app.services.FXGLAssetLoaderService
11:01:19.120 [FXGL Background Thread 3 ] DEBUG Engine               - class com.almasb.fxgl.app.FXGLApplication$GameApplicationService
11:01:19.120 [FXGL Background Thread 3 ] DEBUG Engine               - class com.almasb.fxgl.app.services.FXGLDialogService
11:01:19.120 [FXGL Background Thread 3 ] DEBUG Engine               - class com.almasb.fxgl.app.services.IOTaskExecutorService
11:01:19.120 [FXGL Background Thread 3 ] DEBUG Engine               - class com.almasb.fxgl.io.FileSystemService
11:01:19.120 [FXGL Background Thread 3 ] DEBUG Engine               - class com.almasb.fxgl.localization.LocalizationService
11:01:19.120 [FXGL Background Thread 3 ] DEBUG Engine               - class com.almasb.fxgl.app.services.SystemBundleService
11:01:19.120 [FXGL Background Thread 3 ] DEBUG Engine               - class com.almasb.fxgl.profile.SaveLoadService
11:01:19.120 [FXGL Background Thread 3 ] DEBUG Engine               - class com.almasb.fxgl.ui.FXGLUIFactoryServiceProvider
11:01:19.120 [FXGL Background Thread 3 ] DEBUG Engine               - class com.almasb.fxgl.ui.FXGLDialogFactoryServiceProvider
11:01:19.120 [FXGL Background Thread 3 ] DEBUG Engine               - class com.almasb.fxgl.audio.AudioPlayer
11:01:19.120 [FXGL Background Thread 3 ] DEBUG Engine               - class com.almasb.fxgl.notification.impl.NotificationServiceProvider
11:01:19.120 [FXGL Background Thread 3 ] DEBUG Engine               - class com.almasb.fxgl.achievement.AchievementService
11:01:19.120 [FXGL Background Thread 3 ] DEBUG Engine               - class com.almasb.fxgl.cutscene.CutsceneService
11:01:19.120 [FXGL Background Thread 3 ] DEBUG Engine               - class com.almasb.fxgl.minigames.MiniGameService
11:01:19.121 [FXGL Background Thread 3 ] DEBUG Engine               - class com.almasb.fxgl.net.NetService
11:01:19.121 [FXGL Background Thread 3 ] DEBUG Engine               - class com.almasb.fxgl.app.services.UpdaterService
11:01:19.121 [FXGL Background Thread 3 ] DEBUG Engine               - class com.almasb.fxgl.dev.DevService
11:01:20.455 [JavaFX Application Thread] DEBUG FXGLAssetLoaderServi - Loading from file system: file:/D:/QQ/2283451158/FileRecv/tank_v3.0/FXGL_Tank-main3/target/classes/assets/sounds/select.wav
11:01:26.698 [JavaFX Application Thread] DEBUG PrimaryStageWindow   - Pop state: GameMainMenu
11:01:26.698 [JavaFX Application Thread] DEBUG Input                - Clearing active input actions
11:01:26.699 [JavaFX Application Thread] DEBUG GameApplicationServi - Removing overlay from GameMainMenu and adding to FXGLMainMenuDummyScene
11:01:26.699 [JavaFX Application Thread] DEBUG PrimaryStageWindow   - FXGLMainMenuDummyScene <- GameMainMenu
11:01:26.699 [JavaFX Application Thread] WARN  PrimaryStageWindow   - Cannot set to FXGLMainMenuDummyScene. Probably because subscenes are present.
11:01:26.700 [JavaFX Application Thread] DEBUG PrimaryStageWindow   - Push state: GameMainMenu
11:01:26.700 [JavaFX Application Thread] DEBUG Input                - Clearing active input actions
11:01:26.701 [JavaFX Application Thread] DEBUG GameApplicationServi - Removing overlay from FXGLMainMenuDummyScene and adding to GameMainMenu
11:01:26.701 [JavaFX Application Thread] DEBUG PrimaryStageWindow   - FXGLMainMenuDummyScene -> GameMainMenu
11:01:28.473 [JavaFX Application Thread] DEBUG FXGLAssetLoaderServi - Loading from file system: file:/D:/QQ/2283451158/FileRecv/tank_v3.0/FXGL_Tank-main3/target/classes/assets/textures/map/brick.png
11:01:28.474 [JavaFX Application Thread] DEBUG FXGLAssetLoaderServi - Loading from file system: file:/D:/QQ/2283451158/FileRecv/tank_v3.0/FXGL_Tank-main3/target/classes/assets/properties/game.properties
11:01:28.479 [JavaFX Application Thread] DEBUG LoopRunner           - Stopping loop
11:01:28.480 [JavaFX Application Thread] FATAL FXGLApplication      - Uncaught Exception:
java.lang.RuntimeException: java.lang.ClassNotFoundException: com.leewyatt.github.tank.GameType
	at FXGL_Tank/com.ningf.tank.ui.ConstructPane.loadMapData(ConstructPane.java:221)
	at FXGL_Tank/com.ningf.tank.ui.ConstructPane.initMapData(ConstructPane.java:229)
	at FXGL_Tank/com.ningf.tank.ui.ConstructPane.<init>(ConstructPane.java:59)
	at FXGL_Tank/com.ningf.tank.ui.GameMainMenu.lambda$new$2(GameMainMenu.java:103)
	at FXGL_Tank/com.ningf.tank.ui.MainMenuButton.lambda$new$2(MainMenuButton.java:36)
	at javafx.base@18/com.sun.javafx.event.CompositeEventHandler.dispatchBubblingEvent(CompositeEventHandler.java:86)
	at javafx.base@18/com.sun.javafx.event.EventHandlerManager.dispatchBubblingEvent(EventHandlerManager.java:234)
	at javafx.base@18/com.sun.javafx.event.EventHandlerManager.dispatchBubblingEvent(EventHandlerManager.java:191)
	at javafx.base@18/com.sun.javafx.event.CompositeEventDispatcher.dispatchBubblingEvent(CompositeEventDispatcher.java:59)
	at javafx.base@18/com.sun.javafx.event.BasicEventDispatcher.dispatchEvent(BasicEventDispatcher.java:58)
	at javafx.base@18/com.sun.javafx.event.EventDispatchChainImpl.dispatchEvent(EventDispatchChainImpl.java:114)
	at javafx.base@18/com.sun.javafx.event.BasicEventDispatcher.dispatchEvent(BasicEventDispatcher.java:56)
	at javafx.base@18/com.sun.javafx.event.EventDispatchChainImpl.dispatchEvent(EventDispatchChainImpl.java:114)
	at javafx.base@18/com.sun.javafx.event.BasicEventDispatcher.dispatchEvent(BasicEventDispatcher.java:56)
	at javafx.base@18/com.sun.javafx.event.EventDispatchChainImpl.dispatchEvent(EventDispatchChainImpl.java:114)
	at javafx.base@18/com.sun.javafx.event.EventUtil.fireEventImpl(EventUtil.java:74)
	at javafx.base@18/com.sun.javafx.event.EventUtil.fireEvent(EventUtil.java:54)
	at javafx.base@18/javafx.event.Event.fireEvent(Event.java:198)
	at javafx.graphics@18/javafx.scene.Scene$ClickGenerator.postProcess(Scene.java:3586)
	at javafx.graphics@18/javafx.scene.Scene$MouseHandler.process(Scene.java:3890)
	at javafx.graphics@18/javafx.scene.Scene.processMouseEvent(Scene.java:1874)
	at javafx.graphics@18/javafx.scene.Scene$ScenePeerListener.mouseEvent(Scene.java:2607)
	at javafx.graphics@18/com.sun.javafx.tk.quantum.GlassViewEventHandler$MouseEventNotification.run(GlassViewEventHandler.java:411)
	at javafx.graphics@18/com.sun.javafx.tk.quantum.GlassViewEventHandler$MouseEventNotification.run(GlassViewEventHandler.java:301)
	at java.base/java.security.AccessController.doPrivileged(AccessController.java:399)
	at javafx.graphics@18/com.sun.javafx.tk.quantum.GlassViewEventHandler.lambda$handleMouseEvent$2(GlassViewEventHandler.java:450)
	at javafx.graphics@18/com.sun.javafx.tk.quantum.QuantumToolkit.runWithoutRenderLock(QuantumToolkit.java:424)
	at javafx.graphics@18/com.sun.javafx.tk.quantum.GlassViewEventHandler.handleMouseEvent(GlassViewEventHandler.java:449)
	at javafx.graphics@18/com.sun.glass.ui.View.handleMouseEvent(View.java:551)
	at javafx.graphics@18/com.sun.glass.ui.View.notifyMouse(View.java:937)
	at javafx.graphics@18/com.sun.glass.ui.win.WinApplication._runLoop(Native Method)
	at javafx.graphics@18/com.sun.glass.ui.win.WinApplication.lambda$runLoop$3(WinApplication.java:184)
	at java.base/java.lang.Thread.run(Thread.java:833)
Caused by: java.lang.ClassNotFoundException: com.leewyatt.github.tank.GameType
	at java.base/jdk.internal.loader.BuiltinClassLoader.loadClass(BuiltinClassLoader.java:641)
	at java.base/jdk.internal.loader.ClassLoaders$AppClassLoader.loadClass(ClassLoaders.java:188)
	at java.base/java.lang.ClassLoader.loadClass(ClassLoader.java:520)
	at java.base/java.lang.Class.forName0(Native Method)
	at java.base/java.lang.Class.forName(Class.java:467)
	at java.base/java.io.ObjectInputStream.resolveClass(ObjectInputStream.java:778)
	at java.base/java.io.ObjectInputStream.readNonProxyDesc(ObjectInputStream.java:2045)
	at java.base/java.io.ObjectInputStream.readClassDesc(ObjectInputStream.java:1909)
	at java.base/java.io.ObjectInputStream.readArray(ObjectInputStream.java:2123)
	at java.base/java.io.ObjectInputStream.readObject0(ObjectInputStream.java:1732)
	at java.base/java.io.ObjectInputStream.readObject(ObjectInputStream.java:514)
	at java.base/java.io.ObjectInputStream.readObject(ObjectInputStream.java:472)
	at FXGL_Tank/com.ningf.tank.ui.ConstructPane.loadMapData(ConstructPane.java:219)
	... 32 more

11:01:28.480 [JavaFX Application Thread] FATAL FXGLApplication      - Application will now exit
11:01:28.490 [JavaFX Application Thread] DEBUG PrimaryStageWindow   - Push state: ErrorSubScene
11:01:28.490 [JavaFX Application Thread] DEBUG Input                - Clearing active input actions
11:01:28.491 [JavaFX Application Thread] DEBUG GameApplicationServi - Removing overlay from GameMainMenu and adding to ErrorSubScene
11:01:28.491 [JavaFX Application Thread] DEBUG PrimaryStageWindow   - GameMainMenu -> ErrorSubScene
11:01:30.611 [JavaFX Application Thread] DEBUG FXGLApplication      - Exiting FXGL
11:01:30.611 [JavaFX Application Thread] DEBUG Async                - Shutting down background threads
11:01:30.611 [JavaFX Application Thread] DEBUG PrimaryStageWindow   - Closing main window
11:01:30.623 [JavaFX Application Thread] DEBUG Logger               - Closing Logger
