09:49:54.223 [main                     ] DEBUG Logger               - Configured Logger
09:49:54.250 [main                     ] DEBUG GameApplication      - Logging settings
Title: 90 Tank
Version: Version 0.3
Width: 816
Height: 672
Fullscreen: false
Intro: false
Profiling: false
Single step:false
App Mode: DEVELOPER
Menu Key: ESCAPE
Stage Style: DECORATED
Scene Factory: class com.ningf.tank.TankApp$1

09:49:54.551 [JavaFX Application Thread] DEBUG FXGLApplication      - Initializing FXGL
09:49:54.557 [JavaFX Application Thread] INFO  Engine               - FXGL-17.1 (24.03.2022 17.34) on WINDOWS (J:17.0.7 FX:18)
09:49:54.557 [JavaFX Application Thread] DEBUG Engine               - JRE Vendor Name: Oracle Corporation
09:49:54.557 [JavaFX Application Thread] DEBUG Engine               - Running on OS: Windows 11 version 10.0
09:49:54.557 [JavaFX Application Thread] DEBUG Engine               - Architecture: amd64
09:49:54.557 [JavaFX Application Thread] INFO  Engine               - Source code and latest versions at: https://github.com/AlmasB/FXGL
09:49:54.557 [JavaFX Application Thread] INFO  Engine               -       Ask questions and discuss at: https://github.com/AlmasB/FXGL/discussions
09:49:54.559 [JavaFX Application Thread] INFO  Engine               -              Join the FXGL chat at: https://gitter.im/AlmasB/FXGL
09:49:54.639 [JavaFX Application Thread] DEBUG PrimaryStageWindow   - Creating a JavaFX scene
09:49:54.676 [JavaFX Application Thread] DEBUG PrimaryStageWindow   - Target settings size: 816.0 x 672.0
09:49:54.676 [JavaFX Application Thread] DEBUG PrimaryStageWindow   - Scaled scene size:    816.0 x 672.0
09:49:54.677 [JavaFX Application Thread] DEBUG PrimaryStageWindow   - Scaled ratio: (1.0, 1.0)
09:49:54.677 [JavaFX Application Thread] DEBUG PrimaryStageWindow   - Set initial scene to GameStartupScene
09:49:54.682 [JavaFX Application Thread] DEBUG PrimaryStageWindow   - Opening main window
09:49:54.763 [JavaFX Application Thread] DEBUG PrimaryStageWindow   - Window border size: (14.66668701171875, 37.33331298828125)
09:49:54.764 [JavaFX Application Thread] DEBUG PrimaryStageWindow   - Scaled size: 816.0 x 672.0
09:49:54.764 [JavaFX Application Thread] DEBUG PrimaryStageWindow   - Scaled ratio: (1.0, 1.0)
09:49:54.764 [JavaFX Application Thread] DEBUG PrimaryStageWindow   - Scene size: 816.0 x 672.0
09:49:54.764 [JavaFX Application Thread] DEBUG PrimaryStageWindow   - Stage size: 830.6666870117188 x 709.3333129882812
09:49:54.769 [FXGL Background Thread 1 ] DEBUG Engine               - Initializing environment variables
09:49:54.805 [FXGL Background Thread 1 ] DEBUG FXGLAssetLoaderServi - User app class for loading assets: class com.ningf.tank.TankApp
09:49:54.805 [FXGL Background Thread 1 ] DEBUG GameApplicationServi - Applying CSS: fxgl_dark.css
09:49:54.807 [FXGL Background Thread 1 ] DEBUG FXGLAssetLoaderServi - Loading from file system: jar:file:///C:/Users/WONDER/.m2/repository/com/github/almasb/fxgl/17.1/fxgl-17.1.jar!/fxglassets/ui/css/fxgl_dark.css
09:49:54.832 [FXGL Background Thread 1 ] DEBUG GameApplicationServi - Applying CSS: tankApp.css
09:49:54.832 [FXGL Background Thread 1 ] DEBUG FXGLAssetLoaderServi - Loading from file system: file:/D:/SoftwareDevelopment/javaFxProject/tank_v3.1/target/classes/assets/ui/css/tankApp.css
09:49:54.833 [FXGL Background Thread 1 ] DEBUG GameApplicationServi - Initializing application scenes
09:49:54.837 [FXGL Background Thread 1 ] DEBUG GameWorld            - Game world initialized
09:49:54.886 [FXGL Background Thread 1 ] DEBUG PhysicsWorld         - Physics world initialized: appHeight=672, physics.ppm=50.0
09:49:54.886 [FXGL Background Thread 1 ] DEBUG PhysicsWorld         - Using strategy: BRUTE_FORCE
09:49:54.889 [FXGL Background Thread 1 ] DEBUG GameScene            - Game scene initialized: 816x672
09:49:54.892 [FXGL Background Thread 1 ] DEBUG FXGLAssetLoaderServi - Loading from file system: file:/D:/SoftwareDevelopment/javaFxProject/tank_v3.1/target/classes/assets/textures/ui/logo.png
09:49:54.906 [FXGL Background Thread 1 ] DEBUG FXGLAssetLoaderServi - Loading from file system: file:/D:/SoftwareDevelopment/javaFxProject/tank_v3.1/target/classes/assets/textures/ui/icon.png
09:49:54.914 [FXGL Background Thread 1 ] DEBUG FXGLAssetLoaderServi - Loading from file system: file:/D:/SoftwareDevelopment/javaFxProject/tank_v3.1/target/classes/assets/textures/ui/tankLoading.png
09:49:54.944 [FXGL Background Thread 1 ] DEBUG FXGLAssetLoaderServi - Loading from file system: file:/D:/SoftwareDevelopment/javaFxProject/tank_v3.1/target/classes/assets/textures/ui/fxgl.png
09:49:54.979 [FXGL Background Thread 1 ] DEBUG FXGL.DefaultMenu     - createMenuBodyGameMenu()
09:49:54.987 [FXGL Background Thread 1 ] DEBUG FXGL.DefaultMenu     - createOptionsMenu()
09:49:54.999 [FXGL Background Thread 1 ] DEBUG FXGLAssetLoaderServi - Loading from file system: jar:file:///C:/Users/WONDER/.m2/repository/com/github/almasb/fxgl/17.1/fxgl-17.1.jar!/fxglassets/textures/particles/smoke.png
09:49:55.066 [FXGL Background Thread 1 ] DEBUG FXGLAssetLoaderServi - Loading from file system: jar:file:///C:/Users/WONDER/.m2/repository/com/github/almasb/fxgl/17.1/fxgl-17.1.jar!/fxglassets/textures/particles/trace_horizontal.png
09:49:55.083 [FXGL Background Thread 1 ] DEBUG GameApplicationServi - Application scenes initialized
09:49:55.091 [FXGL Background Thread 1 ] DEBUG SystemBundleService  - Loading FXGL system data
09:49:55.096 [FXGL Background Thread 1 ] DEBUG FileSystemAccess     - Reading from: D:\SoftwareDevelopment\javaFxProject\tank_v3.1\system\fxgl.bundle
09:49:55.103 [FXGL Background Thread 1 ] DEBUG SystemBundleService  - Bundle FXGL: {}
09:49:55.103 [FXGL Background Thread 1 ] DEBUG UpdaterService       - Checking for updates
09:49:55.108 [FXGL Background Thread 4 ] DEBUG FXGLApplication      - Loading fonts
09:49:55.108 [FXGL Background Thread 4 ] DEBUG FXGLAssetLoaderServi - Loading from file system: jar:file:///C:/Users/WONDER/.m2/repository/com/github/almasb/fxgl/17.1/fxgl-17.1.jar!/fxglassets/ui/fonts/VarelaRound-Regular.ttf
09:49:55.109 [FXGL Background Thread 1 ] DEBUG FXGLApplication      - Loading default localization
09:49:55.110 [FXGL Background Thread 1 ] DEBUG FXGLAssetLoaderServi - Loading from file system: jar:file:///C:/Users/WONDER/.m2/repository/com/github/almasb/fxgl/17.1/fxgl-17.1.jar!/fxglassets/languages/english.lang
09:49:55.139 [FXGL Background Thread 1 ] INFO  FXGLApplication      - FXGL initialization took: 0.369 sec
09:49:55.148 [JavaFX Application Thread] DEBUG Input                - Registered new binding: action0 - W
09:49:55.148 [JavaFX Application Thread] DEBUG Input                - Registered new binding: action1 - S
09:49:55.150 [JavaFX Application Thread] DEBUG Input                - Registered new binding: action2 - A
09:49:55.150 [JavaFX Application Thread] DEBUG Input                - Registered new binding: action3 - D
09:49:55.150 [JavaFX Application Thread] DEBUG Input                - Registered new binding: action4 - Space
09:49:55.151 [JavaFX Application Thread] DEBUG Input                - Registered new binding: action5 - O
09:49:55.151 [JavaFX Application Thread] DEBUG Input                - Registered new binding: action6 - Up
09:49:55.151 [JavaFX Application Thread] DEBUG Input                - Registered new binding: action7 - Down
09:49:55.152 [JavaFX Application Thread] DEBUG Input                - Registered new binding: action8 - Left
09:49:55.152 [JavaFX Application Thread] DEBUG Input                - Registered new binding: action9 - Right
09:49:55.152 [JavaFX Application Thread] DEBUG Input                - Registered new binding: action10 - Numpad 0
09:49:55.152 [JavaFX Application Thread] DEBUG Input                - Registered new binding: action11 - F
09:49:55.157 [JavaFX Application Thread] DEBUG FXGLAssetLoaderServi - Loading from file system: file:/D:/SoftwareDevelopment/javaFxProject/tank_v3.1/target/classes/assets/textures/ui/cursor.png
09:49:55.158 [JavaFX Application Thread] DEBUG Input                - Registered new binding: Screenshot - CTRL+8
09:49:55.159 [JavaFX Application Thread] DEBUG Input                - Registered new binding: System info dump - CTRL+9
09:49:55.159 [JavaFX Application Thread] DEBUG Input                - Registered new binding: Restart - CTRL+R
09:49:55.160 [JavaFX Application Thread] DEBUG Input                - Registered new binding: Toggle Debug Camera - CTRL+7
09:49:55.162 [JavaFX Application Thread] DEBUG LoopRunner           - Starting loop
09:49:55.162 [JavaFX Application Thread] DEBUG LoopRunner           - Initializing JavaFX AnimationTimerLoop
09:49:55.164 [JavaFX Application Thread] DEBUG Input                - Clearing active input actions
09:49:55.174 [JavaFX Application Thread] DEBUG GameApplicationServi - Removing overlay from GameStartupScene and adding to FXGLMainMenuDummyScene
09:49:55.175 [JavaFX Application Thread] DEBUG PrimaryStageWindow   - GameStartupScene -> FXGLMainMenuDummyScene
09:49:55.175 [JavaFX Application Thread] DEBUG PrimaryStageWindow   - Push state: GameMainMenu
09:49:55.175 [JavaFX Application Thread] DEBUG FXGLAssetLoaderServi - Loading from file system: file:/D:/SoftwareDevelopment/javaFxProject/tank_v3.1/target/classes/assets/sounds/mainMenuLoad.wav
09:49:55.180 [FXGL Background Thread 4 ] DEBUG FXGLAssetLoaderServi - Loading from file system: jar:file:///C:/Users/WONDER/.m2/repository/com/github/almasb/fxgl/17.1/fxgl-17.1.jar!/fxglassets/ui/fonts/Abel-Regular.ttf
09:49:55.187 [FXGL Background Thread 4 ] DEBUG FXGLAssetLoaderServi - Loading from file system: jar:file:///C:/Users/WONDER/.m2/repository/com/github/almasb/fxgl/17.1/fxgl-17.1.jar!/fxglassets/ui/fonts/TerminalLandMono-Regular.otf
09:49:55.197 [FXGL Background Thread 4 ] DEBUG FXGLAssetLoaderServi - Loading from file system: jar:file:///C:/Users/WONDER/.m2/repository/com/github/almasb/fxgl/17.1/fxgl-17.1.jar!/fxglassets/ui/fonts/Courier-Prime.ttf
09:49:55.253 [JavaFX Application Thread] DEBUG Input                - Clearing active input actions
09:49:55.258 [JavaFX Application Thread] DEBUG GameApplicationServi - Removing overlay from FXGLMainMenuDummyScene and adding to GameMainMenu
09:49:55.259 [JavaFX Application Thread] DEBUG PrimaryStageWindow   - FXGLMainMenuDummyScene -> GameMainMenu
09:49:55.296 [FXGL Background Thread 2 ] WARN  UpdaterService       - Failed to find updates: java.net.UnknownHostException: raw.githubusercontent.com
09:49:55.329 [JavaFX Application Thread] DEBUG FXGLApplication      - Registering font factories with UI factory
09:49:57.264 [JavaFX Application Thread] DEBUG FXGLAssetLoaderServi - Loading from file system: file:/D:/SoftwareDevelopment/javaFxProject/tank_v3.1/target/classes/assets/sounds/mainMenuHover.wav
09:49:58.108 [FXGL Background Thread 3 ] DEBUG Engine               - Logging environment variables
09:49:58.112 [FXGL Background Thread 3 ] DEBUG Engine               - achievements: []
09:49:58.115 [FXGL Background Thread 3 ] DEBUG Engine               - actualHeight: 672.0
09:49:58.118 [FXGL Background Thread 3 ] DEBUG Engine               - actualHeightProperty: ReadOnlyDoubleProperty [value: 672.0]
09:49:58.119 [FXGL Background Thread 3 ] DEBUG Engine               - actualWidth: 816.0
09:49:58.119 [FXGL Background Thread 3 ] DEBUG Engine               - actualWidthProperty: ReadOnlyDoubleProperty [value: 816.0]
09:49:58.119 [FXGL Background Thread 3 ] DEBUG Engine               - appIcon: ui/icon.png
09:49:58.119 [FXGL Background Thread 3 ] DEBUG Engine               - applicationMode: DEVELOPER
09:49:58.119 [FXGL Background Thread 3 ] DEBUG Engine               - cSSList: [fxgl_dark.css, tankApp.css]
09:49:58.119 [FXGL Background Thread 3 ] DEBUG Engine               - collisionDetectionStrategy: BRUTE_FORCE
09:49:58.119 [FXGL Background Thread 3 ] DEBUG Engine               - configClass: Optional.empty
09:49:58.119 [FXGL Background Thread 3 ] DEBUG Engine               - credits: []
09:49:58.120 [FXGL Background Thread 3 ] DEBUG Engine               - defaultCursor: CursorInfo(imageName=ui/cursor.png, hotspotX=0.0, hotspotY=0.0)
09:49:58.120 [FXGL Background Thread 3 ] DEBUG Engine               - devBBoxColorProperty: ObjectProperty [value: 0xff0000ff]
09:49:58.120 [FXGL Background Thread 3 ] DEBUG Engine               - devEnableDebugCameraProperty: BooleanProperty [value: false]
09:49:58.120 [FXGL Background Thread 3 ] DEBUG Engine               - devSensorColorProperty: ObjectProperty [value: 0xffff00ff]
09:49:58.120 [FXGL Background Thread 3 ] DEBUG Engine               - devShowBBoxProperty: BooleanProperty [value: false]
09:49:58.120 [FXGL Background Thread 3 ] DEBUG Engine               - devShowPositionProperty: BooleanProperty [value: false]
09:49:58.121 [FXGL Background Thread 3 ] DEBUG Engine               - enabledMenuItems: []
09:49:58.121 [FXGL Background Thread 3 ] DEBUG Engine               - engineServices: [class com.almasb.fxgl.app.services.FXGLAssetLoaderService, class com.almasb.fxgl.app.FXGLApplication$GameApplicationService, class com.almasb.fxgl.app.services.FXGLDialogService, class com.almasb.fxgl.app.services.IOTaskExecutorService, class com.almasb.fxgl.io.FileSystemService, class com.almasb.fxgl.localization.LocalizationService, class com.almasb.fxgl.app.services.SystemBundleService, class com.almasb.fxgl.profile.SaveLoadService, class com.almasb.fxgl.ui.FXGLUIFactoryServiceProvider, class com.almasb.fxgl.ui.FXGLDialogFactoryServiceProvider, class com.almasb.fxgl.audio.AudioPlayer, class com.almasb.fxgl.notification.impl.NotificationServiceProvider, class com.almasb.fxgl.achievement.AchievementService, class com.almasb.fxgl.cutscene.CutsceneService, class com.almasb.fxgl.minigames.MiniGameService, class com.almasb.fxgl.net.NetService, class com.almasb.fxgl.app.services.UpdaterService, class com.almasb.fxgl.dev.DevService]
09:49:58.121 [FXGL Background Thread 3 ] DEBUG Engine               - fontGame: Abel-Regular.ttf
09:49:58.121 [FXGL Background Thread 3 ] DEBUG Engine               - fontMono: TerminalLandMono-Regular.otf
09:49:58.121 [FXGL Background Thread 3 ] DEBUG Engine               - fontText: Courier-Prime.ttf
09:49:58.121 [FXGL Background Thread 3 ] DEBUG Engine               - fontUI: VarelaRound-Regular.ttf
09:49:58.121 [FXGL Background Thread 3 ] DEBUG Engine               - fullScreen: BooleanProperty [value: false]
09:49:58.121 [FXGL Background Thread 3 ] DEBUG Engine               - gameDifficulty: MEDIUM
09:49:58.121 [FXGL Background Thread 3 ] DEBUG Engine               - gameDifficultyProperty: ObjectProperty [value: MEDIUM]
09:49:58.121 [FXGL Background Thread 3 ] DEBUG Engine               - globalMusicVolume: 0.5
09:49:58.122 [FXGL Background Thread 3 ] DEBUG Engine               - globalMusicVolumeProperty: DoubleProperty [value: 0.5]
09:49:58.122 [FXGL Background Thread 3 ] DEBUG Engine               - globalSoundVolume: 0.5
09:49:58.122 [FXGL Background Thread 3 ] DEBUG Engine               - globalSoundVolumeProperty: DoubleProperty [value: 0.5]
09:49:58.122 [FXGL Background Thread 3 ] DEBUG Engine               - height: 672
09:49:58.122 [FXGL Background Thread 3 ] DEBUG Engine               - is3D: false
09:49:58.122 [FXGL Background Thread 3 ] DEBUG Engine               - isAndroid: false
09:49:58.122 [FXGL Background Thread 3 ] DEBUG Engine               - isBrowser: false
09:49:58.122 [FXGL Background Thread 3 ] DEBUG Engine               - isClickFeedbackEnabled: false
09:49:58.122 [FXGL Background Thread 3 ] DEBUG Engine               - isCloseConfirmation: false
09:49:58.123 [FXGL Background Thread 3 ] DEBUG Engine               - isDesktop: true
09:49:58.123 [FXGL Background Thread 3 ] DEBUG Engine               - isDeveloperMenuEnabled: false
09:49:58.123 [FXGL Background Thread 3 ] DEBUG Engine               - isEmbedded: false
09:49:58.123 [FXGL Background Thread 3 ] DEBUG Engine               - isEntityPreloadEnabled: true
09:49:58.123 [FXGL Background Thread 3 ] DEBUG Engine               - isExperimentalTiledLargeMap: false
09:49:58.124 [FXGL Background Thread 3 ] DEBUG Engine               - isFileSystemWriteAllowed: true
09:49:58.125 [FXGL Background Thread 3 ] DEBUG Engine               - isFullScreenAllowed: false
09:49:58.125 [FXGL Background Thread 3 ] DEBUG Engine               - isFullScreenFromStart: false
09:49:58.126 [FXGL Background Thread 3 ] DEBUG Engine               - isGameMenuEnabled: true
09:49:58.127 [FXGL Background Thread 3 ] DEBUG Engine               - isIOS: false
09:49:58.127 [FXGL Background Thread 3 ] DEBUG Engine               - isIntroEnabled: false
09:49:58.127 [FXGL Background Thread 3 ] DEBUG Engine               - isLinux: false
09:49:58.127 [FXGL Background Thread 3 ] DEBUG Engine               - isMac: false
09:49:58.127 [FXGL Background Thread 3 ] DEBUG Engine               - isMainMenuEnabled: true
09:49:58.127 [FXGL Background Thread 3 ] DEBUG Engine               - isManualResizeEnabled: false
09:49:58.127 [FXGL Background Thread 3 ] DEBUG Engine               - isMobile: false
09:49:58.127 [FXGL Background Thread 3 ] DEBUG Engine               - isNative: false
09:49:58.128 [FXGL Background Thread 3 ] DEBUG Engine               - isPauseMusicWhenMinimized: true
09:49:58.128 [FXGL Background Thread 3 ] DEBUG Engine               - isPreserveResizeRatio: false
09:49:58.128 [FXGL Background Thread 3 ] DEBUG Engine               - isProfilingEnabled: false
09:49:58.128 [FXGL Background Thread 3 ] DEBUG Engine               - isScaleAffectedOnResize: true
09:49:58.128 [FXGL Background Thread 3 ] DEBUG Engine               - isSingleStep: false
09:49:58.128 [FXGL Background Thread 3 ] DEBUG Engine               - isUserProfileEnabled: false
09:49:58.128 [FXGL Background Thread 3 ] DEBUG Engine               - isWindows: true
09:49:58.128 [FXGL Background Thread 3 ] DEBUG Engine               - language: ObjectProperty [value: ENGLISH]
09:49:58.128 [FXGL Background Thread 3 ] DEBUG Engine               - menuKey: ESCAPE
09:49:58.128 [FXGL Background Thread 3 ] DEBUG Engine               - mouseSensitivity: 0.2
09:49:58.128 [FXGL Background Thread 3 ] DEBUG Engine               - notificationViewClass: class com.almasb.fxgl.notification.view.XboxNotificationView
09:49:58.128 [FXGL Background Thread 3 ] DEBUG Engine               - pixelsPerMeter: 50.0
09:49:58.128 [FXGL Background Thread 3 ] DEBUG Engine               - platform: WINDOWS
09:49:58.128 [FXGL Background Thread 3 ] DEBUG Engine               - prefHeightProperty: ReadOnlyDoubleProperty [value: 672.0]
09:49:58.128 [FXGL Background Thread 3 ] DEBUG Engine               - prefWidthProperty: ReadOnlyDoubleProperty [value: 816.0]
09:49:58.128 [FXGL Background Thread 3 ] DEBUG Engine               - profileDir: profiles/
09:49:58.129 [FXGL Background Thread 3 ] DEBUG Engine               - profileName: StringProperty [value: DEFAULT]
09:49:58.129 [FXGL Background Thread 3 ] DEBUG Engine               - randomSeed: -1
09:49:58.129 [FXGL Background Thread 3 ] DEBUG Engine               - runtimeInfo: RuntimeInfo(platform=WINDOWS, version=17.1, build=24.03.2022 17.34)
09:49:58.129 [FXGL Background Thread 3 ] DEBUG Engine               - saveFileExt: sav
09:49:58.130 [FXGL Background Thread 3 ] DEBUG Engine               - scaledHeightProp$fxgl: DoubleProperty [bound, value: 672.0]
09:49:58.130 [FXGL Background Thread 3 ] DEBUG Engine               - scaledWidthProp$fxgl: DoubleProperty [bound, value: 816.0]
09:49:58.130 [FXGL Background Thread 3 ] DEBUG Engine               - sceneFactory: com.ningf.tank.TankApp$1@a98b535
09:49:58.130 [FXGL Background Thread 3 ] DEBUG Engine               - secondsIn24h: 60
09:49:58.130 [FXGL Background Thread 3 ] DEBUG Engine               - soundMenuBack: menu/back.wav
09:49:58.130 [FXGL Background Thread 3 ] DEBUG Engine               - soundMenuPress: menu/press.wav
09:49:58.130 [FXGL Background Thread 3 ] DEBUG Engine               - soundMenuSelect: menu/select.wav
09:49:58.131 [FXGL Background Thread 3 ] DEBUG Engine               - soundNotification: core/notification.wav
09:49:58.131 [FXGL Background Thread 3 ] DEBUG Engine               - stageStyle: DECORATED
09:49:58.131 [FXGL Background Thread 3 ] DEBUG Engine               - supportedLanguages: [ENGLISH, FRENCH, GERMAN, HUNGARIAN, RUSSIAN]
09:49:58.131 [FXGL Background Thread 3 ] DEBUG Engine               - ticksPerSecond: -1
09:49:58.131 [FXGL Background Thread 3 ] DEBUG Engine               - title: 90 Tank
09:49:58.131 [FXGL Background Thread 3 ] DEBUG Engine               - urlGithub: https://github.com/AlmasB/FXGL
09:49:58.131 [FXGL Background Thread 3 ] DEBUG Engine               - urlLeaderboard: http://fxgl-top.herokuapp.com/
09:49:58.131 [FXGL Background Thread 3 ] DEBUG Engine               - urlPOM: https://raw.githubusercontent.com/AlmasB/FXGL/release/README.md
09:49:58.131 [FXGL Background Thread 3 ] DEBUG Engine               - userAppClass: class com.ningf.tank.TankApp
09:49:58.131 [FXGL Background Thread 3 ] DEBUG Engine               - version: Version 0.3
09:49:58.131 [FXGL Background Thread 3 ] DEBUG Engine               - versionCheckDays: 7
09:49:58.131 [FXGL Background Thread 3 ] DEBUG Engine               - width: 816
09:49:58.131 [FXGL Background Thread 3 ] DEBUG Engine               - Logging services
09:49:58.131 [FXGL Background Thread 3 ] DEBUG Engine               - class com.almasb.fxgl.app.services.FXGLAssetLoaderService
09:49:58.131 [FXGL Background Thread 3 ] DEBUG Engine               - class com.almasb.fxgl.app.FXGLApplication$GameApplicationService
09:49:58.131 [FXGL Background Thread 3 ] DEBUG Engine               - class com.almasb.fxgl.app.services.FXGLDialogService
09:49:58.131 [FXGL Background Thread 3 ] DEBUG Engine               - class com.almasb.fxgl.app.services.IOTaskExecutorService
09:49:58.131 [FXGL Background Thread 3 ] DEBUG Engine               - class com.almasb.fxgl.io.FileSystemService
09:49:58.131 [FXGL Background Thread 3 ] DEBUG Engine               - class com.almasb.fxgl.localization.LocalizationService
09:49:58.131 [FXGL Background Thread 3 ] DEBUG Engine               - class com.almasb.fxgl.app.services.SystemBundleService
09:49:58.131 [FXGL Background Thread 3 ] DEBUG Engine               - class com.almasb.fxgl.profile.SaveLoadService
09:49:58.131 [FXGL Background Thread 3 ] DEBUG Engine               - class com.almasb.fxgl.ui.FXGLUIFactoryServiceProvider
09:49:58.131 [FXGL Background Thread 3 ] DEBUG Engine               - class com.almasb.fxgl.ui.FXGLDialogFactoryServiceProvider
09:49:58.132 [FXGL Background Thread 3 ] DEBUG Engine               - class com.almasb.fxgl.audio.AudioPlayer
09:49:58.132 [FXGL Background Thread 3 ] DEBUG Engine               - class com.almasb.fxgl.notification.impl.NotificationServiceProvider
09:49:58.132 [FXGL Background Thread 3 ] DEBUG Engine               - class com.almasb.fxgl.achievement.AchievementService
09:49:58.132 [FXGL Background Thread 3 ] DEBUG Engine               - class com.almasb.fxgl.cutscene.CutsceneService
09:49:58.132 [FXGL Background Thread 3 ] DEBUG Engine               - class com.almasb.fxgl.minigames.MiniGameService
09:49:58.133 [FXGL Background Thread 3 ] DEBUG Engine               - class com.almasb.fxgl.net.NetService
09:49:58.133 [FXGL Background Thread 3 ] DEBUG Engine               - class com.almasb.fxgl.app.services.UpdaterService
09:49:58.133 [FXGL Background Thread 3 ] DEBUG Engine               - class com.almasb.fxgl.dev.DevService
09:50:00.404 [JavaFX Application Thread] DEBUG FXGLAssetLoaderServi - Loading from file system: file:/D:/SoftwareDevelopment/javaFxProject/tank_v3.1/target/classes/assets/sounds/select.wav
09:50:43.488 [JavaFX Application Thread] DEBUG FXGLApplication      - Exiting FXGL
09:50:43.488 [JavaFX Application Thread] DEBUG LoopRunner           - Stopping loop
09:50:43.489 [JavaFX Application Thread] DEBUG SystemBundleService  - Saving FXGL system data
09:50:43.491 [JavaFX Application Thread] DEBUG FileSystemAccess     - Writing to: D:\SoftwareDevelopment\javaFxProject\tank_v3.1\system\fxgl.bundle
09:50:43.493 [JavaFX Application Thread] DEBUG Async                - Shutting down background threads
09:50:43.493 [JavaFX Application Thread] DEBUG PrimaryStageWindow   - Closing main window
09:50:43.528 [JavaFX Application Thread] DEBUG Logger               - Closing Logger
