09:39:33.754 [main                     ] DEBUG Logger               - Configured Logger
09:39:33.778 [main                     ] DEBUG GameApplication      - Logging settings
Title: 90 Tank
Version: Version 0.3
Width: 816
Height: 672
Fullscreen: false
Intro: false
Profiling: false
Single step:false
App Mode: DEVELOPER
Menu Key: ESCAPE
Stage Style: DECORATED
Scene Factory: class com.ningf.tank.TankApp$1

09:39:34.066 [JavaFX Application Thread] DEBUG FXGLApplication      - Initializing FXGL
09:39:34.072 [JavaFX Application Thread] INFO  Engine               - FXGL-17.1 (24.03.2022 17.34) on WINDOWS (J:17.0.7 FX:18)
09:39:34.072 [JavaFX Application Thread] DEBUG Engine               - JRE Vendor Name: Oracle Corporation
09:39:34.072 [JavaFX Application Thread] DEBUG Engine               - Running on OS: Windows 11 version 10.0
09:39:34.072 [JavaFX Application Thread] DEBUG Engine               - Architecture: amd64
09:39:34.072 [JavaFX Application Thread] INFO  Engine               - Source code and latest versions at: https://github.com/AlmasB/FXGL
09:39:34.072 [JavaFX Application Thread] INFO  Engine               -       Ask questions and discuss at: https://github.com/AlmasB/FXGL/discussions
09:39:34.072 [JavaFX Application Thread] INFO  Engine               -              Join the FXGL chat at: https://gitter.im/AlmasB/FXGL
09:39:34.171 [JavaFX Application Thread] DEBUG PrimaryStageWindow   - Creating a JavaFX scene
09:39:34.206 [JavaFX Application Thread] DEBUG PrimaryStageWindow   - Target settings size: 816.0 x 672.0
09:39:34.206 [JavaFX Application Thread] DEBUG PrimaryStageWindow   - Scaled scene size:    816.0 x 672.0
09:39:34.206 [JavaFX Application Thread] DEBUG PrimaryStageWindow   - Scaled ratio: (1.0, 1.0)
09:39:34.209 [JavaFX Application Thread] DEBUG PrimaryStageWindow   - Set initial scene to GameStartupScene
09:39:34.215 [JavaFX Application Thread] DEBUG PrimaryStageWindow   - Opening main window
09:39:34.304 [JavaFX Application Thread] DEBUG PrimaryStageWindow   - Window border size: (14.66668701171875, 37.33331298828125)
09:39:34.304 [JavaFX Application Thread] DEBUG PrimaryStageWindow   - Scaled size: 816.0 x 672.0
09:39:34.304 [JavaFX Application Thread] DEBUG PrimaryStageWindow   - Scaled ratio: (1.0, 1.0)
09:39:34.306 [JavaFX Application Thread] DEBUG PrimaryStageWindow   - Scene size: 816.0 x 672.0
09:39:34.306 [JavaFX Application Thread] DEBUG PrimaryStageWindow   - Stage size: 830.6666870117188 x 709.3333129882812
09:39:34.310 [FXGL Background Thread 1 ] DEBUG Engine               - Initializing environment variables
09:39:34.340 [FXGL Background Thread 1 ] DEBUG FXGLAssetLoaderServi - User app class for loading assets: class com.ningf.tank.TankApp
09:39:34.340 [FXGL Background Thread 1 ] DEBUG GameApplicationServi - Applying CSS: fxgl_dark.css
09:39:34.341 [FXGL Background Thread 1 ] DEBUG FXGLAssetLoaderServi - Loading from file system: jar:file:///C:/Users/WONDER/.m2/repository/com/github/almasb/fxgl/17.1/fxgl-17.1.jar!/fxglassets/ui/css/fxgl_dark.css
09:39:34.356 [FXGL Background Thread 1 ] DEBUG GameApplicationServi - Applying CSS: tankApp.css
09:39:34.358 [FXGL Background Thread 1 ] DEBUG FXGLAssetLoaderServi - Loading from file system: file:/D:/SoftwareDevelopment/javaFxProject/tank_v3.1/target/classes/assets/ui/css/tankApp.css
09:39:34.360 [FXGL Background Thread 1 ] DEBUG GameApplicationServi - Initializing application scenes
09:39:34.368 [FXGL Background Thread 1 ] DEBUG GameWorld            - Game world initialized
09:39:34.418 [FXGL Background Thread 1 ] DEBUG PhysicsWorld         - Physics world initialized: appHeight=672, physics.ppm=50.0
09:39:34.419 [FXGL Background Thread 1 ] DEBUG PhysicsWorld         - Using strategy: BRUTE_FORCE
09:39:34.421 [FXGL Background Thread 1 ] DEBUG GameScene            - Game scene initialized: 816x672
09:39:34.423 [FXGL Background Thread 1 ] DEBUG FXGLAssetLoaderServi - Loading from file system: file:/D:/SoftwareDevelopment/javaFxProject/tank_v3.1/target/classes/assets/textures/ui/logo.png
09:39:34.436 [FXGL Background Thread 1 ] DEBUG FXGLAssetLoaderServi - Loading from file system: file:/D:/SoftwareDevelopment/javaFxProject/tank_v3.1/target/classes/assets/textures/ui/icon.png
09:39:34.441 [FXGL Background Thread 1 ] DEBUG FXGLAssetLoaderServi - Loading from file system: file:/D:/SoftwareDevelopment/javaFxProject/tank_v3.1/target/classes/assets/textures/ui/tankLoading.png
09:39:34.465 [FXGL Background Thread 1 ] DEBUG FXGLAssetLoaderServi - Loading from file system: file:/D:/SoftwareDevelopment/javaFxProject/tank_v3.1/target/classes/assets/textures/ui/fxgl.png
09:39:34.498 [FXGL Background Thread 1 ] DEBUG FXGL.DefaultMenu     - createMenuBodyGameMenu()
09:39:34.507 [FXGL Background Thread 1 ] DEBUG FXGL.DefaultMenu     - createOptionsMenu()
09:39:34.515 [FXGL Background Thread 1 ] DEBUG FXGLAssetLoaderServi - Loading from file system: jar:file:///C:/Users/WONDER/.m2/repository/com/github/almasb/fxgl/17.1/fxgl-17.1.jar!/fxglassets/textures/particles/smoke.png
09:39:34.570 [FXGL Background Thread 1 ] DEBUG FXGLAssetLoaderServi - Loading from file system: jar:file:///C:/Users/WONDER/.m2/repository/com/github/almasb/fxgl/17.1/fxgl-17.1.jar!/fxglassets/textures/particles/trace_horizontal.png
09:39:34.584 [FXGL Background Thread 1 ] DEBUG GameApplicationServi - Application scenes initialized
09:39:34.592 [FXGL Background Thread 1 ] DEBUG SystemBundleService  - Loading FXGL system data
09:39:34.597 [FXGL Background Thread 1 ] DEBUG FileSystemAccess     - Reading from: D:\SoftwareDevelopment\javaFxProject\tank_v3.1\system\fxgl.bundle
09:39:34.605 [FXGL Background Thread 1 ] DEBUG SystemBundleService  - Bundle FXGL: {}
09:39:34.606 [FXGL Background Thread 1 ] DEBUG UpdaterService       - Checking for updates
09:39:34.609 [FXGL Background Thread 4 ] DEBUG FXGLApplication      - Loading fonts
09:39:34.610 [FXGL Background Thread 1 ] DEBUG FXGLApplication      - Loading default localization
09:39:34.610 [FXGL Background Thread 4 ] DEBUG FXGLAssetLoaderServi - Loading from file system: jar:file:///C:/Users/WONDER/.m2/repository/com/github/almasb/fxgl/17.1/fxgl-17.1.jar!/fxglassets/ui/fonts/VarelaRound-Regular.ttf
09:39:34.611 [FXGL Background Thread 1 ] DEBUG FXGLAssetLoaderServi - Loading from file system: jar:file:///C:/Users/WONDER/.m2/repository/com/github/almasb/fxgl/17.1/fxgl-17.1.jar!/fxglassets/languages/english.lang
09:39:34.634 [FXGL Background Thread 1 ] INFO  FXGLApplication      - FXGL initialization took: 0.324 sec
09:39:34.645 [JavaFX Application Thread] DEBUG Input                - Registered new binding: action0 - W
09:39:34.646 [JavaFX Application Thread] DEBUG Input                - Registered new binding: action1 - S
09:39:34.647 [JavaFX Application Thread] DEBUG Input                - Registered new binding: action2 - A
09:39:34.647 [JavaFX Application Thread] DEBUG Input                - Registered new binding: action3 - D
09:39:34.648 [JavaFX Application Thread] DEBUG Input                - Registered new binding: action4 - Space
09:39:34.648 [JavaFX Application Thread] DEBUG Input                - Registered new binding: action5 - O
09:39:34.649 [JavaFX Application Thread] DEBUG Input                - Registered new binding: action6 - Up
09:39:34.649 [JavaFX Application Thread] DEBUG Input                - Registered new binding: action7 - Down
09:39:34.649 [JavaFX Application Thread] DEBUG Input                - Registered new binding: action8 - Left
09:39:34.650 [JavaFX Application Thread] DEBUG Input                - Registered new binding: action9 - Right
09:39:34.650 [JavaFX Application Thread] DEBUG Input                - Registered new binding: action10 - Numpad 0
09:39:34.650 [JavaFX Application Thread] DEBUG Input                - Registered new binding: action11 - F
09:39:34.655 [JavaFX Application Thread] DEBUG FXGLAssetLoaderServi - Loading from file system: file:/D:/SoftwareDevelopment/javaFxProject/tank_v3.1/target/classes/assets/textures/ui/cursor.png
09:39:34.657 [JavaFX Application Thread] DEBUG Input                - Registered new binding: Screenshot - CTRL+8
09:39:34.657 [JavaFX Application Thread] DEBUG Input                - Registered new binding: System info dump - CTRL+9
09:39:34.658 [JavaFX Application Thread] DEBUG Input                - Registered new binding: Restart - CTRL+R
09:39:34.659 [JavaFX Application Thread] DEBUG Input                - Registered new binding: Toggle Debug Camera - CTRL+7
09:39:34.663 [JavaFX Application Thread] DEBUG LoopRunner           - Starting loop
09:39:34.663 [JavaFX Application Thread] DEBUG LoopRunner           - Initializing JavaFX AnimationTimerLoop
09:39:34.666 [JavaFX Application Thread] DEBUG Input                - Clearing active input actions
09:39:34.673 [JavaFX Application Thread] DEBUG GameApplicationServi - Removing overlay from GameStartupScene and adding to FXGLMainMenuDummyScene
09:39:34.673 [JavaFX Application Thread] DEBUG PrimaryStageWindow   - GameStartupScene -> FXGLMainMenuDummyScene
09:39:34.673 [JavaFX Application Thread] DEBUG PrimaryStageWindow   - Push state: GameMainMenu
09:39:34.673 [JavaFX Application Thread] DEBUG FXGLAssetLoaderServi - Loading from file system: file:/D:/SoftwareDevelopment/javaFxProject/tank_v3.1/target/classes/assets/sounds/mainMenuLoad.wav
09:39:34.673 [FXGL Background Thread 4 ] DEBUG FXGLAssetLoaderServi - Loading from file system: jar:file:///C:/Users/WONDER/.m2/repository/com/github/almasb/fxgl/17.1/fxgl-17.1.jar!/fxglassets/ui/fonts/Abel-Regular.ttf
09:39:34.680 [FXGL Background Thread 4 ] DEBUG FXGLAssetLoaderServi - Loading from file system: jar:file:///C:/Users/WONDER/.m2/repository/com/github/almasb/fxgl/17.1/fxgl-17.1.jar!/fxglassets/ui/fonts/TerminalLandMono-Regular.otf
09:39:34.687 [FXGL Background Thread 4 ] DEBUG FXGLAssetLoaderServi - Loading from file system: jar:file:///C:/Users/WONDER/.m2/repository/com/github/almasb/fxgl/17.1/fxgl-17.1.jar!/fxglassets/ui/fonts/Courier-Prime.ttf
09:39:34.741 [JavaFX Application Thread] DEBUG Input                - Clearing active input actions
09:39:34.743 [JavaFX Application Thread] DEBUG GameApplicationServi - Removing overlay from FXGLMainMenuDummyScene and adding to GameMainMenu
09:39:34.744 [JavaFX Application Thread] DEBUG PrimaryStageWindow   - FXGLMainMenuDummyScene -> GameMainMenu
09:39:34.775 [FXGL Background Thread 2 ] WARN  UpdaterService       - Failed to find updates: java.net.UnknownHostException: raw.githubusercontent.com
09:39:34.807 [JavaFX Application Thread] DEBUG FXGLApplication      - Registering font factories with UI factory
09:39:36.749 [JavaFX Application Thread] DEBUG FXGLAssetLoaderServi - Loading from file system: file:/D:/SoftwareDevelopment/javaFxProject/tank_v3.1/target/classes/assets/sounds/mainMenuHover.wav
09:39:37.609 [FXGL Background Thread 3 ] DEBUG Engine               - Logging environment variables
09:39:37.611 [FXGL Background Thread 3 ] DEBUG Engine               - achievements: []
09:39:37.614 [FXGL Background Thread 3 ] DEBUG Engine               - actualHeight: 672.0
09:39:37.618 [FXGL Background Thread 3 ] DEBUG Engine               - actualHeightProperty: ReadOnlyDoubleProperty [value: 672.0]
09:39:37.618 [FXGL Background Thread 3 ] DEBUG Engine               - actualWidth: 816.0
09:39:37.619 [FXGL Background Thread 3 ] DEBUG Engine               - actualWidthProperty: ReadOnlyDoubleProperty [value: 816.0]
09:39:37.619 [FXGL Background Thread 3 ] DEBUG Engine               - appIcon: ui/icon.png
09:39:37.619 [FXGL Background Thread 3 ] DEBUG Engine               - applicationMode: DEVELOPER
09:39:37.619 [FXGL Background Thread 3 ] DEBUG Engine               - cSSList: [fxgl_dark.css, tankApp.css]
09:39:37.619 [FXGL Background Thread 3 ] DEBUG Engine               - collisionDetectionStrategy: BRUTE_FORCE
09:39:37.619 [FXGL Background Thread 3 ] DEBUG Engine               - configClass: Optional.empty
09:39:37.619 [FXGL Background Thread 3 ] DEBUG Engine               - credits: []
09:39:37.620 [FXGL Background Thread 3 ] DEBUG Engine               - defaultCursor: CursorInfo(imageName=ui/cursor.png, hotspotX=0.0, hotspotY=0.0)
09:39:37.620 [FXGL Background Thread 3 ] DEBUG Engine               - devBBoxColorProperty: ObjectProperty [value: 0xff0000ff]
09:39:37.621 [FXGL Background Thread 3 ] DEBUG Engine               - devEnableDebugCameraProperty: BooleanProperty [value: false]
09:39:37.621 [FXGL Background Thread 3 ] DEBUG Engine               - devSensorColorProperty: ObjectProperty [value: 0xffff00ff]
09:39:37.621 [FXGL Background Thread 3 ] DEBUG Engine               - devShowBBoxProperty: BooleanProperty [value: false]
09:39:37.621 [FXGL Background Thread 3 ] DEBUG Engine               - devShowPositionProperty: BooleanProperty [value: false]
09:39:37.621 [FXGL Background Thread 3 ] DEBUG Engine               - enabledMenuItems: []
09:39:37.621 [FXGL Background Thread 3 ] DEBUG Engine               - engineServices: [class com.almasb.fxgl.app.services.FXGLAssetLoaderService, class com.almasb.fxgl.app.FXGLApplication$GameApplicationService, class com.almasb.fxgl.app.services.FXGLDialogService, class com.almasb.fxgl.app.services.IOTaskExecutorService, class com.almasb.fxgl.io.FileSystemService, class com.almasb.fxgl.localization.LocalizationService, class com.almasb.fxgl.app.services.SystemBundleService, class com.almasb.fxgl.profile.SaveLoadService, class com.almasb.fxgl.ui.FXGLUIFactoryServiceProvider, class com.almasb.fxgl.ui.FXGLDialogFactoryServiceProvider, class com.almasb.fxgl.audio.AudioPlayer, class com.almasb.fxgl.notification.impl.NotificationServiceProvider, class com.almasb.fxgl.achievement.AchievementService, class com.almasb.fxgl.cutscene.CutsceneService, class com.almasb.fxgl.minigames.MiniGameService, class com.almasb.fxgl.net.NetService, class com.almasb.fxgl.app.services.UpdaterService, class com.almasb.fxgl.dev.DevService]
09:39:37.621 [FXGL Background Thread 3 ] DEBUG Engine               - fontGame: Abel-Regular.ttf
09:39:37.621 [FXGL Background Thread 3 ] DEBUG Engine               - fontMono: TerminalLandMono-Regular.otf
09:39:37.621 [FXGL Background Thread 3 ] DEBUG Engine               - fontText: Courier-Prime.ttf
09:39:37.621 [FXGL Background Thread 3 ] DEBUG Engine               - fontUI: VarelaRound-Regular.ttf
09:39:37.621 [FXGL Background Thread 3 ] DEBUG Engine               - fullScreen: BooleanProperty [value: false]
09:39:37.622 [FXGL Background Thread 3 ] DEBUG Engine               - gameDifficulty: MEDIUM
09:39:37.622 [FXGL Background Thread 3 ] DEBUG Engine               - gameDifficultyProperty: ObjectProperty [value: MEDIUM]
09:39:37.622 [FXGL Background Thread 3 ] DEBUG Engine               - globalMusicVolume: 0.5
09:39:37.622 [FXGL Background Thread 3 ] DEBUG Engine               - globalMusicVolumeProperty: DoubleProperty [value: 0.5]
09:39:37.622 [FXGL Background Thread 3 ] DEBUG Engine               - globalSoundVolume: 0.5
09:39:37.622 [FXGL Background Thread 3 ] DEBUG Engine               - globalSoundVolumeProperty: DoubleProperty [value: 0.5]
09:39:37.623 [FXGL Background Thread 3 ] DEBUG Engine               - height: 672
09:39:37.623 [FXGL Background Thread 3 ] DEBUG Engine               - is3D: false
09:39:37.623 [FXGL Background Thread 3 ] DEBUG Engine               - isAndroid: false
09:39:37.623 [FXGL Background Thread 3 ] DEBUG Engine               - isBrowser: false
09:39:37.623 [FXGL Background Thread 3 ] DEBUG Engine               - isClickFeedbackEnabled: false
09:39:37.623 [FXGL Background Thread 3 ] DEBUG Engine               - isCloseConfirmation: false
09:39:37.623 [FXGL Background Thread 3 ] DEBUG Engine               - isDesktop: true
09:39:37.623 [FXGL Background Thread 3 ] DEBUG Engine               - isDeveloperMenuEnabled: false
09:39:37.623 [FXGL Background Thread 3 ] DEBUG Engine               - isEmbedded: false
09:39:37.623 [FXGL Background Thread 3 ] DEBUG Engine               - isEntityPreloadEnabled: true
09:39:37.623 [FXGL Background Thread 3 ] DEBUG Engine               - isExperimentalTiledLargeMap: false
09:39:37.625 [FXGL Background Thread 3 ] DEBUG Engine               - isFileSystemWriteAllowed: true
09:39:37.625 [FXGL Background Thread 3 ] DEBUG Engine               - isFullScreenAllowed: false
09:39:37.625 [FXGL Background Thread 3 ] DEBUG Engine               - isFullScreenFromStart: false
09:39:37.626 [FXGL Background Thread 3 ] DEBUG Engine               - isGameMenuEnabled: true
09:39:37.626 [FXGL Background Thread 3 ] DEBUG Engine               - isIOS: false
09:39:37.626 [FXGL Background Thread 3 ] DEBUG Engine               - isIntroEnabled: false
09:39:37.626 [FXGL Background Thread 3 ] DEBUG Engine               - isLinux: false
09:39:37.626 [FXGL Background Thread 3 ] DEBUG Engine               - isMac: false
09:39:37.626 [FXGL Background Thread 3 ] DEBUG Engine               - isMainMenuEnabled: true
09:39:37.626 [FXGL Background Thread 3 ] DEBUG Engine               - isManualResizeEnabled: false
09:39:37.626 [FXGL Background Thread 3 ] DEBUG Engine               - isMobile: false
09:39:37.626 [FXGL Background Thread 3 ] DEBUG Engine               - isNative: false
09:39:37.626 [FXGL Background Thread 3 ] DEBUG Engine               - isPauseMusicWhenMinimized: true
09:39:37.627 [FXGL Background Thread 3 ] DEBUG Engine               - isPreserveResizeRatio: false
09:39:37.627 [FXGL Background Thread 3 ] DEBUG Engine               - isProfilingEnabled: false
09:39:37.627 [FXGL Background Thread 3 ] DEBUG Engine               - isScaleAffectedOnResize: true
09:39:37.627 [FXGL Background Thread 3 ] DEBUG Engine               - isSingleStep: false
09:39:37.627 [FXGL Background Thread 3 ] DEBUG Engine               - isUserProfileEnabled: false
09:39:37.627 [FXGL Background Thread 3 ] DEBUG Engine               - isWindows: true
09:39:37.627 [FXGL Background Thread 3 ] DEBUG Engine               - language: ObjectProperty [value: ENGLISH]
09:39:37.627 [FXGL Background Thread 3 ] DEBUG Engine               - menuKey: ESCAPE
09:39:37.627 [FXGL Background Thread 3 ] DEBUG Engine               - mouseSensitivity: 0.2
09:39:37.627 [FXGL Background Thread 3 ] DEBUG Engine               - notificationViewClass: class com.almasb.fxgl.notification.view.XboxNotificationView
09:39:37.627 [FXGL Background Thread 3 ] DEBUG Engine               - pixelsPerMeter: 50.0
09:39:37.627 [FXGL Background Thread 3 ] DEBUG Engine               - platform: WINDOWS
09:39:37.627 [FXGL Background Thread 3 ] DEBUG Engine               - prefHeightProperty: ReadOnlyDoubleProperty [value: 672.0]
09:39:37.628 [FXGL Background Thread 3 ] DEBUG Engine               - prefWidthProperty: ReadOnlyDoubleProperty [value: 816.0]
09:39:37.628 [FXGL Background Thread 3 ] DEBUG Engine               - profileDir: profiles/
09:39:37.628 [FXGL Background Thread 3 ] DEBUG Engine               - profileName: StringProperty [value: DEFAULT]
09:39:37.628 [FXGL Background Thread 3 ] DEBUG Engine               - randomSeed: -1
09:39:37.628 [FXGL Background Thread 3 ] DEBUG Engine               - runtimeInfo: RuntimeInfo(platform=WINDOWS, version=17.1, build=24.03.2022 17.34)
09:39:37.629 [FXGL Background Thread 3 ] DEBUG Engine               - saveFileExt: sav
09:39:37.629 [FXGL Background Thread 3 ] DEBUG Engine               - scaledHeightProp$fxgl: DoubleProperty [bound, value: 672.0]
09:39:37.629 [FXGL Background Thread 3 ] DEBUG Engine               - scaledWidthProp$fxgl: DoubleProperty [bound, value: 816.0]
09:39:37.629 [FXGL Background Thread 3 ] DEBUG Engine               - sceneFactory: com.ningf.tank.TankApp$1@7532f3e1
09:39:37.629 [FXGL Background Thread 3 ] DEBUG Engine               - secondsIn24h: 60
09:39:37.629 [FXGL Background Thread 3 ] DEBUG Engine               - soundMenuBack: menu/back.wav
09:39:37.629 [FXGL Background Thread 3 ] DEBUG Engine               - soundMenuPress: menu/press.wav
09:39:37.629 [FXGL Background Thread 3 ] DEBUG Engine               - soundMenuSelect: menu/select.wav
09:39:37.630 [FXGL Background Thread 3 ] DEBUG Engine               - soundNotification: core/notification.wav
09:39:37.630 [FXGL Background Thread 3 ] DEBUG Engine               - stageStyle: DECORATED
09:39:37.630 [FXGL Background Thread 3 ] DEBUG Engine               - supportedLanguages: [ENGLISH, FRENCH, GERMAN, HUNGARIAN, RUSSIAN]
09:39:37.630 [FXGL Background Thread 3 ] DEBUG Engine               - ticksPerSecond: -1
09:39:37.630 [FXGL Background Thread 3 ] DEBUG Engine               - title: 90 Tank
09:39:37.630 [FXGL Background Thread 3 ] DEBUG Engine               - urlGithub: https://github.com/AlmasB/FXGL
09:39:37.630 [FXGL Background Thread 3 ] DEBUG Engine               - urlLeaderboard: http://fxgl-top.herokuapp.com/
09:39:37.630 [FXGL Background Thread 3 ] DEBUG Engine               - urlPOM: https://raw.githubusercontent.com/AlmasB/FXGL/release/README.md
09:39:37.630 [FXGL Background Thread 3 ] DEBUG Engine               - userAppClass: class com.ningf.tank.TankApp
09:39:37.630 [FXGL Background Thread 3 ] DEBUG Engine               - version: Version 0.3
09:39:37.630 [FXGL Background Thread 3 ] DEBUG Engine               - versionCheckDays: 7
09:39:37.630 [FXGL Background Thread 3 ] DEBUG Engine               - width: 816
09:39:37.630 [FXGL Background Thread 3 ] DEBUG Engine               - Logging services
09:39:37.630 [FXGL Background Thread 3 ] DEBUG Engine               - class com.almasb.fxgl.app.services.FXGLAssetLoaderService
09:39:37.630 [FXGL Background Thread 3 ] DEBUG Engine               - class com.almasb.fxgl.app.FXGLApplication$GameApplicationService
09:39:37.630 [FXGL Background Thread 3 ] DEBUG Engine               - class com.almasb.fxgl.app.services.FXGLDialogService
09:39:37.631 [FXGL Background Thread 3 ] DEBUG Engine               - class com.almasb.fxgl.app.services.IOTaskExecutorService
09:39:37.631 [FXGL Background Thread 3 ] DEBUG Engine               - class com.almasb.fxgl.io.FileSystemService
09:39:37.631 [FXGL Background Thread 3 ] DEBUG Engine               - class com.almasb.fxgl.localization.LocalizationService
09:39:37.631 [FXGL Background Thread 3 ] DEBUG Engine               - class com.almasb.fxgl.app.services.SystemBundleService
09:39:37.631 [FXGL Background Thread 3 ] DEBUG Engine               - class com.almasb.fxgl.profile.SaveLoadService
09:39:37.631 [FXGL Background Thread 3 ] DEBUG Engine               - class com.almasb.fxgl.ui.FXGLUIFactoryServiceProvider
09:39:37.631 [FXGL Background Thread 3 ] DEBUG Engine               - class com.almasb.fxgl.ui.FXGLDialogFactoryServiceProvider
09:39:37.631 [FXGL Background Thread 3 ] DEBUG Engine               - class com.almasb.fxgl.audio.AudioPlayer
09:39:37.631 [FXGL Background Thread 3 ] DEBUG Engine               - class com.almasb.fxgl.notification.impl.NotificationServiceProvider
09:39:37.631 [FXGL Background Thread 3 ] DEBUG Engine               - class com.almasb.fxgl.achievement.AchievementService
09:39:37.631 [FXGL Background Thread 3 ] DEBUG Engine               - class com.almasb.fxgl.cutscene.CutsceneService
09:39:37.631 [FXGL Background Thread 3 ] DEBUG Engine               - class com.almasb.fxgl.minigames.MiniGameService
09:39:37.631 [FXGL Background Thread 3 ] DEBUG Engine               - class com.almasb.fxgl.net.NetService
09:39:37.631 [FXGL Background Thread 3 ] DEBUG Engine               - class com.almasb.fxgl.app.services.UpdaterService
09:39:37.631 [FXGL Background Thread 3 ] DEBUG Engine               - class com.almasb.fxgl.dev.DevService
09:39:40.997 [JavaFX Application Thread] DEBUG FXGLAssetLoaderServi - Loading from file system: file:/D:/SoftwareDevelopment/javaFxProject/tank_v3.1/target/classes/assets/sounds/select.wav
09:40:04.112 [JavaFX Application Thread] DEBUG GameApplicationServi - Starting new game
09:40:04.113 [JavaFX Application Thread] DEBUG PrimaryStageWindow   - Pop state: GameMainMenu
09:40:04.113 [JavaFX Application Thread] DEBUG Input                - Clearing active input actions
09:40:04.118 [JavaFX Application Thread] DEBUG GameApplicationServi - Removing overlay from GameMainMenu and adding to FXGLMainMenuDummyScene
09:40:04.119 [JavaFX Application Thread] DEBUG PrimaryStageWindow   - FXGLMainMenuDummyScene <- GameMainMenu
09:40:04.120 [JavaFX Application Thread] DEBUG Input                - Clearing active input actions
09:40:04.133 [JavaFX Application Thread] DEBUG GameApplicationServi - Removing overlay from FXGLMainMenuDummyScene and adding to GameLoadingScene
09:40:04.134 [JavaFX Application Thread] DEBUG PrimaryStageWindow   - FXGLMainMenuDummyScene -> GameLoadingScene
09:40:04.134 [JavaFX Application Thread] DEBUG GameApplicationServi - Clearing previous game
09:40:04.134 [JavaFX Application Thread] DEBUG GameScene            - Clearing game scene
09:40:04.134 [JavaFX Application Thread] DEBUG GameWorld            - Clearing game world
09:40:04.134 [JavaFX Application Thread] DEBUG PhysicsWorld         - Clearing physics world
09:40:04.136 [FXGL Background Thread 2 ] DEBUG FXGLApplication      - Initializing game
09:40:04.138 [FXGL Background Thread 2 ] DEBUG FXGLAssetLoaderServi - Loading from file system: file:/D:/SoftwareDevelopment/javaFxProject/tank_v3.1/target/classes/assets/properties/game.properties
09:40:04.203 [FXGL Background Thread 2 ] DEBUG FXGLAssetLoaderServi - Loading from file system: file:/D:/SoftwareDevelopment/javaFxProject/tank_v3.1/target/classes/assets/textures/map/stone.png
09:40:04.206 [FXGL Background Thread 2 ] DEBUG FXGLAssetLoaderServi - Loading from file system: file:/D:/SoftwareDevelopment/javaFxProject/tank_v3.1/target/classes/assets/textures/map/brick.png
09:40:04.213 [FXGL Background Thread 2 ] DEBUG FXGLAssetLoaderServi - Loading from file system: file:/D:/SoftwareDevelopment/javaFxProject/tank_v3.1/target/classes/assets/textures/map/sea_anim.png
09:40:04.215 [FXGL Background Thread 2 ] DEBUG FXGLAssetLoaderServi - Loading from file system: file:/D:/SoftwareDevelopment/javaFxProject/tank_v3.1/target/classes/assets/textures/explode/explode_level_2.png
09:40:04.272 [pool-2-thread-1          ] WARN  TMXLevelLoader       - TiledMap generated from 1.8.4. Supported version: 1.4.2. Some features may not be parsed fully.
09:40:04.292 [pool-2-thread-1          ] DEBUG TMXLevelLoader       - Parsed TiledMap: file:/D:/SoftwareDevelopment/javaFxProject/tank_v3.1/ConstructMap/level0.tmx
09:40:04.294 [pool-2-thread-1          ] DEBUG TMXLevelLoader       - Creating tile layer entities
09:40:04.296 [pool-2-thread-1          ] DEBUG TMXLevelLoader       - Creating object layer entities
09:40:04.447 [pool-2-thread-1          ] DEBUG GameWorld            - Clearing removable entities
09:40:04.447 [pool-2-thread-1          ] DEBUG GameWorld            - Setting level: com.almasb.fxgl.entity.level.Level@1d929e5a
09:40:04.453 [pool-2-thread-1          ] DEBUG FXGLAssetLoaderServi - Loading from file system: file:/D:/SoftwareDevelopment/javaFxProject/tank_v3.1/target/classes/assets/sounds/start.wav
09:40:04.484 [pool-2-thread-1          ] DEBUG FXGLAssetLoaderServi - Loading from file system: file:/D:/SoftwareDevelopment/javaFxProject/tank_v3.1/target/classes/assets/textures/tank/H1U.png
09:40:04.510 [pool-2-thread-1          ] DEBUG FXGLAssetLoaderServi - Loading from file system: file:/D:/SoftwareDevelopment/javaFxProject/tank_v3.1/target/classes/assets/textures/item/armed_helmet.png
09:40:04.521 [pool-2-thread-1          ] DEBUG FXGLAssetLoaderServi - Loading from file system: file:/D:/SoftwareDevelopment/javaFxProject/tank_v3.1/target/classes/assets/textures/ui/enemy_pre.png
09:40:04.526 [pool-2-thread-1          ] DEBUG FXGLAssetLoaderServi - Loading from file system: file:/D:/SoftwareDevelopment/javaFxProject/tank_v3.1/target/classes/assets/textures/ui/levelFlag.png
09:40:04.528 [pool-2-thread-1          ] DEBUG FXGLAssetLoaderServi - Loading from file system: file:/D:/SoftwareDevelopment/javaFxProject/tank_v3.1/target/classes/assets/textures/ui/bulletLevel.png
09:40:04.534 [pool-2-thread-1          ] DEBUG FXGLAssetLoaderServi - Loading from file system: file:/D:/SoftwareDevelopment/javaFxProject/tank_v3.1/target/classes/assets/textures/tank/spawnTank.png
09:40:04.536 [pool-2-thread-1          ] DEBUG FXGLAssetLoaderServi - Loading from file system: file:/D:/SoftwareDevelopment/javaFxProject/tank_v3.1/target/classes/assets/textures/tank/E10U.png
09:40:04.539 [pool-2-thread-1          ] DEBUG FXGLAssetLoaderServi - Loading from file system: file:/D:/SoftwareDevelopment/javaFxProject/tank_v3.1/target/classes/assets/textures/tank/E12U.png
09:40:04.541 [pool-2-thread-1          ] DEBUG FXGLAssetLoaderServi - Loading from file system: file:/D:/SoftwareDevelopment/javaFxProject/tank_v3.1/target/classes/assets/textures/tank/E6U.png
09:40:05.783 [JavaFX Application Thread] WARN  TMXLevelLoader       - TiledMap generated from 1.10.2. Supported version: 1.4.2. Some features may not be parsed fully.
09:40:05.789 [JavaFX Application Thread] DEBUG TMXLevelLoader       - Parsed TiledMap: file:/D:/SoftwareDevelopment/javaFxProject/tank_v3.1/target/classes/assets/levels/levelForTwo.tmx
09:40:05.789 [JavaFX Application Thread] DEBUG TMXLevelLoader       - Creating tile layer entities
09:40:05.789 [JavaFX Application Thread] DEBUG TMXLevelLoader       - Creating object layer entities
09:40:05.825 [JavaFX Application Thread] DEBUG GameWorld            - Clearing removable entities
09:40:05.836 [JavaFX Application Thread] DEBUG GameWorld            - Setting level: com.almasb.fxgl.entity.level.Level@1d83aa0f
09:40:05.839 [JavaFX Application Thread] DEBUG FXGLAssetLoaderServi - Loading from file system: file:/D:/SoftwareDevelopment/javaFxProject/tank_v3.1/target/classes/assets/textures/tank/H2U.png
09:40:06.298 [FXGL Background Thread 2 ] INFO  FXGLApplication      - Game initialization took: 2.162 sec
09:40:06.299 [JavaFX Application Thread] DEBUG Input                - Clearing active input actions
09:40:06.308 [JavaFX Application Thread] DEBUG GameApplicationServi - Removing overlay from GameLoadingScene and adding to GameScene
09:40:06.309 [JavaFX Application Thread] DEBUG PrimaryStageWindow   - GameLoadingScene -> GameScene
09:41:29.971 [JavaFX Application Thread] DEBUG LoopRunner           - Stopping loop
09:41:29.973 [JavaFX Application Thread] FATAL FXGLApplication      - Uncaught Exception:
java.lang.NullPointerException: Cannot invoke "java.net.Socket.getOutputStream()" because "com.ningf.tank.ProjectVar.client" is null
	at FXGL_Tank/com.ningf.tank.TankApp.output(TankApp.java:831)
	at FXGL_Tank/com.ningf.tank.TankApp.moveUpAction(TankApp.java:368)
	at FXGL_Tank/com.ningf.tank.TankApp.lambda$initInput$0(TankApp.java:150)
	at com.almasb.fxgl.all@17.1/com.almasb.fxgl.dsl.FXGL$Companion$onKey$1.onAction(FXGL.kt:500)
	at com.almasb.fxgl.core@17.1/com.almasb.fxgl.input.UserAction.action$fxgl_core(UserAction.kt:38)
	at com.almasb.fxgl.core@17.1/com.almasb.fxgl.input.Input.update(Input.kt:271)
	at com.almasb.fxgl.scene@17.1/com.almasb.fxgl.scene.Scene.update(Scene.kt:103)
	at com.almasb.fxgl.all@17.1/com.almasb.fxgl.app.MainWindow$update$1.invoke(MainWindow.kt:115)
	at com.almasb.fxgl.all@17.1/com.almasb.fxgl.app.MainWindow$update$1.invoke(MainWindow.kt:115)
	at com.almasb.fxgl.core@17.1/com.almasb.fxgl.core.fsm.StateMachine.runOnActiveStates(StateMachine.kt:69)
	at com.almasb.fxgl.all@17.1/com.almasb.fxgl.app.MainWindow.update(MainWindow.kt:115)
	at com.almasb.fxgl.all@17.1/com.almasb.fxgl.app.FXGLApplication$GameApplicationService.onUpdate(FXGLApplication.kt:426)
	at com.almasb.fxgl.all@17.1/com.almasb.fxgl.app.Engine.loop(Engine.kt:134)
	at com.almasb.fxgl.all@17.1/com.almasb.fxgl.app.Engine.access$loop(Engine.kt:24)
	at com.almasb.fxgl.all@17.1/com.almasb.fxgl.app.Engine$loop$1.invoke(Engine.kt:28)
	at com.almasb.fxgl.all@17.1/com.almasb.fxgl.app.Engine$loop$1.invoke(Engine.kt:28)
	at com.almasb.fxgl.all@17.1/com.almasb.fxgl.app.LoopRunner.frame(LoopRunner.kt:103)
	at com.almasb.fxgl.all@17.1/com.almasb.fxgl.app.LoopRunner.access$frame(LoopRunner.kt:23)
	at com.almasb.fxgl.all@17.1/com.almasb.fxgl.app.LoopRunner$impl$2$1.onTick(LoopRunner.kt:57)
	at com.almasb.fxgl.all@17.1/com.almasb.fxgl.app.AnimationTimerLoop$timer$1.handle(LoopRunner.kt:137)
	at javafx.graphics@18/javafx.animation.AnimationTimer$AnimationTimerReceiver.lambda$handle$0(AnimationTimer.java:58)
	at java.base/java.security.AccessController.doPrivileged(AccessController.java:399)
	at javafx.graphics@18/javafx.animation.AnimationTimer$AnimationTimerReceiver.handle(AnimationTimer.java:57)
	at javafx.graphics@18/com.sun.scenario.animation.AbstractPrimaryTimer.timePulseImpl(AbstractPrimaryTimer.java:356)
	at javafx.graphics@18/com.sun.scenario.animation.AbstractPrimaryTimer$MainLoop.run(AbstractPrimaryTimer.java:266)
	at javafx.graphics@18/com.sun.javafx.tk.quantum.QuantumToolkit.pulse(QuantumToolkit.java:571)
	at javafx.graphics@18/com.sun.javafx.tk.quantum.QuantumToolkit.pulse(QuantumToolkit.java:555)
	at javafx.graphics@18/com.sun.javafx.tk.quantum.QuantumToolkit.pulseFromQueue(QuantumToolkit.java:548)
	at javafx.graphics@18/com.sun.javafx.tk.quantum.QuantumToolkit.lambda$runToolkit$11(QuantumToolkit.java:352)
	at javafx.graphics@18/com.sun.glass.ui.InvokeLaterDispatcher$Future.run(InvokeLaterDispatcher.java:96)
	at javafx.graphics@18/com.sun.glass.ui.win.WinApplication._runLoop(Native Method)
	at javafx.graphics@18/com.sun.glass.ui.win.WinApplication.lambda$runLoop$3(WinApplication.java:184)
	at java.base/java.lang.Thread.run(Thread.java:833)

09:41:29.973 [JavaFX Application Thread] FATAL FXGLApplication      - Application will now exit
09:41:29.985 [JavaFX Application Thread] DEBUG PrimaryStageWindow   - Push state: ErrorSubScene
09:41:29.985 [JavaFX Application Thread] DEBUG Input                - Clearing active input actions
09:41:29.986 [JavaFX Application Thread] DEBUG GameApplicationServi - Removing overlay from GameScene and adding to ErrorSubScene
09:41:29.986 [JavaFX Application Thread] DEBUG PrimaryStageWindow   - GameScene -> ErrorSubScene
09:41:31.553 [JavaFX Application Thread] DEBUG FXGLApplication      - Exiting FXGL
09:41:31.553 [JavaFX Application Thread] DEBUG Async                - Shutting down background threads
09:41:31.553 [JavaFX Application Thread] DEBUG PrimaryStageWindow   - Closing main window
09:41:31.564 [JavaFX Application Thread] DEBUG Logger               - Closing Logger
