11:13:49.109 [main                     ] DEBUG Logger               - Configured Logger
11:13:49.136 [main                     ] DEBUG GameApplication      - Logging settings
Title: 90 Tank
Version: Version 0.3
Width: 816
Height: 672
Fullscreen: false
Intro: false
Profiling: false
Single step:false
App Mode: DEVELOPER
Menu Key: ESCAPE
Stage Style: DECORATED
Scene Factory: class com.ningf.tank.TankApp$1

11:13:49.428 [JavaFX Application Thread] DEBUG FXGLApplication      - Initializing FXGL
11:13:49.434 [JavaFX Application Thread] INFO  Engine               - FXGL-17.1 (24.03.2022 17.34) on WINDOWS (J:17.0.7 FX:18)
11:13:49.434 [JavaFX Application Thread] DEBUG Engine               - JRE Vendor Name: Oracle Corporation
11:13:49.434 [JavaFX Application Thread] DEBUG Engine               - Running on OS: Windows 11 version 10.0
11:13:49.434 [JavaFX Application Thread] DEBUG Engine               - Architecture: amd64
11:13:49.434 [JavaFX Application Thread] INFO  Engine               - Source code and latest versions at: https://github.com/AlmasB/FXGL
11:13:49.435 [JavaFX Application Thread] INFO  Engine               -       Ask questions and discuss at: https://github.com/AlmasB/FXGL/discussions
11:13:49.435 [JavaFX Application Thread] INFO  Engine               -              Join the FXGL chat at: https://gitter.im/AlmasB/FXGL
11:13:49.503 [JavaFX Application Thread] DEBUG PrimaryStageWindow   - Creating a JavaFX scene
11:13:49.534 [JavaFX Application Thread] DEBUG PrimaryStageWindow   - Target settings size: 816.0 x 672.0
11:13:49.535 [JavaFX Application Thread] DEBUG PrimaryStageWindow   - Scaled scene size:    816.0 x 672.0
11:13:49.535 [JavaFX Application Thread] DEBUG PrimaryStageWindow   - Scaled ratio: (1.0, 1.0)
11:13:49.537 [JavaFX Application Thread] DEBUG PrimaryStageWindow   - Set initial scene to GameStartupScene
11:13:49.543 [JavaFX Application Thread] DEBUG PrimaryStageWindow   - Opening main window
11:13:49.634 [JavaFX Application Thread] DEBUG PrimaryStageWindow   - Window border size: (14.66668701171875, 37.33331298828125)
11:13:49.635 [JavaFX Application Thread] DEBUG PrimaryStageWindow   - Scaled size: 816.0 x 672.0
11:13:49.635 [JavaFX Application Thread] DEBUG PrimaryStageWindow   - Scaled ratio: (1.0, 1.0)
11:13:49.635 [JavaFX Application Thread] DEBUG PrimaryStageWindow   - Scene size: 816.0 x 672.0
11:13:49.635 [JavaFX Application Thread] DEBUG PrimaryStageWindow   - Stage size: 830.6666870117188 x 709.3333129882812
11:13:49.641 [FXGL Background Thread 1 ] DEBUG Engine               - Initializing environment variables
11:13:49.673 [FXGL Background Thread 1 ] DEBUG FXGLAssetLoaderServi - User app class for loading assets: class com.ningf.tank.TankApp
11:13:49.674 [FXGL Background Thread 1 ] DEBUG GameApplicationServi - Applying CSS: fxgl_dark.css
11:13:49.674 [FXGL Background Thread 1 ] DEBUG FXGLAssetLoaderServi - Loading from file system: jar:file:///C:/Users/WONDER/.m2/repository/com/github/almasb/fxgl/17.1/fxgl-17.1.jar!/fxglassets/ui/css/fxgl_dark.css
11:13:49.693 [FXGL Background Thread 1 ] DEBUG GameApplicationServi - Applying CSS: tankApp.css
11:13:49.693 [FXGL Background Thread 1 ] DEBUG FXGLAssetLoaderServi - Loading from file system: file:/D:/SoftwareDevelopment/javaFxProject/tank_v3.1/target/classes/assets/ui/css/tankApp.css
11:13:49.695 [FXGL Background Thread 1 ] DEBUG GameApplicationServi - Initializing application scenes
11:13:49.698 [FXGL Background Thread 1 ] DEBUG GameWorld            - Game world initialized
11:13:49.739 [FXGL Background Thread 1 ] DEBUG PhysicsWorld         - Physics world initialized: appHeight=672, physics.ppm=50.0
11:13:49.739 [FXGL Background Thread 1 ] DEBUG PhysicsWorld         - Using strategy: BRUTE_FORCE
11:13:49.742 [FXGL Background Thread 1 ] DEBUG GameScene            - Game scene initialized: 816x672
11:13:49.745 [FXGL Background Thread 1 ] DEBUG FXGLAssetLoaderServi - Loading from file system: file:/D:/SoftwareDevelopment/javaFxProject/tank_v3.1/target/classes/assets/textures/ui/logo.png
11:13:49.756 [FXGL Background Thread 1 ] DEBUG FXGLAssetLoaderServi - Loading from file system: file:/D:/SoftwareDevelopment/javaFxProject/tank_v3.1/target/classes/assets/textures/ui/icon.png
11:13:49.761 [FXGL Background Thread 1 ] DEBUG FXGLAssetLoaderServi - Loading from file system: file:/D:/SoftwareDevelopment/javaFxProject/tank_v3.1/target/classes/assets/textures/ui/tankLoading.png
11:13:49.793 [FXGL Background Thread 1 ] DEBUG FXGLAssetLoaderServi - Loading from file system: file:/D:/SoftwareDevelopment/javaFxProject/tank_v3.1/target/classes/assets/textures/ui/fxgl.png
11:13:49.822 [FXGL Background Thread 1 ] DEBUG FXGL.DefaultMenu     - createMenuBodyGameMenu()
11:13:49.828 [FXGL Background Thread 1 ] DEBUG FXGL.DefaultMenu     - createOptionsMenu()
11:13:49.835 [FXGL Background Thread 1 ] DEBUG FXGLAssetLoaderServi - Loading from file system: jar:file:///C:/Users/WONDER/.m2/repository/com/github/almasb/fxgl/17.1/fxgl-17.1.jar!/fxglassets/textures/particles/smoke.png
11:13:49.898 [FXGL Background Thread 1 ] DEBUG FXGLAssetLoaderServi - Loading from file system: jar:file:///C:/Users/WONDER/.m2/repository/com/github/almasb/fxgl/17.1/fxgl-17.1.jar!/fxglassets/textures/particles/trace_horizontal.png
11:13:49.912 [FXGL Background Thread 1 ] DEBUG GameApplicationServi - Application scenes initialized
11:13:49.920 [FXGL Background Thread 1 ] DEBUG SystemBundleService  - Loading FXGL system data
11:13:49.923 [FXGL Background Thread 1 ] DEBUG FileSystemAccess     - Reading from: D:\SoftwareDevelopment\javaFxProject\tank_v3.1\system\fxgl.bundle
11:13:49.929 [FXGL Background Thread 1 ] DEBUG SystemBundleService  - Bundle FXGL: {}
11:13:49.929 [FXGL Background Thread 1 ] DEBUG UpdaterService       - Checking for updates
11:13:49.932 [FXGL Background Thread 4 ] DEBUG FXGLApplication      - Loading fonts
11:13:49.932 [FXGL Background Thread 4 ] DEBUG FXGLAssetLoaderServi - Loading from file system: jar:file:///C:/Users/WONDER/.m2/repository/com/github/almasb/fxgl/17.1/fxgl-17.1.jar!/fxglassets/ui/fonts/VarelaRound-Regular.ttf
11:13:49.932 [FXGL Background Thread 1 ] DEBUG FXGLApplication      - Loading default localization
11:13:49.933 [FXGL Background Thread 1 ] DEBUG FXGLAssetLoaderServi - Loading from file system: jar:file:///C:/Users/WONDER/.m2/repository/com/github/almasb/fxgl/17.1/fxgl-17.1.jar!/fxglassets/languages/english.lang
11:13:49.952 [FXGL Background Thread 1 ] INFO  FXGLApplication      - FXGL initialization took: 0.311 sec
11:13:49.960 [JavaFX Application Thread] DEBUG Input                - Registered new binding: action0 - W
11:13:49.961 [JavaFX Application Thread] DEBUG Input                - Registered new binding: action1 - S
11:13:49.961 [JavaFX Application Thread] DEBUG Input                - Registered new binding: action2 - A
11:13:49.962 [JavaFX Application Thread] DEBUG Input                - Registered new binding: action3 - D
11:13:49.962 [JavaFX Application Thread] DEBUG Input                - Registered new binding: action4 - Space
11:13:49.962 [JavaFX Application Thread] DEBUG Input                - Registered new binding: action5 - O
11:13:49.963 [JavaFX Application Thread] DEBUG Input                - Registered new binding: action6 - Up
11:13:49.963 [JavaFX Application Thread] DEBUG Input                - Registered new binding: action7 - Down
11:13:49.963 [JavaFX Application Thread] DEBUG Input                - Registered new binding: action8 - Left
11:13:49.963 [JavaFX Application Thread] DEBUG Input                - Registered new binding: action9 - Right
11:13:49.964 [JavaFX Application Thread] DEBUG Input                - Registered new binding: action10 - Enter
11:13:49.964 [JavaFX Application Thread] DEBUG Input                - Registered new binding: action11 - Numpad 0
11:13:49.968 [JavaFX Application Thread] DEBUG FXGLAssetLoaderServi - Loading from file system: file:/D:/SoftwareDevelopment/javaFxProject/tank_v3.1/target/classes/assets/textures/ui/cursor.png
11:13:49.970 [JavaFX Application Thread] DEBUG Input                - Registered new binding: Screenshot - CTRL+8
11:13:49.970 [JavaFX Application Thread] DEBUG Input                - Registered new binding: System info dump - CTRL+9
11:13:49.971 [JavaFX Application Thread] DEBUG Input                - Registered new binding: Restart - CTRL+R
11:13:49.971 [JavaFX Application Thread] DEBUG Input                - Registered new binding: Toggle Debug Camera - CTRL+7
11:13:49.973 [JavaFX Application Thread] DEBUG LoopRunner           - Starting loop
11:13:49.973 [JavaFX Application Thread] DEBUG LoopRunner           - Initializing JavaFX AnimationTimerLoop
11:13:49.976 [JavaFX Application Thread] DEBUG Input                - Clearing active input actions
11:13:49.982 [JavaFX Application Thread] DEBUG GameApplicationServi - Removing overlay from GameStartupScene and adding to FXGLMainMenuDummyScene
11:13:49.983 [JavaFX Application Thread] DEBUG PrimaryStageWindow   - GameStartupScene -> FXGLMainMenuDummyScene
11:13:49.983 [JavaFX Application Thread] DEBUG PrimaryStageWindow   - Push state: GameMainMenu
11:13:49.983 [JavaFX Application Thread] DEBUG FXGLAssetLoaderServi - Loading from file system: file:/D:/SoftwareDevelopment/javaFxProject/tank_v3.1/target/classes/assets/sounds/mainMenuLoad.wav
11:13:49.994 [FXGL Background Thread 4 ] DEBUG FXGLAssetLoaderServi - Loading from file system: jar:file:///C:/Users/WONDER/.m2/repository/com/github/almasb/fxgl/17.1/fxgl-17.1.jar!/fxglassets/ui/fonts/Abel-Regular.ttf
11:13:50.002 [FXGL Background Thread 4 ] DEBUG FXGLAssetLoaderServi - Loading from file system: jar:file:///C:/Users/WONDER/.m2/repository/com/github/almasb/fxgl/17.1/fxgl-17.1.jar!/fxglassets/ui/fonts/TerminalLandMono-Regular.otf
11:13:50.009 [FXGL Background Thread 4 ] DEBUG FXGLAssetLoaderServi - Loading from file system: jar:file:///C:/Users/WONDER/.m2/repository/com/github/almasb/fxgl/17.1/fxgl-17.1.jar!/fxglassets/ui/fonts/Courier-Prime.ttf
11:13:50.056 [JavaFX Application Thread] DEBUG Input                - Clearing active input actions
11:13:50.061 [JavaFX Application Thread] DEBUG GameApplicationServi - Removing overlay from FXGLMainMenuDummyScene and adding to GameMainMenu
11:13:50.062 [JavaFX Application Thread] DEBUG PrimaryStageWindow   - FXGLMainMenuDummyScene -> GameMainMenu
11:13:50.133 [JavaFX Application Thread] DEBUG FXGLApplication      - Registering font factories with UI factory
11:13:50.187 [FXGL Background Thread 2 ] WARN  UpdaterService       - Failed to find updates: java.net.UnknownHostException: raw.githubusercontent.com
11:13:52.060 [JavaFX Application Thread] DEBUG FXGLAssetLoaderServi - Loading from file system: file:/D:/SoftwareDevelopment/javaFxProject/tank_v3.1/target/classes/assets/sounds/mainMenuHover.wav
11:13:52.933 [FXGL Background Thread 3 ] DEBUG Engine               - Logging environment variables
11:13:52.936 [FXGL Background Thread 3 ] DEBUG Engine               - achievements: []
11:13:52.939 [FXGL Background Thread 3 ] DEBUG Engine               - actualHeight: 672.0
11:13:52.943 [FXGL Background Thread 3 ] DEBUG Engine               - actualHeightProperty: ReadOnlyDoubleProperty [value: 672.0]
11:13:52.943 [FXGL Background Thread 3 ] DEBUG Engine               - actualWidth: 816.0
11:13:52.943 [FXGL Background Thread 3 ] DEBUG Engine               - actualWidthProperty: ReadOnlyDoubleProperty [value: 816.0]
11:13:52.943 [FXGL Background Thread 3 ] DEBUG Engine               - appIcon: ui/icon.png
11:13:52.944 [FXGL Background Thread 3 ] DEBUG Engine               - applicationMode: DEVELOPER
11:13:52.944 [FXGL Background Thread 3 ] DEBUG Engine               - cSSList: [fxgl_dark.css, tankApp.css]
11:13:52.944 [FXGL Background Thread 3 ] DEBUG Engine               - collisionDetectionStrategy: BRUTE_FORCE
11:13:52.944 [FXGL Background Thread 3 ] DEBUG Engine               - configClass: Optional.empty
11:13:52.944 [FXGL Background Thread 3 ] DEBUG Engine               - credits: []
11:13:52.944 [FXGL Background Thread 3 ] DEBUG Engine               - defaultCursor: CursorInfo(imageName=ui/cursor.png, hotspotX=0.0, hotspotY=0.0)
11:13:52.945 [FXGL Background Thread 3 ] DEBUG Engine               - devBBoxColorProperty: ObjectProperty [value: 0xff0000ff]
11:13:52.945 [FXGL Background Thread 3 ] DEBUG Engine               - devEnableDebugCameraProperty: BooleanProperty [value: false]
11:13:52.945 [FXGL Background Thread 3 ] DEBUG Engine               - devSensorColorProperty: ObjectProperty [value: 0xffff00ff]
11:13:52.945 [FXGL Background Thread 3 ] DEBUG Engine               - devShowBBoxProperty: BooleanProperty [value: false]
11:13:52.945 [FXGL Background Thread 3 ] DEBUG Engine               - devShowPositionProperty: BooleanProperty [value: false]
11:13:52.946 [FXGL Background Thread 3 ] DEBUG Engine               - enabledMenuItems: []
11:13:52.946 [FXGL Background Thread 3 ] DEBUG Engine               - engineServices: [class com.almasb.fxgl.app.services.FXGLAssetLoaderService, class com.almasb.fxgl.app.FXGLApplication$GameApplicationService, class com.almasb.fxgl.app.services.FXGLDialogService, class com.almasb.fxgl.app.services.IOTaskExecutorService, class com.almasb.fxgl.io.FileSystemService, class com.almasb.fxgl.localization.LocalizationService, class com.almasb.fxgl.app.services.SystemBundleService, class com.almasb.fxgl.profile.SaveLoadService, class com.almasb.fxgl.ui.FXGLUIFactoryServiceProvider, class com.almasb.fxgl.ui.FXGLDialogFactoryServiceProvider, class com.almasb.fxgl.audio.AudioPlayer, class com.almasb.fxgl.notification.impl.NotificationServiceProvider, class com.almasb.fxgl.achievement.AchievementService, class com.almasb.fxgl.cutscene.CutsceneService, class com.almasb.fxgl.minigames.MiniGameService, class com.almasb.fxgl.net.NetService, class com.almasb.fxgl.app.services.UpdaterService, class com.almasb.fxgl.dev.DevService]
11:13:52.946 [FXGL Background Thread 3 ] DEBUG Engine               - fontGame: Abel-Regular.ttf
11:13:52.946 [FXGL Background Thread 3 ] DEBUG Engine               - fontMono: TerminalLandMono-Regular.otf
11:13:52.946 [FXGL Background Thread 3 ] DEBUG Engine               - fontText: Courier-Prime.ttf
11:13:52.946 [FXGL Background Thread 3 ] DEBUG Engine               - fontUI: VarelaRound-Regular.ttf
11:13:52.946 [FXGL Background Thread 3 ] DEBUG Engine               - fullScreen: BooleanProperty [value: false]
11:13:52.946 [FXGL Background Thread 3 ] DEBUG Engine               - gameDifficulty: MEDIUM
11:13:52.946 [FXGL Background Thread 3 ] DEBUG Engine               - gameDifficultyProperty: ObjectProperty [value: MEDIUM]
11:13:52.947 [FXGL Background Thread 3 ] DEBUG Engine               - globalMusicVolume: 0.5
11:13:52.947 [FXGL Background Thread 3 ] DEBUG Engine               - globalMusicVolumeProperty: DoubleProperty [value: 0.5]
11:13:52.947 [FXGL Background Thread 3 ] DEBUG Engine               - globalSoundVolume: 0.5
11:13:52.947 [FXGL Background Thread 3 ] DEBUG Engine               - globalSoundVolumeProperty: DoubleProperty [value: 0.5]
11:13:52.947 [FXGL Background Thread 3 ] DEBUG Engine               - height: 672
11:13:52.947 [FXGL Background Thread 3 ] DEBUG Engine               - is3D: false
11:13:52.947 [FXGL Background Thread 3 ] DEBUG Engine               - isAndroid: false
11:13:52.947 [FXGL Background Thread 3 ] DEBUG Engine               - isBrowser: false
11:13:52.947 [FXGL Background Thread 3 ] DEBUG Engine               - isClickFeedbackEnabled: false
11:13:52.948 [FXGL Background Thread 3 ] DEBUG Engine               - isCloseConfirmation: false
11:13:52.948 [FXGL Background Thread 3 ] DEBUG Engine               - isDesktop: true
11:13:52.948 [FXGL Background Thread 3 ] DEBUG Engine               - isDeveloperMenuEnabled: false
11:13:52.948 [FXGL Background Thread 3 ] DEBUG Engine               - isEmbedded: false
11:13:52.948 [FXGL Background Thread 3 ] DEBUG Engine               - isEntityPreloadEnabled: true
11:13:52.948 [FXGL Background Thread 3 ] DEBUG Engine               - isExperimentalTiledLargeMap: false
11:13:52.949 [FXGL Background Thread 3 ] DEBUG Engine               - isFileSystemWriteAllowed: true
11:13:52.949 [FXGL Background Thread 3 ] DEBUG Engine               - isFullScreenAllowed: false
11:13:52.951 [FXGL Background Thread 3 ] DEBUG Engine               - isFullScreenFromStart: false
11:13:52.953 [FXGL Background Thread 3 ] DEBUG Engine               - isGameMenuEnabled: true
11:13:52.953 [FXGL Background Thread 3 ] DEBUG Engine               - isIOS: false
11:13:52.953 [FXGL Background Thread 3 ] DEBUG Engine               - isIntroEnabled: false
11:13:52.953 [FXGL Background Thread 3 ] DEBUG Engine               - isLinux: false
11:13:52.954 [FXGL Background Thread 3 ] DEBUG Engine               - isMac: false
11:13:52.954 [FXGL Background Thread 3 ] DEBUG Engine               - isMainMenuEnabled: true
11:13:52.954 [FXGL Background Thread 3 ] DEBUG Engine               - isManualResizeEnabled: false
11:13:52.954 [FXGL Background Thread 3 ] DEBUG Engine               - isMobile: false
11:13:52.954 [FXGL Background Thread 3 ] DEBUG Engine               - isNative: false
11:13:52.954 [FXGL Background Thread 3 ] DEBUG Engine               - isPauseMusicWhenMinimized: true
11:13:52.954 [FXGL Background Thread 3 ] DEBUG Engine               - isPreserveResizeRatio: false
11:13:52.954 [FXGL Background Thread 3 ] DEBUG Engine               - isProfilingEnabled: false
11:13:52.954 [FXGL Background Thread 3 ] DEBUG Engine               - isScaleAffectedOnResize: true
11:13:52.954 [FXGL Background Thread 3 ] DEBUG Engine               - isSingleStep: false
11:13:52.954 [FXGL Background Thread 3 ] DEBUG Engine               - isUserProfileEnabled: false
11:13:52.954 [FXGL Background Thread 3 ] DEBUG Engine               - isWindows: true
11:13:52.954 [FXGL Background Thread 3 ] DEBUG Engine               - language: ObjectProperty [value: ENGLISH]
11:13:52.954 [FXGL Background Thread 3 ] DEBUG Engine               - menuKey: ESCAPE
11:13:52.954 [FXGL Background Thread 3 ] DEBUG Engine               - mouseSensitivity: 0.2
11:13:52.955 [FXGL Background Thread 3 ] DEBUG Engine               - notificationViewClass: class com.almasb.fxgl.notification.view.XboxNotificationView
11:13:52.955 [FXGL Background Thread 3 ] DEBUG Engine               - pixelsPerMeter: 50.0
11:13:52.955 [FXGL Background Thread 3 ] DEBUG Engine               - platform: WINDOWS
11:13:52.955 [FXGL Background Thread 3 ] DEBUG Engine               - prefHeightProperty: ReadOnlyDoubleProperty [value: 672.0]
11:13:52.955 [FXGL Background Thread 3 ] DEBUG Engine               - prefWidthProperty: ReadOnlyDoubleProperty [value: 816.0]
11:13:52.955 [FXGL Background Thread 3 ] DEBUG Engine               - profileDir: profiles/
11:13:52.955 [FXGL Background Thread 3 ] DEBUG Engine               - profileName: StringProperty [value: DEFAULT]
11:13:52.955 [FXGL Background Thread 3 ] DEBUG Engine               - randomSeed: -1
11:13:52.955 [FXGL Background Thread 3 ] DEBUG Engine               - runtimeInfo: RuntimeInfo(platform=WINDOWS, version=17.1, build=24.03.2022 17.34)
11:13:52.955 [FXGL Background Thread 3 ] DEBUG Engine               - saveFileExt: sav
11:13:52.956 [FXGL Background Thread 3 ] DEBUG Engine               - scaledHeightProp$fxgl: DoubleProperty [bound, value: 672.0]
11:13:52.956 [FXGL Background Thread 3 ] DEBUG Engine               - scaledWidthProp$fxgl: DoubleProperty [bound, value: 816.0]
11:13:52.956 [FXGL Background Thread 3 ] DEBUG Engine               - sceneFactory: com.ningf.tank.TankApp$1@49a165a3
11:13:52.956 [FXGL Background Thread 3 ] DEBUG Engine               - secondsIn24h: 60
11:13:52.956 [FXGL Background Thread 3 ] DEBUG Engine               - soundMenuBack: menu/back.wav
11:13:52.956 [FXGL Background Thread 3 ] DEBUG Engine               - soundMenuPress: menu/press.wav
11:13:52.956 [FXGL Background Thread 3 ] DEBUG Engine               - soundMenuSelect: menu/select.wav
11:13:52.956 [FXGL Background Thread 3 ] DEBUG Engine               - soundNotification: core/notification.wav
11:13:52.957 [FXGL Background Thread 3 ] DEBUG Engine               - stageStyle: DECORATED
11:13:52.957 [FXGL Background Thread 3 ] DEBUG Engine               - supportedLanguages: [ENGLISH, FRENCH, GERMAN, HUNGARIAN, RUSSIAN]
11:13:52.957 [FXGL Background Thread 3 ] DEBUG Engine               - ticksPerSecond: -1
11:13:52.957 [FXGL Background Thread 3 ] DEBUG Engine               - title: 90 Tank
11:13:52.957 [FXGL Background Thread 3 ] DEBUG Engine               - urlGithub: https://github.com/AlmasB/FXGL
11:13:52.957 [FXGL Background Thread 3 ] DEBUG Engine               - urlLeaderboard: http://fxgl-top.herokuapp.com/
11:13:52.957 [FXGL Background Thread 3 ] DEBUG Engine               - urlPOM: https://raw.githubusercontent.com/AlmasB/FXGL/release/README.md
11:13:52.957 [FXGL Background Thread 3 ] DEBUG Engine               - userAppClass: class com.ningf.tank.TankApp
11:13:52.957 [FXGL Background Thread 3 ] DEBUG Engine               - version: Version 0.3
11:13:52.957 [FXGL Background Thread 3 ] DEBUG Engine               - versionCheckDays: 7
11:13:52.958 [FXGL Background Thread 3 ] DEBUG Engine               - width: 816
11:13:52.958 [FXGL Background Thread 3 ] DEBUG Engine               - Logging services
11:13:52.958 [FXGL Background Thread 3 ] DEBUG Engine               - class com.almasb.fxgl.app.services.FXGLAssetLoaderService
11:13:52.958 [FXGL Background Thread 3 ] DEBUG Engine               - class com.almasb.fxgl.app.FXGLApplication$GameApplicationService
11:13:52.958 [FXGL Background Thread 3 ] DEBUG Engine               - class com.almasb.fxgl.app.services.FXGLDialogService
11:13:52.958 [FXGL Background Thread 3 ] DEBUG Engine               - class com.almasb.fxgl.app.services.IOTaskExecutorService
11:13:52.958 [FXGL Background Thread 3 ] DEBUG Engine               - class com.almasb.fxgl.io.FileSystemService
11:13:52.958 [FXGL Background Thread 3 ] DEBUG Engine               - class com.almasb.fxgl.localization.LocalizationService
11:13:52.958 [FXGL Background Thread 3 ] DEBUG Engine               - class com.almasb.fxgl.app.services.SystemBundleService
11:13:52.958 [FXGL Background Thread 3 ] DEBUG Engine               - class com.almasb.fxgl.profile.SaveLoadService
11:13:52.958 [FXGL Background Thread 3 ] DEBUG Engine               - class com.almasb.fxgl.ui.FXGLUIFactoryServiceProvider
11:13:52.958 [FXGL Background Thread 3 ] DEBUG Engine               - class com.almasb.fxgl.ui.FXGLDialogFactoryServiceProvider
11:13:52.958 [FXGL Background Thread 3 ] DEBUG Engine               - class com.almasb.fxgl.audio.AudioPlayer
11:13:52.958 [FXGL Background Thread 3 ] DEBUG Engine               - class com.almasb.fxgl.notification.impl.NotificationServiceProvider
11:13:52.958 [FXGL Background Thread 3 ] DEBUG Engine               - class com.almasb.fxgl.achievement.AchievementService
11:13:52.958 [FXGL Background Thread 3 ] DEBUG Engine               - class com.almasb.fxgl.cutscene.CutsceneService
11:13:52.958 [FXGL Background Thread 3 ] DEBUG Engine               - class com.almasb.fxgl.minigames.MiniGameService
11:13:52.958 [FXGL Background Thread 3 ] DEBUG Engine               - class com.almasb.fxgl.net.NetService
11:13:52.958 [FXGL Background Thread 3 ] DEBUG Engine               - class com.almasb.fxgl.app.services.UpdaterService
11:13:52.958 [FXGL Background Thread 3 ] DEBUG Engine               - class com.almasb.fxgl.dev.DevService
11:14:29.337 [JavaFX Application Thread] DEBUG FXGLAssetLoaderServi - Loading from file system: file:/D:/SoftwareDevelopment/javaFxProject/tank_v3.1/target/classes/assets/sounds/select.wav
11:14:41.497 [JavaFX Application Thread] DEBUG GameApplicationServi - Starting new game
11:14:41.497 [JavaFX Application Thread] DEBUG PrimaryStageWindow   - Pop state: GameMainMenu
11:14:41.497 [JavaFX Application Thread] DEBUG Input                - Clearing active input actions
11:14:41.501 [JavaFX Application Thread] DEBUG GameApplicationServi - Removing overlay from GameMainMenu and adding to FXGLMainMenuDummyScene
11:14:41.501 [JavaFX Application Thread] DEBUG PrimaryStageWindow   - FXGLMainMenuDummyScene <- GameMainMenu
11:14:41.502 [JavaFX Application Thread] DEBUG Input                - Clearing active input actions
11:14:41.510 [JavaFX Application Thread] DEBUG GameApplicationServi - Removing overlay from FXGLMainMenuDummyScene and adding to GameLoadingScene
11:14:41.511 [JavaFX Application Thread] DEBUG PrimaryStageWindow   - FXGLMainMenuDummyScene -> GameLoadingScene
11:14:41.511 [JavaFX Application Thread] DEBUG GameApplicationServi - Clearing previous game
11:14:41.511 [JavaFX Application Thread] DEBUG GameScene            - Clearing game scene
11:14:41.511 [JavaFX Application Thread] DEBUG GameWorld            - Clearing game world
11:14:41.511 [JavaFX Application Thread] DEBUG PhysicsWorld         - Clearing physics world
11:14:41.512 [FXGL Background Thread 2 ] DEBUG FXGLApplication      - Initializing game
11:14:41.513 [FXGL Background Thread 2 ] DEBUG FXGLAssetLoaderServi - Loading from file system: file:/D:/SoftwareDevelopment/javaFxProject/tank_v3.1/target/classes/assets/properties/game.properties
11:14:41.521 [FXGL Background Thread 2 ] DEBUG FXGLAssetLoaderServi - Loading from file system: file:/D:/SoftwareDevelopment/javaFxProject/tank_v3.1/target/classes/assets/textures/map/stone.png
11:14:41.525 [FXGL Background Thread 2 ] DEBUG FXGLAssetLoaderServi - Loading from file system: file:/D:/SoftwareDevelopment/javaFxProject/tank_v3.1/target/classes/assets/textures/map/brick.png
11:14:41.528 [FXGL Background Thread 2 ] DEBUG FXGLAssetLoaderServi - Loading from file system: file:/D:/SoftwareDevelopment/javaFxProject/tank_v3.1/target/classes/assets/textures/map/sea_anim.png
11:14:41.529 [FXGL Background Thread 2 ] DEBUG FXGLAssetLoaderServi - Loading from file system: file:/D:/SoftwareDevelopment/javaFxProject/tank_v3.1/target/classes/assets/textures/explode/explode_level_2.png
11:14:41.562 [pool-2-thread-1          ] WARN  TMXLevelLoader       - TiledMap generated from 1.8.4. Supported version: 1.4.2. Some features may not be parsed fully.
11:14:41.569 [pool-2-thread-1          ] DEBUG TMXLevelLoader       - Parsed TiledMap: file:/D:/SoftwareDevelopment/javaFxProject/tank_v3.1/ConstructMap/level0.tmx
11:14:41.570 [pool-2-thread-1          ] DEBUG TMXLevelLoader       - Creating tile layer entities
11:14:41.570 [pool-2-thread-1          ] DEBUG TMXLevelLoader       - Creating object layer entities
11:14:41.604 [pool-2-thread-1          ] DEBUG GameWorld            - Clearing removable entities
11:14:41.605 [pool-2-thread-1          ] DEBUG GameWorld            - Setting level: com.almasb.fxgl.entity.level.Level@76c0b8a4
11:14:41.606 [pool-2-thread-1          ] DEBUG FXGLAssetLoaderServi - Loading from file system: file:/D:/SoftwareDevelopment/javaFxProject/tank_v3.1/target/classes/assets/sounds/start.wav
11:14:41.616 [pool-2-thread-1          ] DEBUG FXGLAssetLoaderServi - Loading from file system: file:/D:/SoftwareDevelopment/javaFxProject/tank_v3.1/target/classes/assets/textures/tank/H1U.png
11:14:41.620 [pool-2-thread-1          ] DEBUG FXGLAssetLoaderServi - Loading from file system: file:/D:/SoftwareDevelopment/javaFxProject/tank_v3.1/target/classes/assets/textures/item/armed_helmet.png
11:14:41.627 [pool-2-thread-1          ] DEBUG FXGLAssetLoaderServi - Loading from file system: file:/D:/SoftwareDevelopment/javaFxProject/tank_v3.1/target/classes/assets/textures/tank/H2U.png
11:14:41.632 [pool-2-thread-1          ] DEBUG FXGLAssetLoaderServi - Loading from file system: file:/D:/SoftwareDevelopment/javaFxProject/tank_v3.1/target/classes/assets/textures/ui/enemy_pre.png
11:14:41.634 [pool-2-thread-1          ] DEBUG FXGLAssetLoaderServi - Loading from file system: file:/D:/SoftwareDevelopment/javaFxProject/tank_v3.1/target/classes/assets/textures/ui/levelFlag.png
11:14:41.635 [pool-2-thread-1          ] DEBUG FXGLAssetLoaderServi - Loading from file system: file:/D:/SoftwareDevelopment/javaFxProject/tank_v3.1/target/classes/assets/textures/ui/bulletLevel.png
11:14:41.639 [pool-2-thread-1          ] DEBUG FXGLAssetLoaderServi - Loading from file system: file:/D:/SoftwareDevelopment/javaFxProject/tank_v3.1/target/classes/assets/textures/tank/spawnTank.png
11:14:41.641 [pool-2-thread-1          ] DEBUG FXGLAssetLoaderServi - Loading from file system: file:/D:/SoftwareDevelopment/javaFxProject/tank_v3.1/target/classes/assets/textures/tank/E2U.png
11:14:41.642 [pool-2-thread-1          ] DEBUG FXGLAssetLoaderServi - Loading from file system: file:/D:/SoftwareDevelopment/javaFxProject/tank_v3.1/target/classes/assets/textures/tank/E5U.png
11:14:41.644 [pool-2-thread-1          ] DEBUG FXGLAssetLoaderServi - Loading from file system: file:/D:/SoftwareDevelopment/javaFxProject/tank_v3.1/target/classes/assets/textures/tank/E4U.png
11:14:43.056 [JavaFX Application Thread] WARN  TMXLevelLoader       - TiledMap generated from 1.10.2. Supported version: 1.4.2. Some features may not be parsed fully.
11:14:43.066 [JavaFX Application Thread] DEBUG TMXLevelLoader       - Parsed TiledMap: file:/D:/SoftwareDevelopment/javaFxProject/tank_v3.1/target/classes/assets/levels/levelForTwo.tmx
11:14:43.066 [JavaFX Application Thread] DEBUG TMXLevelLoader       - Creating tile layer entities
11:14:43.066 [JavaFX Application Thread] DEBUG TMXLevelLoader       - Creating object layer entities
11:14:43.108 [JavaFX Application Thread] DEBUG GameWorld            - Clearing removable entities
11:14:43.116 [JavaFX Application Thread] DEBUG GameWorld            - Setting level: com.almasb.fxgl.entity.level.Level@34b95ba8
11:15:03.139 [JavaFX Application Thread] DEBUG FXGLApplication      - Exiting FXGL
11:15:03.139 [JavaFX Application Thread] DEBUG LoopRunner           - Stopping loop
11:15:03.139 [JavaFX Application Thread] DEBUG SystemBundleService  - Saving FXGL system data
11:15:03.141 [JavaFX Application Thread] DEBUG FileSystemAccess     - Writing to: D:\SoftwareDevelopment\javaFxProject\tank_v3.1\system\fxgl.bundle
11:15:03.142 [JavaFX Application Thread] DEBUG Async                - Shutting down background threads
11:15:03.143 [JavaFX Application Thread] DEBUG PrimaryStageWindow   - Closing main window
11:15:03.144 [FXGL Background Thread 2 ] INFO  FXGLApplication      - Game initialization took: 21.632 sec
11:15:03.160 [JavaFX Application Thread] DEBUG Logger               - Closing Logger
