18:35:54.660 [main                     ] DEBUG Logger               - Configured Logger
18:35:54.696 [main                     ] DEBUG GameApplication      - Logging settings
Title: 90 Tank
Version: Version 0.3
Width: 816
Height: 672
Fullscreen: false
Intro: false
Profiling: false
Single step:false
App Mode: DEVELOPER
Menu Key: ESCAPE
Stage Style: DECORATED
Scene Factory: class com.ningf.tank.TankApp$1

18:35:55.087 [JavaFX Application Thread] DEBUG FXGLApplication      - Initializing FXGL
18:35:55.092 [JavaFX Application Thread] INFO  Engine               - FXGL-17.1 (24.03.2022 17.34) on WINDOWS (J:17.0.8 FX:18)
18:35:55.092 [JavaFX Application Thread] DEBUG Engine               - JRE Vendor Name: Oracle Corporation
18:35:55.093 [JavaFX Application Thread] DEBUG Engine               - Running on OS: Windows 11 version 10.0
18:35:55.093 [JavaFX Application Thread] DEBUG Engine               - Architecture: amd64
18:35:55.093 [JavaFX Application Thread] INFO  Engine               - Source code and latest versions at: https://github.com/AlmasB/FXGL
18:35:55.093 [JavaFX Application Thread] INFO  Engine               -       Ask questions and discuss at: https://github.com/AlmasB/FXGL/discussions
18:35:55.093 [JavaFX Application Thread] INFO  Engine               -              Join the FXGL chat at: https://gitter.im/AlmasB/FXGL
18:35:55.162 [JavaFX Application Thread] DEBUG PrimaryStageWindow   - Creating a JavaFX scene
18:35:55.197 [JavaFX Application Thread] DEBUG PrimaryStageWindow   - Target settings size: 816.0 x 672.0
18:35:55.198 [JavaFX Application Thread] DEBUG PrimaryStageWindow   - Scaled scene size:    816.0 x 672.0
18:35:55.198 [JavaFX Application Thread] DEBUG PrimaryStageWindow   - Scaled ratio: (1.0, 1.0)
18:35:55.199 [JavaFX Application Thread] DEBUG PrimaryStageWindow   - Set initial scene to GameStartupScene
18:35:55.205 [JavaFX Application Thread] DEBUG PrimaryStageWindow   - Opening main window
18:35:55.331 [JavaFX Application Thread] DEBUG PrimaryStageWindow   - Window border size: (14.66668701171875, 37.33331298828125)
18:35:55.331 [JavaFX Application Thread] DEBUG PrimaryStageWindow   - Scaled size: 816.0 x 672.0
18:35:55.331 [JavaFX Application Thread] DEBUG PrimaryStageWindow   - Scaled ratio: (1.0, 1.0)
18:35:55.331 [JavaFX Application Thread] DEBUG PrimaryStageWindow   - Scene size: 816.0 x 672.0
18:35:55.332 [JavaFX Application Thread] DEBUG PrimaryStageWindow   - Stage size: 830.6666870117188 x 709.3333129882812
18:35:55.339 [FXGL Background Thread 1 ] DEBUG Engine               - Initializing environment variables
18:35:55.378 [FXGL Background Thread 1 ] DEBUG FXGLAssetLoaderServi - User app class for loading assets: class com.ningf.tank.TankApp
18:35:55.379 [FXGL Background Thread 1 ] DEBUG GameApplicationServi - Applying CSS: fxgl_dark.css
18:35:55.379 [FXGL Background Thread 1 ] DEBUG FXGLAssetLoaderServi - Loading from file system: jar:file:///C:/Users/Lenovo/.m2/repository/com/github/almasb/fxgl/17.1/fxgl-17.1.jar!/fxglassets/ui/css/fxgl_dark.css
18:35:55.428 [FXGL Background Thread 1 ] DEBUG GameApplicationServi - Applying CSS: tankApp.css
18:35:55.428 [FXGL Background Thread 1 ] DEBUG FXGLAssetLoaderServi - Loading from file system: file:/D:/QQ/2283451158/FileRecv/tank_v3.0/FXGL_Tank-main3/target/classes/assets/ui/css/tankApp.css
18:35:55.432 [FXGL Background Thread 1 ] DEBUG GameApplicationServi - Initializing application scenes
18:35:55.439 [FXGL Background Thread 1 ] DEBUG GameWorld            - Game world initialized
18:35:55.484 [FXGL Background Thread 1 ] DEBUG PhysicsWorld         - Physics world initialized: appHeight=672, physics.ppm=50.0
18:35:55.485 [FXGL Background Thread 1 ] DEBUG PhysicsWorld         - Using strategy: BRUTE_FORCE
18:35:55.490 [FXGL Background Thread 1 ] DEBUG GameScene            - Game scene initialized: 816x672
18:35:55.492 [FXGL Background Thread 1 ] DEBUG FXGLAssetLoaderServi - Loading from file system: file:/D:/QQ/2283451158/FileRecv/tank_v3.0/FXGL_Tank-main3/target/classes/assets/textures/ui/logo.png
18:35:55.506 [FXGL Background Thread 1 ] DEBUG FXGLAssetLoaderServi - Loading from file system: file:/D:/QQ/2283451158/FileRecv/tank_v3.0/FXGL_Tank-main3/target/classes/assets/textures/ui/icon.png
18:35:55.520 [FXGL Background Thread 1 ] DEBUG FXGLAssetLoaderServi - Loading from file system: file:/D:/QQ/2283451158/FileRecv/tank_v3.0/FXGL_Tank-main3/target/classes/assets/textures/ui/tankLoading.png
18:35:55.558 [FXGL Background Thread 1 ] DEBUG FXGLAssetLoaderServi - Loading from file system: file:/D:/QQ/2283451158/FileRecv/tank_v3.0/FXGL_Tank-main3/target/classes/assets/textures/ui/fxgl.png
18:35:55.606 [FXGL Background Thread 1 ] DEBUG FXGL.DefaultMenu     - createMenuBodyGameMenu()
18:35:55.615 [FXGL Background Thread 1 ] DEBUG FXGL.DefaultMenu     - createOptionsMenu()
18:35:55.626 [FXGL Background Thread 1 ] DEBUG FXGLAssetLoaderServi - Loading from file system: jar:file:///C:/Users/Lenovo/.m2/repository/com/github/almasb/fxgl/17.1/fxgl-17.1.jar!/fxglassets/textures/particles/smoke.png
18:35:55.726 [FXGL Background Thread 1 ] DEBUG FXGLAssetLoaderServi - Loading from file system: jar:file:///C:/Users/Lenovo/.m2/repository/com/github/almasb/fxgl/17.1/fxgl-17.1.jar!/fxglassets/textures/particles/trace_horizontal.png
18:35:55.744 [FXGL Background Thread 1 ] DEBUG GameApplicationServi - Application scenes initialized
18:35:55.754 [FXGL Background Thread 1 ] DEBUG SystemBundleService  - Loading FXGL system data
18:35:55.757 [FXGL Background Thread 1 ] DEBUG FileSystemAccess     - Reading from: D:\QQ\2283451158\FileRecv\tank_v3.0\FXGL_Tank-main3\system\fxgl.bundle
18:35:55.763 [FXGL Background Thread 1 ] DEBUG SystemBundleService  - Bundle FXGL: {}
18:35:55.763 [FXGL Background Thread 1 ] DEBUG UpdaterService       - Checking for updates
18:35:55.768 [FXGL Background Thread 4 ] DEBUG FXGLApplication      - Loading fonts
18:35:55.769 [FXGL Background Thread 4 ] DEBUG FXGLAssetLoaderServi - Loading from file system: jar:file:///C:/Users/Lenovo/.m2/repository/com/github/almasb/fxgl/17.1/fxgl-17.1.jar!/fxglassets/ui/fonts/VarelaRound-Regular.ttf
18:35:55.770 [FXGL Background Thread 1 ] DEBUG FXGLApplication      - Loading default localization
18:35:55.772 [FXGL Background Thread 1 ] DEBUG FXGLAssetLoaderServi - Loading from file system: jar:file:///C:/Users/Lenovo/.m2/repository/com/github/almasb/fxgl/17.1/fxgl-17.1.jar!/fxglassets/languages/english.lang
18:35:55.833 [FXGL Background Thread 1 ] INFO  FXGLApplication      - FXGL initialization took: 0.494 sec
18:35:55.845 [JavaFX Application Thread] DEBUG Input                - Registered new binding: action0 - W
18:35:55.846 [JavaFX Application Thread] DEBUG Input                - Registered new binding: action1 - S
18:35:55.847 [JavaFX Application Thread] DEBUG Input                - Registered new binding: action2 - A
18:35:55.849 [JavaFX Application Thread] DEBUG Input                - Registered new binding: action3 - D
18:35:55.849 [JavaFX Application Thread] DEBUG Input                - Registered new binding: action4 - Space
18:35:55.850 [JavaFX Application Thread] DEBUG Input                - Registered new binding: action5 - O
18:35:55.851 [JavaFX Application Thread] DEBUG Input                - Registered new binding: action6 - Up
18:35:55.851 [JavaFX Application Thread] DEBUG Input                - Registered new binding: action7 - Down
18:35:55.852 [JavaFX Application Thread] DEBUG Input                - Registered new binding: action8 - Left
18:35:55.853 [JavaFX Application Thread] DEBUG Input                - Registered new binding: action9 - Right
18:35:55.855 [JavaFX Application Thread] DEBUG Input                - Registered new binding: action10 - Numpad 0
18:35:55.855 [JavaFX Application Thread] DEBUG Input                - Registered new binding: action11 - F
18:35:55.864 [JavaFX Application Thread] DEBUG FXGLAssetLoaderServi - Loading from file system: file:/D:/QQ/2283451158/FileRecv/tank_v3.0/FXGL_Tank-main3/target/classes/assets/textures/ui/cursor.png
18:35:55.867 [FXGL Background Thread 4 ] DEBUG FXGLAssetLoaderServi - Loading from file system: jar:file:///C:/Users/Lenovo/.m2/repository/com/github/almasb/fxgl/17.1/fxgl-17.1.jar!/fxglassets/ui/fonts/Abel-Regular.ttf
18:35:55.867 [JavaFX Application Thread] DEBUG Input                - Registered new binding: Screenshot - CTRL+8
18:35:55.869 [JavaFX Application Thread] DEBUG Input                - Registered new binding: System info dump - CTRL+9
18:35:55.870 [FXGL Background Thread 4 ] DEBUG FXGLAssetLoaderServi - Loading from file system: jar:file:///C:/Users/Lenovo/.m2/repository/com/github/almasb/fxgl/17.1/fxgl-17.1.jar!/fxglassets/ui/fonts/TerminalLandMono-Regular.otf
18:35:55.870 [JavaFX Application Thread] DEBUG Input                - Registered new binding: Restart - CTRL+R
18:35:55.872 [JavaFX Application Thread] DEBUG Input                - Registered new binding: Toggle Debug Camera - CTRL+7
18:35:55.872 [FXGL Background Thread 4 ] DEBUG FXGLAssetLoaderServi - Loading from file system: jar:file:///C:/Users/Lenovo/.m2/repository/com/github/almasb/fxgl/17.1/fxgl-17.1.jar!/fxglassets/ui/fonts/Courier-Prime.ttf
18:35:55.879 [JavaFX Application Thread] DEBUG LoopRunner           - Starting loop
18:35:55.879 [JavaFX Application Thread] DEBUG LoopRunner           - Initializing JavaFX AnimationTimerLoop
18:35:55.884 [JavaFX Application Thread] DEBUG Input                - Clearing active input actions
18:35:55.889 [JavaFX Application Thread] DEBUG GameApplicationServi - Removing overlay from GameStartupScene and adding to FXGLMainMenuDummyScene
18:35:55.890 [JavaFX Application Thread] DEBUG PrimaryStageWindow   - GameStartupScene -> FXGLMainMenuDummyScene
18:35:55.890 [JavaFX Application Thread] DEBUG PrimaryStageWindow   - Push state: GameMainMenu
18:35:55.890 [JavaFX Application Thread] DEBUG FXGLAssetLoaderServi - Loading from file system: file:/D:/QQ/2283451158/FileRecv/tank_v3.0/FXGL_Tank-main3/target/classes/assets/sounds/mainMenuLoad.wav
18:35:55.985 [JavaFX Application Thread] DEBUG Input                - Clearing active input actions
18:35:55.990 [JavaFX Application Thread] DEBUG GameApplicationServi - Removing overlay from FXGLMainMenuDummyScene and adding to GameMainMenu
18:35:55.992 [JavaFX Application Thread] DEBUG PrimaryStageWindow   - FXGLMainMenuDummyScene -> GameMainMenu
18:35:55.992 [JavaFX Application Thread] DEBUG FXGLApplication      - Registering font factories with UI factory
18:35:57.992 [JavaFX Application Thread] DEBUG FXGLAssetLoaderServi - Loading from file system: file:/D:/QQ/2283451158/FileRecv/tank_v3.0/FXGL_Tank-main3/target/classes/assets/sounds/mainMenuHover.wav
18:35:58.767 [FXGL Background Thread 3 ] DEBUG Engine               - Logging environment variables
18:35:58.767 [FXGL Background Thread 3 ] DEBUG Engine               - achievements: []
18:35:58.768 [FXGL Background Thread 3 ] DEBUG Engine               - actualHeight: 672.0
18:35:58.768 [FXGL Background Thread 3 ] DEBUG Engine               - actualHeightProperty: ReadOnlyDoubleProperty [value: 672.0]
18:35:58.768 [FXGL Background Thread 3 ] DEBUG Engine               - actualWidth: 816.0
18:35:58.768 [FXGL Background Thread 3 ] DEBUG Engine               - actualWidthProperty: ReadOnlyDoubleProperty [value: 816.0]
18:35:58.768 [FXGL Background Thread 3 ] DEBUG Engine               - appIcon: ui/icon.png
18:35:58.768 [FXGL Background Thread 3 ] DEBUG Engine               - applicationMode: DEVELOPER
18:35:58.768 [FXGL Background Thread 3 ] DEBUG Engine               - cSSList: [fxgl_dark.css, tankApp.css]
18:35:58.769 [FXGL Background Thread 3 ] DEBUG Engine               - collisionDetectionStrategy: BRUTE_FORCE
18:35:58.769 [FXGL Background Thread 3 ] DEBUG Engine               - configClass: Optional.empty
18:35:58.769 [FXGL Background Thread 3 ] DEBUG Engine               - credits: []
18:35:58.769 [FXGL Background Thread 3 ] DEBUG Engine               - defaultCursor: CursorInfo(imageName=ui/cursor.png, hotspotX=0.0, hotspotY=0.0)
18:35:58.770 [FXGL Background Thread 3 ] DEBUG Engine               - devBBoxColorProperty: ObjectProperty [value: 0xff0000ff]
18:35:58.770 [FXGL Background Thread 3 ] DEBUG Engine               - devEnableDebugCameraProperty: BooleanProperty [value: false]
18:35:58.770 [FXGL Background Thread 3 ] DEBUG Engine               - devSensorColorProperty: ObjectProperty [value: 0xffff00ff]
18:35:58.770 [FXGL Background Thread 3 ] DEBUG Engine               - devShowBBoxProperty: BooleanProperty [value: false]
18:35:58.770 [FXGL Background Thread 3 ] DEBUG Engine               - devShowPositionProperty: BooleanProperty [value: false]
18:35:58.771 [FXGL Background Thread 3 ] DEBUG Engine               - enabledMenuItems: []
18:35:58.771 [FXGL Background Thread 3 ] DEBUG Engine               - engineServices: [class com.almasb.fxgl.app.services.FXGLAssetLoaderService, class com.almasb.fxgl.app.FXGLApplication$GameApplicationService, class com.almasb.fxgl.app.services.FXGLDialogService, class com.almasb.fxgl.app.services.IOTaskExecutorService, class com.almasb.fxgl.io.FileSystemService, class com.almasb.fxgl.localization.LocalizationService, class com.almasb.fxgl.app.services.SystemBundleService, class com.almasb.fxgl.profile.SaveLoadService, class com.almasb.fxgl.ui.FXGLUIFactoryServiceProvider, class com.almasb.fxgl.ui.FXGLDialogFactoryServiceProvider, class com.almasb.fxgl.audio.AudioPlayer, class com.almasb.fxgl.notification.impl.NotificationServiceProvider, class com.almasb.fxgl.achievement.AchievementService, class com.almasb.fxgl.cutscene.CutsceneService, class com.almasb.fxgl.minigames.MiniGameService, class com.almasb.fxgl.net.NetService, class com.almasb.fxgl.app.services.UpdaterService, class com.almasb.fxgl.dev.DevService]
18:35:58.771 [FXGL Background Thread 3 ] DEBUG Engine               - fontGame: Abel-Regular.ttf
18:35:58.772 [FXGL Background Thread 3 ] DEBUG Engine               - fontMono: TerminalLandMono-Regular.otf
18:35:58.772 [FXGL Background Thread 3 ] DEBUG Engine               - fontText: Courier-Prime.ttf
18:35:58.772 [FXGL Background Thread 3 ] DEBUG Engine               - fontUI: VarelaRound-Regular.ttf
18:35:58.772 [FXGL Background Thread 3 ] DEBUG Engine               - fullScreen: BooleanProperty [value: false]
18:35:58.772 [FXGL Background Thread 3 ] DEBUG Engine               - gameDifficulty: MEDIUM
18:35:58.772 [FXGL Background Thread 3 ] DEBUG Engine               - gameDifficultyProperty: ObjectProperty [value: MEDIUM]
18:35:58.772 [FXGL Background Thread 3 ] DEBUG Engine               - globalMusicVolume: 0.5
18:35:58.772 [FXGL Background Thread 3 ] DEBUG Engine               - globalMusicVolumeProperty: DoubleProperty [value: 0.5]
18:35:58.772 [FXGL Background Thread 3 ] DEBUG Engine               - globalSoundVolume: 0.5
18:35:58.772 [FXGL Background Thread 3 ] DEBUG Engine               - globalSoundVolumeProperty: DoubleProperty [value: 0.5]
18:35:58.772 [FXGL Background Thread 3 ] DEBUG Engine               - height: 672
18:35:58.772 [FXGL Background Thread 3 ] DEBUG Engine               - is3D: false
18:35:58.772 [FXGL Background Thread 3 ] DEBUG Engine               - isAndroid: false
18:35:58.772 [FXGL Background Thread 3 ] DEBUG Engine               - isBrowser: false
18:35:58.772 [FXGL Background Thread 3 ] DEBUG Engine               - isClickFeedbackEnabled: false
18:35:58.772 [FXGL Background Thread 3 ] DEBUG Engine               - isCloseConfirmation: false
18:35:58.772 [FXGL Background Thread 3 ] DEBUG Engine               - isDesktop: true
18:35:58.772 [FXGL Background Thread 3 ] DEBUG Engine               - isDeveloperMenuEnabled: false
18:35:58.772 [FXGL Background Thread 3 ] DEBUG Engine               - isEmbedded: false
18:35:58.772 [FXGL Background Thread 3 ] DEBUG Engine               - isEntityPreloadEnabled: true
18:35:58.772 [FXGL Background Thread 3 ] DEBUG Engine               - isExperimentalTiledLargeMap: false
18:35:58.772 [FXGL Background Thread 3 ] DEBUG Engine               - isFileSystemWriteAllowed: true
18:35:58.772 [FXGL Background Thread 3 ] DEBUG Engine               - isFullScreenAllowed: false
18:35:58.772 [FXGL Background Thread 3 ] DEBUG Engine               - isFullScreenFromStart: false
18:35:58.772 [FXGL Background Thread 3 ] DEBUG Engine               - isGameMenuEnabled: true
18:35:58.773 [FXGL Background Thread 3 ] DEBUG Engine               - isIOS: false
18:35:58.773 [FXGL Background Thread 3 ] DEBUG Engine               - isIntroEnabled: false
18:35:58.773 [FXGL Background Thread 3 ] DEBUG Engine               - isLinux: false
18:35:58.773 [FXGL Background Thread 3 ] DEBUG Engine               - isMac: false
18:35:58.773 [FXGL Background Thread 3 ] DEBUG Engine               - isMainMenuEnabled: true
18:35:58.773 [FXGL Background Thread 3 ] DEBUG Engine               - isManualResizeEnabled: false
18:35:58.773 [FXGL Background Thread 3 ] DEBUG Engine               - isMobile: false
18:35:58.773 [FXGL Background Thread 3 ] DEBUG Engine               - isNative: false
18:35:58.773 [FXGL Background Thread 3 ] DEBUG Engine               - isPauseMusicWhenMinimized: true
18:35:58.773 [FXGL Background Thread 3 ] DEBUG Engine               - isPreserveResizeRatio: false
18:35:58.773 [FXGL Background Thread 3 ] DEBUG Engine               - isProfilingEnabled: false
18:35:58.773 [FXGL Background Thread 3 ] DEBUG Engine               - isScaleAffectedOnResize: true
18:35:58.773 [FXGL Background Thread 3 ] DEBUG Engine               - isSingleStep: false
18:35:58.773 [FXGL Background Thread 3 ] DEBUG Engine               - isUserProfileEnabled: false
18:35:58.773 [FXGL Background Thread 3 ] DEBUG Engine               - isWindows: true
18:35:58.773 [FXGL Background Thread 3 ] DEBUG Engine               - language: ObjectProperty [value: ENGLISH]
18:35:58.773 [FXGL Background Thread 3 ] DEBUG Engine               - menuKey: ESCAPE
18:35:58.773 [FXGL Background Thread 3 ] DEBUG Engine               - mouseSensitivity: 0.2
18:35:58.773 [FXGL Background Thread 3 ] DEBUG Engine               - notificationViewClass: class com.almasb.fxgl.notification.view.XboxNotificationView
18:35:58.773 [FXGL Background Thread 3 ] DEBUG Engine               - pixelsPerMeter: 50.0
18:35:58.773 [FXGL Background Thread 3 ] DEBUG Engine               - platform: WINDOWS
18:35:58.773 [FXGL Background Thread 3 ] DEBUG Engine               - prefHeightProperty: ReadOnlyDoubleProperty [value: 672.0]
18:35:58.773 [FXGL Background Thread 3 ] DEBUG Engine               - prefWidthProperty: ReadOnlyDoubleProperty [value: 816.0]
18:35:58.773 [FXGL Background Thread 3 ] DEBUG Engine               - profileDir: profiles/
18:35:58.773 [FXGL Background Thread 3 ] DEBUG Engine               - profileName: StringProperty [value: DEFAULT]
18:35:58.773 [FXGL Background Thread 3 ] DEBUG Engine               - randomSeed: -1
18:35:58.773 [FXGL Background Thread 3 ] DEBUG Engine               - runtimeInfo: RuntimeInfo(platform=WINDOWS, version=17.1, build=24.03.2022 17.34)
18:35:58.773 [FXGL Background Thread 3 ] DEBUG Engine               - saveFileExt: sav
18:35:58.775 [FXGL Background Thread 3 ] DEBUG Engine               - scaledHeightProp$fxgl: DoubleProperty [bound, value: 672.0]
18:35:58.775 [FXGL Background Thread 3 ] DEBUG Engine               - scaledWidthProp$fxgl: DoubleProperty [bound, value: 816.0]
18:35:58.775 [FXGL Background Thread 3 ] DEBUG Engine               - sceneFactory: com.ningf.tank.TankApp$1@4442371d
18:35:58.775 [FXGL Background Thread 3 ] DEBUG Engine               - secondsIn24h: 60
18:35:58.775 [FXGL Background Thread 3 ] DEBUG Engine               - soundMenuBack: menu/back.wav
18:35:58.775 [FXGL Background Thread 3 ] DEBUG Engine               - soundMenuPress: menu/press.wav
18:35:58.775 [FXGL Background Thread 3 ] DEBUG Engine               - soundMenuSelect: menu/select.wav
18:35:58.775 [FXGL Background Thread 3 ] DEBUG Engine               - soundNotification: core/notification.wav
18:35:58.775 [FXGL Background Thread 3 ] DEBUG Engine               - stageStyle: DECORATED
18:35:58.775 [FXGL Background Thread 3 ] DEBUG Engine               - supportedLanguages: [ENGLISH, FRENCH, GERMAN, HUNGARIAN, RUSSIAN]
18:35:58.775 [FXGL Background Thread 3 ] DEBUG Engine               - ticksPerSecond: -1
18:35:58.775 [FXGL Background Thread 3 ] DEBUG Engine               - title: 90 Tank
18:35:58.775 [FXGL Background Thread 3 ] DEBUG Engine               - urlGithub: https://github.com/AlmasB/FXGL
18:35:58.775 [FXGL Background Thread 3 ] DEBUG Engine               - urlLeaderboard: http://fxgl-top.herokuapp.com/
18:35:58.775 [FXGL Background Thread 3 ] DEBUG Engine               - urlPOM: https://raw.githubusercontent.com/AlmasB/FXGL/release/README.md
18:35:58.775 [FXGL Background Thread 3 ] DEBUG Engine               - userAppClass: class com.ningf.tank.TankApp
18:35:58.775 [FXGL Background Thread 3 ] DEBUG Engine               - version: Version 0.3
18:35:58.775 [FXGL Background Thread 3 ] DEBUG Engine               - versionCheckDays: 7
18:35:58.775 [FXGL Background Thread 3 ] DEBUG Engine               - width: 816
18:35:58.775 [FXGL Background Thread 3 ] DEBUG Engine               - Logging services
18:35:58.775 [FXGL Background Thread 3 ] DEBUG Engine               - class com.almasb.fxgl.app.services.FXGLAssetLoaderService
18:35:58.775 [FXGL Background Thread 3 ] DEBUG Engine               - class com.almasb.fxgl.app.FXGLApplication$GameApplicationService
18:35:58.775 [FXGL Background Thread 3 ] DEBUG Engine               - class com.almasb.fxgl.app.services.FXGLDialogService
18:35:58.775 [FXGL Background Thread 3 ] DEBUG Engine               - class com.almasb.fxgl.app.services.IOTaskExecutorService
18:35:58.775 [FXGL Background Thread 3 ] DEBUG Engine               - class com.almasb.fxgl.io.FileSystemService
18:35:58.775 [FXGL Background Thread 3 ] DEBUG Engine               - class com.almasb.fxgl.localization.LocalizationService
18:35:58.775 [FXGL Background Thread 3 ] DEBUG Engine               - class com.almasb.fxgl.app.services.SystemBundleService
18:35:58.775 [FXGL Background Thread 3 ] DEBUG Engine               - class com.almasb.fxgl.profile.SaveLoadService
18:35:58.775 [FXGL Background Thread 3 ] DEBUG Engine               - class com.almasb.fxgl.ui.FXGLUIFactoryServiceProvider
18:35:58.775 [FXGL Background Thread 3 ] DEBUG Engine               - class com.almasb.fxgl.ui.FXGLDialogFactoryServiceProvider
18:35:58.776 [FXGL Background Thread 3 ] DEBUG Engine               - class com.almasb.fxgl.audio.AudioPlayer
18:35:58.776 [FXGL Background Thread 3 ] DEBUG Engine               - class com.almasb.fxgl.notification.impl.NotificationServiceProvider
18:35:58.776 [FXGL Background Thread 3 ] DEBUG Engine               - class com.almasb.fxgl.achievement.AchievementService
18:35:58.776 [FXGL Background Thread 3 ] DEBUG Engine               - class com.almasb.fxgl.cutscene.CutsceneService
18:35:58.776 [FXGL Background Thread 3 ] DEBUG Engine               - class com.almasb.fxgl.minigames.MiniGameService
18:35:58.776 [FXGL Background Thread 3 ] DEBUG Engine               - class com.almasb.fxgl.net.NetService
18:35:58.776 [FXGL Background Thread 3 ] DEBUG Engine               - class com.almasb.fxgl.app.services.UpdaterService
18:35:58.776 [FXGL Background Thread 3 ] DEBUG Engine               - class com.almasb.fxgl.dev.DevService
18:36:17.066 [FXGL Background Thread 2 ] WARN  UpdaterService       - Failed to find updates: java.net.ConnectException: Connection timed out: connect
18:36:31.072 [JavaFX Application Thread] DEBUG FXGLApplication      - Exiting FXGL
18:36:31.073 [JavaFX Application Thread] DEBUG LoopRunner           - Stopping loop
18:36:31.073 [JavaFX Application Thread] DEBUG SystemBundleService  - Saving FXGL system data
18:36:31.075 [JavaFX Application Thread] DEBUG FileSystemAccess     - Writing to: D:\QQ\2283451158\FileRecv\tank_v3.0\FXGL_Tank-main3\system\fxgl.bundle
18:36:31.077 [JavaFX Application Thread] DEBUG Async                - Shutting down background threads
18:36:31.077 [JavaFX Application Thread] DEBUG PrimaryStageWindow   - Closing main window
18:36:31.100 [JavaFX Application Thread] DEBUG Logger               - Closing Logger
